[2024-06-05T23:43:42.365+0800] {local_task_job_runner.py:120} INFO - ::group::Pre task execution logs
[2024-06-05T23:43:42.378+0800] {taskinstance.py:2076} INFO - Dependencies all met for dep_context=non-requeueable deps ti=<TaskInstance: centaline_scraping_dag.centaline_scraping_rent_data manual__2024-06-05T15:43:40.945559+00:00 [queued]>
[2024-06-05T23:43:42.384+0800] {taskinstance.py:2076} INFO - Dependencies all met for dep_context=requeueable deps ti=<TaskInstance: centaline_scraping_dag.centaline_scraping_rent_data manual__2024-06-05T15:43:40.945559+00:00 [queued]>
[2024-06-05T23:43:42.384+0800] {taskinstance.py:2306} INFO - Starting attempt 1 of 3
[2024-06-05T23:43:42.423+0800] {taskinstance.py:2330} INFO - Executing <Task(PythonOperator): centaline_scraping_rent_data> on 2024-06-05 15:43:40.945559+00:00
[2024-06-05T23:43:42.425+0800] {standard_task_runner.py:63} INFO - Started process 41142 to run task
[2024-06-05T23:43:42.426+0800] {standard_task_runner.py:90} INFO - Running: ['airflow', 'tasks', 'run', 'centaline_scraping_dag', 'centaline_scraping_rent_data', 'manual__2024-06-05T15:43:40.945559+00:00', '--job-id', '27', '--raw', '--subdir', 'DAGS_FOLDER/cenraline_fc.py', '--cfg-path', '/tmp/tmpv1o99jma']
[2024-06-05T23:43:42.428+0800] {standard_task_runner.py:91} INFO - Job 27: Subtask centaline_scraping_rent_data
[2024-06-05T23:43:42.477+0800] {task_command.py:426} INFO - Running <TaskInstance: centaline_scraping_dag.centaline_scraping_rent_data manual__2024-06-05T15:43:40.945559+00:00 [running]> on host LAPTOP-3QN476HM.
[2024-06-05T23:43:42.558+0800] {taskinstance.py:2648} INFO - Exporting env vars: AIRFLOW_CTX_DAG_OWNER='Ryanng' AIRFLOW_CTX_DAG_ID='centaline_scraping_dag' AIRFLOW_CTX_TASK_ID='centaline_scraping_rent_data' AIRFLOW_CTX_EXECUTION_DATE='2024-06-05T15:43:40.945559+00:00' AIRFLOW_CTX_TRY_NUMBER='1' AIRFLOW_CTX_DAG_RUN_ID='manual__2024-06-05T15:43:40.945559+00:00'
[2024-06-05T23:43:42.559+0800] {taskinstance.py:430} INFO - ::endgroup::
[2024-06-05T23:43:43.427+0800] {logging_mixin.py:188} INFO - Fetching offset: 0
[2024-06-05T23:43:44.708+0800] {logging_mixin.py:188} INFO - Fetching offset: 24
[2024-06-05T23:43:45.502+0800] {logging_mixin.py:188} INFO - Fetching offset: 48
[2024-06-05T23:43:47.504+0800] {logging_mixin.py:188} INFO - Fetching offset: 72
[2024-06-05T23:43:49.101+0800] {logging_mixin.py:188} INFO - Fetching offset: 96
[2024-06-05T23:43:49.816+0800] {logging_mixin.py:188} INFO - Fetching offset: 120
[2024-06-05T23:43:51.543+0800] {logging_mixin.py:188} INFO - Fetching offset: 144
[2024-06-05T23:43:53.049+0800] {logging_mixin.py:188} INFO - Fetching offset: 168
[2024-06-05T23:43:54.560+0800] {logging_mixin.py:188} INFO - Fetching offset: 192
[2024-06-05T23:43:55.675+0800] {logging_mixin.py:188} INFO - Fetching offset: 216
[2024-06-05T23:43:56.554+0800] {logging_mixin.py:188} INFO - Fetching offset: 240
[2024-06-05T23:43:57.249+0800] {logging_mixin.py:188} INFO - Fetching offset: 264
[2024-06-05T23:43:58.486+0800] {logging_mixin.py:188} INFO - Fetching offset: 288
[2024-06-05T23:43:59.535+0800] {logging_mixin.py:188} INFO - Fetching offset: 312
[2024-06-05T23:44:00.510+0800] {logging_mixin.py:188} INFO - Fetching offset: 336
[2024-06-05T23:44:01.950+0800] {logging_mixin.py:188} INFO - Fetching offset: 360
[2024-06-05T23:44:03.347+0800] {logging_mixin.py:188} INFO - Fetching offset: 384
[2024-06-05T23:44:04.313+0800] {logging_mixin.py:188} INFO - Fetching offset: 408
[2024-06-05T23:44:05.987+0800] {logging_mixin.py:188} INFO - Fetching offset: 432
[2024-06-05T23:44:07.650+0800] {logging_mixin.py:188} INFO - Fetching offset: 456
[2024-06-05T23:44:09.127+0800] {logging_mixin.py:188} INFO - Fetching offset: 480
[2024-06-05T23:44:10.156+0800] {logging_mixin.py:188} INFO - Fetching offset: 504
[2024-06-05T23:44:11.301+0800] {logging_mixin.py:188} INFO - Fetching offset: 528
[2024-06-05T23:44:13.004+0800] {logging_mixin.py:188} INFO - Fetching offset: 552
[2024-06-05T23:44:14.116+0800] {logging_mixin.py:188} INFO - Fetching offset: 576
[2024-06-05T23:44:14.898+0800] {logging_mixin.py:188} INFO - Fetching offset: 600
[2024-06-05T23:44:15.820+0800] {logging_mixin.py:188} INFO - Fetching offset: 624
[2024-06-05T23:44:16.676+0800] {logging_mixin.py:188} INFO - Fetching offset: 648
[2024-06-05T23:44:18.235+0800] {logging_mixin.py:188} INFO - Fetching offset: 672
[2024-06-05T23:44:19.654+0800] {logging_mixin.py:188} INFO - Fetching offset: 696
[2024-06-05T23:44:20.648+0800] {logging_mixin.py:188} INFO - Fetching offset: 720
[2024-06-05T23:44:22.214+0800] {logging_mixin.py:188} INFO - Fetching offset: 744
[2024-06-05T23:44:23.695+0800] {logging_mixin.py:188} INFO - Fetching offset: 768
[2024-06-05T23:44:24.834+0800] {logging_mixin.py:188} INFO - Fetching offset: 792
[2024-06-05T23:44:25.788+0800] {logging_mixin.py:188} INFO - Fetching offset: 816
[2024-06-05T23:44:27.218+0800] {logging_mixin.py:188} INFO - Fetching offset: 840
[2024-06-05T23:44:28.480+0800] {logging_mixin.py:188} INFO - Fetching offset: 864
[2024-06-05T23:44:29.298+0800] {logging_mixin.py:188} INFO - Fetching offset: 888
[2024-06-05T23:44:30.011+0800] {logging_mixin.py:188} INFO - Fetching offset: 912
[2024-06-05T23:44:31.204+0800] {logging_mixin.py:188} INFO - Fetching offset: 936
[2024-06-05T23:44:32.840+0800] {logging_mixin.py:188} INFO - Fetching offset: 960
[2024-06-05T23:44:33.875+0800] {logging_mixin.py:188} INFO - Fetching offset: 984
[2024-06-05T23:44:34.865+0800] {logging_mixin.py:188} INFO - Fetching offset: 1008
[2024-06-05T23:44:36.184+0800] {logging_mixin.py:188} INFO - Fetching offset: 1032
[2024-06-05T23:44:37.692+0800] {logging_mixin.py:188} INFO - Fetching offset: 1056
[2024-06-05T23:44:38.760+0800] {logging_mixin.py:188} INFO - Fetching offset: 1080
[2024-06-05T23:44:40.023+0800] {logging_mixin.py:188} INFO - Fetching offset: 1104
[2024-06-05T23:44:41.352+0800] {logging_mixin.py:188} INFO - Fetching offset: 1128
[2024-06-05T23:44:42.775+0800] {logging_mixin.py:188} INFO - Fetching offset: 1152
[2024-06-05T23:44:43.962+0800] {logging_mixin.py:188} INFO - Fetching offset: 1176
[2024-06-05T23:44:45.113+0800] {logging_mixin.py:188} INFO - Fetching offset: 1200
[2024-06-05T23:44:46.451+0800] {logging_mixin.py:188} INFO - Fetching offset: 1224
[2024-06-05T23:44:48.065+0800] {logging_mixin.py:188} INFO - Fetching offset: 1248
[2024-06-05T23:44:49.656+0800] {logging_mixin.py:188} INFO - Fetching offset: 1272
[2024-06-05T23:44:50.830+0800] {logging_mixin.py:188} INFO - Fetching offset: 1296
[2024-06-05T23:44:52.603+0800] {logging_mixin.py:188} INFO - Fetching offset: 1320
[2024-06-05T23:44:54.296+0800] {logging_mixin.py:188} INFO - Fetching offset: 1344
[2024-06-05T23:44:55.960+0800] {logging_mixin.py:188} INFO - Fetching offset: 1368
[2024-06-05T23:44:56.948+0800] {logging_mixin.py:188} INFO - Fetching offset: 1392
[2024-06-05T23:44:58.406+0800] {logging_mixin.py:188} INFO - Fetching offset: 1416
[2024-06-05T23:44:59.495+0800] {logging_mixin.py:188} INFO - Fetching offset: 1440
[2024-06-05T23:45:00.979+0800] {logging_mixin.py:188} INFO - Fetching offset: 1464
[2024-06-05T23:45:02.385+0800] {logging_mixin.py:188} INFO - Fetching offset: 1488
[2024-06-05T23:45:03.501+0800] {logging_mixin.py:188} INFO - Fetching offset: 1512
[2024-06-05T23:45:04.301+0800] {logging_mixin.py:188} INFO - Fetching offset: 1536
[2024-06-05T23:45:05.096+0800] {logging_mixin.py:188} INFO - Fetching offset: 1560
[2024-06-05T23:45:06.027+0800] {logging_mixin.py:188} INFO - Fetching offset: 1584
[2024-06-05T23:45:07.440+0800] {logging_mixin.py:188} INFO - Fetching offset: 1608
[2024-06-05T23:45:08.295+0800] {logging_mixin.py:188} INFO - Fetching offset: 1632
[2024-06-05T23:45:09.835+0800] {logging_mixin.py:188} INFO - Fetching offset: 1656
[2024-06-05T23:45:11.117+0800] {logging_mixin.py:188} INFO - Fetching offset: 1680
[2024-06-05T23:45:12.376+0800] {logging_mixin.py:188} INFO - Fetching offset: 1704
[2024-06-05T23:45:13.770+0800] {logging_mixin.py:188} INFO - Fetching offset: 1728
[2024-06-05T23:45:14.979+0800] {logging_mixin.py:188} INFO - Fetching offset: 1752
[2024-06-05T23:45:16.456+0800] {logging_mixin.py:188} INFO - Fetching offset: 1776
[2024-06-05T23:45:18.001+0800] {logging_mixin.py:188} INFO - Fetching offset: 1800
[2024-06-05T23:45:19.083+0800] {logging_mixin.py:188} INFO - Fetching offset: 1824
[2024-06-05T23:45:20.579+0800] {logging_mixin.py:188} INFO - Fetching offset: 1848
[2024-06-05T23:45:21.282+0800] {logging_mixin.py:188} INFO - Fetching offset: 1872
[2024-06-05T23:45:22.551+0800] {logging_mixin.py:188} INFO - Fetching offset: 1896
[2024-06-05T23:45:23.861+0800] {logging_mixin.py:188} INFO - Fetching offset: 1920
[2024-06-05T23:45:25.515+0800] {logging_mixin.py:188} INFO - Fetching offset: 1944
[2024-06-05T23:45:26.474+0800] {logging_mixin.py:188} INFO - Fetching offset: 1968
[2024-06-05T23:45:27.695+0800] {logging_mixin.py:188} INFO - Fetching offset: 1992
[2024-06-05T23:45:28.464+0800] {logging_mixin.py:188} INFO - Fetching offset: 2016
[2024-06-05T23:45:29.186+0800] {logging_mixin.py:188} INFO - Fetching offset: 2040
[2024-06-05T23:45:30.014+0800] {logging_mixin.py:188} INFO - Fetching offset: 2064
[2024-06-05T23:45:31.494+0800] {logging_mixin.py:188} INFO - Fetching offset: 2088
[2024-06-05T23:45:33.075+0800] {logging_mixin.py:188} INFO - Fetching offset: 2112
[2024-06-05T23:45:33.806+0800] {logging_mixin.py:188} INFO - Fetching offset: 2136
[2024-06-05T23:45:35.136+0800] {logging_mixin.py:188} INFO - Fetching offset: 2160
[2024-06-05T23:45:35.832+0800] {logging_mixin.py:188} INFO - Fetching offset: 2184
[2024-06-05T23:45:37.479+0800] {logging_mixin.py:188} INFO - Fetching offset: 2208
[2024-06-05T23:45:38.644+0800] {logging_mixin.py:188} INFO - Fetching offset: 2232
[2024-06-05T23:45:39.862+0800] {logging_mixin.py:188} INFO - Fetching offset: 2256
[2024-06-05T23:45:41.376+0800] {logging_mixin.py:188} INFO - Fetching offset: 2280
[2024-06-05T23:45:42.901+0800] {logging_mixin.py:188} INFO - Fetching offset: 2304
[2024-06-05T23:45:44.387+0800] {logging_mixin.py:188} INFO - Fetching offset: 2328
[2024-06-05T23:45:45.478+0800] {logging_mixin.py:188} INFO - Fetching offset: 2352
[2024-06-05T23:45:46.901+0800] {logging_mixin.py:188} INFO - Fetching offset: 2376
[2024-06-05T23:45:47.790+0800] {logging_mixin.py:188} INFO - Fetching offset: 2400
[2024-06-05T23:45:48.717+0800] {logging_mixin.py:188} INFO - Fetching offset: 2424
[2024-06-05T23:45:50.154+0800] {logging_mixin.py:188} INFO - Fetching offset: 2448
[2024-06-05T23:45:51.717+0800] {logging_mixin.py:188} INFO - Fetching offset: 2472
[2024-06-05T23:45:52.415+0800] {logging_mixin.py:188} INFO - Fetching offset: 2496
[2024-06-05T23:45:53.453+0800] {logging_mixin.py:188} INFO - Fetching offset: 2520
[2024-06-05T23:45:55.119+0800] {logging_mixin.py:188} INFO - Fetching offset: 2544
[2024-06-05T23:45:56.374+0800] {logging_mixin.py:188} INFO - Fetching offset: 2568
[2024-06-05T23:45:57.858+0800] {logging_mixin.py:188} INFO - Fetching offset: 2592
[2024-06-05T23:45:59.504+0800] {logging_mixin.py:188} INFO - Fetching offset: 2616
[2024-06-05T23:46:00.721+0800] {logging_mixin.py:188} INFO - Fetching offset: 2640
[2024-06-05T23:46:02.164+0800] {logging_mixin.py:188} INFO - Fetching offset: 2664
[2024-06-05T23:46:03.835+0800] {logging_mixin.py:188} INFO - Fetching offset: 2688
[2024-06-05T23:46:04.681+0800] {logging_mixin.py:188} INFO - Fetching offset: 2712
[2024-06-05T23:46:06.216+0800] {logging_mixin.py:188} INFO - Fetching offset: 2736
[2024-06-05T23:46:07.825+0800] {logging_mixin.py:188} INFO - Fetching offset: 2760
[2024-06-05T23:46:08.706+0800] {logging_mixin.py:188} INFO - Fetching offset: 2784
[2024-06-05T23:46:10.252+0800] {logging_mixin.py:188} INFO - Fetching offset: 2808
[2024-06-05T23:46:11.700+0800] {logging_mixin.py:188} INFO - Fetching offset: 2832
[2024-06-05T23:46:12.836+0800] {logging_mixin.py:188} INFO - Fetching offset: 2856
[2024-06-05T23:46:14.109+0800] {logging_mixin.py:188} INFO - Fetching offset: 2880
[2024-06-05T23:46:15.421+0800] {logging_mixin.py:188} INFO - Fetching offset: 2904
[2024-06-05T23:46:16.731+0800] {logging_mixin.py:188} INFO - Fetching offset: 2928
[2024-06-05T23:46:17.631+0800] {logging_mixin.py:188} INFO - Fetching offset: 2952
[2024-06-05T23:46:18.881+0800] {logging_mixin.py:188} INFO - Fetching offset: 2976
[2024-06-05T23:46:20.450+0800] {logging_mixin.py:188} INFO - Fetching offset: 3000
[2024-06-05T23:46:21.647+0800] {logging_mixin.py:188} INFO - Fetching offset: 3024
[2024-06-05T23:46:23.042+0800] {logging_mixin.py:188} INFO - Fetching offset: 3048
[2024-06-05T23:46:24.726+0800] {logging_mixin.py:188} INFO - Fetching offset: 3072
[2024-06-05T23:46:25.680+0800] {logging_mixin.py:188} INFO - Fetching offset: 3096
[2024-06-05T23:46:26.764+0800] {logging_mixin.py:188} INFO - Fetching offset: 3120
[2024-06-05T23:46:28.024+0800] {logging_mixin.py:188} INFO - Fetching offset: 3144
[2024-06-05T23:46:29.068+0800] {logging_mixin.py:188} INFO - Fetching offset: 3168
[2024-06-05T23:46:29.798+0800] {logging_mixin.py:188} INFO - Fetching offset: 3192
[2024-06-05T23:46:30.525+0800] {logging_mixin.py:188} INFO - Fetching offset: 3216
[2024-06-05T23:46:31.601+0800] {logging_mixin.py:188} INFO - Fetching offset: 3240
[2024-06-05T23:46:32.350+0800] {logging_mixin.py:188} INFO - Fetching offset: 3264
[2024-06-05T23:46:33.758+0800] {logging_mixin.py:188} INFO - Fetching offset: 3288
[2024-06-05T23:46:35.175+0800] {logging_mixin.py:188} INFO - Fetching offset: 3312
[2024-06-05T23:46:36.664+0800] {logging_mixin.py:188} INFO - Fetching offset: 3336
[2024-06-05T23:46:37.357+0800] {logging_mixin.py:188} INFO - Fetching offset: 3360
[2024-06-05T23:46:38.480+0800] {logging_mixin.py:188} INFO - Fetching offset: 3384
[2024-06-05T23:46:40.049+0800] {logging_mixin.py:188} INFO - Fetching offset: 3408
[2024-06-05T23:46:41.150+0800] {logging_mixin.py:188} INFO - Fetching offset: 3432
[2024-06-05T23:46:41.951+0800] {logging_mixin.py:188} INFO - Fetching offset: 3456
[2024-06-05T23:46:43.373+0800] {logging_mixin.py:188} INFO - Fetching offset: 3480
[2024-06-05T23:46:44.624+0800] {logging_mixin.py:188} INFO - Fetching offset: 3504
[2024-06-05T23:46:45.653+0800] {logging_mixin.py:188} INFO - Fetching offset: 3528
[2024-06-05T23:46:46.940+0800] {logging_mixin.py:188} INFO - Fetching offset: 3552
[2024-06-05T23:46:48.536+0800] {logging_mixin.py:188} INFO - Fetching offset: 3576
[2024-06-05T23:46:50.140+0800] {logging_mixin.py:188} INFO - Fetching offset: 3600
[2024-06-05T23:46:51.208+0800] {logging_mixin.py:188} INFO - Fetching offset: 3624
[2024-06-05T23:46:52.273+0800] {logging_mixin.py:188} INFO - Fetching offset: 3648
[2024-06-05T23:46:53.535+0800] {logging_mixin.py:188} INFO - Fetching offset: 3672
[2024-06-05T23:46:54.799+0800] {logging_mixin.py:188} INFO - Fetching offset: 3696
[2024-06-05T23:46:56.238+0800] {logging_mixin.py:188} INFO - Fetching offset: 3720
[2024-06-05T23:46:57.698+0800] {logging_mixin.py:188} INFO - Fetching offset: 3744
[2024-06-05T23:46:58.522+0800] {logging_mixin.py:188} INFO - Fetching offset: 3768
[2024-06-05T23:47:00.128+0800] {logging_mixin.py:188} INFO - Fetching offset: 3792
[2024-06-05T23:47:01.429+0800] {logging_mixin.py:188} INFO - Fetching offset: 3816
[2024-06-05T23:47:02.270+0800] {logging_mixin.py:188} INFO - Fetching offset: 3840
[2024-06-05T23:47:03.274+0800] {logging_mixin.py:188} INFO - Fetching offset: 3864
[2024-06-05T23:47:04.045+0800] {logging_mixin.py:188} INFO - Fetching offset: 3888
[2024-06-05T23:47:05.421+0800] {logging_mixin.py:188} INFO - Fetching offset: 3912
[2024-06-05T23:47:06.747+0800] {logging_mixin.py:188} INFO - Fetching offset: 3936
[2024-06-05T23:47:07.919+0800] {logging_mixin.py:188} INFO - Fetching offset: 3960
[2024-06-05T23:47:08.740+0800] {logging_mixin.py:188} INFO - Fetching offset: 3984
[2024-06-05T23:47:10.327+0800] {logging_mixin.py:188} INFO - Fetching offset: 4008
[2024-06-05T23:47:11.630+0800] {logging_mixin.py:188} INFO - Fetching offset: 4032
[2024-06-05T23:47:12.407+0800] {logging_mixin.py:188} INFO - Fetching offset: 4056
[2024-06-05T23:47:13.664+0800] {logging_mixin.py:188} INFO - Fetching offset: 4080
[2024-06-05T23:47:14.561+0800] {logging_mixin.py:188} INFO - Fetching offset: 4104
[2024-06-05T23:47:15.258+0800] {logging_mixin.py:188} INFO - Fetching offset: 4128
[2024-06-05T23:47:16.211+0800] {logging_mixin.py:188} INFO - Fetching offset: 4152
[2024-06-05T23:47:17.539+0800] {logging_mixin.py:188} INFO - Fetching offset: 4176
[2024-06-05T23:47:18.662+0800] {logging_mixin.py:188} INFO - Fetching offset: 4200
[2024-06-05T23:47:19.921+0800] {logging_mixin.py:188} INFO - Fetching offset: 4224
[2024-06-05T23:47:20.861+0800] {logging_mixin.py:188} INFO - Fetching offset: 4248
[2024-06-05T23:47:22.177+0800] {logging_mixin.py:188} INFO - Fetching offset: 4272
[2024-06-05T23:47:23.246+0800] {logging_mixin.py:188} INFO - Fetching offset: 4296
[2024-06-05T23:47:24.834+0800] {logging_mixin.py:188} INFO - Fetching offset: 4320
[2024-06-05T23:47:25.608+0800] {logging_mixin.py:188} INFO - Fetching offset: 4344
[2024-06-05T23:47:28.169+0800] {logging_mixin.py:188} INFO - Fetching offset: 4368
[2024-06-05T23:47:28.979+0800] {logging_mixin.py:188} INFO - Fetching offset: 4392
[2024-06-05T23:47:29.839+0800] {logging_mixin.py:188} INFO - Fetching offset: 4416
[2024-06-05T23:47:30.874+0800] {logging_mixin.py:188} INFO - Fetching offset: 4440
[2024-06-05T23:47:32.077+0800] {logging_mixin.py:188} INFO - Fetching offset: 4464
[2024-06-05T23:47:33.573+0800] {logging_mixin.py:188} INFO - Fetching offset: 4488
[2024-06-05T23:47:35.188+0800] {logging_mixin.py:188} INFO - Fetching offset: 4512
[2024-06-05T23:47:36.500+0800] {logging_mixin.py:188} INFO - Fetching offset: 4536
[2024-06-05T23:47:36.758+0800] {taskinstance.py:441} INFO - ::group::Post task execution logs
[2024-06-05T23:47:36.758+0800] {taskinstance.py:2905} ERROR - Task failed with exception
Traceback (most recent call last):
  File "/home/ryanng/.local/lib/python3.10/site-packages/sqlalchemy/engine/base.py", line 3371, in _wrap_pool_connect
    return fn()
  File "/home/ryanng/.local/lib/python3.10/site-packages/sqlalchemy/pool/base.py", line 327, in connect
    return _ConnectionFairy._checkout(self)
  File "/home/ryanng/.local/lib/python3.10/site-packages/sqlalchemy/pool/base.py", line 894, in _checkout
    fairy = _ConnectionRecord.checkout(pool)
  File "/home/ryanng/.local/lib/python3.10/site-packages/sqlalchemy/pool/base.py", line 493, in checkout
    rec = pool._do_get()
  File "/home/ryanng/.local/lib/python3.10/site-packages/sqlalchemy/pool/impl.py", line 145, in _do_get
    with util.safe_reraise():
  File "/home/ryanng/.local/lib/python3.10/site-packages/sqlalchemy/util/langhelpers.py", line 70, in __exit__
    compat.raise_(
  File "/home/ryanng/.local/lib/python3.10/site-packages/sqlalchemy/util/compat.py", line 211, in raise_
    raise exception
  File "/home/ryanng/.local/lib/python3.10/site-packages/sqlalchemy/pool/impl.py", line 143, in _do_get
    return self._create_connection()
  File "/home/ryanng/.local/lib/python3.10/site-packages/sqlalchemy/pool/base.py", line 273, in _create_connection
    return _ConnectionRecord(self)
  File "/home/ryanng/.local/lib/python3.10/site-packages/sqlalchemy/pool/base.py", line 388, in __init__
    self.__connect()
  File "/home/ryanng/.local/lib/python3.10/site-packages/sqlalchemy/pool/base.py", line 690, in __connect
    with util.safe_reraise():
  File "/home/ryanng/.local/lib/python3.10/site-packages/sqlalchemy/util/langhelpers.py", line 70, in __exit__
    compat.raise_(
  File "/home/ryanng/.local/lib/python3.10/site-packages/sqlalchemy/util/compat.py", line 211, in raise_
    raise exception
  File "/home/ryanng/.local/lib/python3.10/site-packages/sqlalchemy/pool/base.py", line 686, in __connect
    self.dbapi_connection = connection = pool._invoke_creator(self)
  File "/home/ryanng/.local/lib/python3.10/site-packages/sqlalchemy/engine/create.py", line 574, in connect
    return dialect.connect(*cargs, **cparams)
  File "/home/ryanng/.local/lib/python3.10/site-packages/sqlalchemy/engine/default.py", line 598, in connect
    return self.dbapi.connect(*cargs, **cparams)
  File "/home/ryanng/.local/lib/python3.10/site-packages/psycopg2/__init__.py", line 122, in connect
    conn = _connect(dsn, connection_factory=connection_factory, **kwasync)
psycopg2.OperationalError: connection to server at "localhost" (127.0.0.1), port 5432 failed: FATAL:  password authentication failed for user "postgres"
connection to server at "localhost" (127.0.0.1), port 5432 failed: FATAL:  password authentication failed for user "postgres"


The above exception was the direct cause of the following exception:

Traceback (most recent call last):
  File "/home/ryanng/.local/lib/python3.10/site-packages/airflow/models/taskinstance.py", line 465, in _execute_task
    result = _execute_callable(context=context, **execute_callable_kwargs)
  File "/home/ryanng/.local/lib/python3.10/site-packages/airflow/models/taskinstance.py", line 432, in _execute_callable
    return execute_callable(context=context, **execute_callable_kwargs)
  File "/home/ryanng/.local/lib/python3.10/site-packages/airflow/models/baseoperator.py", line 400, in wrapper
    return func(self, *args, **kwargs)
  File "/home/ryanng/.local/lib/python3.10/site-packages/airflow/operators/python.py", line 235, in execute
    return_value = self.execute_callable()
  File "/home/ryanng/.local/lib/python3.10/site-packages/airflow/operators/python.py", line 252, in execute_callable
    return self.python_callable(*self.op_args, **self.op_kwargs)
  File "/mnt/c/Users/user/Desktop/new_airflow/dags/centaline_scraping.py", line 120, in centaline_scraping_rent_data
    meta.create_all(engine)
  File "/home/ryanng/.local/lib/python3.10/site-packages/sqlalchemy/sql/schema.py", line 4930, in create_all
    bind._run_ddl_visitor(
  File "/home/ryanng/.local/lib/python3.10/site-packages/sqlalchemy/engine/base.py", line 3237, in _run_ddl_visitor
    with self.begin() as conn:
  File "/home/ryanng/.local/lib/python3.10/site-packages/sqlalchemy/engine/base.py", line 3153, in begin
    conn = self.connect(close_with_result=close_with_result)
  File "/home/ryanng/.local/lib/python3.10/site-packages/sqlalchemy/engine/base.py", line 3325, in connect
    return self._connection_cls(self, close_with_result=close_with_result)
  File "/home/ryanng/.local/lib/python3.10/site-packages/sqlalchemy/engine/base.py", line 96, in __init__
    else engine.raw_connection()
  File "/home/ryanng/.local/lib/python3.10/site-packages/sqlalchemy/engine/base.py", line 3404, in raw_connection
    return self._wrap_pool_connect(self.pool.connect, _connection)
  File "/home/ryanng/.local/lib/python3.10/site-packages/sqlalchemy/engine/base.py", line 3374, in _wrap_pool_connect
    Connection._handle_dbapi_exception_noconnection(
  File "/home/ryanng/.local/lib/python3.10/site-packages/sqlalchemy/engine/base.py", line 2208, in _handle_dbapi_exception_noconnection
    util.raise_(
  File "/home/ryanng/.local/lib/python3.10/site-packages/sqlalchemy/util/compat.py", line 211, in raise_
    raise exception
  File "/home/ryanng/.local/lib/python3.10/site-packages/sqlalchemy/engine/base.py", line 3371, in _wrap_pool_connect
    return fn()
  File "/home/ryanng/.local/lib/python3.10/site-packages/sqlalchemy/pool/base.py", line 327, in connect
    return _ConnectionFairy._checkout(self)
  File "/home/ryanng/.local/lib/python3.10/site-packages/sqlalchemy/pool/base.py", line 894, in _checkout
    fairy = _ConnectionRecord.checkout(pool)
  File "/home/ryanng/.local/lib/python3.10/site-packages/sqlalchemy/pool/base.py", line 493, in checkout
    rec = pool._do_get()
  File "/home/ryanng/.local/lib/python3.10/site-packages/sqlalchemy/pool/impl.py", line 145, in _do_get
    with util.safe_reraise():
  File "/home/ryanng/.local/lib/python3.10/site-packages/sqlalchemy/util/langhelpers.py", line 70, in __exit__
    compat.raise_(
  File "/home/ryanng/.local/lib/python3.10/site-packages/sqlalchemy/util/compat.py", line 211, in raise_
    raise exception
  File "/home/ryanng/.local/lib/python3.10/site-packages/sqlalchemy/pool/impl.py", line 143, in _do_get
    return self._create_connection()
  File "/home/ryanng/.local/lib/python3.10/site-packages/sqlalchemy/pool/base.py", line 273, in _create_connection
    return _ConnectionRecord(self)
  File "/home/ryanng/.local/lib/python3.10/site-packages/sqlalchemy/pool/base.py", line 388, in __init__
    self.__connect()
  File "/home/ryanng/.local/lib/python3.10/site-packages/sqlalchemy/pool/base.py", line 690, in __connect
    with util.safe_reraise():
  File "/home/ryanng/.local/lib/python3.10/site-packages/sqlalchemy/util/langhelpers.py", line 70, in __exit__
    compat.raise_(
  File "/home/ryanng/.local/lib/python3.10/site-packages/sqlalchemy/util/compat.py", line 211, in raise_
    raise exception
  File "/home/ryanng/.local/lib/python3.10/site-packages/sqlalchemy/pool/base.py", line 686, in __connect
    self.dbapi_connection = connection = pool._invoke_creator(self)
  File "/home/ryanng/.local/lib/python3.10/site-packages/sqlalchemy/engine/create.py", line 574, in connect
    return dialect.connect(*cargs, **cparams)
  File "/home/ryanng/.local/lib/python3.10/site-packages/sqlalchemy/engine/default.py", line 598, in connect
    return self.dbapi.connect(*cargs, **cparams)
  File "/home/ryanng/.local/lib/python3.10/site-packages/psycopg2/__init__.py", line 122, in connect
    conn = _connect(dsn, connection_factory=connection_factory, **kwasync)
sqlalchemy.exc.OperationalError: (psycopg2.OperationalError) connection to server at "localhost" (127.0.0.1), port 5432 failed: FATAL:  password authentication failed for user "postgres"
connection to server at "localhost" (127.0.0.1), port 5432 failed: FATAL:  password authentication failed for user "postgres"

(Background on this error at: https://sqlalche.me/e/14/e3q8)
[2024-06-05T23:47:36.767+0800] {taskinstance.py:1206} INFO - Marking task as UP_FOR_RETRY. dag_id=centaline_scraping_dag, task_id=centaline_scraping_rent_data, run_id=manual__2024-06-05T15:43:40.945559+00:00, execution_date=20240605T154340, start_date=20240605T154342, end_date=20240605T154736
[2024-06-05T23:47:36.784+0800] {standard_task_runner.py:110} ERROR - Failed to execute job 27 for task centaline_scraping_rent_data ((psycopg2.OperationalError) connection to server at "localhost" (127.0.0.1), port 5432 failed: FATAL:  password authentication failed for user "postgres"
connection to server at "localhost" (127.0.0.1), port 5432 failed: FATAL:  password authentication failed for user "postgres"

(Background on this error at: https://sqlalche.me/e/14/e3q8); 41142)
[2024-06-05T23:47:36.796+0800] {local_task_job_runner.py:240} INFO - Task exited with return code 1
[2024-06-05T23:47:36.808+0800] {taskinstance.py:3498} INFO - 0 downstream tasks scheduled from follow-on schedule check
[2024-06-05T23:47:36.809+0800] {local_task_job_runner.py:222} INFO - ::endgroup::
