[2024-06-05T22:34:26.960+0800] {local_task_job_runner.py:120} INFO - ::group::Pre task execution logs
[2024-06-05T22:34:26.972+0800] {taskinstance.py:2066} INFO - Dependencies not met for <TaskInstance: centaline_scraping_dag.centaline_scraping_rent_data manual__2024-06-05T14:24:51.264426+00:00 [up_for_retry]>, dependency 'Not In Retry Period' FAILED: Task is not ready for retry yet but will be retried automatically. Current date is 2024-06-05T14:34:26.972757+00:00 and task will be retried at 2024-06-05T14:39:23.392494+00:00.
[2024-06-05T22:34:26.973+0800] {local_task_job_runner.py:163} INFO - Task is not able to be run
[2024-06-05T22:43:42.223+0800] {local_task_job_runner.py:120} INFO - ::group::Pre task execution logs
[2024-06-05T22:43:42.238+0800] {taskinstance.py:2076} INFO - Dependencies all met for dep_context=non-requeueable deps ti=<TaskInstance: centaline_scraping_dag.centaline_scraping_rent_data manual__2024-06-05T14:24:51.264426+00:00 [queued]>
[2024-06-05T22:43:42.245+0800] {taskinstance.py:2076} INFO - Dependencies all met for dep_context=requeueable deps ti=<TaskInstance: centaline_scraping_dag.centaline_scraping_rent_data manual__2024-06-05T14:24:51.264426+00:00 [queued]>
[2024-06-05T22:43:42.245+0800] {taskinstance.py:2306} INFO - Starting attempt 2 of 3
[2024-06-05T22:43:42.266+0800] {taskinstance.py:2330} INFO - Executing <Task(PythonOperator): centaline_scraping_rent_data> on 2024-06-05 14:24:51.264426+00:00
[2024-06-05T22:43:42.269+0800] {standard_task_runner.py:63} INFO - Started process 23645 to run task
[2024-06-05T22:43:42.270+0800] {standard_task_runner.py:90} INFO - Running: ['airflow', 'tasks', 'run', 'centaline_scraping_dag', 'centaline_scraping_rent_data', 'manual__2024-06-05T14:24:51.264426+00:00', '--job-id', '21', '--raw', '--subdir', 'DAGS_FOLDER/cenraline_fc.py', '--cfg-path', '/tmp/tmpmec8qrnv']
[2024-06-05T22:43:42.271+0800] {standard_task_runner.py:91} INFO - Job 21: Subtask centaline_scraping_rent_data
[2024-06-05T22:43:42.311+0800] {task_command.py:426} INFO - Running <TaskInstance: centaline_scraping_dag.centaline_scraping_rent_data manual__2024-06-05T14:24:51.264426+00:00 [running]> on host LAPTOP-3QN476HM.
[2024-06-05T22:43:42.362+0800] {taskinstance.py:2648} INFO - Exporting env vars: AIRFLOW_CTX_DAG_OWNER='Ryanng' AIRFLOW_CTX_DAG_ID='centaline_scraping_dag' AIRFLOW_CTX_TASK_ID='centaline_scraping_rent_data' AIRFLOW_CTX_EXECUTION_DATE='2024-06-05T14:24:51.264426+00:00' AIRFLOW_CTX_TRY_NUMBER='2' AIRFLOW_CTX_DAG_RUN_ID='manual__2024-06-05T14:24:51.264426+00:00'
[2024-06-05T22:43:42.362+0800] {taskinstance.py:430} INFO - ::endgroup::
[2024-06-05T22:43:43.117+0800] {logging_mixin.py:188} INFO - Fetching offset: 0
[2024-06-05T22:43:44.111+0800] {logging_mixin.py:188} INFO - Fetching offset: 24
[2024-06-05T22:43:45.089+0800] {logging_mixin.py:188} INFO - Fetching offset: 48
[2024-06-05T22:43:46.403+0800] {logging_mixin.py:188} INFO - Fetching offset: 72
[2024-06-05T22:43:47.168+0800] {logging_mixin.py:188} INFO - Fetching offset: 96
[2024-06-05T22:43:48.199+0800] {logging_mixin.py:188} INFO - Fetching offset: 120
[2024-06-05T22:43:49.490+0800] {logging_mixin.py:188} INFO - Fetching offset: 144
[2024-06-05T22:43:51.213+0800] {logging_mixin.py:188} INFO - Fetching offset: 168
[2024-06-05T22:43:52.189+0800] {logging_mixin.py:188} INFO - Fetching offset: 192
[2024-06-05T22:43:53.054+0800] {logging_mixin.py:188} INFO - Fetching offset: 216
[2024-06-05T22:43:54.263+0800] {logging_mixin.py:188} INFO - Fetching offset: 240
[2024-06-05T22:43:55.457+0800] {logging_mixin.py:188} INFO - Fetching offset: 264
[2024-06-05T22:43:56.266+0800] {logging_mixin.py:188} INFO - Fetching offset: 288
[2024-06-05T22:43:57.094+0800] {logging_mixin.py:188} INFO - Fetching offset: 312
[2024-06-05T22:43:58.370+0800] {logging_mixin.py:188} INFO - Fetching offset: 336
[2024-06-05T22:44:00.069+0800] {logging_mixin.py:188} INFO - Fetching offset: 360
[2024-06-05T22:44:01.574+0800] {logging_mixin.py:188} INFO - Fetching offset: 384
[2024-06-05T22:44:02.610+0800] {logging_mixin.py:188} INFO - Fetching offset: 408
[2024-06-05T22:44:04.216+0800] {logging_mixin.py:188} INFO - Fetching offset: 432
[2024-06-05T22:44:04.989+0800] {logging_mixin.py:188} INFO - Fetching offset: 456
[2024-06-05T22:44:06.380+0800] {logging_mixin.py:188} INFO - Fetching offset: 480
[2024-06-05T22:44:07.507+0800] {logging_mixin.py:188} INFO - Fetching offset: 504
[2024-06-05T22:44:08.484+0800] {logging_mixin.py:188} INFO - Fetching offset: 528
[2024-06-05T22:44:09.342+0800] {logging_mixin.py:188} INFO - Fetching offset: 552
[2024-06-05T22:44:10.141+0800] {logging_mixin.py:188} INFO - Fetching offset: 576
[2024-06-05T22:44:10.831+0800] {logging_mixin.py:188} INFO - Fetching offset: 600
[2024-06-05T22:44:12.130+0800] {logging_mixin.py:188} INFO - Fetching offset: 624
[2024-06-05T22:44:12.807+0800] {logging_mixin.py:188} INFO - Fetching offset: 648
[2024-06-05T22:44:14.890+0800] {logging_mixin.py:188} INFO - Fetching offset: 672
[2024-06-05T22:44:16.401+0800] {logging_mixin.py:188} INFO - Fetching offset: 696
[2024-06-05T22:44:17.959+0800] {logging_mixin.py:188} INFO - Fetching offset: 720
[2024-06-05T22:44:19.342+0800] {logging_mixin.py:188} INFO - Fetching offset: 744
[2024-06-05T22:44:21.036+0800] {logging_mixin.py:188} INFO - Fetching offset: 768
[2024-06-05T22:44:22.425+0800] {logging_mixin.py:188} INFO - Fetching offset: 792
[2024-06-05T22:44:24.699+0800] {logging_mixin.py:188} INFO - Fetching offset: 816
[2024-06-05T22:44:25.832+0800] {logging_mixin.py:188} INFO - Fetching offset: 840
[2024-06-05T22:44:27.394+0800] {logging_mixin.py:188} INFO - Fetching offset: 864
[2024-06-05T22:44:28.488+0800] {logging_mixin.py:188} INFO - Fetching offset: 888
[2024-06-05T22:44:29.504+0800] {logging_mixin.py:188} INFO - Fetching offset: 912
[2024-06-05T22:44:30.395+0800] {logging_mixin.py:188} INFO - Fetching offset: 936
[2024-06-05T22:44:31.274+0800] {logging_mixin.py:188} INFO - Fetching offset: 960
[2024-06-05T22:44:32.754+0800] {local_task_job_runner.py:222} INFO - ::endgroup::
[2024-06-05T22:44:32.755+0800] {process_utils.py:132} INFO - Sending Signals.SIGTERM to group 23645. PIDs of all processes in the group: [23645]
[2024-06-05T22:44:32.756+0800] {process_utils.py:87} INFO - Sending the signal Signals.SIGTERM to group 23645
[2024-06-05T22:44:32.756+0800] {taskinstance.py:2611} ERROR - Received SIGTERM. Terminating subprocesses.
[2024-06-05T22:44:32.757+0800] {taskinstance.py:441} INFO - ::group::Post task execution logs
[2024-06-05T22:44:32.766+0800] {taskinstance.py:2905} ERROR - Task failed with exception
Traceback (most recent call last):
  File "/home/ryanng/.local/lib/python3.10/site-packages/airflow/models/taskinstance.py", line 465, in _execute_task
    result = _execute_callable(context=context, **execute_callable_kwargs)
  File "/home/ryanng/.local/lib/python3.10/site-packages/airflow/models/taskinstance.py", line 432, in _execute_callable
    return execute_callable(context=context, **execute_callable_kwargs)
  File "/home/ryanng/.local/lib/python3.10/site-packages/airflow/models/baseoperator.py", line 400, in wrapper
    return func(self, *args, **kwargs)
  File "/home/ryanng/.local/lib/python3.10/site-packages/airflow/operators/python.py", line 235, in execute
    return_value = self.execute_callable()
  File "/home/ryanng/.local/lib/python3.10/site-packages/airflow/operators/python.py", line 252, in execute_callable
    return self.python_callable(*self.op_args, **self.op_kwargs)
  File "/mnt/c/Users/user/Desktop/new_airflow/dags/centaline_scraping.py", line 41, in centaline_scraping_rent_data
    time.sleep(random.random() + 0.5)
  File "/home/ryanng/.local/lib/python3.10/site-packages/airflow/models/taskinstance.py", line 2613, in signal_handler
    raise AirflowTaskTerminated("Task received SIGTERM signal")
airflow.exceptions.AirflowTaskTerminated: Task received SIGTERM signal
[2024-06-05T22:44:32.782+0800] {taskinstance.py:1206} INFO - Marking task as UP_FOR_RETRY. dag_id=centaline_scraping_dag, task_id=centaline_scraping_rent_data, run_id=manual__2024-06-05T14:24:51.264426+00:00, execution_date=20240605T142451, start_date=20240605T144342, end_date=20240605T144432
[2024-06-05T22:44:32.849+0800] {process_utils.py:80} INFO - Process psutil.Process(pid=23645, status='terminated', exitcode=2, started='22:43:42') (23645) terminated with exit code 2
