[2024-06-05T22:31:41.501+0800] {local_task_job_runner.py:120} INFO - ::group::Pre task execution logs
[2024-06-05T22:31:41.513+0800] {taskinstance.py:2076} INFO - Dependencies all met for dep_context=non-requeueable deps ti=<TaskInstance: centaline_scraping_dag.centaline_scraping_rent_data manual__2024-06-05T14:24:51.264426+00:00 [queued]>
[2024-06-05T22:31:41.520+0800] {taskinstance.py:2076} INFO - Dependencies all met for dep_context=requeueable deps ti=<TaskInstance: centaline_scraping_dag.centaline_scraping_rent_data manual__2024-06-05T14:24:51.264426+00:00 [queued]>
[2024-06-05T22:31:41.521+0800] {taskinstance.py:2306} INFO - Starting attempt 1 of 3
[2024-06-05T22:31:41.537+0800] {taskinstance.py:2330} INFO - Executing <Task(PythonOperator): centaline_scraping_rent_data> on 2024-06-05 14:24:51.264426+00:00
[2024-06-05T22:31:41.540+0800] {standard_task_runner.py:63} INFO - Started process 20508 to run task
[2024-06-05T22:31:41.541+0800] {standard_task_runner.py:90} INFO - Running: ['airflow', 'tasks', 'run', 'centaline_scraping_dag', 'centaline_scraping_rent_data', 'manual__2024-06-05T14:24:51.264426+00:00', '--job-id', '16', '--raw', '--subdir', 'DAGS_FOLDER/cenraline_fc.py', '--cfg-path', '/tmp/tmpz17pr873']
[2024-06-05T22:31:41.542+0800] {standard_task_runner.py:91} INFO - Job 16: Subtask centaline_scraping_rent_data
[2024-06-05T22:31:41.583+0800] {task_command.py:426} INFO - Running <TaskInstance: centaline_scraping_dag.centaline_scraping_rent_data manual__2024-06-05T14:24:51.264426+00:00 [running]> on host LAPTOP-3QN476HM.
[2024-06-05T22:31:41.642+0800] {taskinstance.py:2648} INFO - Exporting env vars: AIRFLOW_CTX_DAG_OWNER='Ryanng' AIRFLOW_CTX_DAG_ID='centaline_scraping_dag' AIRFLOW_CTX_TASK_ID='centaline_scraping_rent_data' AIRFLOW_CTX_EXECUTION_DATE='2024-06-05T14:24:51.264426+00:00' AIRFLOW_CTX_TRY_NUMBER='1' AIRFLOW_CTX_DAG_RUN_ID='manual__2024-06-05T14:24:51.264426+00:00'
[2024-06-05T22:31:41.642+0800] {taskinstance.py:430} INFO - ::endgroup::
[2024-06-05T22:31:42.470+0800] {logging_mixin.py:188} INFO - Fetching offset: 0
[2024-06-05T22:31:44.074+0800] {logging_mixin.py:188} INFO - Fetching offset: 24
[2024-06-05T22:31:45.114+0800] {logging_mixin.py:188} INFO - Fetching offset: 48
[2024-06-05T22:31:46.649+0800] {logging_mixin.py:188} INFO - Fetching offset: 72
[2024-06-05T22:31:48.052+0800] {logging_mixin.py:188} INFO - Fetching offset: 96
[2024-06-05T22:31:49.768+0800] {logging_mixin.py:188} INFO - Fetching offset: 120
[2024-06-05T22:31:50.522+0800] {logging_mixin.py:188} INFO - Fetching offset: 144
[2024-06-05T22:31:51.975+0800] {logging_mixin.py:188} INFO - Fetching offset: 168
[2024-06-05T22:31:53.094+0800] {logging_mixin.py:188} INFO - Fetching offset: 192
[2024-06-05T22:31:54.239+0800] {logging_mixin.py:188} INFO - Fetching offset: 216
[2024-06-05T22:31:55.041+0800] {logging_mixin.py:188} INFO - Fetching offset: 240
[2024-06-05T22:31:56.656+0800] {logging_mixin.py:188} INFO - Fetching offset: 264
[2024-06-05T22:31:58.143+0800] {logging_mixin.py:188} INFO - Fetching offset: 288
[2024-06-05T22:31:59.142+0800] {logging_mixin.py:188} INFO - Fetching offset: 312
[2024-06-05T22:32:00.081+0800] {logging_mixin.py:188} INFO - Fetching offset: 336
[2024-06-05T22:32:01.209+0800] {logging_mixin.py:188} INFO - Fetching offset: 360
[2024-06-05T22:32:02.733+0800] {logging_mixin.py:188} INFO - Fetching offset: 384
[2024-06-05T22:32:04.356+0800] {logging_mixin.py:188} INFO - Fetching offset: 408
[2024-06-05T22:32:05.625+0800] {logging_mixin.py:188} INFO - Fetching offset: 432
[2024-06-05T22:32:06.627+0800] {logging_mixin.py:188} INFO - Fetching offset: 456
[2024-06-05T22:32:07.774+0800] {logging_mixin.py:188} INFO - Fetching offset: 480
[2024-06-05T22:32:09.345+0800] {logging_mixin.py:188} INFO - Fetching offset: 504
[2024-06-05T22:32:10.367+0800] {logging_mixin.py:188} INFO - Fetching offset: 528
[2024-06-05T22:32:11.110+0800] {logging_mixin.py:188} INFO - Fetching offset: 552
[2024-06-05T22:32:12.288+0800] {logging_mixin.py:188} INFO - Fetching offset: 576
[2024-06-05T22:32:14.025+0800] {logging_mixin.py:188} INFO - Fetching offset: 600
[2024-06-05T22:32:15.030+0800] {logging_mixin.py:188} INFO - Fetching offset: 624
[2024-06-05T22:32:16.558+0800] {logging_mixin.py:188} INFO - Fetching offset: 648
[2024-06-05T22:32:18.121+0800] {logging_mixin.py:188} INFO - Fetching offset: 672
[2024-06-05T22:32:19.417+0800] {logging_mixin.py:188} INFO - Fetching offset: 696
[2024-06-05T22:32:21.085+0800] {logging_mixin.py:188} INFO - Fetching offset: 720
[2024-06-05T22:32:21.862+0800] {logging_mixin.py:188} INFO - Fetching offset: 744
[2024-06-05T22:32:22.928+0800] {logging_mixin.py:188} INFO - Fetching offset: 768
[2024-06-05T22:32:24.208+0800] {logging_mixin.py:188} INFO - Fetching offset: 792
[2024-06-05T22:32:25.688+0800] {logging_mixin.py:188} INFO - Fetching offset: 816
[2024-06-05T22:32:26.621+0800] {logging_mixin.py:188} INFO - Fetching offset: 840
[2024-06-05T22:32:27.847+0800] {logging_mixin.py:188} INFO - Fetching offset: 864
[2024-06-05T22:32:29.102+0800] {logging_mixin.py:188} INFO - Fetching offset: 888
[2024-06-05T22:32:29.876+0800] {logging_mixin.py:188} INFO - Fetching offset: 912
[2024-06-05T22:32:31.422+0800] {logging_mixin.py:188} INFO - Fetching offset: 936
[2024-06-05T22:32:33.049+0800] {logging_mixin.py:188} INFO - Fetching offset: 960
[2024-06-05T22:32:33.926+0800] {logging_mixin.py:188} INFO - Fetching offset: 984
[2024-06-05T22:32:34.875+0800] {logging_mixin.py:188} INFO - Fetching offset: 1008
[2024-06-05T22:32:35.853+0800] {logging_mixin.py:188} INFO - Fetching offset: 1032
[2024-06-05T22:32:37.507+0800] {logging_mixin.py:188} INFO - Fetching offset: 1056
[2024-06-05T22:32:39.130+0800] {logging_mixin.py:188} INFO - Fetching offset: 1080
[2024-06-05T22:32:40.701+0800] {logging_mixin.py:188} INFO - Fetching offset: 1104
[2024-06-05T22:32:42.254+0800] {logging_mixin.py:188} INFO - Fetching offset: 1128
[2024-06-05T22:32:43.161+0800] {logging_mixin.py:188} INFO - Fetching offset: 1152
[2024-06-05T22:32:43.908+0800] {logging_mixin.py:188} INFO - Fetching offset: 1176
[2024-06-05T22:32:45.192+0800] {logging_mixin.py:188} INFO - Fetching offset: 1200
[2024-06-05T22:32:45.950+0800] {logging_mixin.py:188} INFO - Fetching offset: 1224
[2024-06-05T22:32:47.356+0800] {logging_mixin.py:188} INFO - Fetching offset: 1248
[2024-06-05T22:32:48.356+0800] {logging_mixin.py:188} INFO - Fetching offset: 1272
[2024-06-05T22:32:49.440+0800] {logging_mixin.py:188} INFO - Fetching offset: 1296
[2024-06-05T22:32:50.387+0800] {logging_mixin.py:188} INFO - Fetching offset: 1320
[2024-06-05T22:32:51.258+0800] {logging_mixin.py:188} INFO - Fetching offset: 1344
[2024-06-05T22:32:52.562+0800] {logging_mixin.py:188} INFO - Fetching offset: 1368
[2024-06-05T22:32:53.540+0800] {logging_mixin.py:188} INFO - Fetching offset: 1392
[2024-06-05T22:32:55.056+0800] {logging_mixin.py:188} INFO - Fetching offset: 1416
[2024-06-05T22:32:56.056+0800] {logging_mixin.py:188} INFO - Fetching offset: 1440
[2024-06-05T22:32:57.653+0800] {logging_mixin.py:188} INFO - Fetching offset: 1464
[2024-06-05T22:32:58.808+0800] {logging_mixin.py:188} INFO - Fetching offset: 1488
[2024-06-05T22:33:00.499+0800] {logging_mixin.py:188} INFO - Fetching offset: 1512
[2024-06-05T22:33:01.455+0800] {logging_mixin.py:188} INFO - Fetching offset: 1536
[2024-06-05T22:33:03.051+0800] {logging_mixin.py:188} INFO - Fetching offset: 1560
[2024-06-05T22:33:04.021+0800] {logging_mixin.py:188} INFO - Fetching offset: 1584
[2024-06-05T22:33:04.745+0800] {logging_mixin.py:188} INFO - Fetching offset: 1608
[2024-06-05T22:33:06.044+0800] {logging_mixin.py:188} INFO - Fetching offset: 1632
[2024-06-05T22:33:07.901+0800] {logging_mixin.py:188} INFO - Fetching offset: 1656
[2024-06-05T22:33:08.841+0800] {logging_mixin.py:188} INFO - Fetching offset: 1680
[2024-06-05T22:33:10.142+0800] {logging_mixin.py:188} INFO - Fetching offset: 1704
[2024-06-05T22:33:11.445+0800] {logging_mixin.py:188} INFO - Fetching offset: 1728
[2024-06-05T22:33:12.879+0800] {logging_mixin.py:188} INFO - Fetching offset: 1752
[2024-06-05T22:33:14.018+0800] {logging_mixin.py:188} INFO - Fetching offset: 1776
[2024-06-05T22:33:14.792+0800] {logging_mixin.py:188} INFO - Fetching offset: 1800
[2024-06-05T22:33:16.314+0800] {logging_mixin.py:188} INFO - Fetching offset: 1824
[2024-06-05T22:33:17.776+0800] {logging_mixin.py:188} INFO - Fetching offset: 1848
[2024-06-05T22:33:19.172+0800] {logging_mixin.py:188} INFO - Fetching offset: 1872
[2024-06-05T22:33:20.872+0800] {logging_mixin.py:188} INFO - Fetching offset: 1896
[2024-06-05T22:33:22.269+0800] {logging_mixin.py:188} INFO - Fetching offset: 1920
[2024-06-05T22:33:23.779+0800] {logging_mixin.py:188} INFO - Fetching offset: 1944
[2024-06-05T22:33:24.492+0800] {logging_mixin.py:188} INFO - Fetching offset: 1968
[2024-06-05T22:33:25.197+0800] {logging_mixin.py:188} INFO - Fetching offset: 1992
[2024-06-05T22:33:26.605+0800] {logging_mixin.py:188} INFO - Fetching offset: 2016
[2024-06-05T22:33:28.033+0800] {logging_mixin.py:188} INFO - Fetching offset: 2040
[2024-06-05T22:33:29.804+0800] {logging_mixin.py:188} INFO - Fetching offset: 2064
[2024-06-05T22:33:31.369+0800] {logging_mixin.py:188} INFO - Fetching offset: 2088
[2024-06-05T22:33:32.390+0800] {logging_mixin.py:188} INFO - Fetching offset: 2112
[2024-06-05T22:33:33.210+0800] {logging_mixin.py:188} INFO - Fetching offset: 2136
[2024-06-05T22:33:34.261+0800] {logging_mixin.py:188} INFO - Fetching offset: 2160
[2024-06-05T22:33:35.185+0800] {logging_mixin.py:188} INFO - Fetching offset: 2184
[2024-06-05T22:33:36.311+0800] {logging_mixin.py:188} INFO - Fetching offset: 2208
[2024-06-05T22:33:37.299+0800] {logging_mixin.py:188} INFO - Fetching offset: 2232
[2024-06-05T22:33:38.626+0800] {logging_mixin.py:188} INFO - Fetching offset: 2256
[2024-06-05T22:33:39.687+0800] {logging_mixin.py:188} INFO - Fetching offset: 2280
[2024-06-05T22:33:40.671+0800] {logging_mixin.py:188} INFO - Fetching offset: 2304
[2024-06-05T22:33:41.989+0800] {logging_mixin.py:188} INFO - Fetching offset: 2328
[2024-06-05T22:33:44.013+0800] {logging_mixin.py:188} INFO - Fetching offset: 2352
[2024-06-05T22:33:45.396+0800] {logging_mixin.py:188} INFO - Fetching offset: 2376
[2024-06-05T22:33:46.566+0800] {logging_mixin.py:188} INFO - Fetching offset: 2400
[2024-06-05T22:33:47.587+0800] {logging_mixin.py:188} INFO - Fetching offset: 2424
[2024-06-05T22:33:48.692+0800] {logging_mixin.py:188} INFO - Fetching offset: 2448
[2024-06-05T22:33:49.495+0800] {logging_mixin.py:188} INFO - Fetching offset: 2472
[2024-06-05T22:33:51.188+0800] {logging_mixin.py:188} INFO - Fetching offset: 2496
[2024-06-05T22:33:52.602+0800] {logging_mixin.py:188} INFO - Fetching offset: 2520
[2024-06-05T22:33:53.650+0800] {logging_mixin.py:188} INFO - Fetching offset: 2544
[2024-06-05T22:33:55.360+0800] {logging_mixin.py:188} INFO - Fetching offset: 2568
[2024-06-05T22:33:56.966+0800] {logging_mixin.py:188} INFO - Fetching offset: 2592
[2024-06-05T22:33:58.210+0800] {logging_mixin.py:188} INFO - Fetching offset: 2616
[2024-06-05T22:33:59.679+0800] {logging_mixin.py:188} INFO - Fetching offset: 2640
[2024-06-05T22:34:00.913+0800] {logging_mixin.py:188} INFO - Fetching offset: 2664
[2024-06-05T22:34:01.955+0800] {logging_mixin.py:188} INFO - Fetching offset: 2688
[2024-06-05T22:34:03.266+0800] {logging_mixin.py:188} INFO - Fetching offset: 2712
[2024-06-05T22:34:04.639+0800] {logging_mixin.py:188} INFO - Fetching offset: 2736
[2024-06-05T22:34:06.422+0800] {logging_mixin.py:188} INFO - Fetching offset: 2760
[2024-06-05T22:34:07.724+0800] {logging_mixin.py:188} INFO - Fetching offset: 2784
[2024-06-05T22:34:09.216+0800] {logging_mixin.py:188} INFO - Fetching offset: 2808
[2024-06-05T22:34:10.551+0800] {logging_mixin.py:188} INFO - Fetching offset: 2832
[2024-06-05T22:34:11.604+0800] {logging_mixin.py:188} INFO - Fetching offset: 2856
[2024-06-05T22:34:13.111+0800] {logging_mixin.py:188} INFO - Fetching offset: 2880
[2024-06-05T22:34:14.428+0800] {logging_mixin.py:188} INFO - Fetching offset: 2904
[2024-06-05T22:34:15.634+0800] {logging_mixin.py:188} INFO - Fetching offset: 2928
[2024-06-05T22:34:16.759+0800] {logging_mixin.py:188} INFO - Fetching offset: 2952
[2024-06-05T22:34:18.028+0800] {logging_mixin.py:188} INFO - Fetching offset: 2976
[2024-06-05T22:34:19.031+0800] {logging_mixin.py:188} INFO - Fetching offset: 3000
[2024-06-05T22:34:20.938+0800] {logging_mixin.py:188} INFO - Fetching offset: 3024
[2024-06-05T22:34:21.669+0800] {logging_mixin.py:188} INFO - Fetching offset: 3048
[2024-06-05T22:34:22.434+0800] {logging_mixin.py:188} INFO - Fetching offset: 3072
[2024-06-05T22:34:23.348+0800] {local_task_job_runner.py:222} INFO - ::endgroup::
[2024-06-05T22:34:23.350+0800] {process_utils.py:132} INFO - Sending Signals.SIGTERM to group 20508. PIDs of all processes in the group: [20508]
[2024-06-05T22:34:23.351+0800] {process_utils.py:87} INFO - Sending the signal Signals.SIGTERM to group 20508
[2024-06-05T22:34:23.351+0800] {taskinstance.py:2611} ERROR - Received SIGTERM. Terminating subprocesses.
[2024-06-05T22:34:23.352+0800] {taskinstance.py:441} INFO - ::group::Post task execution logs
[2024-06-05T22:34:23.357+0800] {taskinstance.py:2905} ERROR - Task failed with exception
Traceback (most recent call last):
  File "/home/ryanng/.local/lib/python3.10/site-packages/airflow/models/taskinstance.py", line 465, in _execute_task
    result = _execute_callable(context=context, **execute_callable_kwargs)
  File "/home/ryanng/.local/lib/python3.10/site-packages/airflow/models/taskinstance.py", line 432, in _execute_callable
    return execute_callable(context=context, **execute_callable_kwargs)
  File "/home/ryanng/.local/lib/python3.10/site-packages/airflow/models/baseoperator.py", line 400, in wrapper
    return func(self, *args, **kwargs)
  File "/home/ryanng/.local/lib/python3.10/site-packages/airflow/operators/python.py", line 235, in execute
    return_value = self.execute_callable()
  File "/home/ryanng/.local/lib/python3.10/site-packages/airflow/operators/python.py", line 252, in execute_callable
    return self.python_callable(*self.op_args, **self.op_kwargs)
  File "/mnt/c/Users/user/Desktop/new_airflow/dags/centaline_scraping.py", line 41, in centaline_scraping_rent_data
    time.sleep(random.random() + 0.5)
  File "/home/ryanng/.local/lib/python3.10/site-packages/airflow/models/taskinstance.py", line 2613, in signal_handler
    raise AirflowTaskTerminated("Task received SIGTERM signal")
airflow.exceptions.AirflowTaskTerminated: Task received SIGTERM signal
[2024-06-05T22:34:23.392+0800] {taskinstance.py:1206} INFO - Marking task as UP_FOR_RETRY. dag_id=centaline_scraping_dag, task_id=centaline_scraping_rent_data, run_id=manual__2024-06-05T14:24:51.264426+00:00, execution_date=20240605T142451, start_date=20240605T143141, end_date=20240605T143423
[2024-06-05T22:34:23.444+0800] {process_utils.py:80} INFO - Process psutil.Process(pid=20508, status='terminated', exitcode=2, started='22:31:41') (20508) terminated with exit code 2
