[2024-06-05T22:44:36.364+0800] {local_task_job_runner.py:120} INFO - ::group::Pre task execution logs
[2024-06-05T22:44:36.379+0800] {taskinstance.py:2066} INFO - Dependencies not met for <TaskInstance: centaline_scraping_dag.centaline_scraping_rent_data manual__2024-06-05T14:24:51.264426+00:00 [up_for_retry]>, dependency 'Not In Retry Period' FAILED: Task is not ready for retry yet but will be retried automatically. Current date is 2024-06-05T14:44:36.379485+00:00 and task will be retried at 2024-06-05T14:49:32.781665+00:00.
[2024-06-05T22:44:36.381+0800] {local_task_job_runner.py:163} INFO - Task is not able to be run
[2024-06-05T23:29:30.943+0800] {local_task_job_runner.py:120} INFO - ::group::Pre task execution logs
[2024-06-05T23:29:30.960+0800] {taskinstance.py:2076} INFO - Dependencies all met for dep_context=non-requeueable deps ti=<TaskInstance: centaline_scraping_dag.centaline_scraping_rent_data manual__2024-06-05T14:24:51.264426+00:00 [queued]>
[2024-06-05T23:29:30.967+0800] {taskinstance.py:2076} INFO - Dependencies all met for dep_context=requeueable deps ti=<TaskInstance: centaline_scraping_dag.centaline_scraping_rent_data manual__2024-06-05T14:24:51.264426+00:00 [queued]>
[2024-06-05T23:29:30.967+0800] {taskinstance.py:2306} INFO - Starting attempt 3 of 3
[2024-06-05T23:29:30.984+0800] {taskinstance.py:2330} INFO - Executing <Task(PythonOperator): centaline_scraping_rent_data> on 2024-06-05 14:24:51.264426+00:00
[2024-06-05T23:29:30.986+0800] {standard_task_runner.py:63} INFO - Started process 37378 to run task
[2024-06-05T23:29:30.987+0800] {standard_task_runner.py:90} INFO - Running: ['airflow', 'tasks', 'run', 'centaline_scraping_dag', 'centaline_scraping_rent_data', 'manual__2024-06-05T14:24:51.264426+00:00', '--job-id', '26', '--raw', '--subdir', 'DAGS_FOLDER/cenraline_fc.py', '--cfg-path', '/tmp/tmphtiokzpp']
[2024-06-05T23:29:30.989+0800] {standard_task_runner.py:91} INFO - Job 26: Subtask centaline_scraping_rent_data
[2024-06-05T23:29:31.025+0800] {task_command.py:426} INFO - Running <TaskInstance: centaline_scraping_dag.centaline_scraping_rent_data manual__2024-06-05T14:24:51.264426+00:00 [running]> on host LAPTOP-3QN476HM.
[2024-06-05T23:29:31.076+0800] {taskinstance.py:2648} INFO - Exporting env vars: AIRFLOW_CTX_DAG_OWNER='Ryanng' AIRFLOW_CTX_DAG_ID='centaline_scraping_dag' AIRFLOW_CTX_TASK_ID='centaline_scraping_rent_data' AIRFLOW_CTX_EXECUTION_DATE='2024-06-05T14:24:51.264426+00:00' AIRFLOW_CTX_TRY_NUMBER='3' AIRFLOW_CTX_DAG_RUN_ID='manual__2024-06-05T14:24:51.264426+00:00'
[2024-06-05T23:29:31.077+0800] {taskinstance.py:430} INFO - ::endgroup::
[2024-06-05T23:29:31.876+0800] {logging_mixin.py:188} INFO - Fetching offset: 0
[2024-06-05T23:29:33.541+0800] {logging_mixin.py:188} INFO - Fetching offset: 24
[2024-06-05T23:29:35.105+0800] {logging_mixin.py:188} INFO - Fetching offset: 48
[2024-06-05T23:29:35.913+0800] {logging_mixin.py:188} INFO - Fetching offset: 72
[2024-06-05T23:29:37.348+0800] {logging_mixin.py:188} INFO - Fetching offset: 96
[2024-06-05T23:29:38.321+0800] {logging_mixin.py:188} INFO - Fetching offset: 120
[2024-06-05T23:29:39.569+0800] {logging_mixin.py:188} INFO - Fetching offset: 144
[2024-06-05T23:29:41.439+0800] {logging_mixin.py:188} INFO - Fetching offset: 168
[2024-06-05T23:29:42.824+0800] {logging_mixin.py:188} INFO - Fetching offset: 192
[2024-06-05T23:29:43.831+0800] {logging_mixin.py:188} INFO - Fetching offset: 216
[2024-06-05T23:29:45.216+0800] {logging_mixin.py:188} INFO - Fetching offset: 240
[2024-06-05T23:29:46.116+0800] {logging_mixin.py:188} INFO - Fetching offset: 264
[2024-06-05T23:29:46.963+0800] {logging_mixin.py:188} INFO - Fetching offset: 288
[2024-06-05T23:29:47.815+0800] {logging_mixin.py:188} INFO - Fetching offset: 312
[2024-06-05T23:29:49.000+0800] {logging_mixin.py:188} INFO - Fetching offset: 336
[2024-06-05T23:29:49.997+0800] {logging_mixin.py:188} INFO - Fetching offset: 360
[2024-06-05T23:29:51.369+0800] {logging_mixin.py:188} INFO - Fetching offset: 384
[2024-06-05T23:29:52.646+0800] {logging_mixin.py:188} INFO - Fetching offset: 408
[2024-06-05T23:29:53.546+0800] {logging_mixin.py:188} INFO - Fetching offset: 432
[2024-06-05T23:29:54.572+0800] {logging_mixin.py:188} INFO - Fetching offset: 456
[2024-06-05T23:29:55.729+0800] {logging_mixin.py:188} INFO - Fetching offset: 480
[2024-06-05T23:29:56.548+0800] {logging_mixin.py:188} INFO - Fetching offset: 504
[2024-06-05T23:29:57.429+0800] {logging_mixin.py:188} INFO - Fetching offset: 528
[2024-06-05T23:29:58.894+0800] {logging_mixin.py:188} INFO - Fetching offset: 552
[2024-06-05T23:30:00.399+0800] {logging_mixin.py:188} INFO - Fetching offset: 576
[2024-06-05T23:30:01.152+0800] {logging_mixin.py:188} INFO - Fetching offset: 600
[2024-06-05T23:30:02.940+0800] {logging_mixin.py:188} INFO - Fetching offset: 624
[2024-06-05T23:30:04.180+0800] {logging_mixin.py:188} INFO - Fetching offset: 648
[2024-06-05T23:30:05.978+0800] {logging_mixin.py:188} INFO - Fetching offset: 672
[2024-06-05T23:30:07.784+0800] {logging_mixin.py:188} INFO - Fetching offset: 696
[2024-06-05T23:30:08.564+0800] {logging_mixin.py:188} INFO - Fetching offset: 720
[2024-06-05T23:30:09.339+0800] {logging_mixin.py:188} INFO - Fetching offset: 744
[2024-06-05T23:30:10.364+0800] {logging_mixin.py:188} INFO - Fetching offset: 768
[2024-06-05T23:30:11.112+0800] {logging_mixin.py:188} INFO - Fetching offset: 792
[2024-06-05T23:30:12.249+0800] {logging_mixin.py:188} INFO - Fetching offset: 816
[2024-06-05T23:30:13.013+0800] {logging_mixin.py:188} INFO - Fetching offset: 840
[2024-06-05T23:30:14.568+0800] {logging_mixin.py:188} INFO - Fetching offset: 864
[2024-06-05T23:30:16.019+0800] {logging_mixin.py:188} INFO - Fetching offset: 888
[2024-06-05T23:30:16.885+0800] {logging_mixin.py:188} INFO - Fetching offset: 912
[2024-06-05T23:30:17.840+0800] {logging_mixin.py:188} INFO - Fetching offset: 936
[2024-06-05T23:30:19.532+0800] {logging_mixin.py:188} INFO - Fetching offset: 960
[2024-06-05T23:30:20.780+0800] {logging_mixin.py:188} INFO - Fetching offset: 984
[2024-06-05T23:30:22.016+0800] {logging_mixin.py:188} INFO - Fetching offset: 1008
[2024-06-05T23:30:23.469+0800] {logging_mixin.py:188} INFO - Fetching offset: 1032
[2024-06-05T23:30:24.963+0800] {logging_mixin.py:188} INFO - Fetching offset: 1056
[2024-06-05T23:30:25.722+0800] {logging_mixin.py:188} INFO - Fetching offset: 1080
[2024-06-05T23:30:26.628+0800] {logging_mixin.py:188} INFO - Fetching offset: 1104
[2024-06-05T23:30:27.397+0800] {logging_mixin.py:188} INFO - Fetching offset: 1128
[2024-06-05T23:30:28.751+0800] {logging_mixin.py:188} INFO - Fetching offset: 1152
[2024-06-05T23:30:30.177+0800] {logging_mixin.py:188} INFO - Fetching offset: 1176
[2024-06-05T23:30:31.043+0800] {logging_mixin.py:188} INFO - Fetching offset: 1200
[2024-06-05T23:30:32.726+0800] {logging_mixin.py:188} INFO - Fetching offset: 1224
[2024-06-05T23:30:33.533+0800] {logging_mixin.py:188} INFO - Fetching offset: 1248
[2024-06-05T23:30:34.945+0800] {logging_mixin.py:188} INFO - Fetching offset: 1272
[2024-06-05T23:30:35.726+0800] {logging_mixin.py:188} INFO - Fetching offset: 1296
[2024-06-05T23:30:36.579+0800] {logging_mixin.py:188} INFO - Fetching offset: 1320
[2024-06-05T23:30:37.385+0800] {logging_mixin.py:188} INFO - Fetching offset: 1344
[2024-06-05T23:30:38.942+0800] {logging_mixin.py:188} INFO - Fetching offset: 1368
[2024-06-05T23:30:40.531+0800] {logging_mixin.py:188} INFO - Fetching offset: 1392
[2024-06-05T23:30:42.223+0800] {logging_mixin.py:188} INFO - Fetching offset: 1416
[2024-06-05T23:30:43.939+0800] {logging_mixin.py:188} INFO - Fetching offset: 1440
[2024-06-05T23:30:45.576+0800] {logging_mixin.py:188} INFO - Fetching offset: 1464
[2024-06-05T23:30:46.894+0800] {logging_mixin.py:188} INFO - Fetching offset: 1488
[2024-06-05T23:30:48.145+0800] {logging_mixin.py:188} INFO - Fetching offset: 1512
[2024-06-05T23:30:48.951+0800] {logging_mixin.py:188} INFO - Fetching offset: 1536
[2024-06-05T23:30:49.733+0800] {logging_mixin.py:188} INFO - Fetching offset: 1560
[2024-06-05T23:30:51.260+0800] {logging_mixin.py:188} INFO - Fetching offset: 1584
[2024-06-05T23:30:52.163+0800] {logging_mixin.py:188} INFO - Fetching offset: 1608
[2024-06-05T23:30:53.337+0800] {logging_mixin.py:188} INFO - Fetching offset: 1632
[2024-06-05T23:30:54.932+0800] {logging_mixin.py:188} INFO - Fetching offset: 1656
[2024-06-05T23:30:56.311+0800] {logging_mixin.py:188} INFO - Fetching offset: 1680
[2024-06-05T23:30:57.144+0800] {logging_mixin.py:188} INFO - Fetching offset: 1704
[2024-06-05T23:30:59.015+0800] {logging_mixin.py:188} INFO - Fetching offset: 1728
[2024-06-05T23:31:00.142+0800] {logging_mixin.py:188} INFO - Fetching offset: 1752
[2024-06-05T23:31:01.711+0800] {logging_mixin.py:188} INFO - Fetching offset: 1776
[2024-06-05T23:31:02.719+0800] {logging_mixin.py:188} INFO - Fetching offset: 1800
[2024-06-05T23:31:03.531+0800] {logging_mixin.py:188} INFO - Fetching offset: 1824
[2024-06-05T23:31:04.657+0800] {logging_mixin.py:188} INFO - Fetching offset: 1848
[2024-06-05T23:31:05.458+0800] {logging_mixin.py:188} INFO - Fetching offset: 1872
[2024-06-05T23:31:06.320+0800] {logging_mixin.py:188} INFO - Fetching offset: 1896
[2024-06-05T23:31:07.636+0800] {logging_mixin.py:188} INFO - Fetching offset: 1920
[2024-06-05T23:31:09.098+0800] {logging_mixin.py:188} INFO - Fetching offset: 1944
[2024-06-05T23:31:10.735+0800] {logging_mixin.py:188} INFO - Fetching offset: 1968
[2024-06-05T23:31:11.952+0800] {logging_mixin.py:188} INFO - Fetching offset: 1992
[2024-06-05T23:31:13.311+0800] {logging_mixin.py:188} INFO - Fetching offset: 2016
[2024-06-05T23:31:14.316+0800] {logging_mixin.py:188} INFO - Fetching offset: 2040
[2024-06-05T23:31:16.096+0800] {logging_mixin.py:188} INFO - Fetching offset: 2064
[2024-06-05T23:31:16.969+0800] {logging_mixin.py:188} INFO - Fetching offset: 2088
[2024-06-05T23:31:18.048+0800] {logging_mixin.py:188} INFO - Fetching offset: 2112
[2024-06-05T23:31:19.709+0800] {logging_mixin.py:188} INFO - Fetching offset: 2136
[2024-06-05T23:31:20.750+0800] {logging_mixin.py:188} INFO - Fetching offset: 2160
[2024-06-05T23:31:21.791+0800] {logging_mixin.py:188} INFO - Fetching offset: 2184
[2024-06-05T23:31:22.842+0800] {logging_mixin.py:188} INFO - Fetching offset: 2208
[2024-06-05T23:31:24.222+0800] {logging_mixin.py:188} INFO - Fetching offset: 2232
[2024-06-05T23:31:25.170+0800] {logging_mixin.py:188} INFO - Fetching offset: 2256
[2024-06-05T23:31:25.860+0800] {logging_mixin.py:188} INFO - Fetching offset: 2280
[2024-06-05T23:31:26.545+0800] {logging_mixin.py:188} INFO - Fetching offset: 2304
[2024-06-05T23:31:27.981+0800] {logging_mixin.py:188} INFO - Fetching offset: 2328
[2024-06-05T23:31:28.763+0800] {logging_mixin.py:188} INFO - Fetching offset: 2352
[2024-06-05T23:31:31.280+0800] {logging_mixin.py:188} INFO - Fetching offset: 2376
[2024-06-05T23:31:32.158+0800] {logging_mixin.py:188} INFO - Fetching offset: 2400
[2024-06-05T23:31:33.652+0800] {logging_mixin.py:188} INFO - Fetching offset: 2424
[2024-06-05T23:31:35.016+0800] {logging_mixin.py:188} INFO - Fetching offset: 2448
[2024-06-05T23:31:35.909+0800] {logging_mixin.py:188} INFO - Fetching offset: 2472
[2024-06-05T23:31:36.857+0800] {logging_mixin.py:188} INFO - Fetching offset: 2496
[2024-06-05T23:31:38.397+0800] {logging_mixin.py:188} INFO - Fetching offset: 2520
[2024-06-05T23:31:39.668+0800] {logging_mixin.py:188} INFO - Fetching offset: 2544
[2024-06-05T23:31:40.917+0800] {logging_mixin.py:188} INFO - Fetching offset: 2568
[2024-06-05T23:31:42.065+0800] {logging_mixin.py:188} INFO - Fetching offset: 2592
[2024-06-05T23:31:42.927+0800] {logging_mixin.py:188} INFO - Fetching offset: 2616
[2024-06-05T23:31:44.233+0800] {logging_mixin.py:188} INFO - Fetching offset: 2640
[2024-06-05T23:31:45.882+0800] {logging_mixin.py:188} INFO - Fetching offset: 2664
[2024-06-05T23:31:47.520+0800] {logging_mixin.py:188} INFO - Fetching offset: 2688
[2024-06-05T23:31:48.798+0800] {logging_mixin.py:188} INFO - Fetching offset: 2712
[2024-06-05T23:31:50.407+0800] {logging_mixin.py:188} INFO - Fetching offset: 2736
[2024-06-05T23:31:51.152+0800] {logging_mixin.py:188} INFO - Fetching offset: 2760
[2024-06-05T23:31:52.677+0800] {logging_mixin.py:188} INFO - Fetching offset: 2784
[2024-06-05T23:31:53.484+0800] {logging_mixin.py:188} INFO - Fetching offset: 2808
[2024-06-05T23:31:54.410+0800] {logging_mixin.py:188} INFO - Fetching offset: 2832
[2024-06-05T23:31:56.015+0800] {logging_mixin.py:188} INFO - Fetching offset: 2856
[2024-06-05T23:31:57.539+0800] {logging_mixin.py:188} INFO - Fetching offset: 2880
[2024-06-05T23:31:58.669+0800] {logging_mixin.py:188} INFO - Fetching offset: 2904
[2024-06-05T23:32:00.271+0800] {logging_mixin.py:188} INFO - Fetching offset: 2928
[2024-06-05T23:32:01.377+0800] {logging_mixin.py:188} INFO - Fetching offset: 2952
[2024-06-05T23:32:02.760+0800] {logging_mixin.py:188} INFO - Fetching offset: 2976
[2024-06-05T23:32:04.398+0800] {logging_mixin.py:188} INFO - Fetching offset: 3000
[2024-06-05T23:32:05.768+0800] {logging_mixin.py:188} INFO - Fetching offset: 3024
[2024-06-05T23:32:07.416+0800] {logging_mixin.py:188} INFO - Fetching offset: 3048
[2024-06-05T23:32:08.268+0800] {logging_mixin.py:188} INFO - Fetching offset: 3072
[2024-06-05T23:32:09.888+0800] {logging_mixin.py:188} INFO - Fetching offset: 3096
[2024-06-05T23:32:10.628+0800] {logging_mixin.py:188} INFO - Fetching offset: 3120
[2024-06-05T23:32:11.860+0800] {logging_mixin.py:188} INFO - Fetching offset: 3144
[2024-06-05T23:32:12.820+0800] {logging_mixin.py:188} INFO - Fetching offset: 3168
[2024-06-05T23:32:13.791+0800] {logging_mixin.py:188} INFO - Fetching offset: 3192
[2024-06-05T23:32:15.361+0800] {logging_mixin.py:188} INFO - Fetching offset: 3216
[2024-06-05T23:32:16.197+0800] {logging_mixin.py:188} INFO - Fetching offset: 3240
[2024-06-05T23:32:17.301+0800] {logging_mixin.py:188} INFO - Fetching offset: 3264
[2024-06-05T23:32:18.433+0800] {logging_mixin.py:188} INFO - Fetching offset: 3288
[2024-06-05T23:32:19.498+0800] {logging_mixin.py:188} INFO - Fetching offset: 3312
[2024-06-05T23:32:20.855+0800] {logging_mixin.py:188} INFO - Fetching offset: 3336
[2024-06-05T23:32:22.144+0800] {logging_mixin.py:188} INFO - Fetching offset: 3360
[2024-06-05T23:32:23.601+0800] {logging_mixin.py:188} INFO - Fetching offset: 3384
[2024-06-05T23:32:24.411+0800] {logging_mixin.py:188} INFO - Fetching offset: 3408
[2024-06-05T23:32:25.982+0800] {logging_mixin.py:188} INFO - Fetching offset: 3432
[2024-06-05T23:32:27.425+0800] {logging_mixin.py:188} INFO - Fetching offset: 3456
[2024-06-05T23:32:28.328+0800] {logging_mixin.py:188} INFO - Fetching offset: 3480
[2024-06-05T23:32:29.863+0800] {logging_mixin.py:188} INFO - Fetching offset: 3504
[2024-06-05T23:32:31.185+0800] {logging_mixin.py:188} INFO - Fetching offset: 3528
[2024-06-05T23:32:32.141+0800] {logging_mixin.py:188} INFO - Fetching offset: 3552
[2024-06-05T23:32:33.115+0800] {logging_mixin.py:188} INFO - Fetching offset: 3576
[2024-06-05T23:32:34.752+0800] {logging_mixin.py:188} INFO - Fetching offset: 3600
[2024-06-05T23:32:35.752+0800] {logging_mixin.py:188} INFO - Fetching offset: 3624
[2024-06-05T23:32:36.870+0800] {logging_mixin.py:188} INFO - Fetching offset: 3648
[2024-06-05T23:32:38.427+0800] {logging_mixin.py:188} INFO - Fetching offset: 3672
[2024-06-05T23:32:39.835+0800] {logging_mixin.py:188} INFO - Fetching offset: 3696
[2024-06-05T23:32:41.383+0800] {logging_mixin.py:188} INFO - Fetching offset: 3720
[2024-06-05T23:32:42.660+0800] {logging_mixin.py:188} INFO - Fetching offset: 3744
[2024-06-05T23:32:44.280+0800] {logging_mixin.py:188} INFO - Fetching offset: 3768
[2024-06-05T23:32:45.243+0800] {logging_mixin.py:188} INFO - Fetching offset: 3792
[2024-06-05T23:32:46.620+0800] {logging_mixin.py:188} INFO - Fetching offset: 3816
[2024-06-05T23:32:48.409+0800] {logging_mixin.py:188} INFO - Fetching offset: 3840
[2024-06-05T23:32:49.472+0800] {logging_mixin.py:188} INFO - Fetching offset: 3864
[2024-06-05T23:32:50.791+0800] {logging_mixin.py:188} INFO - Fetching offset: 3888
[2024-06-05T23:32:52.450+0800] {logging_mixin.py:188} INFO - Fetching offset: 3912
[2024-06-05T23:32:53.267+0800] {logging_mixin.py:188} INFO - Fetching offset: 3936
[2024-06-05T23:32:55.156+0800] {logging_mixin.py:188} INFO - Fetching offset: 3960
[2024-06-05T23:32:56.336+0800] {logging_mixin.py:188} INFO - Fetching offset: 3984
[2024-06-05T23:32:57.103+0800] {logging_mixin.py:188} INFO - Fetching offset: 4008
[2024-06-05T23:32:57.793+0800] {logging_mixin.py:188} INFO - Fetching offset: 4032
[2024-06-05T23:32:58.825+0800] {logging_mixin.py:188} INFO - Fetching offset: 4056
[2024-06-05T23:32:59.939+0800] {logging_mixin.py:188} INFO - Fetching offset: 4080
[2024-06-05T23:33:01.524+0800] {logging_mixin.py:188} INFO - Fetching offset: 4104
[2024-06-05T23:33:03.132+0800] {logging_mixin.py:188} INFO - Fetching offset: 4128
[2024-06-05T23:33:04.219+0800] {logging_mixin.py:188} INFO - Fetching offset: 4152
[2024-06-05T23:33:05.432+0800] {logging_mixin.py:188} INFO - Fetching offset: 4176
[2024-06-05T23:33:06.859+0800] {logging_mixin.py:188} INFO - Fetching offset: 4200
[2024-06-05T23:33:08.121+0800] {logging_mixin.py:188} INFO - Fetching offset: 4224
[2024-06-05T23:33:09.828+0800] {logging_mixin.py:188} INFO - Fetching offset: 4248
[2024-06-05T23:33:10.877+0800] {logging_mixin.py:188} INFO - Fetching offset: 4272
[2024-06-05T23:33:11.832+0800] {logging_mixin.py:188} INFO - Fetching offset: 4296
[2024-06-05T23:33:13.458+0800] {logging_mixin.py:188} INFO - Fetching offset: 4320
[2024-06-05T23:33:14.909+0800] {logging_mixin.py:188} INFO - Fetching offset: 4344
[2024-06-05T23:33:15.591+0800] {logging_mixin.py:188} INFO - Fetching offset: 4368
[2024-06-05T23:33:16.741+0800] {logging_mixin.py:188} INFO - Fetching offset: 4392
[2024-06-05T23:33:17.434+0800] {logging_mixin.py:188} INFO - Fetching offset: 4416
[2024-06-05T23:33:18.193+0800] {logging_mixin.py:188} INFO - Fetching offset: 4440
[2024-06-05T23:33:19.782+0800] {logging_mixin.py:188} INFO - Fetching offset: 4464
[2024-06-05T23:33:20.772+0800] {logging_mixin.py:188} INFO - Fetching offset: 4488
[2024-06-05T23:33:22.280+0800] {logging_mixin.py:188} INFO - Fetching offset: 4512
[2024-06-05T23:33:23.531+0800] {logging_mixin.py:188} INFO - Fetching offset: 4536
[2024-06-05T23:33:23.805+0800] {taskinstance.py:441} INFO - ::group::Post task execution logs
[2024-06-05T23:33:23.805+0800] {taskinstance.py:2905} ERROR - Task failed with exception
Traceback (most recent call last):
  File "/home/ryanng/.local/lib/python3.10/site-packages/sqlalchemy/engine/base.py", line 3371, in _wrap_pool_connect
    return fn()
  File "/home/ryanng/.local/lib/python3.10/site-packages/sqlalchemy/pool/base.py", line 327, in connect
    return _ConnectionFairy._checkout(self)
  File "/home/ryanng/.local/lib/python3.10/site-packages/sqlalchemy/pool/base.py", line 894, in _checkout
    fairy = _ConnectionRecord.checkout(pool)
  File "/home/ryanng/.local/lib/python3.10/site-packages/sqlalchemy/pool/base.py", line 493, in checkout
    rec = pool._do_get()
  File "/home/ryanng/.local/lib/python3.10/site-packages/sqlalchemy/pool/impl.py", line 145, in _do_get
    with util.safe_reraise():
  File "/home/ryanng/.local/lib/python3.10/site-packages/sqlalchemy/util/langhelpers.py", line 70, in __exit__
    compat.raise_(
  File "/home/ryanng/.local/lib/python3.10/site-packages/sqlalchemy/util/compat.py", line 211, in raise_
    raise exception
  File "/home/ryanng/.local/lib/python3.10/site-packages/sqlalchemy/pool/impl.py", line 143, in _do_get
    return self._create_connection()
  File "/home/ryanng/.local/lib/python3.10/site-packages/sqlalchemy/pool/base.py", line 273, in _create_connection
    return _ConnectionRecord(self)
  File "/home/ryanng/.local/lib/python3.10/site-packages/sqlalchemy/pool/base.py", line 388, in __init__
    self.__connect()
  File "/home/ryanng/.local/lib/python3.10/site-packages/sqlalchemy/pool/base.py", line 690, in __connect
    with util.safe_reraise():
  File "/home/ryanng/.local/lib/python3.10/site-packages/sqlalchemy/util/langhelpers.py", line 70, in __exit__
    compat.raise_(
  File "/home/ryanng/.local/lib/python3.10/site-packages/sqlalchemy/util/compat.py", line 211, in raise_
    raise exception
  File "/home/ryanng/.local/lib/python3.10/site-packages/sqlalchemy/pool/base.py", line 686, in __connect
    self.dbapi_connection = connection = pool._invoke_creator(self)
  File "/home/ryanng/.local/lib/python3.10/site-packages/sqlalchemy/engine/create.py", line 574, in connect
    return dialect.connect(*cargs, **cparams)
  File "/home/ryanng/.local/lib/python3.10/site-packages/sqlalchemy/engine/default.py", line 598, in connect
    return self.dbapi.connect(*cargs, **cparams)
  File "/home/ryanng/.local/lib/python3.10/site-packages/psycopg2/__init__.py", line 122, in connect
    conn = _connect(dsn, connection_factory=connection_factory, **kwasync)
psycopg2.OperationalError: connection to server at "localhost" (127.0.0.1), port 5432 failed: FATAL:  password authentication failed for user "postgres"
connection to server at "localhost" (127.0.0.1), port 5432 failed: FATAL:  password authentication failed for user "postgres"


The above exception was the direct cause of the following exception:

Traceback (most recent call last):
  File "/home/ryanng/.local/lib/python3.10/site-packages/airflow/models/taskinstance.py", line 465, in _execute_task
    result = _execute_callable(context=context, **execute_callable_kwargs)
  File "/home/ryanng/.local/lib/python3.10/site-packages/airflow/models/taskinstance.py", line 432, in _execute_callable
    return execute_callable(context=context, **execute_callable_kwargs)
  File "/home/ryanng/.local/lib/python3.10/site-packages/airflow/models/baseoperator.py", line 400, in wrapper
    return func(self, *args, **kwargs)
  File "/home/ryanng/.local/lib/python3.10/site-packages/airflow/operators/python.py", line 235, in execute
    return_value = self.execute_callable()
  File "/home/ryanng/.local/lib/python3.10/site-packages/airflow/operators/python.py", line 252, in execute_callable
    return self.python_callable(*self.op_args, **self.op_kwargs)
  File "/mnt/c/Users/user/Desktop/new_airflow/dags/centaline_scraping.py", line 120, in centaline_scraping_rent_data
    meta.create_all(engine)
  File "/home/ryanng/.local/lib/python3.10/site-packages/sqlalchemy/sql/schema.py", line 4930, in create_all
    bind._run_ddl_visitor(
  File "/home/ryanng/.local/lib/python3.10/site-packages/sqlalchemy/engine/base.py", line 3237, in _run_ddl_visitor
    with self.begin() as conn:
  File "/home/ryanng/.local/lib/python3.10/site-packages/sqlalchemy/engine/base.py", line 3153, in begin
    conn = self.connect(close_with_result=close_with_result)
  File "/home/ryanng/.local/lib/python3.10/site-packages/sqlalchemy/engine/base.py", line 3325, in connect
    return self._connection_cls(self, close_with_result=close_with_result)
  File "/home/ryanng/.local/lib/python3.10/site-packages/sqlalchemy/engine/base.py", line 96, in __init__
    else engine.raw_connection()
  File "/home/ryanng/.local/lib/python3.10/site-packages/sqlalchemy/engine/base.py", line 3404, in raw_connection
    return self._wrap_pool_connect(self.pool.connect, _connection)
  File "/home/ryanng/.local/lib/python3.10/site-packages/sqlalchemy/engine/base.py", line 3374, in _wrap_pool_connect
    Connection._handle_dbapi_exception_noconnection(
  File "/home/ryanng/.local/lib/python3.10/site-packages/sqlalchemy/engine/base.py", line 2208, in _handle_dbapi_exception_noconnection
    util.raise_(
  File "/home/ryanng/.local/lib/python3.10/site-packages/sqlalchemy/util/compat.py", line 211, in raise_
    raise exception
  File "/home/ryanng/.local/lib/python3.10/site-packages/sqlalchemy/engine/base.py", line 3371, in _wrap_pool_connect
    return fn()
  File "/home/ryanng/.local/lib/python3.10/site-packages/sqlalchemy/pool/base.py", line 327, in connect
    return _ConnectionFairy._checkout(self)
  File "/home/ryanng/.local/lib/python3.10/site-packages/sqlalchemy/pool/base.py", line 894, in _checkout
    fairy = _ConnectionRecord.checkout(pool)
  File "/home/ryanng/.local/lib/python3.10/site-packages/sqlalchemy/pool/base.py", line 493, in checkout
    rec = pool._do_get()
  File "/home/ryanng/.local/lib/python3.10/site-packages/sqlalchemy/pool/impl.py", line 145, in _do_get
    with util.safe_reraise():
  File "/home/ryanng/.local/lib/python3.10/site-packages/sqlalchemy/util/langhelpers.py", line 70, in __exit__
    compat.raise_(
  File "/home/ryanng/.local/lib/python3.10/site-packages/sqlalchemy/util/compat.py", line 211, in raise_
    raise exception
  File "/home/ryanng/.local/lib/python3.10/site-packages/sqlalchemy/pool/impl.py", line 143, in _do_get
    return self._create_connection()
  File "/home/ryanng/.local/lib/python3.10/site-packages/sqlalchemy/pool/base.py", line 273, in _create_connection
    return _ConnectionRecord(self)
  File "/home/ryanng/.local/lib/python3.10/site-packages/sqlalchemy/pool/base.py", line 388, in __init__
    self.__connect()
  File "/home/ryanng/.local/lib/python3.10/site-packages/sqlalchemy/pool/base.py", line 690, in __connect
    with util.safe_reraise():
  File "/home/ryanng/.local/lib/python3.10/site-packages/sqlalchemy/util/langhelpers.py", line 70, in __exit__
    compat.raise_(
  File "/home/ryanng/.local/lib/python3.10/site-packages/sqlalchemy/util/compat.py", line 211, in raise_
    raise exception
  File "/home/ryanng/.local/lib/python3.10/site-packages/sqlalchemy/pool/base.py", line 686, in __connect
    self.dbapi_connection = connection = pool._invoke_creator(self)
  File "/home/ryanng/.local/lib/python3.10/site-packages/sqlalchemy/engine/create.py", line 574, in connect
    return dialect.connect(*cargs, **cparams)
  File "/home/ryanng/.local/lib/python3.10/site-packages/sqlalchemy/engine/default.py", line 598, in connect
    return self.dbapi.connect(*cargs, **cparams)
  File "/home/ryanng/.local/lib/python3.10/site-packages/psycopg2/__init__.py", line 122, in connect
    conn = _connect(dsn, connection_factory=connection_factory, **kwasync)
sqlalchemy.exc.OperationalError: (psycopg2.OperationalError) connection to server at "localhost" (127.0.0.1), port 5432 failed: FATAL:  password authentication failed for user "postgres"
connection to server at "localhost" (127.0.0.1), port 5432 failed: FATAL:  password authentication failed for user "postgres"

(Background on this error at: https://sqlalche.me/e/14/e3q8)
[2024-06-05T23:33:23.815+0800] {taskinstance.py:1206} INFO - Marking task as FAILED. dag_id=centaline_scraping_dag, task_id=centaline_scraping_rent_data, run_id=manual__2024-06-05T14:24:51.264426+00:00, execution_date=20240605T142451, start_date=20240605T152930, end_date=20240605T153323
[2024-06-05T23:33:23.831+0800] {standard_task_runner.py:110} ERROR - Failed to execute job 26 for task centaline_scraping_rent_data ((psycopg2.OperationalError) connection to server at "localhost" (127.0.0.1), port 5432 failed: FATAL:  password authentication failed for user "postgres"
connection to server at "localhost" (127.0.0.1), port 5432 failed: FATAL:  password authentication failed for user "postgres"

(Background on this error at: https://sqlalche.me/e/14/e3q8); 37378)
[2024-06-05T23:33:23.861+0800] {local_task_job_runner.py:240} INFO - Task exited with return code 1
[2024-06-05T23:33:23.876+0800] {taskinstance.py:3498} INFO - 0 downstream tasks scheduled from follow-on schedule check
[2024-06-05T23:33:23.886+0800] {local_task_job_runner.py:222} INFO - ::endgroup::
