[2024-06-05T00:24:20.689+0800] {processor.py:161} INFO - Started process (PID=1145) to work on /mnt/c/Users/user/Desktop/new_airflow/dags/cenraline_fc.py
[2024-06-05T00:24:20.690+0800] {processor.py:830} INFO - Processing file /mnt/c/Users/user/Desktop/new_airflow/dags/cenraline_fc.py for tasks to queue
[2024-06-05T00:24:20.692+0800] {logging_mixin.py:188} INFO - [2024-06-05T00:24:20.692+0800] {dagbag.py:545} INFO - Filling up the DagBag from /mnt/c/Users/user/Desktop/new_airflow/dags/cenraline_fc.py
[2024-06-05T00:24:20.711+0800] {logging_mixin.py:188} INFO - [2024-06-05T00:24:20.705+0800] {dagbag.py:355} ERROR - Failed to import: /mnt/c/Users/user/Desktop/new_airflow/dags/cenraline_fc.py
Traceback (most recent call last):
  File "/home/ryanng/.local/lib/python3.10/site-packages/airflow/models/dagbag.py", line 351, in parse
    loader.exec_module(new_module)
  File "<frozen importlib._bootstrap_external>", line 883, in exec_module
  File "<frozen importlib._bootstrap>", line 241, in _call_with_frames_removed
  File "/mnt/c/Users/user/Desktop/new_airflow/dags/cenraline_fc.py", line 4, in <module>
    from dags.centaline_scraping import centaline_scraping_rent_data, centaline_scraping_transaction_data
ModuleNotFoundError: No module named 'dags'
[2024-06-05T00:24:20.712+0800] {processor.py:842} WARNING - No viable dags retrieved from /mnt/c/Users/user/Desktop/new_airflow/dags/cenraline_fc.py
[2024-06-05T00:24:20.735+0800] {processor.py:183} INFO - Processing /mnt/c/Users/user/Desktop/new_airflow/dags/cenraline_fc.py took 0.049 seconds
[2024-06-05T00:25:35.503+0800] {processor.py:161} INFO - Started process (PID=1533) to work on /mnt/c/Users/user/Desktop/new_airflow/dags/cenraline_fc.py
[2024-06-05T00:25:35.503+0800] {processor.py:830} INFO - Processing file /mnt/c/Users/user/Desktop/new_airflow/dags/cenraline_fc.py for tasks to queue
[2024-06-05T00:25:35.505+0800] {logging_mixin.py:188} INFO - [2024-06-05T00:25:35.504+0800] {dagbag.py:545} INFO - Filling up the DagBag from /mnt/c/Users/user/Desktop/new_airflow/dags/cenraline_fc.py
[2024-06-05T00:25:35.518+0800] {logging_mixin.py:188} INFO - [2024-06-05T00:25:35.515+0800] {dagbag.py:355} ERROR - Failed to import: /mnt/c/Users/user/Desktop/new_airflow/dags/cenraline_fc.py
Traceback (most recent call last):
  File "/home/ryanng/.local/lib/python3.10/site-packages/airflow/models/dagbag.py", line 351, in parse
    loader.exec_module(new_module)
  File "<frozen importlib._bootstrap_external>", line 883, in exec_module
  File "<frozen importlib._bootstrap>", line 241, in _call_with_frames_removed
  File "/mnt/c/Users/user/Desktop/new_airflow/dags/cenraline_fc.py", line 4, in <module>
    from dags.centaline_scraping import centaline_scraping_rent_data, centaline_scraping_transaction_data
ModuleNotFoundError: No module named 'dags'
[2024-06-05T00:25:35.519+0800] {processor.py:842} WARNING - No viable dags retrieved from /mnt/c/Users/user/Desktop/new_airflow/dags/cenraline_fc.py
[2024-06-05T00:25:35.549+0800] {processor.py:183} INFO - Processing /mnt/c/Users/user/Desktop/new_airflow/dags/cenraline_fc.py took 0.050 seconds
[2024-06-05T00:26:45.758+0800] {processor.py:161} INFO - Started process (PID=1898) to work on /mnt/c/Users/user/Desktop/new_airflow/dags/cenraline_fc.py
[2024-06-05T00:26:45.759+0800] {processor.py:830} INFO - Processing file /mnt/c/Users/user/Desktop/new_airflow/dags/cenraline_fc.py for tasks to queue
[2024-06-05T00:26:45.760+0800] {logging_mixin.py:188} INFO - [2024-06-05T00:26:45.760+0800] {dagbag.py:545} INFO - Filling up the DagBag from /mnt/c/Users/user/Desktop/new_airflow/dags/cenraline_fc.py
[2024-06-05T00:26:45.785+0800] {logging_mixin.py:188} INFO - [2024-06-05T00:26:45.781+0800] {dagbag.py:355} ERROR - Failed to import: /mnt/c/Users/user/Desktop/new_airflow/dags/cenraline_fc.py
Traceback (most recent call last):
  File "/home/ryanng/.local/lib/python3.10/site-packages/airflow/models/dagbag.py", line 351, in parse
    loader.exec_module(new_module)
  File "<frozen importlib._bootstrap_external>", line 883, in exec_module
  File "<frozen importlib._bootstrap>", line 241, in _call_with_frames_removed
  File "/mnt/c/Users/user/Desktop/new_airflow/dags/cenraline_fc.py", line 4, in <module>
    from dags.centaline_scraping import centaline_scraping_rent_data, centaline_scraping_transaction_data
ModuleNotFoundError: No module named 'dags'
[2024-06-05T00:26:45.786+0800] {processor.py:842} WARNING - No viable dags retrieved from /mnt/c/Users/user/Desktop/new_airflow/dags/cenraline_fc.py
[2024-06-05T00:26:45.817+0800] {processor.py:183} INFO - Processing /mnt/c/Users/user/Desktop/new_airflow/dags/cenraline_fc.py took 0.062 seconds
[2024-06-05T00:29:10.516+0800] {processor.py:161} INFO - Started process (PID=2642) to work on /mnt/c/Users/user/Desktop/new_airflow/dags/cenraline_fc.py
[2024-06-05T00:29:10.517+0800] {processor.py:830} INFO - Processing file /mnt/c/Users/user/Desktop/new_airflow/dags/cenraline_fc.py for tasks to queue
[2024-06-05T00:29:10.518+0800] {logging_mixin.py:188} INFO - [2024-06-05T00:29:10.518+0800] {dagbag.py:545} INFO - Filling up the DagBag from /mnt/c/Users/user/Desktop/new_airflow/dags/cenraline_fc.py
[2024-06-05T00:29:10.529+0800] {logging_mixin.py:188} INFO - [2024-06-05T00:29:10.527+0800] {dagbag.py:355} ERROR - Failed to import: /mnt/c/Users/user/Desktop/new_airflow/dags/cenraline_fc.py
Traceback (most recent call last):
  File "/home/ryanng/.local/lib/python3.10/site-packages/airflow/models/dagbag.py", line 351, in parse
    loader.exec_module(new_module)
  File "<frozen importlib._bootstrap_external>", line 883, in exec_module
  File "<frozen importlib._bootstrap>", line 241, in _call_with_frames_removed
  File "/mnt/c/Users/user/Desktop/new_airflow/dags/cenraline_fc.py", line 4, in <module>
    from dags.centaline_scraping import centaline_scraping_rent_data, centaline_scraping_transaction_data
ModuleNotFoundError: No module named 'dags'
[2024-06-05T00:29:10.531+0800] {processor.py:842} WARNING - No viable dags retrieved from /mnt/c/Users/user/Desktop/new_airflow/dags/cenraline_fc.py
[2024-06-05T00:29:10.580+0800] {processor.py:183} INFO - Processing /mnt/c/Users/user/Desktop/new_airflow/dags/cenraline_fc.py took 0.067 seconds
[2024-06-05T00:30:20.322+0800] {processor.py:161} INFO - Started process (PID=3005) to work on /mnt/c/Users/user/Desktop/new_airflow/dags/cenraline_fc.py
[2024-06-05T00:30:20.322+0800] {processor.py:830} INFO - Processing file /mnt/c/Users/user/Desktop/new_airflow/dags/cenraline_fc.py for tasks to queue
[2024-06-05T00:30:20.324+0800] {logging_mixin.py:188} INFO - [2024-06-05T00:30:20.324+0800] {dagbag.py:545} INFO - Filling up the DagBag from /mnt/c/Users/user/Desktop/new_airflow/dags/cenraline_fc.py
[2024-06-05T00:30:20.335+0800] {logging_mixin.py:188} INFO - [2024-06-05T00:30:20.333+0800] {dagbag.py:355} ERROR - Failed to import: /mnt/c/Users/user/Desktop/new_airflow/dags/cenraline_fc.py
Traceback (most recent call last):
  File "/home/ryanng/.local/lib/python3.10/site-packages/airflow/models/dagbag.py", line 351, in parse
    loader.exec_module(new_module)
  File "<frozen importlib._bootstrap_external>", line 883, in exec_module
  File "<frozen importlib._bootstrap>", line 241, in _call_with_frames_removed
  File "/mnt/c/Users/user/Desktop/new_airflow/dags/cenraline_fc.py", line 4, in <module>
    from dags.centaline_scraping import centaline_scraping_rent_data, centaline_scraping_transaction_data
ModuleNotFoundError: No module named 'dags'
[2024-06-05T00:30:20.336+0800] {processor.py:842} WARNING - No viable dags retrieved from /mnt/c/Users/user/Desktop/new_airflow/dags/cenraline_fc.py
[2024-06-05T00:30:20.357+0800] {processor.py:183} INFO - Processing /mnt/c/Users/user/Desktop/new_airflow/dags/cenraline_fc.py took 0.039 seconds
[2024-06-05T00:30:44.476+0800] {processor.py:161} INFO - Started process (PID=3125) to work on /mnt/c/Users/user/Desktop/new_airflow/dags/cenraline_fc.py
[2024-06-05T00:30:44.477+0800] {processor.py:830} INFO - Processing file /mnt/c/Users/user/Desktop/new_airflow/dags/cenraline_fc.py for tasks to queue
[2024-06-05T00:30:44.479+0800] {logging_mixin.py:188} INFO - [2024-06-05T00:30:44.479+0800] {dagbag.py:545} INFO - Filling up the DagBag from /mnt/c/Users/user/Desktop/new_airflow/dags/cenraline_fc.py
[2024-06-05T00:30:44.506+0800] {logging_mixin.py:188} INFO - [2024-06-05T00:30:44.502+0800] {dagbag.py:355} ERROR - Failed to import: /mnt/c/Users/user/Desktop/new_airflow/dags/cenraline_fc.py
Traceback (most recent call last):
  File "/home/ryanng/.local/lib/python3.10/site-packages/airflow/models/dagbag.py", line 351, in parse
    loader.exec_module(new_module)
  File "<frozen importlib._bootstrap_external>", line 883, in exec_module
  File "<frozen importlib._bootstrap>", line 241, in _call_with_frames_removed
  File "/mnt/c/Users/user/Desktop/new_airflow/dags/cenraline_fc.py", line 4, in <module>
    from dags.centaline_scraping import centaline_scraping_rent_data, centaline_scraping_transaction_data
ModuleNotFoundError: No module named 'dags'
[2024-06-05T00:30:44.507+0800] {processor.py:842} WARNING - No viable dags retrieved from /mnt/c/Users/user/Desktop/new_airflow/dags/cenraline_fc.py
[2024-06-05T00:30:44.538+0800] {processor.py:183} INFO - Processing /mnt/c/Users/user/Desktop/new_airflow/dags/cenraline_fc.py took 0.065 seconds
[2024-06-05T00:31:31.315+0800] {processor.py:161} INFO - Started process (PID=3379) to work on /mnt/c/Users/user/Desktop/new_airflow/dags/cenraline_fc.py
[2024-06-05T00:31:31.316+0800] {processor.py:830} INFO - Processing file /mnt/c/Users/user/Desktop/new_airflow/dags/cenraline_fc.py for tasks to queue
[2024-06-05T00:31:31.317+0800] {logging_mixin.py:188} INFO - [2024-06-05T00:31:31.317+0800] {dagbag.py:545} INFO - Filling up the DagBag from /mnt/c/Users/user/Desktop/new_airflow/dags/cenraline_fc.py
[2024-06-05T00:31:31.520+0800] {processor.py:840} INFO - DAG(s) 'centaline_scraping_dag' retrieved from /mnt/c/Users/user/Desktop/new_airflow/dags/cenraline_fc.py
[2024-06-05T00:31:31.598+0800] {logging_mixin.py:188} INFO - [2024-06-05T00:31:31.598+0800] {override.py:1829} INFO - Created Permission View: can edit on DAG:centaline_scraping_dag
[2024-06-05T00:31:31.621+0800] {logging_mixin.py:188} INFO - [2024-06-05T00:31:31.621+0800] {override.py:1829} INFO - Created Permission View: can read on DAG:centaline_scraping_dag
[2024-06-05T00:31:31.640+0800] {logging_mixin.py:188} INFO - [2024-06-05T00:31:31.639+0800] {override.py:1829} INFO - Created Permission View: can delete on DAG:centaline_scraping_dag
[2024-06-05T00:31:31.640+0800] {logging_mixin.py:188} INFO - [2024-06-05T00:31:31.640+0800] {dag.py:3096} INFO - Sync 1 DAGs
[2024-06-05T00:31:31.651+0800] {logging_mixin.py:188} INFO - [2024-06-05T00:31:31.650+0800] {dag.py:3118} INFO - Creating ORM DAG for centaline_scraping_dag
[2024-06-05T00:31:31.657+0800] {logging_mixin.py:188} INFO - [2024-06-05T00:31:31.657+0800] {dag.py:3954} INFO - Setting next_dagrun for centaline_scraping_dag to 2024-06-04T00:00:00+00:00, run_after=2024-06-05T00:00:00+00:00
[2024-06-05T00:31:31.704+0800] {processor.py:183} INFO - Processing /mnt/c/Users/user/Desktop/new_airflow/dags/cenraline_fc.py took 0.392 seconds
[2024-06-05T00:32:27.751+0800] {processor.py:161} INFO - Started process (PID=3767) to work on /mnt/c/Users/user/Desktop/new_airflow/dags/cenraline_fc.py
[2024-06-05T00:32:27.751+0800] {processor.py:830} INFO - Processing file /mnt/c/Users/user/Desktop/new_airflow/dags/cenraline_fc.py for tasks to queue
[2024-06-05T00:32:27.753+0800] {logging_mixin.py:188} INFO - [2024-06-05T00:32:27.752+0800] {dagbag.py:545} INFO - Filling up the DagBag from /mnt/c/Users/user/Desktop/new_airflow/dags/cenraline_fc.py
[2024-06-05T00:32:27.955+0800] {processor.py:840} INFO - DAG(s) 'centaline_scraping_dag' retrieved from /mnt/c/Users/user/Desktop/new_airflow/dags/cenraline_fc.py
[2024-06-05T00:32:27.972+0800] {logging_mixin.py:188} INFO - [2024-06-05T00:32:27.971+0800] {dag.py:3096} INFO - Sync 1 DAGs
[2024-06-05T00:32:27.991+0800] {logging_mixin.py:188} INFO - [2024-06-05T00:32:27.991+0800] {dag.py:3954} INFO - Setting next_dagrun for centaline_scraping_dag to 2024-06-04T00:00:00+00:00, run_after=2024-06-05T00:00:00+00:00
[2024-06-05T00:32:28.044+0800] {processor.py:183} INFO - Processing /mnt/c/Users/user/Desktop/new_airflow/dags/cenraline_fc.py took 0.296 seconds
[2024-06-05T00:32:59.806+0800] {processor.py:161} INFO - Started process (PID=3947) to work on /mnt/c/Users/user/Desktop/new_airflow/dags/cenraline_fc.py
[2024-06-05T00:32:59.807+0800] {processor.py:830} INFO - Processing file /mnt/c/Users/user/Desktop/new_airflow/dags/cenraline_fc.py for tasks to queue
[2024-06-05T00:32:59.808+0800] {logging_mixin.py:188} INFO - [2024-06-05T00:32:59.807+0800] {dagbag.py:545} INFO - Filling up the DagBag from /mnt/c/Users/user/Desktop/new_airflow/dags/cenraline_fc.py
[2024-06-05T00:33:00.005+0800] {processor.py:840} INFO - DAG(s) 'centaline_scraping_dag' retrieved from /mnt/c/Users/user/Desktop/new_airflow/dags/cenraline_fc.py
[2024-06-05T00:33:00.025+0800] {logging_mixin.py:188} INFO - [2024-06-05T00:33:00.025+0800] {dag.py:3096} INFO - Sync 1 DAGs
[2024-06-05T00:33:00.043+0800] {logging_mixin.py:188} INFO - [2024-06-05T00:33:00.043+0800] {dag.py:3954} INFO - Setting next_dagrun for centaline_scraping_dag to 2024-06-04T00:00:00+00:00, run_after=2024-06-05T00:00:00+00:00
[2024-06-05T00:33:00.086+0800] {processor.py:183} INFO - Processing /mnt/c/Users/user/Desktop/new_airflow/dags/cenraline_fc.py took 0.284 seconds
[2024-06-05T00:33:30.352+0800] {processor.py:161} INFO - Started process (PID=4110) to work on /mnt/c/Users/user/Desktop/new_airflow/dags/cenraline_fc.py
[2024-06-05T00:33:30.352+0800] {processor.py:830} INFO - Processing file /mnt/c/Users/user/Desktop/new_airflow/dags/cenraline_fc.py for tasks to queue
[2024-06-05T00:33:30.354+0800] {logging_mixin.py:188} INFO - [2024-06-05T00:33:30.353+0800] {dagbag.py:545} INFO - Filling up the DagBag from /mnt/c/Users/user/Desktop/new_airflow/dags/cenraline_fc.py
[2024-06-05T00:33:30.556+0800] {processor.py:840} INFO - DAG(s) 'centaline_scraping_dag' retrieved from /mnt/c/Users/user/Desktop/new_airflow/dags/cenraline_fc.py
[2024-06-05T00:33:30.573+0800] {logging_mixin.py:188} INFO - [2024-06-05T00:33:30.573+0800] {dag.py:3096} INFO - Sync 1 DAGs
[2024-06-05T00:33:30.586+0800] {logging_mixin.py:188} INFO - [2024-06-05T00:33:30.586+0800] {dag.py:3954} INFO - Setting next_dagrun for centaline_scraping_dag to 2024-06-04T00:00:00+00:00, run_after=2024-06-05T00:00:00+00:00
[2024-06-05T00:33:30.626+0800] {processor.py:183} INFO - Processing /mnt/c/Users/user/Desktop/new_airflow/dags/cenraline_fc.py took 0.277 seconds
[2024-06-05T00:34:01.014+0800] {processor.py:161} INFO - Started process (PID=4254) to work on /mnt/c/Users/user/Desktop/new_airflow/dags/cenraline_fc.py
[2024-06-05T00:34:01.015+0800] {processor.py:830} INFO - Processing file /mnt/c/Users/user/Desktop/new_airflow/dags/cenraline_fc.py for tasks to queue
[2024-06-05T00:34:01.016+0800] {logging_mixin.py:188} INFO - [2024-06-05T00:34:01.016+0800] {dagbag.py:545} INFO - Filling up the DagBag from /mnt/c/Users/user/Desktop/new_airflow/dags/cenraline_fc.py
[2024-06-05T00:34:01.234+0800] {processor.py:840} INFO - DAG(s) 'centaline_scraping_dag' retrieved from /mnt/c/Users/user/Desktop/new_airflow/dags/cenraline_fc.py
[2024-06-05T00:34:01.255+0800] {logging_mixin.py:188} INFO - [2024-06-05T00:34:01.255+0800] {dag.py:3096} INFO - Sync 1 DAGs
[2024-06-05T00:34:01.274+0800] {logging_mixin.py:188} INFO - [2024-06-05T00:34:01.274+0800] {dag.py:3954} INFO - Setting next_dagrun for centaline_scraping_dag to 2024-06-04T00:00:00+00:00, run_after=2024-06-05T00:00:00+00:00
[2024-06-05T00:34:01.325+0800] {processor.py:183} INFO - Processing /mnt/c/Users/user/Desktop/new_airflow/dags/cenraline_fc.py took 0.314 seconds
[2024-06-05T00:34:32.021+0800] {processor.py:161} INFO - Started process (PID=4425) to work on /mnt/c/Users/user/Desktop/new_airflow/dags/cenraline_fc.py
[2024-06-05T00:34:32.022+0800] {processor.py:830} INFO - Processing file /mnt/c/Users/user/Desktop/new_airflow/dags/cenraline_fc.py for tasks to queue
[2024-06-05T00:34:32.023+0800] {logging_mixin.py:188} INFO - [2024-06-05T00:34:32.022+0800] {dagbag.py:545} INFO - Filling up the DagBag from /mnt/c/Users/user/Desktop/new_airflow/dags/cenraline_fc.py
[2024-06-05T00:34:32.218+0800] {processor.py:840} INFO - DAG(s) 'centaline_scraping_dag' retrieved from /mnt/c/Users/user/Desktop/new_airflow/dags/cenraline_fc.py
[2024-06-05T00:34:32.235+0800] {logging_mixin.py:188} INFO - [2024-06-05T00:34:32.235+0800] {dag.py:3096} INFO - Sync 1 DAGs
[2024-06-05T00:34:32.249+0800] {logging_mixin.py:188} INFO - [2024-06-05T00:34:32.249+0800] {dag.py:3954} INFO - Setting next_dagrun for centaline_scraping_dag to 2024-06-04T00:00:00+00:00, run_after=2024-06-05T00:00:00+00:00
[2024-06-05T00:34:32.282+0800] {processor.py:183} INFO - Processing /mnt/c/Users/user/Desktop/new_airflow/dags/cenraline_fc.py took 0.264 seconds
[2024-06-05T00:35:03.007+0800] {processor.py:161} INFO - Started process (PID=4570) to work on /mnt/c/Users/user/Desktop/new_airflow/dags/cenraline_fc.py
[2024-06-05T00:35:03.007+0800] {processor.py:830} INFO - Processing file /mnt/c/Users/user/Desktop/new_airflow/dags/cenraline_fc.py for tasks to queue
[2024-06-05T00:35:03.009+0800] {logging_mixin.py:188} INFO - [2024-06-05T00:35:03.008+0800] {dagbag.py:545} INFO - Filling up the DagBag from /mnt/c/Users/user/Desktop/new_airflow/dags/cenraline_fc.py
[2024-06-05T00:35:03.234+0800] {processor.py:840} INFO - DAG(s) 'centaline_scraping_dag' retrieved from /mnt/c/Users/user/Desktop/new_airflow/dags/cenraline_fc.py
[2024-06-05T00:35:03.322+0800] {logging_mixin.py:188} INFO - [2024-06-05T00:35:03.321+0800] {dag.py:3096} INFO - Sync 1 DAGs
[2024-06-05T00:35:03.330+0800] {logging_mixin.py:188} INFO - [2024-06-05T00:35:03.329+0800] {dag.py:3118} INFO - Creating ORM DAG for centaline_scraping_dag
[2024-06-05T00:35:03.341+0800] {logging_mixin.py:188} INFO - [2024-06-05T00:35:03.340+0800] {dag.py:3954} INFO - Setting next_dagrun for centaline_scraping_dag to 2024-06-04T00:00:00+00:00, run_after=2024-06-05T00:00:00+00:00
[2024-06-05T00:35:03.384+0800] {processor.py:183} INFO - Processing /mnt/c/Users/user/Desktop/new_airflow/dags/cenraline_fc.py took 0.381 seconds
[2024-06-05T00:35:27.033+0800] {processor.py:161} INFO - Started process (PID=4709) to work on /mnt/c/Users/user/Desktop/new_airflow/dags/cenraline_fc.py
[2024-06-05T00:35:27.034+0800] {processor.py:830} INFO - Processing file /mnt/c/Users/user/Desktop/new_airflow/dags/cenraline_fc.py for tasks to queue
[2024-06-05T00:35:27.035+0800] {logging_mixin.py:188} INFO - [2024-06-05T00:35:27.035+0800] {dagbag.py:545} INFO - Filling up the DagBag from /mnt/c/Users/user/Desktop/new_airflow/dags/cenraline_fc.py
[2024-06-05T00:35:27.245+0800] {processor.py:840} INFO - DAG(s) 'centaline_scraping_dag' retrieved from /mnt/c/Users/user/Desktop/new_airflow/dags/cenraline_fc.py
[2024-06-05T00:35:27.255+0800] {logging_mixin.py:188} INFO - [2024-06-05T00:35:27.254+0800] {dag.py:3096} INFO - Sync 1 DAGs
[2024-06-05T00:35:27.272+0800] {logging_mixin.py:188} INFO - [2024-06-05T00:35:27.272+0800] {dag.py:3954} INFO - Setting next_dagrun for centaline_scraping_dag to 2024-06-04T00:00:00+00:00, run_after=2024-06-05T00:00:00+00:00
[2024-06-05T00:35:27.308+0800] {processor.py:183} INFO - Processing /mnt/c/Users/user/Desktop/new_airflow/dags/cenraline_fc.py took 0.278 seconds
[2024-06-05T00:35:58.070+0800] {processor.py:161} INFO - Started process (PID=4878) to work on /mnt/c/Users/user/Desktop/new_airflow/dags/cenraline_fc.py
[2024-06-05T00:35:58.071+0800] {processor.py:830} INFO - Processing file /mnt/c/Users/user/Desktop/new_airflow/dags/cenraline_fc.py for tasks to queue
[2024-06-05T00:35:58.072+0800] {logging_mixin.py:188} INFO - [2024-06-05T00:35:58.072+0800] {dagbag.py:545} INFO - Filling up the DagBag from /mnt/c/Users/user/Desktop/new_airflow/dags/cenraline_fc.py
[2024-06-05T00:35:58.291+0800] {processor.py:840} INFO - DAG(s) 'centaline_scraping_dag' retrieved from /mnt/c/Users/user/Desktop/new_airflow/dags/cenraline_fc.py
[2024-06-05T00:35:58.308+0800] {logging_mixin.py:188} INFO - [2024-06-05T00:35:58.307+0800] {dag.py:3096} INFO - Sync 1 DAGs
[2024-06-05T00:35:58.323+0800] {logging_mixin.py:188} INFO - [2024-06-05T00:35:58.323+0800] {dag.py:3954} INFO - Setting next_dagrun for centaline_scraping_dag to 2024-06-04T00:00:00+00:00, run_after=2024-06-05T00:00:00+00:00
[2024-06-05T00:35:58.362+0800] {processor.py:183} INFO - Processing /mnt/c/Users/user/Desktop/new_airflow/dags/cenraline_fc.py took 0.295 seconds
[2024-06-05T00:36:28.525+0800] {processor.py:161} INFO - Started process (PID=5031) to work on /mnt/c/Users/user/Desktop/new_airflow/dags/cenraline_fc.py
[2024-06-05T00:36:28.525+0800] {processor.py:830} INFO - Processing file /mnt/c/Users/user/Desktop/new_airflow/dags/cenraline_fc.py for tasks to queue
[2024-06-05T00:36:28.526+0800] {logging_mixin.py:188} INFO - [2024-06-05T00:36:28.526+0800] {dagbag.py:545} INFO - Filling up the DagBag from /mnt/c/Users/user/Desktop/new_airflow/dags/cenraline_fc.py
[2024-06-05T00:36:28.733+0800] {processor.py:840} INFO - DAG(s) 'centaline_scraping_dag' retrieved from /mnt/c/Users/user/Desktop/new_airflow/dags/cenraline_fc.py
[2024-06-05T00:36:28.754+0800] {logging_mixin.py:188} INFO - [2024-06-05T00:36:28.753+0800] {dag.py:3096} INFO - Sync 1 DAGs
[2024-06-05T00:36:28.768+0800] {logging_mixin.py:188} INFO - [2024-06-05T00:36:28.768+0800] {dag.py:3954} INFO - Setting next_dagrun for centaline_scraping_dag to 2024-06-04T00:00:00+00:00, run_after=2024-06-05T00:00:00+00:00
[2024-06-05T00:36:28.803+0800] {processor.py:183} INFO - Processing /mnt/c/Users/user/Desktop/new_airflow/dags/cenraline_fc.py took 0.282 seconds
[2024-06-05T00:36:59.220+0800] {processor.py:161} INFO - Started process (PID=5179) to work on /mnt/c/Users/user/Desktop/new_airflow/dags/cenraline_fc.py
[2024-06-05T00:36:59.221+0800] {processor.py:830} INFO - Processing file /mnt/c/Users/user/Desktop/new_airflow/dags/cenraline_fc.py for tasks to queue
[2024-06-05T00:36:59.223+0800] {logging_mixin.py:188} INFO - [2024-06-05T00:36:59.222+0800] {dagbag.py:545} INFO - Filling up the DagBag from /mnt/c/Users/user/Desktop/new_airflow/dags/cenraline_fc.py
[2024-06-05T00:36:59.453+0800] {processor.py:840} INFO - DAG(s) 'centaline_scraping_dag' retrieved from /mnt/c/Users/user/Desktop/new_airflow/dags/cenraline_fc.py
[2024-06-05T00:36:59.483+0800] {logging_mixin.py:188} INFO - [2024-06-05T00:36:59.483+0800] {dag.py:3096} INFO - Sync 1 DAGs
[2024-06-05T00:36:59.503+0800] {logging_mixin.py:188} INFO - [2024-06-05T00:36:59.503+0800] {dag.py:3954} INFO - Setting next_dagrun for centaline_scraping_dag to 2024-06-04T00:00:00+00:00, run_after=2024-06-05T00:00:00+00:00
[2024-06-05T00:36:59.560+0800] {processor.py:183} INFO - Processing /mnt/c/Users/user/Desktop/new_airflow/dags/cenraline_fc.py took 0.343 seconds
[2024-06-05T00:37:29.860+0800] {processor.py:161} INFO - Started process (PID=5318) to work on /mnt/c/Users/user/Desktop/new_airflow/dags/cenraline_fc.py
[2024-06-05T00:37:29.861+0800] {processor.py:830} INFO - Processing file /mnt/c/Users/user/Desktop/new_airflow/dags/cenraline_fc.py for tasks to queue
[2024-06-05T00:37:29.862+0800] {logging_mixin.py:188} INFO - [2024-06-05T00:37:29.862+0800] {dagbag.py:545} INFO - Filling up the DagBag from /mnt/c/Users/user/Desktop/new_airflow/dags/cenraline_fc.py
[2024-06-05T00:37:30.060+0800] {processor.py:840} INFO - DAG(s) 'centaline_scraping_dag' retrieved from /mnt/c/Users/user/Desktop/new_airflow/dags/cenraline_fc.py
[2024-06-05T00:37:30.076+0800] {logging_mixin.py:188} INFO - [2024-06-05T00:37:30.076+0800] {dag.py:3096} INFO - Sync 1 DAGs
[2024-06-05T00:37:30.090+0800] {logging_mixin.py:188} INFO - [2024-06-05T00:37:30.090+0800] {dag.py:3954} INFO - Setting next_dagrun for centaline_scraping_dag to 2024-06-04T00:00:00+00:00, run_after=2024-06-05T00:00:00+00:00
[2024-06-05T00:37:30.122+0800] {processor.py:183} INFO - Processing /mnt/c/Users/user/Desktop/new_airflow/dags/cenraline_fc.py took 0.265 seconds
[2024-06-05T00:38:00.463+0800] {processor.py:161} INFO - Started process (PID=5474) to work on /mnt/c/Users/user/Desktop/new_airflow/dags/cenraline_fc.py
[2024-06-05T00:38:00.464+0800] {processor.py:830} INFO - Processing file /mnt/c/Users/user/Desktop/new_airflow/dags/cenraline_fc.py for tasks to queue
[2024-06-05T00:38:00.465+0800] {logging_mixin.py:188} INFO - [2024-06-05T00:38:00.465+0800] {dagbag.py:545} INFO - Filling up the DagBag from /mnt/c/Users/user/Desktop/new_airflow/dags/cenraline_fc.py
[2024-06-05T00:38:00.651+0800] {processor.py:840} INFO - DAG(s) 'centaline_scraping_dag' retrieved from /mnt/c/Users/user/Desktop/new_airflow/dags/cenraline_fc.py
[2024-06-05T00:38:00.666+0800] {logging_mixin.py:188} INFO - [2024-06-05T00:38:00.666+0800] {dag.py:3096} INFO - Sync 1 DAGs
[2024-06-05T00:38:00.692+0800] {logging_mixin.py:188} INFO - [2024-06-05T00:38:00.692+0800] {dag.py:3954} INFO - Setting next_dagrun for centaline_scraping_dag to 2024-06-04T00:00:00+00:00, run_after=2024-06-05T00:00:00+00:00
[2024-06-05T00:38:00.745+0800] {processor.py:183} INFO - Processing /mnt/c/Users/user/Desktop/new_airflow/dags/cenraline_fc.py took 0.285 seconds
[2024-06-05T00:38:31.113+0800] {processor.py:161} INFO - Started process (PID=5628) to work on /mnt/c/Users/user/Desktop/new_airflow/dags/cenraline_fc.py
[2024-06-05T00:38:31.114+0800] {processor.py:830} INFO - Processing file /mnt/c/Users/user/Desktop/new_airflow/dags/cenraline_fc.py for tasks to queue
[2024-06-05T00:38:31.115+0800] {logging_mixin.py:188} INFO - [2024-06-05T00:38:31.115+0800] {dagbag.py:545} INFO - Filling up the DagBag from /mnt/c/Users/user/Desktop/new_airflow/dags/cenraline_fc.py
[2024-06-05T00:38:31.312+0800] {processor.py:840} INFO - DAG(s) 'centaline_scraping_dag' retrieved from /mnt/c/Users/user/Desktop/new_airflow/dags/cenraline_fc.py
[2024-06-05T00:38:31.327+0800] {logging_mixin.py:188} INFO - [2024-06-05T00:38:31.327+0800] {dag.py:3096} INFO - Sync 1 DAGs
[2024-06-05T00:38:31.347+0800] {logging_mixin.py:188} INFO - [2024-06-05T00:38:31.347+0800] {dag.py:3954} INFO - Setting next_dagrun for centaline_scraping_dag to 2024-06-04T00:00:00+00:00, run_after=2024-06-05T00:00:00+00:00
[2024-06-05T00:38:31.382+0800] {processor.py:183} INFO - Processing /mnt/c/Users/user/Desktop/new_airflow/dags/cenraline_fc.py took 0.272 seconds
[2024-06-05T00:39:01.688+0800] {processor.py:161} INFO - Started process (PID=5765) to work on /mnt/c/Users/user/Desktop/new_airflow/dags/cenraline_fc.py
[2024-06-05T00:39:01.689+0800] {processor.py:830} INFO - Processing file /mnt/c/Users/user/Desktop/new_airflow/dags/cenraline_fc.py for tasks to queue
[2024-06-05T00:39:01.690+0800] {logging_mixin.py:188} INFO - [2024-06-05T00:39:01.690+0800] {dagbag.py:545} INFO - Filling up the DagBag from /mnt/c/Users/user/Desktop/new_airflow/dags/cenraline_fc.py
[2024-06-05T00:39:01.909+0800] {processor.py:840} INFO - DAG(s) 'centaline_scraping_dag' retrieved from /mnt/c/Users/user/Desktop/new_airflow/dags/cenraline_fc.py
[2024-06-05T00:39:01.933+0800] {logging_mixin.py:188} INFO - [2024-06-05T00:39:01.933+0800] {dag.py:3096} INFO - Sync 1 DAGs
[2024-06-05T00:39:01.950+0800] {logging_mixin.py:188} INFO - [2024-06-05T00:39:01.950+0800] {dag.py:3954} INFO - Setting next_dagrun for centaline_scraping_dag to 2024-06-04T00:00:00+00:00, run_after=2024-06-05T00:00:00+00:00
[2024-06-05T00:39:01.990+0800] {processor.py:183} INFO - Processing /mnt/c/Users/user/Desktop/new_airflow/dags/cenraline_fc.py took 0.305 seconds
[2024-06-05T00:39:32.243+0800] {processor.py:161} INFO - Started process (PID=5905) to work on /mnt/c/Users/user/Desktop/new_airflow/dags/cenraline_fc.py
[2024-06-05T00:39:32.244+0800] {processor.py:830} INFO - Processing file /mnt/c/Users/user/Desktop/new_airflow/dags/cenraline_fc.py for tasks to queue
[2024-06-05T00:39:32.245+0800] {logging_mixin.py:188} INFO - [2024-06-05T00:39:32.245+0800] {dagbag.py:545} INFO - Filling up the DagBag from /mnt/c/Users/user/Desktop/new_airflow/dags/cenraline_fc.py
[2024-06-05T00:39:32.462+0800] {processor.py:840} INFO - DAG(s) 'centaline_scraping_dag' retrieved from /mnt/c/Users/user/Desktop/new_airflow/dags/cenraline_fc.py
[2024-06-05T00:39:32.480+0800] {logging_mixin.py:188} INFO - [2024-06-05T00:39:32.479+0800] {dag.py:3096} INFO - Sync 1 DAGs
[2024-06-05T00:39:32.493+0800] {logging_mixin.py:188} INFO - [2024-06-05T00:39:32.493+0800] {dag.py:3954} INFO - Setting next_dagrun for centaline_scraping_dag to 2024-06-04T00:00:00+00:00, run_after=2024-06-05T00:00:00+00:00
[2024-06-05T00:39:32.526+0800] {processor.py:183} INFO - Processing /mnt/c/Users/user/Desktop/new_airflow/dags/cenraline_fc.py took 0.286 seconds
[2024-06-05T00:40:02.797+0800] {processor.py:161} INFO - Started process (PID=6058) to work on /mnt/c/Users/user/Desktop/new_airflow/dags/cenraline_fc.py
[2024-06-05T00:40:02.798+0800] {processor.py:830} INFO - Processing file /mnt/c/Users/user/Desktop/new_airflow/dags/cenraline_fc.py for tasks to queue
[2024-06-05T00:40:02.799+0800] {logging_mixin.py:188} INFO - [2024-06-05T00:40:02.799+0800] {dagbag.py:545} INFO - Filling up the DagBag from /mnt/c/Users/user/Desktop/new_airflow/dags/cenraline_fc.py
[2024-06-05T00:40:03.029+0800] {processor.py:840} INFO - DAG(s) 'centaline_scraping_dag' retrieved from /mnt/c/Users/user/Desktop/new_airflow/dags/cenraline_fc.py
[2024-06-05T00:40:03.046+0800] {logging_mixin.py:188} INFO - [2024-06-05T00:40:03.045+0800] {dag.py:3096} INFO - Sync 1 DAGs
[2024-06-05T00:40:03.059+0800] {logging_mixin.py:188} INFO - [2024-06-05T00:40:03.059+0800] {dag.py:3954} INFO - Setting next_dagrun for centaline_scraping_dag to 2024-06-04T00:00:00+00:00, run_after=2024-06-05T00:00:00+00:00
[2024-06-05T00:40:03.093+0800] {processor.py:183} INFO - Processing /mnt/c/Users/user/Desktop/new_airflow/dags/cenraline_fc.py took 0.300 seconds
[2024-06-05T00:40:33.134+0800] {processor.py:161} INFO - Started process (PID=6226) to work on /mnt/c/Users/user/Desktop/new_airflow/dags/cenraline_fc.py
[2024-06-05T00:40:33.136+0800] {processor.py:830} INFO - Processing file /mnt/c/Users/user/Desktop/new_airflow/dags/cenraline_fc.py for tasks to queue
[2024-06-05T00:40:33.137+0800] {logging_mixin.py:188} INFO - [2024-06-05T00:40:33.137+0800] {dagbag.py:545} INFO - Filling up the DagBag from /mnt/c/Users/user/Desktop/new_airflow/dags/cenraline_fc.py
[2024-06-05T00:40:33.344+0800] {processor.py:840} INFO - DAG(s) 'centaline_scraping_dag' retrieved from /mnt/c/Users/user/Desktop/new_airflow/dags/cenraline_fc.py
[2024-06-05T00:40:33.360+0800] {logging_mixin.py:188} INFO - [2024-06-05T00:40:33.360+0800] {dag.py:3096} INFO - Sync 1 DAGs
[2024-06-05T00:40:33.376+0800] {logging_mixin.py:188} INFO - [2024-06-05T00:40:33.376+0800] {dag.py:3954} INFO - Setting next_dagrun for centaline_scraping_dag to 2024-06-04T00:00:00+00:00, run_after=2024-06-05T00:00:00+00:00
[2024-06-05T00:40:33.449+0800] {processor.py:183} INFO - Processing /mnt/c/Users/user/Desktop/new_airflow/dags/cenraline_fc.py took 0.318 seconds
[2024-06-05T00:41:04.617+0800] {processor.py:161} INFO - Started process (PID=6408) to work on /mnt/c/Users/user/Desktop/new_airflow/dags/cenraline_fc.py
[2024-06-05T00:41:04.618+0800] {processor.py:830} INFO - Processing file /mnt/c/Users/user/Desktop/new_airflow/dags/cenraline_fc.py for tasks to queue
[2024-06-05T00:41:04.619+0800] {logging_mixin.py:188} INFO - [2024-06-05T00:41:04.619+0800] {dagbag.py:545} INFO - Filling up the DagBag from /mnt/c/Users/user/Desktop/new_airflow/dags/cenraline_fc.py
[2024-06-05T00:41:04.832+0800] {processor.py:840} INFO - DAG(s) 'centaline_scraping_dag' retrieved from /mnt/c/Users/user/Desktop/new_airflow/dags/cenraline_fc.py
[2024-06-05T00:41:04.851+0800] {logging_mixin.py:188} INFO - [2024-06-05T00:41:04.851+0800] {dag.py:3096} INFO - Sync 1 DAGs
[2024-06-05T00:41:04.871+0800] {logging_mixin.py:188} INFO - [2024-06-05T00:41:04.870+0800] {dag.py:3954} INFO - Setting next_dagrun for centaline_scraping_dag to 2024-06-04T00:00:00+00:00, run_after=2024-06-05T00:00:00+00:00
[2024-06-05T00:41:04.919+0800] {processor.py:183} INFO - Processing /mnt/c/Users/user/Desktop/new_airflow/dags/cenraline_fc.py took 0.305 seconds
[2024-06-05T00:41:35.170+0800] {processor.py:161} INFO - Started process (PID=6549) to work on /mnt/c/Users/user/Desktop/new_airflow/dags/cenraline_fc.py
[2024-06-05T00:41:35.171+0800] {processor.py:830} INFO - Processing file /mnt/c/Users/user/Desktop/new_airflow/dags/cenraline_fc.py for tasks to queue
[2024-06-05T00:41:35.172+0800] {logging_mixin.py:188} INFO - [2024-06-05T00:41:35.172+0800] {dagbag.py:545} INFO - Filling up the DagBag from /mnt/c/Users/user/Desktop/new_airflow/dags/cenraline_fc.py
[2024-06-05T00:41:35.388+0800] {processor.py:840} INFO - DAG(s) 'centaline_scraping_dag' retrieved from /mnt/c/Users/user/Desktop/new_airflow/dags/cenraline_fc.py
[2024-06-05T00:41:35.405+0800] {logging_mixin.py:188} INFO - [2024-06-05T00:41:35.405+0800] {dag.py:3096} INFO - Sync 1 DAGs
[2024-06-05T00:41:35.421+0800] {logging_mixin.py:188} INFO - [2024-06-05T00:41:35.421+0800] {dag.py:3954} INFO - Setting next_dagrun for centaline_scraping_dag to 2024-06-04T00:00:00+00:00, run_after=2024-06-05T00:00:00+00:00
[2024-06-05T00:41:35.465+0800] {processor.py:183} INFO - Processing /mnt/c/Users/user/Desktop/new_airflow/dags/cenraline_fc.py took 0.299 seconds
[2024-06-05T00:42:05.777+0800] {processor.py:161} INFO - Started process (PID=6686) to work on /mnt/c/Users/user/Desktop/new_airflow/dags/cenraline_fc.py
[2024-06-05T00:42:05.778+0800] {processor.py:830} INFO - Processing file /mnt/c/Users/user/Desktop/new_airflow/dags/cenraline_fc.py for tasks to queue
[2024-06-05T00:42:05.780+0800] {logging_mixin.py:188} INFO - [2024-06-05T00:42:05.779+0800] {dagbag.py:545} INFO - Filling up the DagBag from /mnt/c/Users/user/Desktop/new_airflow/dags/cenraline_fc.py
[2024-06-05T00:42:05.993+0800] {processor.py:840} INFO - DAG(s) 'centaline_scraping_dag' retrieved from /mnt/c/Users/user/Desktop/new_airflow/dags/cenraline_fc.py
[2024-06-05T00:42:06.014+0800] {logging_mixin.py:188} INFO - [2024-06-05T00:42:06.014+0800] {dag.py:3096} INFO - Sync 1 DAGs
[2024-06-05T00:42:06.034+0800] {logging_mixin.py:188} INFO - [2024-06-05T00:42:06.034+0800] {dag.py:3954} INFO - Setting next_dagrun for centaline_scraping_dag to 2024-06-04T00:00:00+00:00, run_after=2024-06-05T00:00:00+00:00
[2024-06-05T00:42:06.103+0800] {processor.py:183} INFO - Processing /mnt/c/Users/user/Desktop/new_airflow/dags/cenraline_fc.py took 0.329 seconds
[2024-06-05T00:42:36.276+0800] {processor.py:161} INFO - Started process (PID=6825) to work on /mnt/c/Users/user/Desktop/new_airflow/dags/cenraline_fc.py
[2024-06-05T00:42:36.277+0800] {processor.py:830} INFO - Processing file /mnt/c/Users/user/Desktop/new_airflow/dags/cenraline_fc.py for tasks to queue
[2024-06-05T00:42:36.278+0800] {logging_mixin.py:188} INFO - [2024-06-05T00:42:36.278+0800] {dagbag.py:545} INFO - Filling up the DagBag from /mnt/c/Users/user/Desktop/new_airflow/dags/cenraline_fc.py
[2024-06-05T00:42:36.466+0800] {processor.py:840} INFO - DAG(s) 'centaline_scraping_dag' retrieved from /mnt/c/Users/user/Desktop/new_airflow/dags/cenraline_fc.py
[2024-06-05T00:42:36.521+0800] {logging_mixin.py:188} INFO - [2024-06-05T00:42:36.521+0800] {dag.py:3096} INFO - Sync 1 DAGs
[2024-06-05T00:42:36.527+0800] {logging_mixin.py:188} INFO - [2024-06-05T00:42:36.527+0800] {dag.py:3118} INFO - Creating ORM DAG for centaline_scraping_dag
[2024-06-05T00:42:36.533+0800] {logging_mixin.py:188} INFO - [2024-06-05T00:42:36.533+0800] {dag.py:3954} INFO - Setting next_dagrun for centaline_scraping_dag to 2024-06-04T00:00:00+00:00, run_after=2024-06-05T00:00:00+00:00
[2024-06-05T00:42:36.562+0800] {processor.py:183} INFO - Processing /mnt/c/Users/user/Desktop/new_airflow/dags/cenraline_fc.py took 0.289 seconds
[2024-06-05T00:43:06.704+0800] {processor.py:161} INFO - Started process (PID=6962) to work on /mnt/c/Users/user/Desktop/new_airflow/dags/cenraline_fc.py
[2024-06-05T00:43:06.705+0800] {processor.py:830} INFO - Processing file /mnt/c/Users/user/Desktop/new_airflow/dags/cenraline_fc.py for tasks to queue
[2024-06-05T00:43:06.707+0800] {logging_mixin.py:188} INFO - [2024-06-05T00:43:06.707+0800] {dagbag.py:545} INFO - Filling up the DagBag from /mnt/c/Users/user/Desktop/new_airflow/dags/cenraline_fc.py
[2024-06-05T00:43:06.907+0800] {processor.py:840} INFO - DAG(s) 'centaline_scraping_dag' retrieved from /mnt/c/Users/user/Desktop/new_airflow/dags/cenraline_fc.py
[2024-06-05T00:43:06.922+0800] {logging_mixin.py:188} INFO - [2024-06-05T00:43:06.922+0800] {dag.py:3096} INFO - Sync 1 DAGs
[2024-06-05T00:43:06.936+0800] {logging_mixin.py:188} INFO - [2024-06-05T00:43:06.935+0800] {dag.py:3954} INFO - Setting next_dagrun for centaline_scraping_dag to 2024-06-04T00:00:00+00:00, run_after=2024-06-05T00:00:00+00:00
[2024-06-05T00:43:06.966+0800] {processor.py:183} INFO - Processing /mnt/c/Users/user/Desktop/new_airflow/dags/cenraline_fc.py took 0.265 seconds
[2024-06-05T00:43:37.111+0800] {processor.py:161} INFO - Started process (PID=7098) to work on /mnt/c/Users/user/Desktop/new_airflow/dags/cenraline_fc.py
[2024-06-05T00:43:37.112+0800] {processor.py:830} INFO - Processing file /mnt/c/Users/user/Desktop/new_airflow/dags/cenraline_fc.py for tasks to queue
[2024-06-05T00:43:37.113+0800] {logging_mixin.py:188} INFO - [2024-06-05T00:43:37.112+0800] {dagbag.py:545} INFO - Filling up the DagBag from /mnt/c/Users/user/Desktop/new_airflow/dags/cenraline_fc.py
[2024-06-05T00:43:37.342+0800] {processor.py:840} INFO - DAG(s) 'centaline_scraping_dag' retrieved from /mnt/c/Users/user/Desktop/new_airflow/dags/cenraline_fc.py
[2024-06-05T00:43:37.357+0800] {logging_mixin.py:188} INFO - [2024-06-05T00:43:37.356+0800] {dag.py:3096} INFO - Sync 1 DAGs
[2024-06-05T00:43:37.370+0800] {logging_mixin.py:188} INFO - [2024-06-05T00:43:37.369+0800] {dag.py:3954} INFO - Setting next_dagrun for centaline_scraping_dag to 2024-06-04T00:00:00+00:00, run_after=2024-06-05T00:00:00+00:00
[2024-06-05T00:43:37.398+0800] {processor.py:183} INFO - Processing /mnt/c/Users/user/Desktop/new_airflow/dags/cenraline_fc.py took 0.290 seconds
