[2024-06-05T00:20:49.185+0800] {processor.py:161} INFO - Started process (PID=2893) to work on /home/ryanng/.local/lib/python3.10/site-packages/airflow/example_dags/example_complex.py
[2024-06-05T00:20:49.186+0800] {processor.py:830} INFO - Processing file /home/ryanng/.local/lib/python3.10/site-packages/airflow/example_dags/example_complex.py for tasks to queue
[2024-06-05T00:20:49.187+0800] {logging_mixin.py:188} INFO - [2024-06-05T00:20:49.187+0800] {dagbag.py:545} INFO - Filling up the DagBag from /home/ryanng/.local/lib/python3.10/site-packages/airflow/example_dags/example_complex.py
[2024-06-05T00:20:49.196+0800] {processor.py:840} INFO - DAG(s) 'example_complex' retrieved from /home/ryanng/.local/lib/python3.10/site-packages/airflow/example_dags/example_complex.py
[2024-06-05T00:20:49.261+0800] {logging_mixin.py:188} INFO - [2024-06-05T00:20:49.261+0800] {dag.py:3096} INFO - Sync 1 DAGs
[2024-06-05T00:20:49.268+0800] {logging_mixin.py:188} INFO - [2024-06-05T00:20:49.267+0800] {dag.py:3954} INFO - Setting next_dagrun for example_complex to None, run_after=None
[2024-06-05T00:20:49.303+0800] {processor.py:183} INFO - Processing /home/ryanng/.local/lib/python3.10/site-packages/airflow/example_dags/example_complex.py took 0.122 seconds
[2024-06-05T00:23:33.689+0800] {processor.py:161} INFO - Started process (PID=892) to work on /home/ryanng/.local/lib/python3.10/site-packages/airflow/example_dags/example_complex.py
[2024-06-05T00:23:33.691+0800] {processor.py:830} INFO - Processing file /home/ryanng/.local/lib/python3.10/site-packages/airflow/example_dags/example_complex.py for tasks to queue
[2024-06-05T00:23:33.692+0800] {logging_mixin.py:188} INFO - [2024-06-05T00:23:33.692+0800] {dagbag.py:545} INFO - Filling up the DagBag from /home/ryanng/.local/lib/python3.10/site-packages/airflow/example_dags/example_complex.py
[2024-06-05T00:23:33.700+0800] {processor.py:840} INFO - DAG(s) 'example_complex' retrieved from /home/ryanng/.local/lib/python3.10/site-packages/airflow/example_dags/example_complex.py
[2024-06-05T00:23:33.720+0800] {logging_mixin.py:188} INFO - [2024-06-05T00:23:33.720+0800] {dag.py:3096} INFO - Sync 1 DAGs
[2024-06-05T00:23:33.727+0800] {logging_mixin.py:188} INFO - [2024-06-05T00:23:33.727+0800] {dag.py:3954} INFO - Setting next_dagrun for example_complex to None, run_after=None
[2024-06-05T00:23:33.760+0800] {processor.py:183} INFO - Processing /home/ryanng/.local/lib/python3.10/site-packages/airflow/example_dags/example_complex.py took 0.074 seconds
[2024-06-05T00:24:30.838+0800] {processor.py:161} INFO - Started process (PID=1197) to work on /home/ryanng/.local/lib/python3.10/site-packages/airflow/example_dags/example_complex.py
[2024-06-05T00:24:30.838+0800] {processor.py:830} INFO - Processing file /home/ryanng/.local/lib/python3.10/site-packages/airflow/example_dags/example_complex.py for tasks to queue
[2024-06-05T00:24:30.839+0800] {logging_mixin.py:188} INFO - [2024-06-05T00:24:30.839+0800] {dagbag.py:545} INFO - Filling up the DagBag from /home/ryanng/.local/lib/python3.10/site-packages/airflow/example_dags/example_complex.py
[2024-06-05T00:24:30.845+0800] {processor.py:840} INFO - DAG(s) 'example_complex' retrieved from /home/ryanng/.local/lib/python3.10/site-packages/airflow/example_dags/example_complex.py
[2024-06-05T00:24:30.864+0800] {logging_mixin.py:188} INFO - [2024-06-05T00:24:30.864+0800] {dag.py:3096} INFO - Sync 1 DAGs
[2024-06-05T00:24:30.873+0800] {logging_mixin.py:188} INFO - [2024-06-05T00:24:30.873+0800] {dag.py:3954} INFO - Setting next_dagrun for example_complex to None, run_after=None
[2024-06-05T00:24:30.906+0800] {processor.py:183} INFO - Processing /home/ryanng/.local/lib/python3.10/site-packages/airflow/example_dags/example_complex.py took 0.071 seconds
[2024-06-05T00:25:20.873+0800] {processor.py:161} INFO - Started process (PID=1461) to work on /home/ryanng/.local/lib/python3.10/site-packages/airflow/example_dags/example_complex.py
[2024-06-05T00:25:20.873+0800] {processor.py:830} INFO - Processing file /home/ryanng/.local/lib/python3.10/site-packages/airflow/example_dags/example_complex.py for tasks to queue
[2024-06-05T00:25:20.875+0800] {logging_mixin.py:188} INFO - [2024-06-05T00:25:20.874+0800] {dagbag.py:545} INFO - Filling up the DagBag from /home/ryanng/.local/lib/python3.10/site-packages/airflow/example_dags/example_complex.py
[2024-06-05T00:25:20.880+0800] {processor.py:840} INFO - DAG(s) 'example_complex' retrieved from /home/ryanng/.local/lib/python3.10/site-packages/airflow/example_dags/example_complex.py
[2024-06-05T00:25:20.900+0800] {logging_mixin.py:188} INFO - [2024-06-05T00:25:20.900+0800] {dag.py:3096} INFO - Sync 1 DAGs
[2024-06-05T00:25:20.909+0800] {logging_mixin.py:188} INFO - [2024-06-05T00:25:20.909+0800] {dag.py:3954} INFO - Setting next_dagrun for example_complex to None, run_after=None
[2024-06-05T00:25:20.961+0800] {processor.py:183} INFO - Processing /home/ryanng/.local/lib/python3.10/site-packages/airflow/example_dags/example_complex.py took 0.091 seconds
[2024-06-05T00:26:10.189+0800] {processor.py:161} INFO - Started process (PID=1705) to work on /home/ryanng/.local/lib/python3.10/site-packages/airflow/example_dags/example_complex.py
[2024-06-05T00:26:10.190+0800] {processor.py:830} INFO - Processing file /home/ryanng/.local/lib/python3.10/site-packages/airflow/example_dags/example_complex.py for tasks to queue
[2024-06-05T00:26:10.191+0800] {logging_mixin.py:188} INFO - [2024-06-05T00:26:10.191+0800] {dagbag.py:545} INFO - Filling up the DagBag from /home/ryanng/.local/lib/python3.10/site-packages/airflow/example_dags/example_complex.py
[2024-06-05T00:26:10.197+0800] {processor.py:840} INFO - DAG(s) 'example_complex' retrieved from /home/ryanng/.local/lib/python3.10/site-packages/airflow/example_dags/example_complex.py
[2024-06-05T00:26:10.215+0800] {logging_mixin.py:188} INFO - [2024-06-05T00:26:10.215+0800] {dag.py:3096} INFO - Sync 1 DAGs
[2024-06-05T00:26:10.222+0800] {logging_mixin.py:188} INFO - [2024-06-05T00:26:10.222+0800] {dag.py:3954} INFO - Setting next_dagrun for example_complex to None, run_after=None
[2024-06-05T00:26:10.255+0800] {processor.py:183} INFO - Processing /home/ryanng/.local/lib/python3.10/site-packages/airflow/example_dags/example_complex.py took 0.069 seconds
[2024-06-05T00:26:54.876+0800] {processor.py:161} INFO - Started process (PID=1944) to work on /home/ryanng/.local/lib/python3.10/site-packages/airflow/example_dags/example_complex.py
[2024-06-05T00:26:54.876+0800] {processor.py:830} INFO - Processing file /home/ryanng/.local/lib/python3.10/site-packages/airflow/example_dags/example_complex.py for tasks to queue
[2024-06-05T00:26:54.877+0800] {logging_mixin.py:188} INFO - [2024-06-05T00:26:54.877+0800] {dagbag.py:545} INFO - Filling up the DagBag from /home/ryanng/.local/lib/python3.10/site-packages/airflow/example_dags/example_complex.py
[2024-06-05T00:26:54.883+0800] {processor.py:840} INFO - DAG(s) 'example_complex' retrieved from /home/ryanng/.local/lib/python3.10/site-packages/airflow/example_dags/example_complex.py
[2024-06-05T00:26:54.901+0800] {logging_mixin.py:188} INFO - [2024-06-05T00:26:54.901+0800] {dag.py:3096} INFO - Sync 1 DAGs
[2024-06-05T00:26:54.908+0800] {logging_mixin.py:188} INFO - [2024-06-05T00:26:54.908+0800] {dag.py:3954} INFO - Setting next_dagrun for example_complex to None, run_after=None
[2024-06-05T00:26:54.969+0800] {processor.py:183} INFO - Processing /home/ryanng/.local/lib/python3.10/site-packages/airflow/example_dags/example_complex.py took 0.096 seconds
[2024-06-05T00:28:23.814+0800] {processor.py:161} INFO - Started process (PID=2400) to work on /home/ryanng/.local/lib/python3.10/site-packages/airflow/example_dags/example_complex.py
[2024-06-05T00:28:23.815+0800] {processor.py:830} INFO - Processing file /home/ryanng/.local/lib/python3.10/site-packages/airflow/example_dags/example_complex.py for tasks to queue
[2024-06-05T00:28:23.817+0800] {logging_mixin.py:188} INFO - [2024-06-05T00:28:23.817+0800] {dagbag.py:545} INFO - Filling up the DagBag from /home/ryanng/.local/lib/python3.10/site-packages/airflow/example_dags/example_complex.py
[2024-06-05T00:28:23.824+0800] {processor.py:840} INFO - DAG(s) 'example_complex' retrieved from /home/ryanng/.local/lib/python3.10/site-packages/airflow/example_dags/example_complex.py
[2024-06-05T00:28:23.853+0800] {logging_mixin.py:188} INFO - [2024-06-05T00:28:23.853+0800] {dag.py:3096} INFO - Sync 1 DAGs
[2024-06-05T00:28:23.862+0800] {logging_mixin.py:188} INFO - [2024-06-05T00:28:23.862+0800] {dag.py:3954} INFO - Setting next_dagrun for example_complex to None, run_after=None
[2024-06-05T00:28:23.912+0800] {processor.py:183} INFO - Processing /home/ryanng/.local/lib/python3.10/site-packages/airflow/example_dags/example_complex.py took 0.101 seconds
[2024-06-05T00:29:19.706+0800] {processor.py:161} INFO - Started process (PID=2688) to work on /home/ryanng/.local/lib/python3.10/site-packages/airflow/example_dags/example_complex.py
[2024-06-05T00:29:19.707+0800] {processor.py:830} INFO - Processing file /home/ryanng/.local/lib/python3.10/site-packages/airflow/example_dags/example_complex.py for tasks to queue
[2024-06-05T00:29:19.708+0800] {logging_mixin.py:188} INFO - [2024-06-05T00:29:19.708+0800] {dagbag.py:545} INFO - Filling up the DagBag from /home/ryanng/.local/lib/python3.10/site-packages/airflow/example_dags/example_complex.py
[2024-06-05T00:29:19.714+0800] {processor.py:840} INFO - DAG(s) 'example_complex' retrieved from /home/ryanng/.local/lib/python3.10/site-packages/airflow/example_dags/example_complex.py
[2024-06-05T00:29:19.736+0800] {logging_mixin.py:188} INFO - [2024-06-05T00:29:19.736+0800] {dag.py:3096} INFO - Sync 1 DAGs
[2024-06-05T00:29:19.744+0800] {logging_mixin.py:188} INFO - [2024-06-05T00:29:19.744+0800] {dag.py:3954} INFO - Setting next_dagrun for example_complex to None, run_after=None
[2024-06-05T00:29:19.837+0800] {processor.py:183} INFO - Processing /home/ryanng/.local/lib/python3.10/site-packages/airflow/example_dags/example_complex.py took 0.134 seconds
[2024-06-05T00:30:07.705+0800] {processor.py:161} INFO - Started process (PID=2943) to work on /home/ryanng/.local/lib/python3.10/site-packages/airflow/example_dags/example_complex.py
[2024-06-05T00:30:07.706+0800] {processor.py:830} INFO - Processing file /home/ryanng/.local/lib/python3.10/site-packages/airflow/example_dags/example_complex.py for tasks to queue
[2024-06-05T00:30:07.707+0800] {logging_mixin.py:188} INFO - [2024-06-05T00:30:07.707+0800] {dagbag.py:545} INFO - Filling up the DagBag from /home/ryanng/.local/lib/python3.10/site-packages/airflow/example_dags/example_complex.py
[2024-06-05T00:30:07.713+0800] {processor.py:840} INFO - DAG(s) 'example_complex' retrieved from /home/ryanng/.local/lib/python3.10/site-packages/airflow/example_dags/example_complex.py
[2024-06-05T00:30:07.732+0800] {logging_mixin.py:188} INFO - [2024-06-05T00:30:07.732+0800] {dag.py:3096} INFO - Sync 1 DAGs
[2024-06-05T00:30:07.740+0800] {logging_mixin.py:188} INFO - [2024-06-05T00:30:07.740+0800] {dag.py:3954} INFO - Setting next_dagrun for example_complex to None, run_after=None
[2024-06-05T00:30:07.792+0800] {processor.py:183} INFO - Processing /home/ryanng/.local/lib/python3.10/site-packages/airflow/example_dags/example_complex.py took 0.090 seconds
[2024-06-05T00:30:53.786+0800] {processor.py:161} INFO - Started process (PID=3172) to work on /home/ryanng/.local/lib/python3.10/site-packages/airflow/example_dags/example_complex.py
[2024-06-05T00:30:53.786+0800] {processor.py:830} INFO - Processing file /home/ryanng/.local/lib/python3.10/site-packages/airflow/example_dags/example_complex.py for tasks to queue
[2024-06-05T00:30:53.788+0800] {logging_mixin.py:188} INFO - [2024-06-05T00:30:53.787+0800] {dagbag.py:545} INFO - Filling up the DagBag from /home/ryanng/.local/lib/python3.10/site-packages/airflow/example_dags/example_complex.py
[2024-06-05T00:30:53.794+0800] {processor.py:840} INFO - DAG(s) 'example_complex' retrieved from /home/ryanng/.local/lib/python3.10/site-packages/airflow/example_dags/example_complex.py
[2024-06-05T00:30:53.813+0800] {logging_mixin.py:188} INFO - [2024-06-05T00:30:53.813+0800] {dag.py:3096} INFO - Sync 1 DAGs
[2024-06-05T00:30:53.821+0800] {logging_mixin.py:188} INFO - [2024-06-05T00:30:53.821+0800] {dag.py:3954} INFO - Setting next_dagrun for example_complex to None, run_after=None
[2024-06-05T00:30:53.854+0800] {processor.py:183} INFO - Processing /home/ryanng/.local/lib/python3.10/site-packages/airflow/example_dags/example_complex.py took 0.071 seconds
[2024-06-05T00:31:43.827+0800] {processor.py:161} INFO - Started process (PID=3457) to work on /home/ryanng/.local/lib/python3.10/site-packages/airflow/example_dags/example_complex.py
[2024-06-05T00:31:43.828+0800] {processor.py:830} INFO - Processing file /home/ryanng/.local/lib/python3.10/site-packages/airflow/example_dags/example_complex.py for tasks to queue
[2024-06-05T00:31:43.829+0800] {logging_mixin.py:188} INFO - [2024-06-05T00:31:43.829+0800] {dagbag.py:545} INFO - Filling up the DagBag from /home/ryanng/.local/lib/python3.10/site-packages/airflow/example_dags/example_complex.py
[2024-06-05T00:31:43.838+0800] {processor.py:840} INFO - DAG(s) 'example_complex' retrieved from /home/ryanng/.local/lib/python3.10/site-packages/airflow/example_dags/example_complex.py
[2024-06-05T00:31:43.862+0800] {logging_mixin.py:188} INFO - [2024-06-05T00:31:43.862+0800] {dag.py:3096} INFO - Sync 1 DAGs
[2024-06-05T00:31:43.871+0800] {logging_mixin.py:188} INFO - [2024-06-05T00:31:43.871+0800] {dag.py:3954} INFO - Setting next_dagrun for example_complex to None, run_after=None
[2024-06-05T00:31:43.907+0800] {processor.py:183} INFO - Processing /home/ryanng/.local/lib/python3.10/site-packages/airflow/example_dags/example_complex.py took 0.084 seconds
[2024-06-05T00:32:38.248+0800] {processor.py:161} INFO - Started process (PID=3837) to work on /home/ryanng/.local/lib/python3.10/site-packages/airflow/example_dags/example_complex.py
[2024-06-05T00:32:38.249+0800] {processor.py:830} INFO - Processing file /home/ryanng/.local/lib/python3.10/site-packages/airflow/example_dags/example_complex.py for tasks to queue
[2024-06-05T00:32:38.251+0800] {logging_mixin.py:188} INFO - [2024-06-05T00:32:38.250+0800] {dagbag.py:545} INFO - Filling up the DagBag from /home/ryanng/.local/lib/python3.10/site-packages/airflow/example_dags/example_complex.py
[2024-06-05T00:32:38.256+0800] {processor.py:840} INFO - DAG(s) 'example_complex' retrieved from /home/ryanng/.local/lib/python3.10/site-packages/airflow/example_dags/example_complex.py
[2024-06-05T00:32:38.276+0800] {logging_mixin.py:188} INFO - [2024-06-05T00:32:38.276+0800] {dag.py:3096} INFO - Sync 1 DAGs
[2024-06-05T00:32:38.286+0800] {logging_mixin.py:188} INFO - [2024-06-05T00:32:38.285+0800] {dag.py:3954} INFO - Setting next_dagrun for example_complex to None, run_after=None
[2024-06-05T00:32:38.338+0800] {processor.py:183} INFO - Processing /home/ryanng/.local/lib/python3.10/site-packages/airflow/example_dags/example_complex.py took 0.093 seconds
