[2024-06-05T00:23:41.372+0800] {processor.py:161} INFO - Started process (PID=929) to work on /home/ryanng/.local/lib/python3.10/site-packages/airflow/example_dags/example_params_ui_tutorial.py
[2024-06-05T00:23:41.373+0800] {processor.py:830} INFO - Processing file /home/ryanng/.local/lib/python3.10/site-packages/airflow/example_dags/example_params_ui_tutorial.py for tasks to queue
[2024-06-05T00:23:41.374+0800] {logging_mixin.py:188} INFO - [2024-06-05T00:23:41.374+0800] {dagbag.py:545} INFO - Filling up the DagBag from /home/ryanng/.local/lib/python3.10/site-packages/airflow/example_dags/example_params_ui_tutorial.py
[2024-06-05T00:23:41.382+0800] {processor.py:840} INFO - DAG(s) 'example_params_ui_tutorial' retrieved from /home/ryanng/.local/lib/python3.10/site-packages/airflow/example_dags/example_params_ui_tutorial.py
[2024-06-05T00:23:41.487+0800] {logging_mixin.py:188} INFO - [2024-06-05T00:23:41.487+0800] {dag.py:3096} INFO - Sync 1 DAGs
[2024-06-05T00:23:41.496+0800] {logging_mixin.py:188} INFO - [2024-06-05T00:23:41.496+0800] {dag.py:3954} INFO - Setting next_dagrun for example_params_ui_tutorial to None, run_after=None
[2024-06-05T00:23:41.573+0800] {processor.py:183} INFO - Processing /home/ryanng/.local/lib/python3.10/site-packages/airflow/example_dags/example_params_ui_tutorial.py took 0.205 seconds
[2024-06-05T00:24:37.585+0800] {processor.py:161} INFO - Started process (PID=1231) to work on /home/ryanng/.local/lib/python3.10/site-packages/airflow/example_dags/example_params_ui_tutorial.py
[2024-06-05T00:24:37.586+0800] {processor.py:830} INFO - Processing file /home/ryanng/.local/lib/python3.10/site-packages/airflow/example_dags/example_params_ui_tutorial.py for tasks to queue
[2024-06-05T00:24:37.587+0800] {logging_mixin.py:188} INFO - [2024-06-05T00:24:37.587+0800] {dagbag.py:545} INFO - Filling up the DagBag from /home/ryanng/.local/lib/python3.10/site-packages/airflow/example_dags/example_params_ui_tutorial.py
[2024-06-05T00:24:37.593+0800] {processor.py:840} INFO - DAG(s) 'example_params_ui_tutorial' retrieved from /home/ryanng/.local/lib/python3.10/site-packages/airflow/example_dags/example_params_ui_tutorial.py
[2024-06-05T00:24:37.620+0800] {logging_mixin.py:188} INFO - [2024-06-05T00:24:37.620+0800] {dag.py:3096} INFO - Sync 1 DAGs
[2024-06-05T00:24:37.627+0800] {logging_mixin.py:188} INFO - [2024-06-05T00:24:37.627+0800] {dag.py:3954} INFO - Setting next_dagrun for example_params_ui_tutorial to None, run_after=None
[2024-06-05T00:24:37.662+0800] {processor.py:183} INFO - Processing /home/ryanng/.local/lib/python3.10/site-packages/airflow/example_dags/example_params_ui_tutorial.py took 0.079 seconds
[2024-06-05T00:25:28.169+0800] {processor.py:161} INFO - Started process (PID=1497) to work on /home/ryanng/.local/lib/python3.10/site-packages/airflow/example_dags/example_params_ui_tutorial.py
[2024-06-05T00:25:28.170+0800] {processor.py:830} INFO - Processing file /home/ryanng/.local/lib/python3.10/site-packages/airflow/example_dags/example_params_ui_tutorial.py for tasks to queue
[2024-06-05T00:25:28.171+0800] {logging_mixin.py:188} INFO - [2024-06-05T00:25:28.171+0800] {dagbag.py:545} INFO - Filling up the DagBag from /home/ryanng/.local/lib/python3.10/site-packages/airflow/example_dags/example_params_ui_tutorial.py
[2024-06-05T00:25:28.178+0800] {processor.py:840} INFO - DAG(s) 'example_params_ui_tutorial' retrieved from /home/ryanng/.local/lib/python3.10/site-packages/airflow/example_dags/example_params_ui_tutorial.py
[2024-06-05T00:25:28.204+0800] {logging_mixin.py:188} INFO - [2024-06-05T00:25:28.204+0800] {dag.py:3096} INFO - Sync 1 DAGs
[2024-06-05T00:25:28.211+0800] {logging_mixin.py:188} INFO - [2024-06-05T00:25:28.211+0800] {dag.py:3954} INFO - Setting next_dagrun for example_params_ui_tutorial to None, run_after=None
[2024-06-05T00:25:28.260+0800] {processor.py:183} INFO - Processing /home/ryanng/.local/lib/python3.10/site-packages/airflow/example_dags/example_params_ui_tutorial.py took 0.095 seconds
[2024-06-05T00:26:16.765+0800] {processor.py:161} INFO - Started process (PID=1738) to work on /home/ryanng/.local/lib/python3.10/site-packages/airflow/example_dags/example_params_ui_tutorial.py
[2024-06-05T00:26:16.766+0800] {processor.py:830} INFO - Processing file /home/ryanng/.local/lib/python3.10/site-packages/airflow/example_dags/example_params_ui_tutorial.py for tasks to queue
[2024-06-05T00:26:16.767+0800] {logging_mixin.py:188} INFO - [2024-06-05T00:26:16.767+0800] {dagbag.py:545} INFO - Filling up the DagBag from /home/ryanng/.local/lib/python3.10/site-packages/airflow/example_dags/example_params_ui_tutorial.py
[2024-06-05T00:26:16.774+0800] {processor.py:840} INFO - DAG(s) 'example_params_ui_tutorial' retrieved from /home/ryanng/.local/lib/python3.10/site-packages/airflow/example_dags/example_params_ui_tutorial.py
[2024-06-05T00:26:16.800+0800] {logging_mixin.py:188} INFO - [2024-06-05T00:26:16.800+0800] {dag.py:3096} INFO - Sync 1 DAGs
[2024-06-05T00:26:16.808+0800] {logging_mixin.py:188} INFO - [2024-06-05T00:26:16.808+0800] {dag.py:3954} INFO - Setting next_dagrun for example_params_ui_tutorial to None, run_after=None
[2024-06-05T00:26:16.839+0800] {processor.py:183} INFO - Processing /home/ryanng/.local/lib/python3.10/site-packages/airflow/example_dags/example_params_ui_tutorial.py took 0.077 seconds
[2024-06-05T00:27:02.375+0800] {processor.py:161} INFO - Started process (PID=1983) to work on /home/ryanng/.local/lib/python3.10/site-packages/airflow/example_dags/example_params_ui_tutorial.py
[2024-06-05T00:27:02.376+0800] {processor.py:830} INFO - Processing file /home/ryanng/.local/lib/python3.10/site-packages/airflow/example_dags/example_params_ui_tutorial.py for tasks to queue
[2024-06-05T00:27:02.377+0800] {logging_mixin.py:188} INFO - [2024-06-05T00:27:02.377+0800] {dagbag.py:545} INFO - Filling up the DagBag from /home/ryanng/.local/lib/python3.10/site-packages/airflow/example_dags/example_params_ui_tutorial.py
[2024-06-05T00:27:02.383+0800] {processor.py:840} INFO - DAG(s) 'example_params_ui_tutorial' retrieved from /home/ryanng/.local/lib/python3.10/site-packages/airflow/example_dags/example_params_ui_tutorial.py
[2024-06-05T00:27:02.411+0800] {logging_mixin.py:188} INFO - [2024-06-05T00:27:02.410+0800] {dag.py:3096} INFO - Sync 1 DAGs
[2024-06-05T00:27:02.418+0800] {logging_mixin.py:188} INFO - [2024-06-05T00:27:02.418+0800] {dag.py:3954} INFO - Setting next_dagrun for example_params_ui_tutorial to None, run_after=None
[2024-06-05T00:27:02.463+0800] {processor.py:183} INFO - Processing /home/ryanng/.local/lib/python3.10/site-packages/airflow/example_dags/example_params_ui_tutorial.py took 0.092 seconds
[2024-06-05T00:28:31.592+0800] {processor.py:161} INFO - Started process (PID=2438) to work on /home/ryanng/.local/lib/python3.10/site-packages/airflow/example_dags/example_params_ui_tutorial.py
[2024-06-05T00:28:31.592+0800] {processor.py:830} INFO - Processing file /home/ryanng/.local/lib/python3.10/site-packages/airflow/example_dags/example_params_ui_tutorial.py for tasks to queue
[2024-06-05T00:28:31.593+0800] {logging_mixin.py:188} INFO - [2024-06-05T00:28:31.593+0800] {dagbag.py:545} INFO - Filling up the DagBag from /home/ryanng/.local/lib/python3.10/site-packages/airflow/example_dags/example_params_ui_tutorial.py
[2024-06-05T00:28:31.602+0800] {processor.py:840} INFO - DAG(s) 'example_params_ui_tutorial' retrieved from /home/ryanng/.local/lib/python3.10/site-packages/airflow/example_dags/example_params_ui_tutorial.py
[2024-06-05T00:28:31.631+0800] {logging_mixin.py:188} INFO - [2024-06-05T00:28:31.631+0800] {dag.py:3096} INFO - Sync 1 DAGs
[2024-06-05T00:28:31.638+0800] {logging_mixin.py:188} INFO - [2024-06-05T00:28:31.638+0800] {dag.py:3954} INFO - Setting next_dagrun for example_params_ui_tutorial to None, run_after=None
[2024-06-05T00:28:31.670+0800] {processor.py:183} INFO - Processing /home/ryanng/.local/lib/python3.10/site-packages/airflow/example_dags/example_params_ui_tutorial.py took 0.082 seconds
[2024-06-05T00:29:26.731+0800] {processor.py:161} INFO - Started process (PID=2723) to work on /home/ryanng/.local/lib/python3.10/site-packages/airflow/example_dags/example_params_ui_tutorial.py
[2024-06-05T00:29:26.732+0800] {processor.py:830} INFO - Processing file /home/ryanng/.local/lib/python3.10/site-packages/airflow/example_dags/example_params_ui_tutorial.py for tasks to queue
[2024-06-05T00:29:26.734+0800] {logging_mixin.py:188} INFO - [2024-06-05T00:29:26.733+0800] {dagbag.py:545} INFO - Filling up the DagBag from /home/ryanng/.local/lib/python3.10/site-packages/airflow/example_dags/example_params_ui_tutorial.py
[2024-06-05T00:29:26.741+0800] {processor.py:840} INFO - DAG(s) 'example_params_ui_tutorial' retrieved from /home/ryanng/.local/lib/python3.10/site-packages/airflow/example_dags/example_params_ui_tutorial.py
[2024-06-05T00:29:26.773+0800] {logging_mixin.py:188} INFO - [2024-06-05T00:29:26.773+0800] {dag.py:3096} INFO - Sync 1 DAGs
[2024-06-05T00:29:26.781+0800] {logging_mixin.py:188} INFO - [2024-06-05T00:29:26.781+0800] {dag.py:3954} INFO - Setting next_dagrun for example_params_ui_tutorial to None, run_after=None
[2024-06-05T00:29:26.836+0800] {processor.py:183} INFO - Processing /home/ryanng/.local/lib/python3.10/site-packages/airflow/example_dags/example_params_ui_tutorial.py took 0.110 seconds
[2024-06-05T00:30:15.103+0800] {processor.py:161} INFO - Started process (PID=2979) to work on /home/ryanng/.local/lib/python3.10/site-packages/airflow/example_dags/example_params_ui_tutorial.py
[2024-06-05T00:30:15.104+0800] {processor.py:830} INFO - Processing file /home/ryanng/.local/lib/python3.10/site-packages/airflow/example_dags/example_params_ui_tutorial.py for tasks to queue
[2024-06-05T00:30:15.105+0800] {logging_mixin.py:188} INFO - [2024-06-05T00:30:15.105+0800] {dagbag.py:545} INFO - Filling up the DagBag from /home/ryanng/.local/lib/python3.10/site-packages/airflow/example_dags/example_params_ui_tutorial.py
[2024-06-05T00:30:15.113+0800] {processor.py:840} INFO - DAG(s) 'example_params_ui_tutorial' retrieved from /home/ryanng/.local/lib/python3.10/site-packages/airflow/example_dags/example_params_ui_tutorial.py
[2024-06-05T00:30:15.140+0800] {logging_mixin.py:188} INFO - [2024-06-05T00:30:15.140+0800] {dag.py:3096} INFO - Sync 1 DAGs
[2024-06-05T00:30:15.147+0800] {logging_mixin.py:188} INFO - [2024-06-05T00:30:15.147+0800] {dag.py:3954} INFO - Setting next_dagrun for example_params_ui_tutorial to None, run_after=None
[2024-06-05T00:30:15.179+0800] {processor.py:183} INFO - Processing /home/ryanng/.local/lib/python3.10/site-packages/airflow/example_dags/example_params_ui_tutorial.py took 0.080 seconds
[2024-06-05T00:31:51.539+0800] {processor.py:161} INFO - Started process (PID=3496) to work on /home/ryanng/.local/lib/python3.10/site-packages/airflow/example_dags/example_params_ui_tutorial.py
[2024-06-05T00:31:51.540+0800] {processor.py:830} INFO - Processing file /home/ryanng/.local/lib/python3.10/site-packages/airflow/example_dags/example_params_ui_tutorial.py for tasks to queue
[2024-06-05T00:31:51.541+0800] {logging_mixin.py:188} INFO - [2024-06-05T00:31:51.541+0800] {dagbag.py:545} INFO - Filling up the DagBag from /home/ryanng/.local/lib/python3.10/site-packages/airflow/example_dags/example_params_ui_tutorial.py
[2024-06-05T00:31:51.550+0800] {processor.py:840} INFO - DAG(s) 'example_params_ui_tutorial' retrieved from /home/ryanng/.local/lib/python3.10/site-packages/airflow/example_dags/example_params_ui_tutorial.py
[2024-06-05T00:31:51.582+0800] {logging_mixin.py:188} INFO - [2024-06-05T00:31:51.582+0800] {dag.py:3096} INFO - Sync 1 DAGs
[2024-06-05T00:31:51.591+0800] {logging_mixin.py:188} INFO - [2024-06-05T00:31:51.590+0800] {dag.py:3954} INFO - Setting next_dagrun for example_params_ui_tutorial to None, run_after=None
[2024-06-05T00:31:51.655+0800] {processor.py:183} INFO - Processing /home/ryanng/.local/lib/python3.10/site-packages/airflow/example_dags/example_params_ui_tutorial.py took 0.120 seconds
