[2024-06-05T00:20:51.722+0800] {processor.py:161} INFO - Started process (PID=2905) to work on /home/ryanng/.local/lib/python3.10/site-packages/airflow/example_dags/example_datasets.py
[2024-06-05T00:20:51.722+0800] {processor.py:830} INFO - Processing file /home/ryanng/.local/lib/python3.10/site-packages/airflow/example_dags/example_datasets.py for tasks to queue
[2024-06-05T00:20:51.723+0800] {logging_mixin.py:188} INFO - [2024-06-05T00:20:51.723+0800] {dagbag.py:545} INFO - Filling up the DagBag from /home/ryanng/.local/lib/python3.10/site-packages/airflow/example_dags/example_datasets.py
[2024-06-05T00:20:51.734+0800] {processor.py:840} INFO - DAG(s) 'dataset_produces_1', 'dataset_consumes_1', 'consume_1_or_both_2_and_3_with_dataset_expressions', 'dataset_consumes_1_and_2', 'dataset_consumes_unknown_never_scheduled', 'dataset_consumes_1_never_scheduled', 'dataset_produces_2', 'consume_1_or_2_with_dataset_expressions', 'conditional_dataset_and_time_based_timetable', 'consume_1_and_2_with_dataset_expressions' retrieved from /home/ryanng/.local/lib/python3.10/site-packages/airflow/example_dags/example_datasets.py
[2024-06-05T00:20:51.924+0800] {logging_mixin.py:188} INFO - [2024-06-05T00:20:51.923+0800] {dag.py:3096} INFO - Sync 10 DAGs
[2024-06-05T00:20:51.938+0800] {logging_mixin.py:188} INFO - [2024-06-05T00:20:51.938+0800] {dag.py:3954} INFO - Setting next_dagrun for conditional_dataset_and_time_based_timetable to 2024-05-29T01:00:00+00:00, run_after=2024-05-29T01:00:00+00:00
[2024-06-05T00:20:51.940+0800] {logging_mixin.py:188} INFO - [2024-06-05T00:20:51.940+0800] {dag.py:3954} INFO - Setting next_dagrun for consume_1_and_2_with_dataset_expressions to None, run_after=None
[2024-06-05T00:20:51.942+0800] {logging_mixin.py:188} INFO - [2024-06-05T00:20:51.942+0800] {dag.py:3954} INFO - Setting next_dagrun for consume_1_or_2_with_dataset_expressions to None, run_after=None
[2024-06-05T00:20:51.943+0800] {logging_mixin.py:188} INFO - [2024-06-05T00:20:51.943+0800] {dag.py:3954} INFO - Setting next_dagrun for consume_1_or_both_2_and_3_with_dataset_expressions to None, run_after=None
[2024-06-05T00:20:51.944+0800] {logging_mixin.py:188} INFO - [2024-06-05T00:20:51.944+0800] {dag.py:3954} INFO - Setting next_dagrun for dataset_consumes_1 to None, run_after=None
[2024-06-05T00:20:51.946+0800] {logging_mixin.py:188} INFO - [2024-06-05T00:20:51.946+0800] {dag.py:3954} INFO - Setting next_dagrun for dataset_consumes_1_and_2 to None, run_after=None
[2024-06-05T00:20:51.947+0800] {logging_mixin.py:188} INFO - [2024-06-05T00:20:51.947+0800] {dag.py:3954} INFO - Setting next_dagrun for dataset_consumes_1_never_scheduled to None, run_after=None
[2024-06-05T00:20:51.948+0800] {logging_mixin.py:188} INFO - [2024-06-05T00:20:51.948+0800] {dag.py:3954} INFO - Setting next_dagrun for dataset_consumes_unknown_never_scheduled to None, run_after=None
[2024-06-05T00:20:51.950+0800] {logging_mixin.py:188} INFO - [2024-06-05T00:20:51.950+0800] {dag.py:3954} INFO - Setting next_dagrun for dataset_produces_1 to 2024-06-03T00:00:00+00:00, run_after=2024-06-04T00:00:00+00:00
[2024-06-05T00:20:51.951+0800] {logging_mixin.py:188} INFO - [2024-06-05T00:20:51.951+0800] {dag.py:3954} INFO - Setting next_dagrun for dataset_produces_2 to None, run_after=None
[2024-06-05T00:20:52.001+0800] {processor.py:183} INFO - Processing /home/ryanng/.local/lib/python3.10/site-packages/airflow/example_dags/example_datasets.py took 0.282 seconds
[2024-06-05T00:23:36.154+0800] {processor.py:161} INFO - Started process (PID=904) to work on /home/ryanng/.local/lib/python3.10/site-packages/airflow/example_dags/example_datasets.py
[2024-06-05T00:23:36.156+0800] {processor.py:830} INFO - Processing file /home/ryanng/.local/lib/python3.10/site-packages/airflow/example_dags/example_datasets.py for tasks to queue
[2024-06-05T00:23:36.158+0800] {logging_mixin.py:188} INFO - [2024-06-05T00:23:36.157+0800] {dagbag.py:545} INFO - Filling up the DagBag from /home/ryanng/.local/lib/python3.10/site-packages/airflow/example_dags/example_datasets.py
[2024-06-05T00:23:36.168+0800] {processor.py:840} INFO - DAG(s) 'dataset_consumes_1_never_scheduled', 'dataset_produces_1', 'consume_1_and_2_with_dataset_expressions', 'consume_1_or_2_with_dataset_expressions', 'dataset_consumes_unknown_never_scheduled', 'dataset_consumes_1_and_2', 'dataset_consumes_1', 'conditional_dataset_and_time_based_timetable', 'consume_1_or_both_2_and_3_with_dataset_expressions', 'dataset_produces_2' retrieved from /home/ryanng/.local/lib/python3.10/site-packages/airflow/example_dags/example_datasets.py
[2024-06-05T00:23:36.231+0800] {logging_mixin.py:188} INFO - [2024-06-05T00:23:36.231+0800] {dag.py:3096} INFO - Sync 10 DAGs
[2024-06-05T00:23:36.251+0800] {logging_mixin.py:188} INFO - [2024-06-05T00:23:36.251+0800] {dag.py:3954} INFO - Setting next_dagrun for conditional_dataset_and_time_based_timetable to 2024-05-29T01:00:00+00:00, run_after=2024-05-29T01:00:00+00:00
[2024-06-05T00:23:36.254+0800] {logging_mixin.py:188} INFO - [2024-06-05T00:23:36.254+0800] {dag.py:3954} INFO - Setting next_dagrun for consume_1_and_2_with_dataset_expressions to None, run_after=None
[2024-06-05T00:23:36.256+0800] {logging_mixin.py:188} INFO - [2024-06-05T00:23:36.256+0800] {dag.py:3954} INFO - Setting next_dagrun for consume_1_or_2_with_dataset_expressions to None, run_after=None
[2024-06-05T00:23:36.258+0800] {logging_mixin.py:188} INFO - [2024-06-05T00:23:36.258+0800] {dag.py:3954} INFO - Setting next_dagrun for consume_1_or_both_2_and_3_with_dataset_expressions to None, run_after=None
[2024-06-05T00:23:36.259+0800] {logging_mixin.py:188} INFO - [2024-06-05T00:23:36.259+0800] {dag.py:3954} INFO - Setting next_dagrun for dataset_consumes_1 to None, run_after=None
[2024-06-05T00:23:36.263+0800] {logging_mixin.py:188} INFO - [2024-06-05T00:23:36.263+0800] {dag.py:3954} INFO - Setting next_dagrun for dataset_consumes_1_and_2 to None, run_after=None
[2024-06-05T00:23:36.273+0800] {logging_mixin.py:188} INFO - [2024-06-05T00:23:36.272+0800] {dag.py:3954} INFO - Setting next_dagrun for dataset_consumes_1_never_scheduled to None, run_after=None
[2024-06-05T00:23:36.276+0800] {logging_mixin.py:188} INFO - [2024-06-05T00:23:36.276+0800] {dag.py:3954} INFO - Setting next_dagrun for dataset_consumes_unknown_never_scheduled to None, run_after=None
[2024-06-05T00:23:36.279+0800] {logging_mixin.py:188} INFO - [2024-06-05T00:23:36.279+0800] {dag.py:3954} INFO - Setting next_dagrun for dataset_produces_1 to 2024-06-03T00:00:00+00:00, run_after=2024-06-04T00:00:00+00:00
[2024-06-05T00:23:36.284+0800] {logging_mixin.py:188} INFO - [2024-06-05T00:23:36.284+0800] {dag.py:3954} INFO - Setting next_dagrun for dataset_produces_2 to None, run_after=None
[2024-06-05T00:23:36.360+0800] {processor.py:183} INFO - Processing /home/ryanng/.local/lib/python3.10/site-packages/airflow/example_dags/example_datasets.py took 0.209 seconds
[2024-06-05T00:24:32.406+0800] {processor.py:161} INFO - Started process (PID=1206) to work on /home/ryanng/.local/lib/python3.10/site-packages/airflow/example_dags/example_datasets.py
[2024-06-05T00:24:32.407+0800] {processor.py:830} INFO - Processing file /home/ryanng/.local/lib/python3.10/site-packages/airflow/example_dags/example_datasets.py for tasks to queue
[2024-06-05T00:24:32.408+0800] {logging_mixin.py:188} INFO - [2024-06-05T00:24:32.408+0800] {dagbag.py:545} INFO - Filling up the DagBag from /home/ryanng/.local/lib/python3.10/site-packages/airflow/example_dags/example_datasets.py
[2024-06-05T00:24:32.415+0800] {processor.py:840} INFO - DAG(s) 'dataset_produces_1', 'dataset_consumes_unknown_never_scheduled', 'consume_1_or_both_2_and_3_with_dataset_expressions', 'dataset_consumes_1_never_scheduled', 'consume_1_and_2_with_dataset_expressions', 'dataset_consumes_1_and_2', 'conditional_dataset_and_time_based_timetable', 'consume_1_or_2_with_dataset_expressions', 'dataset_produces_2', 'dataset_consumes_1' retrieved from /home/ryanng/.local/lib/python3.10/site-packages/airflow/example_dags/example_datasets.py
[2024-06-05T00:24:32.453+0800] {logging_mixin.py:188} INFO - [2024-06-05T00:24:32.453+0800] {dag.py:3096} INFO - Sync 10 DAGs
[2024-06-05T00:24:32.468+0800] {logging_mixin.py:188} INFO - [2024-06-05T00:24:32.468+0800] {dag.py:3954} INFO - Setting next_dagrun for conditional_dataset_and_time_based_timetable to 2024-05-29T01:00:00+00:00, run_after=2024-05-29T01:00:00+00:00
[2024-06-05T00:24:32.471+0800] {logging_mixin.py:188} INFO - [2024-06-05T00:24:32.471+0800] {dag.py:3954} INFO - Setting next_dagrun for consume_1_and_2_with_dataset_expressions to None, run_after=None
[2024-06-05T00:24:32.472+0800] {logging_mixin.py:188} INFO - [2024-06-05T00:24:32.472+0800] {dag.py:3954} INFO - Setting next_dagrun for consume_1_or_2_with_dataset_expressions to None, run_after=None
[2024-06-05T00:24:32.473+0800] {logging_mixin.py:188} INFO - [2024-06-05T00:24:32.473+0800] {dag.py:3954} INFO - Setting next_dagrun for consume_1_or_both_2_and_3_with_dataset_expressions to None, run_after=None
[2024-06-05T00:24:32.475+0800] {logging_mixin.py:188} INFO - [2024-06-05T00:24:32.475+0800] {dag.py:3954} INFO - Setting next_dagrun for dataset_consumes_1 to None, run_after=None
[2024-06-05T00:24:32.476+0800] {logging_mixin.py:188} INFO - [2024-06-05T00:24:32.476+0800] {dag.py:3954} INFO - Setting next_dagrun for dataset_consumes_1_and_2 to None, run_after=None
[2024-06-05T00:24:32.477+0800] {logging_mixin.py:188} INFO - [2024-06-05T00:24:32.477+0800] {dag.py:3954} INFO - Setting next_dagrun for dataset_consumes_1_never_scheduled to None, run_after=None
[2024-06-05T00:24:32.478+0800] {logging_mixin.py:188} INFO - [2024-06-05T00:24:32.478+0800] {dag.py:3954} INFO - Setting next_dagrun for dataset_consumes_unknown_never_scheduled to None, run_after=None
[2024-06-05T00:24:32.480+0800] {logging_mixin.py:188} INFO - [2024-06-05T00:24:32.480+0800] {dag.py:3954} INFO - Setting next_dagrun for dataset_produces_1 to 2024-06-03T00:00:00+00:00, run_after=2024-06-04T00:00:00+00:00
[2024-06-05T00:24:32.481+0800] {logging_mixin.py:188} INFO - [2024-06-05T00:24:32.481+0800] {dag.py:3954} INFO - Setting next_dagrun for dataset_produces_2 to None, run_after=None
[2024-06-05T00:24:32.605+0800] {processor.py:183} INFO - Processing /home/ryanng/.local/lib/python3.10/site-packages/airflow/example_dags/example_datasets.py took 0.202 seconds
[2024-06-05T00:25:23.204+0800] {processor.py:161} INFO - Started process (PID=1473) to work on /home/ryanng/.local/lib/python3.10/site-packages/airflow/example_dags/example_datasets.py
[2024-06-05T00:25:23.204+0800] {processor.py:830} INFO - Processing file /home/ryanng/.local/lib/python3.10/site-packages/airflow/example_dags/example_datasets.py for tasks to queue
[2024-06-05T00:25:23.205+0800] {logging_mixin.py:188} INFO - [2024-06-05T00:25:23.205+0800] {dagbag.py:545} INFO - Filling up the DagBag from /home/ryanng/.local/lib/python3.10/site-packages/airflow/example_dags/example_datasets.py
[2024-06-05T00:25:23.212+0800] {processor.py:840} INFO - DAG(s) 'conditional_dataset_and_time_based_timetable', 'dataset_consumes_unknown_never_scheduled', 'dataset_consumes_1_and_2', 'consume_1_and_2_with_dataset_expressions', 'dataset_produces_2', 'dataset_consumes_1', 'dataset_produces_1', 'consume_1_or_both_2_and_3_with_dataset_expressions', 'dataset_consumes_1_never_scheduled', 'consume_1_or_2_with_dataset_expressions' retrieved from /home/ryanng/.local/lib/python3.10/site-packages/airflow/example_dags/example_datasets.py
[2024-06-05T00:25:23.249+0800] {logging_mixin.py:188} INFO - [2024-06-05T00:25:23.249+0800] {dag.py:3096} INFO - Sync 10 DAGs
[2024-06-05T00:25:23.266+0800] {logging_mixin.py:188} INFO - [2024-06-05T00:25:23.266+0800] {dag.py:3954} INFO - Setting next_dagrun for conditional_dataset_and_time_based_timetable to 2024-05-29T01:00:00+00:00, run_after=2024-05-29T01:00:00+00:00
[2024-06-05T00:25:23.269+0800] {logging_mixin.py:188} INFO - [2024-06-05T00:25:23.269+0800] {dag.py:3954} INFO - Setting next_dagrun for consume_1_and_2_with_dataset_expressions to None, run_after=None
[2024-06-05T00:25:23.270+0800] {logging_mixin.py:188} INFO - [2024-06-05T00:25:23.270+0800] {dag.py:3954} INFO - Setting next_dagrun for consume_1_or_2_with_dataset_expressions to None, run_after=None
[2024-06-05T00:25:23.272+0800] {logging_mixin.py:188} INFO - [2024-06-05T00:25:23.272+0800] {dag.py:3954} INFO - Setting next_dagrun for consume_1_or_both_2_and_3_with_dataset_expressions to None, run_after=None
[2024-06-05T00:25:23.273+0800] {logging_mixin.py:188} INFO - [2024-06-05T00:25:23.273+0800] {dag.py:3954} INFO - Setting next_dagrun for dataset_consumes_1 to None, run_after=None
[2024-06-05T00:25:23.274+0800] {logging_mixin.py:188} INFO - [2024-06-05T00:25:23.274+0800] {dag.py:3954} INFO - Setting next_dagrun for dataset_consumes_1_and_2 to None, run_after=None
[2024-06-05T00:25:23.275+0800] {logging_mixin.py:188} INFO - [2024-06-05T00:25:23.275+0800] {dag.py:3954} INFO - Setting next_dagrun for dataset_consumes_1_never_scheduled to None, run_after=None
[2024-06-05T00:25:23.277+0800] {logging_mixin.py:188} INFO - [2024-06-05T00:25:23.276+0800] {dag.py:3954} INFO - Setting next_dagrun for dataset_consumes_unknown_never_scheduled to None, run_after=None
[2024-06-05T00:25:23.278+0800] {logging_mixin.py:188} INFO - [2024-06-05T00:25:23.278+0800] {dag.py:3954} INFO - Setting next_dagrun for dataset_produces_1 to 2024-06-03T00:00:00+00:00, run_after=2024-06-04T00:00:00+00:00
[2024-06-05T00:25:23.280+0800] {logging_mixin.py:188} INFO - [2024-06-05T00:25:23.280+0800] {dag.py:3954} INFO - Setting next_dagrun for dataset_produces_2 to None, run_after=None
[2024-06-05T00:25:23.324+0800] {processor.py:183} INFO - Processing /home/ryanng/.local/lib/python3.10/site-packages/airflow/example_dags/example_datasets.py took 0.125 seconds
[2024-06-05T00:26:11.914+0800] {processor.py:161} INFO - Started process (PID=1714) to work on /home/ryanng/.local/lib/python3.10/site-packages/airflow/example_dags/example_datasets.py
[2024-06-05T00:26:11.915+0800] {processor.py:830} INFO - Processing file /home/ryanng/.local/lib/python3.10/site-packages/airflow/example_dags/example_datasets.py for tasks to queue
[2024-06-05T00:26:11.917+0800] {logging_mixin.py:188} INFO - [2024-06-05T00:26:11.917+0800] {dagbag.py:545} INFO - Filling up the DagBag from /home/ryanng/.local/lib/python3.10/site-packages/airflow/example_dags/example_datasets.py
[2024-06-05T00:26:11.925+0800] {processor.py:840} INFO - DAG(s) 'dataset_produces_1', 'dataset_produces_2', 'dataset_consumes_1_never_scheduled', 'consume_1_or_2_with_dataset_expressions', 'consume_1_or_both_2_and_3_with_dataset_expressions', 'dataset_consumes_unknown_never_scheduled', 'consume_1_and_2_with_dataset_expressions', 'dataset_consumes_1', 'dataset_consumes_1_and_2', 'conditional_dataset_and_time_based_timetable' retrieved from /home/ryanng/.local/lib/python3.10/site-packages/airflow/example_dags/example_datasets.py
[2024-06-05T00:26:11.993+0800] {logging_mixin.py:188} INFO - [2024-06-05T00:26:11.993+0800] {dag.py:3096} INFO - Sync 10 DAGs
[2024-06-05T00:26:12.018+0800] {logging_mixin.py:188} INFO - [2024-06-05T00:26:12.018+0800] {dag.py:3954} INFO - Setting next_dagrun for conditional_dataset_and_time_based_timetable to 2024-05-29T01:00:00+00:00, run_after=2024-05-29T01:00:00+00:00
[2024-06-05T00:26:12.024+0800] {logging_mixin.py:188} INFO - [2024-06-05T00:26:12.023+0800] {dag.py:3954} INFO - Setting next_dagrun for consume_1_and_2_with_dataset_expressions to None, run_after=None
[2024-06-05T00:26:12.027+0800] {logging_mixin.py:188} INFO - [2024-06-05T00:26:12.027+0800] {dag.py:3954} INFO - Setting next_dagrun for consume_1_or_2_with_dataset_expressions to None, run_after=None
[2024-06-05T00:26:12.031+0800] {logging_mixin.py:188} INFO - [2024-06-05T00:26:12.030+0800] {dag.py:3954} INFO - Setting next_dagrun for consume_1_or_both_2_and_3_with_dataset_expressions to None, run_after=None
[2024-06-05T00:26:12.033+0800] {logging_mixin.py:188} INFO - [2024-06-05T00:26:12.033+0800] {dag.py:3954} INFO - Setting next_dagrun for dataset_consumes_1 to None, run_after=None
[2024-06-05T00:26:12.036+0800] {logging_mixin.py:188} INFO - [2024-06-05T00:26:12.036+0800] {dag.py:3954} INFO - Setting next_dagrun for dataset_consumes_1_and_2 to None, run_after=None
[2024-06-05T00:26:12.040+0800] {logging_mixin.py:188} INFO - [2024-06-05T00:26:12.040+0800] {dag.py:3954} INFO - Setting next_dagrun for dataset_consumes_1_never_scheduled to None, run_after=None
[2024-06-05T00:26:12.047+0800] {logging_mixin.py:188} INFO - [2024-06-05T00:26:12.047+0800] {dag.py:3954} INFO - Setting next_dagrun for dataset_consumes_unknown_never_scheduled to None, run_after=None
[2024-06-05T00:26:12.050+0800] {logging_mixin.py:188} INFO - [2024-06-05T00:26:12.050+0800] {dag.py:3954} INFO - Setting next_dagrun for dataset_produces_1 to 2024-06-03T00:00:00+00:00, run_after=2024-06-04T00:00:00+00:00
[2024-06-05T00:26:12.053+0800] {logging_mixin.py:188} INFO - [2024-06-05T00:26:12.053+0800] {dag.py:3954} INFO - Setting next_dagrun for dataset_produces_2 to None, run_after=None
[2024-06-05T00:26:12.159+0800] {processor.py:183} INFO - Processing /home/ryanng/.local/lib/python3.10/site-packages/airflow/example_dags/example_datasets.py took 0.248 seconds
[2024-06-05T00:26:57.295+0800] {processor.py:161} INFO - Started process (PID=1955) to work on /home/ryanng/.local/lib/python3.10/site-packages/airflow/example_dags/example_datasets.py
[2024-06-05T00:26:57.296+0800] {processor.py:830} INFO - Processing file /home/ryanng/.local/lib/python3.10/site-packages/airflow/example_dags/example_datasets.py for tasks to queue
[2024-06-05T00:26:57.297+0800] {logging_mixin.py:188} INFO - [2024-06-05T00:26:57.297+0800] {dagbag.py:545} INFO - Filling up the DagBag from /home/ryanng/.local/lib/python3.10/site-packages/airflow/example_dags/example_datasets.py
[2024-06-05T00:26:57.304+0800] {processor.py:840} INFO - DAG(s) 'dataset_produces_2', 'consume_1_or_2_with_dataset_expressions', 'dataset_consumes_unknown_never_scheduled', 'consume_1_and_2_with_dataset_expressions', 'dataset_consumes_1_and_2', 'dataset_consumes_1', 'consume_1_or_both_2_and_3_with_dataset_expressions', 'conditional_dataset_and_time_based_timetable', 'dataset_consumes_1_never_scheduled', 'dataset_produces_1' retrieved from /home/ryanng/.local/lib/python3.10/site-packages/airflow/example_dags/example_datasets.py
[2024-06-05T00:26:57.341+0800] {logging_mixin.py:188} INFO - [2024-06-05T00:26:57.341+0800] {dag.py:3096} INFO - Sync 10 DAGs
[2024-06-05T00:26:57.356+0800] {logging_mixin.py:188} INFO - [2024-06-05T00:26:57.356+0800] {dag.py:3954} INFO - Setting next_dagrun for conditional_dataset_and_time_based_timetable to 2024-05-29T01:00:00+00:00, run_after=2024-05-29T01:00:00+00:00
[2024-06-05T00:26:57.358+0800] {logging_mixin.py:188} INFO - [2024-06-05T00:26:57.358+0800] {dag.py:3954} INFO - Setting next_dagrun for consume_1_and_2_with_dataset_expressions to None, run_after=None
[2024-06-05T00:26:57.360+0800] {logging_mixin.py:188} INFO - [2024-06-05T00:26:57.360+0800] {dag.py:3954} INFO - Setting next_dagrun for consume_1_or_2_with_dataset_expressions to None, run_after=None
[2024-06-05T00:26:57.362+0800] {logging_mixin.py:188} INFO - [2024-06-05T00:26:57.361+0800] {dag.py:3954} INFO - Setting next_dagrun for consume_1_or_both_2_and_3_with_dataset_expressions to None, run_after=None
[2024-06-05T00:26:57.363+0800] {logging_mixin.py:188} INFO - [2024-06-05T00:26:57.363+0800] {dag.py:3954} INFO - Setting next_dagrun for dataset_consumes_1 to None, run_after=None
[2024-06-05T00:26:57.365+0800] {logging_mixin.py:188} INFO - [2024-06-05T00:26:57.365+0800] {dag.py:3954} INFO - Setting next_dagrun for dataset_consumes_1_and_2 to None, run_after=None
[2024-06-05T00:26:57.366+0800] {logging_mixin.py:188} INFO - [2024-06-05T00:26:57.366+0800] {dag.py:3954} INFO - Setting next_dagrun for dataset_consumes_1_never_scheduled to None, run_after=None
[2024-06-05T00:26:57.367+0800] {logging_mixin.py:188} INFO - [2024-06-05T00:26:57.367+0800] {dag.py:3954} INFO - Setting next_dagrun for dataset_consumes_unknown_never_scheduled to None, run_after=None
[2024-06-05T00:26:57.370+0800] {logging_mixin.py:188} INFO - [2024-06-05T00:26:57.370+0800] {dag.py:3954} INFO - Setting next_dagrun for dataset_produces_1 to 2024-06-03T00:00:00+00:00, run_after=2024-06-04T00:00:00+00:00
[2024-06-05T00:26:57.371+0800] {logging_mixin.py:188} INFO - [2024-06-05T00:26:57.371+0800] {dag.py:3954} INFO - Setting next_dagrun for dataset_produces_2 to None, run_after=None
[2024-06-05T00:26:57.417+0800] {processor.py:183} INFO - Processing /home/ryanng/.local/lib/python3.10/site-packages/airflow/example_dags/example_datasets.py took 0.125 seconds
[2024-06-05T00:28:26.388+0800] {processor.py:161} INFO - Started process (PID=2412) to work on /home/ryanng/.local/lib/python3.10/site-packages/airflow/example_dags/example_datasets.py
[2024-06-05T00:28:26.388+0800] {processor.py:830} INFO - Processing file /home/ryanng/.local/lib/python3.10/site-packages/airflow/example_dags/example_datasets.py for tasks to queue
[2024-06-05T00:28:26.390+0800] {logging_mixin.py:188} INFO - [2024-06-05T00:28:26.389+0800] {dagbag.py:545} INFO - Filling up the DagBag from /home/ryanng/.local/lib/python3.10/site-packages/airflow/example_dags/example_datasets.py
[2024-06-05T00:28:26.399+0800] {processor.py:840} INFO - DAG(s) 'conditional_dataset_and_time_based_timetable', 'dataset_consumes_unknown_never_scheduled', 'dataset_consumes_1_never_scheduled', 'consume_1_and_2_with_dataset_expressions', 'consume_1_or_both_2_and_3_with_dataset_expressions', 'consume_1_or_2_with_dataset_expressions', 'dataset_consumes_1', 'dataset_produces_1', 'dataset_produces_2', 'dataset_consumes_1_and_2' retrieved from /home/ryanng/.local/lib/python3.10/site-packages/airflow/example_dags/example_datasets.py
[2024-06-05T00:28:26.449+0800] {logging_mixin.py:188} INFO - [2024-06-05T00:28:26.449+0800] {dag.py:3096} INFO - Sync 10 DAGs
[2024-06-05T00:28:26.465+0800] {logging_mixin.py:188} INFO - [2024-06-05T00:28:26.465+0800] {dag.py:3954} INFO - Setting next_dagrun for conditional_dataset_and_time_based_timetable to 2024-05-29T01:00:00+00:00, run_after=2024-05-29T01:00:00+00:00
[2024-06-05T00:28:26.468+0800] {logging_mixin.py:188} INFO - [2024-06-05T00:28:26.467+0800] {dag.py:3954} INFO - Setting next_dagrun for consume_1_and_2_with_dataset_expressions to None, run_after=None
[2024-06-05T00:28:26.469+0800] {logging_mixin.py:188} INFO - [2024-06-05T00:28:26.469+0800] {dag.py:3954} INFO - Setting next_dagrun for consume_1_or_2_with_dataset_expressions to None, run_after=None
[2024-06-05T00:28:26.471+0800] {logging_mixin.py:188} INFO - [2024-06-05T00:28:26.471+0800] {dag.py:3954} INFO - Setting next_dagrun for consume_1_or_both_2_and_3_with_dataset_expressions to None, run_after=None
[2024-06-05T00:28:26.472+0800] {logging_mixin.py:188} INFO - [2024-06-05T00:28:26.472+0800] {dag.py:3954} INFO - Setting next_dagrun for dataset_consumes_1 to None, run_after=None
[2024-06-05T00:28:26.473+0800] {logging_mixin.py:188} INFO - [2024-06-05T00:28:26.473+0800] {dag.py:3954} INFO - Setting next_dagrun for dataset_consumes_1_and_2 to None, run_after=None
[2024-06-05T00:28:26.474+0800] {logging_mixin.py:188} INFO - [2024-06-05T00:28:26.474+0800] {dag.py:3954} INFO - Setting next_dagrun for dataset_consumes_1_never_scheduled to None, run_after=None
[2024-06-05T00:28:26.476+0800] {logging_mixin.py:188} INFO - [2024-06-05T00:28:26.476+0800] {dag.py:3954} INFO - Setting next_dagrun for dataset_consumes_unknown_never_scheduled to None, run_after=None
[2024-06-05T00:28:26.478+0800] {logging_mixin.py:188} INFO - [2024-06-05T00:28:26.478+0800] {dag.py:3954} INFO - Setting next_dagrun for dataset_produces_1 to 2024-06-03T00:00:00+00:00, run_after=2024-06-04T00:00:00+00:00
[2024-06-05T00:28:26.479+0800] {logging_mixin.py:188} INFO - [2024-06-05T00:28:26.479+0800] {dag.py:3954} INFO - Setting next_dagrun for dataset_produces_2 to None, run_after=None
[2024-06-05T00:28:26.542+0800] {processor.py:183} INFO - Processing /home/ryanng/.local/lib/python3.10/site-packages/airflow/example_dags/example_datasets.py took 0.158 seconds
[2024-06-05T00:29:21.299+0800] {processor.py:161} INFO - Started process (PID=2696) to work on /home/ryanng/.local/lib/python3.10/site-packages/airflow/example_dags/example_datasets.py
[2024-06-05T00:29:21.301+0800] {processor.py:830} INFO - Processing file /home/ryanng/.local/lib/python3.10/site-packages/airflow/example_dags/example_datasets.py for tasks to queue
[2024-06-05T00:29:21.304+0800] {logging_mixin.py:188} INFO - [2024-06-05T00:29:21.304+0800] {dagbag.py:545} INFO - Filling up the DagBag from /home/ryanng/.local/lib/python3.10/site-packages/airflow/example_dags/example_datasets.py
[2024-06-05T00:29:21.312+0800] {processor.py:840} INFO - DAG(s) 'consume_1_or_both_2_and_3_with_dataset_expressions', 'consume_1_or_2_with_dataset_expressions', 'dataset_consumes_1_and_2', 'dataset_produces_2', 'dataset_produces_1', 'conditional_dataset_and_time_based_timetable', 'consume_1_and_2_with_dataset_expressions', 'dataset_consumes_unknown_never_scheduled', 'dataset_consumes_1_never_scheduled', 'dataset_consumes_1' retrieved from /home/ryanng/.local/lib/python3.10/site-packages/airflow/example_dags/example_datasets.py
[2024-06-05T00:29:21.356+0800] {logging_mixin.py:188} INFO - [2024-06-05T00:29:21.356+0800] {dag.py:3096} INFO - Sync 10 DAGs
[2024-06-05T00:29:21.372+0800] {logging_mixin.py:188} INFO - [2024-06-05T00:29:21.372+0800] {dag.py:3954} INFO - Setting next_dagrun for conditional_dataset_and_time_based_timetable to 2024-05-29T01:00:00+00:00, run_after=2024-05-29T01:00:00+00:00
[2024-06-05T00:29:21.375+0800] {logging_mixin.py:188} INFO - [2024-06-05T00:29:21.375+0800] {dag.py:3954} INFO - Setting next_dagrun for consume_1_and_2_with_dataset_expressions to None, run_after=None
[2024-06-05T00:29:21.376+0800] {logging_mixin.py:188} INFO - [2024-06-05T00:29:21.376+0800] {dag.py:3954} INFO - Setting next_dagrun for consume_1_or_2_with_dataset_expressions to None, run_after=None
[2024-06-05T00:29:21.378+0800] {logging_mixin.py:188} INFO - [2024-06-05T00:29:21.377+0800] {dag.py:3954} INFO - Setting next_dagrun for consume_1_or_both_2_and_3_with_dataset_expressions to None, run_after=None
[2024-06-05T00:29:21.379+0800] {logging_mixin.py:188} INFO - [2024-06-05T00:29:21.379+0800] {dag.py:3954} INFO - Setting next_dagrun for dataset_consumes_1 to None, run_after=None
[2024-06-05T00:29:21.380+0800] {logging_mixin.py:188} INFO - [2024-06-05T00:29:21.380+0800] {dag.py:3954} INFO - Setting next_dagrun for dataset_consumes_1_and_2 to None, run_after=None
[2024-06-05T00:29:21.382+0800] {logging_mixin.py:188} INFO - [2024-06-05T00:29:21.381+0800] {dag.py:3954} INFO - Setting next_dagrun for dataset_consumes_1_never_scheduled to None, run_after=None
[2024-06-05T00:29:21.383+0800] {logging_mixin.py:188} INFO - [2024-06-05T00:29:21.383+0800] {dag.py:3954} INFO - Setting next_dagrun for dataset_consumes_unknown_never_scheduled to None, run_after=None
[2024-06-05T00:29:21.384+0800] {logging_mixin.py:188} INFO - [2024-06-05T00:29:21.384+0800] {dag.py:3954} INFO - Setting next_dagrun for dataset_produces_1 to 2024-06-03T00:00:00+00:00, run_after=2024-06-04T00:00:00+00:00
[2024-06-05T00:29:21.386+0800] {logging_mixin.py:188} INFO - [2024-06-05T00:29:21.386+0800] {dag.py:3954} INFO - Setting next_dagrun for dataset_produces_2 to None, run_after=None
[2024-06-05T00:29:21.490+0800] {processor.py:183} INFO - Processing /home/ryanng/.local/lib/python3.10/site-packages/airflow/example_dags/example_datasets.py took 0.194 seconds
[2024-06-05T00:30:09.928+0800] {processor.py:161} INFO - Started process (PID=2954) to work on /home/ryanng/.local/lib/python3.10/site-packages/airflow/example_dags/example_datasets.py
[2024-06-05T00:30:09.929+0800] {processor.py:830} INFO - Processing file /home/ryanng/.local/lib/python3.10/site-packages/airflow/example_dags/example_datasets.py for tasks to queue
[2024-06-05T00:30:09.931+0800] {logging_mixin.py:188} INFO - [2024-06-05T00:30:09.930+0800] {dagbag.py:545} INFO - Filling up the DagBag from /home/ryanng/.local/lib/python3.10/site-packages/airflow/example_dags/example_datasets.py
[2024-06-05T00:30:09.939+0800] {processor.py:840} INFO - DAG(s) 'dataset_consumes_1_and_2', 'consume_1_or_2_with_dataset_expressions', 'consume_1_or_both_2_and_3_with_dataset_expressions', 'consume_1_and_2_with_dataset_expressions', 'dataset_consumes_unknown_never_scheduled', 'dataset_produces_2', 'dataset_produces_1', 'dataset_consumes_1', 'conditional_dataset_and_time_based_timetable', 'dataset_consumes_1_never_scheduled' retrieved from /home/ryanng/.local/lib/python3.10/site-packages/airflow/example_dags/example_datasets.py
[2024-06-05T00:30:09.977+0800] {logging_mixin.py:188} INFO - [2024-06-05T00:30:09.977+0800] {dag.py:3096} INFO - Sync 10 DAGs
[2024-06-05T00:30:09.991+0800] {logging_mixin.py:188} INFO - [2024-06-05T00:30:09.991+0800] {dag.py:3954} INFO - Setting next_dagrun for conditional_dataset_and_time_based_timetable to 2024-05-29T01:00:00+00:00, run_after=2024-05-29T01:00:00+00:00
[2024-06-05T00:30:09.994+0800] {logging_mixin.py:188} INFO - [2024-06-05T00:30:09.994+0800] {dag.py:3954} INFO - Setting next_dagrun for consume_1_and_2_with_dataset_expressions to None, run_after=None
[2024-06-05T00:30:09.996+0800] {logging_mixin.py:188} INFO - [2024-06-05T00:30:09.996+0800] {dag.py:3954} INFO - Setting next_dagrun for consume_1_or_2_with_dataset_expressions to None, run_after=None
[2024-06-05T00:30:09.998+0800] {logging_mixin.py:188} INFO - [2024-06-05T00:30:09.998+0800] {dag.py:3954} INFO - Setting next_dagrun for consume_1_or_both_2_and_3_with_dataset_expressions to None, run_after=None
[2024-06-05T00:30:09.999+0800] {logging_mixin.py:188} INFO - [2024-06-05T00:30:09.999+0800] {dag.py:3954} INFO - Setting next_dagrun for dataset_consumes_1 to None, run_after=None
[2024-06-05T00:30:10.001+0800] {logging_mixin.py:188} INFO - [2024-06-05T00:30:10.001+0800] {dag.py:3954} INFO - Setting next_dagrun for dataset_consumes_1_and_2 to None, run_after=None
[2024-06-05T00:30:10.002+0800] {logging_mixin.py:188} INFO - [2024-06-05T00:30:10.002+0800] {dag.py:3954} INFO - Setting next_dagrun for dataset_consumes_1_never_scheduled to None, run_after=None
[2024-06-05T00:30:10.003+0800] {logging_mixin.py:188} INFO - [2024-06-05T00:30:10.003+0800] {dag.py:3954} INFO - Setting next_dagrun for dataset_consumes_unknown_never_scheduled to None, run_after=None
[2024-06-05T00:30:10.005+0800] {logging_mixin.py:188} INFO - [2024-06-05T00:30:10.005+0800] {dag.py:3954} INFO - Setting next_dagrun for dataset_produces_1 to 2024-06-03T00:00:00+00:00, run_after=2024-06-04T00:00:00+00:00
[2024-06-05T00:30:10.007+0800] {logging_mixin.py:188} INFO - [2024-06-05T00:30:10.007+0800] {dag.py:3954} INFO - Setting next_dagrun for dataset_produces_2 to None, run_after=None
[2024-06-05T00:30:10.053+0800] {processor.py:183} INFO - Processing /home/ryanng/.local/lib/python3.10/site-packages/airflow/example_dags/example_datasets.py took 0.128 seconds
[2024-06-05T00:30:55.356+0800] {processor.py:161} INFO - Started process (PID=3180) to work on /home/ryanng/.local/lib/python3.10/site-packages/airflow/example_dags/example_datasets.py
[2024-06-05T00:30:55.357+0800] {processor.py:830} INFO - Processing file /home/ryanng/.local/lib/python3.10/site-packages/airflow/example_dags/example_datasets.py for tasks to queue
[2024-06-05T00:30:55.358+0800] {logging_mixin.py:188} INFO - [2024-06-05T00:30:55.358+0800] {dagbag.py:545} INFO - Filling up the DagBag from /home/ryanng/.local/lib/python3.10/site-packages/airflow/example_dags/example_datasets.py
[2024-06-05T00:30:55.365+0800] {processor.py:840} INFO - DAG(s) 'dataset_produces_1', 'dataset_consumes_1_and_2', 'conditional_dataset_and_time_based_timetable', 'dataset_consumes_unknown_never_scheduled', 'dataset_consumes_1', 'dataset_consumes_1_never_scheduled', 'consume_1_and_2_with_dataset_expressions', 'consume_1_or_both_2_and_3_with_dataset_expressions', 'dataset_produces_2', 'consume_1_or_2_with_dataset_expressions' retrieved from /home/ryanng/.local/lib/python3.10/site-packages/airflow/example_dags/example_datasets.py
[2024-06-05T00:30:55.416+0800] {logging_mixin.py:188} INFO - [2024-06-05T00:30:55.416+0800] {dag.py:3096} INFO - Sync 10 DAGs
[2024-06-05T00:30:55.433+0800] {logging_mixin.py:188} INFO - [2024-06-05T00:30:55.433+0800] {dag.py:3954} INFO - Setting next_dagrun for conditional_dataset_and_time_based_timetable to 2024-05-29T01:00:00+00:00, run_after=2024-05-29T01:00:00+00:00
[2024-06-05T00:30:55.437+0800] {logging_mixin.py:188} INFO - [2024-06-05T00:30:55.437+0800] {dag.py:3954} INFO - Setting next_dagrun for consume_1_and_2_with_dataset_expressions to None, run_after=None
[2024-06-05T00:30:55.438+0800] {logging_mixin.py:188} INFO - [2024-06-05T00:30:55.438+0800] {dag.py:3954} INFO - Setting next_dagrun for consume_1_or_2_with_dataset_expressions to None, run_after=None
[2024-06-05T00:30:55.440+0800] {logging_mixin.py:188} INFO - [2024-06-05T00:30:55.440+0800] {dag.py:3954} INFO - Setting next_dagrun for consume_1_or_both_2_and_3_with_dataset_expressions to None, run_after=None
[2024-06-05T00:30:55.441+0800] {logging_mixin.py:188} INFO - [2024-06-05T00:30:55.441+0800] {dag.py:3954} INFO - Setting next_dagrun for dataset_consumes_1 to None, run_after=None
[2024-06-05T00:30:55.442+0800] {logging_mixin.py:188} INFO - [2024-06-05T00:30:55.442+0800] {dag.py:3954} INFO - Setting next_dagrun for dataset_consumes_1_and_2 to None, run_after=None
[2024-06-05T00:30:55.444+0800] {logging_mixin.py:188} INFO - [2024-06-05T00:30:55.444+0800] {dag.py:3954} INFO - Setting next_dagrun for dataset_consumes_1_never_scheduled to None, run_after=None
[2024-06-05T00:30:55.445+0800] {logging_mixin.py:188} INFO - [2024-06-05T00:30:55.445+0800] {dag.py:3954} INFO - Setting next_dagrun for dataset_consumes_unknown_never_scheduled to None, run_after=None
[2024-06-05T00:30:55.447+0800] {logging_mixin.py:188} INFO - [2024-06-05T00:30:55.447+0800] {dag.py:3954} INFO - Setting next_dagrun for dataset_produces_1 to 2024-06-03T00:00:00+00:00, run_after=2024-06-04T00:00:00+00:00
[2024-06-05T00:30:55.449+0800] {logging_mixin.py:188} INFO - [2024-06-05T00:30:55.449+0800] {dag.py:3954} INFO - Setting next_dagrun for dataset_produces_2 to None, run_after=None
[2024-06-05T00:30:55.511+0800] {processor.py:183} INFO - Processing /home/ryanng/.local/lib/python3.10/site-packages/airflow/example_dags/example_datasets.py took 0.158 seconds
[2024-06-05T00:31:46.164+0800] {processor.py:161} INFO - Started process (PID=3468) to work on /home/ryanng/.local/lib/python3.10/site-packages/airflow/example_dags/example_datasets.py
[2024-06-05T00:31:46.165+0800] {processor.py:830} INFO - Processing file /home/ryanng/.local/lib/python3.10/site-packages/airflow/example_dags/example_datasets.py for tasks to queue
[2024-06-05T00:31:46.166+0800] {logging_mixin.py:188} INFO - [2024-06-05T00:31:46.166+0800] {dagbag.py:545} INFO - Filling up the DagBag from /home/ryanng/.local/lib/python3.10/site-packages/airflow/example_dags/example_datasets.py
[2024-06-05T00:31:46.174+0800] {processor.py:840} INFO - DAG(s) 'dataset_produces_2', 'consume_1_or_both_2_and_3_with_dataset_expressions', 'dataset_consumes_1_never_scheduled', 'dataset_produces_1', 'conditional_dataset_and_time_based_timetable', 'dataset_consumes_1_and_2', 'consume_1_or_2_with_dataset_expressions', 'dataset_consumes_1', 'consume_1_and_2_with_dataset_expressions', 'dataset_consumes_unknown_never_scheduled' retrieved from /home/ryanng/.local/lib/python3.10/site-packages/airflow/example_dags/example_datasets.py
[2024-06-05T00:31:46.222+0800] {logging_mixin.py:188} INFO - [2024-06-05T00:31:46.222+0800] {dag.py:3096} INFO - Sync 10 DAGs
[2024-06-05T00:31:46.245+0800] {logging_mixin.py:188} INFO - [2024-06-05T00:31:46.244+0800] {dag.py:3954} INFO - Setting next_dagrun for conditional_dataset_and_time_based_timetable to 2024-05-29T01:00:00+00:00, run_after=2024-05-29T01:00:00+00:00
[2024-06-05T00:31:46.248+0800] {logging_mixin.py:188} INFO - [2024-06-05T00:31:46.248+0800] {dag.py:3954} INFO - Setting next_dagrun for consume_1_and_2_with_dataset_expressions to None, run_after=None
[2024-06-05T00:31:46.250+0800] {logging_mixin.py:188} INFO - [2024-06-05T00:31:46.250+0800] {dag.py:3954} INFO - Setting next_dagrun for consume_1_or_2_with_dataset_expressions to None, run_after=None
[2024-06-05T00:31:46.252+0800] {logging_mixin.py:188} INFO - [2024-06-05T00:31:46.252+0800] {dag.py:3954} INFO - Setting next_dagrun for consume_1_or_both_2_and_3_with_dataset_expressions to None, run_after=None
[2024-06-05T00:31:46.254+0800] {logging_mixin.py:188} INFO - [2024-06-05T00:31:46.254+0800] {dag.py:3954} INFO - Setting next_dagrun for dataset_consumes_1 to None, run_after=None
[2024-06-05T00:31:46.255+0800] {logging_mixin.py:188} INFO - [2024-06-05T00:31:46.255+0800] {dag.py:3954} INFO - Setting next_dagrun for dataset_consumes_1_and_2 to None, run_after=None
[2024-06-05T00:31:46.257+0800] {logging_mixin.py:188} INFO - [2024-06-05T00:31:46.257+0800] {dag.py:3954} INFO - Setting next_dagrun for dataset_consumes_1_never_scheduled to None, run_after=None
[2024-06-05T00:31:46.259+0800] {logging_mixin.py:188} INFO - [2024-06-05T00:31:46.258+0800] {dag.py:3954} INFO - Setting next_dagrun for dataset_consumes_unknown_never_scheduled to None, run_after=None
[2024-06-05T00:31:46.261+0800] {logging_mixin.py:188} INFO - [2024-06-05T00:31:46.261+0800] {dag.py:3954} INFO - Setting next_dagrun for dataset_produces_1 to 2024-06-03T00:00:00+00:00, run_after=2024-06-04T00:00:00+00:00
[2024-06-05T00:31:46.263+0800] {logging_mixin.py:188} INFO - [2024-06-05T00:31:46.263+0800] {dag.py:3954} INFO - Setting next_dagrun for dataset_produces_2 to None, run_after=None
[2024-06-05T00:31:46.320+0800] {processor.py:183} INFO - Processing /home/ryanng/.local/lib/python3.10/site-packages/airflow/example_dags/example_datasets.py took 0.159 seconds
[2024-06-05T00:32:40.874+0800] {processor.py:161} INFO - Started process (PID=3850) to work on /home/ryanng/.local/lib/python3.10/site-packages/airflow/example_dags/example_datasets.py
[2024-06-05T00:32:40.875+0800] {processor.py:830} INFO - Processing file /home/ryanng/.local/lib/python3.10/site-packages/airflow/example_dags/example_datasets.py for tasks to queue
[2024-06-05T00:32:40.876+0800] {logging_mixin.py:188} INFO - [2024-06-05T00:32:40.876+0800] {dagbag.py:545} INFO - Filling up the DagBag from /home/ryanng/.local/lib/python3.10/site-packages/airflow/example_dags/example_datasets.py
[2024-06-05T00:32:40.883+0800] {processor.py:840} INFO - DAG(s) 'dataset_produces_1', 'dataset_consumes_1_never_scheduled', 'dataset_consumes_unknown_never_scheduled', 'consume_1_and_2_with_dataset_expressions', 'consume_1_or_both_2_and_3_with_dataset_expressions', 'consume_1_or_2_with_dataset_expressions', 'dataset_consumes_1_and_2', 'dataset_produces_2', 'conditional_dataset_and_time_based_timetable', 'dataset_consumes_1' retrieved from /home/ryanng/.local/lib/python3.10/site-packages/airflow/example_dags/example_datasets.py
[2024-06-05T00:32:40.939+0800] {logging_mixin.py:188} INFO - [2024-06-05T00:32:40.939+0800] {dag.py:3096} INFO - Sync 10 DAGs
[2024-06-05T00:32:40.960+0800] {logging_mixin.py:188} INFO - [2024-06-05T00:32:40.960+0800] {dag.py:3954} INFO - Setting next_dagrun for conditional_dataset_and_time_based_timetable to 2024-05-29T01:00:00+00:00, run_after=2024-05-29T01:00:00+00:00
[2024-06-05T00:32:40.972+0800] {logging_mixin.py:188} INFO - [2024-06-05T00:32:40.972+0800] {dag.py:3954} INFO - Setting next_dagrun for consume_1_and_2_with_dataset_expressions to None, run_after=None
[2024-06-05T00:32:41.021+0800] {logging_mixin.py:188} INFO - [2024-06-05T00:32:41.021+0800] {dag.py:3954} INFO - Setting next_dagrun for consume_1_or_2_with_dataset_expressions to None, run_after=None
[2024-06-05T00:32:41.045+0800] {logging_mixin.py:188} INFO - [2024-06-05T00:32:41.045+0800] {dag.py:3954} INFO - Setting next_dagrun for consume_1_or_both_2_and_3_with_dataset_expressions to None, run_after=None
[2024-06-05T00:32:41.047+0800] {logging_mixin.py:188} INFO - [2024-06-05T00:32:41.047+0800] {dag.py:3954} INFO - Setting next_dagrun for dataset_consumes_1 to None, run_after=None
[2024-06-05T00:32:41.049+0800] {logging_mixin.py:188} INFO - [2024-06-05T00:32:41.049+0800] {dag.py:3954} INFO - Setting next_dagrun for dataset_consumes_1_and_2 to None, run_after=None
[2024-06-05T00:32:41.051+0800] {logging_mixin.py:188} INFO - [2024-06-05T00:32:41.051+0800] {dag.py:3954} INFO - Setting next_dagrun for dataset_consumes_1_never_scheduled to None, run_after=None
[2024-06-05T00:32:41.053+0800] {logging_mixin.py:188} INFO - [2024-06-05T00:32:41.053+0800] {dag.py:3954} INFO - Setting next_dagrun for dataset_consumes_unknown_never_scheduled to None, run_after=None
[2024-06-05T00:32:41.055+0800] {logging_mixin.py:188} INFO - [2024-06-05T00:32:41.055+0800] {dag.py:3954} INFO - Setting next_dagrun for dataset_produces_1 to 2024-06-03T00:00:00+00:00, run_after=2024-06-04T00:00:00+00:00
[2024-06-05T00:32:41.057+0800] {logging_mixin.py:188} INFO - [2024-06-05T00:32:41.057+0800] {dag.py:3954} INFO - Setting next_dagrun for dataset_produces_2 to None, run_after=None
[2024-06-05T00:32:41.144+0800] {processor.py:183} INFO - Processing /home/ryanng/.local/lib/python3.10/site-packages/airflow/example_dags/example_datasets.py took 0.274 seconds
