[2024-06-05T00:24:04.603+0800] {processor.py:161} INFO - Started process (PID=1048) to work on /home/ryanng/.local/lib/python3.10/site-packages/airflow/example_dags/example_external_task_marker_dag.py
[2024-06-05T00:24:04.604+0800] {processor.py:830} INFO - Processing file /home/ryanng/.local/lib/python3.10/site-packages/airflow/example_dags/example_external_task_marker_dag.py for tasks to queue
[2024-06-05T00:24:04.605+0800] {logging_mixin.py:188} INFO - [2024-06-05T00:24:04.605+0800] {dagbag.py:545} INFO - Filling up the DagBag from /home/ryanng/.local/lib/python3.10/site-packages/airflow/example_dags/example_external_task_marker_dag.py
[2024-06-05T00:24:04.611+0800] {processor.py:840} INFO - DAG(s) 'example_external_task_marker_child', 'example_external_task_marker_parent' retrieved from /home/ryanng/.local/lib/python3.10/site-packages/airflow/example_dags/example_external_task_marker_dag.py
[2024-06-05T00:24:04.685+0800] {logging_mixin.py:188} INFO - [2024-06-05T00:24:04.685+0800] {dag.py:3096} INFO - Sync 2 DAGs
[2024-06-05T00:24:04.691+0800] {logging_mixin.py:188} INFO - [2024-06-05T00:24:04.691+0800] {dag.py:3954} INFO - Setting next_dagrun for example_external_task_marker_child to None, run_after=None
[2024-06-05T00:24:04.693+0800] {logging_mixin.py:188} INFO - [2024-06-05T00:24:04.693+0800] {dag.py:3954} INFO - Setting next_dagrun for example_external_task_marker_parent to None, run_after=None
[2024-06-05T00:24:04.739+0800] {processor.py:183} INFO - Processing /home/ryanng/.local/lib/python3.10/site-packages/airflow/example_dags/example_external_task_marker_dag.py took 0.139 seconds
[2024-06-05T00:24:58.804+0800] {processor.py:161} INFO - Started process (PID=1338) to work on /home/ryanng/.local/lib/python3.10/site-packages/airflow/example_dags/example_external_task_marker_dag.py
[2024-06-05T00:24:58.804+0800] {processor.py:830} INFO - Processing file /home/ryanng/.local/lib/python3.10/site-packages/airflow/example_dags/example_external_task_marker_dag.py for tasks to queue
[2024-06-05T00:24:58.806+0800] {logging_mixin.py:188} INFO - [2024-06-05T00:24:58.805+0800] {dagbag.py:545} INFO - Filling up the DagBag from /home/ryanng/.local/lib/python3.10/site-packages/airflow/example_dags/example_external_task_marker_dag.py
[2024-06-05T00:24:58.810+0800] {processor.py:840} INFO - DAG(s) 'example_external_task_marker_parent', 'example_external_task_marker_child' retrieved from /home/ryanng/.local/lib/python3.10/site-packages/airflow/example_dags/example_external_task_marker_dag.py
[2024-06-05T00:24:58.827+0800] {logging_mixin.py:188} INFO - [2024-06-05T00:24:58.827+0800] {dag.py:3096} INFO - Sync 2 DAGs
[2024-06-05T00:24:58.837+0800] {logging_mixin.py:188} INFO - [2024-06-05T00:24:58.837+0800] {dag.py:3954} INFO - Setting next_dagrun for example_external_task_marker_child to None, run_after=None
[2024-06-05T00:24:58.841+0800] {logging_mixin.py:188} INFO - [2024-06-05T00:24:58.841+0800] {dag.py:3954} INFO - Setting next_dagrun for example_external_task_marker_parent to None, run_after=None
[2024-06-05T00:24:58.875+0800] {processor.py:183} INFO - Processing /home/ryanng/.local/lib/python3.10/site-packages/airflow/example_dags/example_external_task_marker_dag.py took 0.075 seconds
[2024-06-05T00:25:53.281+0800] {processor.py:161} INFO - Started process (PID=1621) to work on /home/ryanng/.local/lib/python3.10/site-packages/airflow/example_dags/example_external_task_marker_dag.py
[2024-06-05T00:25:53.282+0800] {processor.py:830} INFO - Processing file /home/ryanng/.local/lib/python3.10/site-packages/airflow/example_dags/example_external_task_marker_dag.py for tasks to queue
[2024-06-05T00:25:53.283+0800] {logging_mixin.py:188} INFO - [2024-06-05T00:25:53.283+0800] {dagbag.py:545} INFO - Filling up the DagBag from /home/ryanng/.local/lib/python3.10/site-packages/airflow/example_dags/example_external_task_marker_dag.py
[2024-06-05T00:25:53.286+0800] {processor.py:840} INFO - DAG(s) 'example_external_task_marker_child', 'example_external_task_marker_parent' retrieved from /home/ryanng/.local/lib/python3.10/site-packages/airflow/example_dags/example_external_task_marker_dag.py
[2024-06-05T00:25:53.303+0800] {logging_mixin.py:188} INFO - [2024-06-05T00:25:53.303+0800] {dag.py:3096} INFO - Sync 2 DAGs
[2024-06-05T00:25:53.311+0800] {logging_mixin.py:188} INFO - [2024-06-05T00:25:53.311+0800] {dag.py:3954} INFO - Setting next_dagrun for example_external_task_marker_child to None, run_after=None
[2024-06-05T00:25:53.313+0800] {logging_mixin.py:188} INFO - [2024-06-05T00:25:53.313+0800] {dag.py:3954} INFO - Setting next_dagrun for example_external_task_marker_parent to None, run_after=None
[2024-06-05T00:25:53.343+0800] {processor.py:183} INFO - Processing /home/ryanng/.local/lib/python3.10/site-packages/airflow/example_dags/example_external_task_marker_dag.py took 0.065 seconds
[2024-06-05T00:26:41.071+0800] {processor.py:161} INFO - Started process (PID=1873) to work on /home/ryanng/.local/lib/python3.10/site-packages/airflow/example_dags/example_external_task_marker_dag.py
[2024-06-05T00:26:41.071+0800] {processor.py:830} INFO - Processing file /home/ryanng/.local/lib/python3.10/site-packages/airflow/example_dags/example_external_task_marker_dag.py for tasks to queue
[2024-06-05T00:26:41.072+0800] {logging_mixin.py:188} INFO - [2024-06-05T00:26:41.072+0800] {dagbag.py:545} INFO - Filling up the DagBag from /home/ryanng/.local/lib/python3.10/site-packages/airflow/example_dags/example_external_task_marker_dag.py
[2024-06-05T00:26:41.076+0800] {processor.py:840} INFO - DAG(s) 'example_external_task_marker_parent', 'example_external_task_marker_child' retrieved from /home/ryanng/.local/lib/python3.10/site-packages/airflow/example_dags/example_external_task_marker_dag.py
[2024-06-05T00:26:41.095+0800] {logging_mixin.py:188} INFO - [2024-06-05T00:26:41.095+0800] {dag.py:3096} INFO - Sync 2 DAGs
[2024-06-05T00:26:41.107+0800] {logging_mixin.py:188} INFO - [2024-06-05T00:26:41.107+0800] {dag.py:3954} INFO - Setting next_dagrun for example_external_task_marker_child to None, run_after=None
[2024-06-05T00:26:41.111+0800] {logging_mixin.py:188} INFO - [2024-06-05T00:26:41.111+0800] {dag.py:3954} INFO - Setting next_dagrun for example_external_task_marker_parent to None, run_after=None
[2024-06-05T00:26:41.144+0800] {processor.py:183} INFO - Processing /home/ryanng/.local/lib/python3.10/site-packages/airflow/example_dags/example_external_task_marker_dag.py took 0.077 seconds
[2024-06-05T00:28:53.658+0800] {processor.py:161} INFO - Started process (PID=2545) to work on /home/ryanng/.local/lib/python3.10/site-packages/airflow/example_dags/example_external_task_marker_dag.py
[2024-06-05T00:28:53.659+0800] {processor.py:830} INFO - Processing file /home/ryanng/.local/lib/python3.10/site-packages/airflow/example_dags/example_external_task_marker_dag.py for tasks to queue
[2024-06-05T00:28:53.660+0800] {logging_mixin.py:188} INFO - [2024-06-05T00:28:53.660+0800] {dagbag.py:545} INFO - Filling up the DagBag from /home/ryanng/.local/lib/python3.10/site-packages/airflow/example_dags/example_external_task_marker_dag.py
[2024-06-05T00:28:53.665+0800] {processor.py:840} INFO - DAG(s) 'example_external_task_marker_child', 'example_external_task_marker_parent' retrieved from /home/ryanng/.local/lib/python3.10/site-packages/airflow/example_dags/example_external_task_marker_dag.py
[2024-06-05T00:28:53.685+0800] {logging_mixin.py:188} INFO - [2024-06-05T00:28:53.685+0800] {dag.py:3096} INFO - Sync 2 DAGs
[2024-06-05T00:28:53.694+0800] {logging_mixin.py:188} INFO - [2024-06-05T00:28:53.694+0800] {dag.py:3954} INFO - Setting next_dagrun for example_external_task_marker_child to None, run_after=None
[2024-06-05T00:28:53.697+0800] {logging_mixin.py:188} INFO - [2024-06-05T00:28:53.697+0800] {dag.py:3954} INFO - Setting next_dagrun for example_external_task_marker_parent to None, run_after=None
[2024-06-05T00:28:53.733+0800] {processor.py:183} INFO - Processing /home/ryanng/.local/lib/python3.10/site-packages/airflow/example_dags/example_external_task_marker_dag.py took 0.078 seconds
[2024-06-05T00:29:46.210+0800] {processor.py:161} INFO - Started process (PID=2820) to work on /home/ryanng/.local/lib/python3.10/site-packages/airflow/example_dags/example_external_task_marker_dag.py
[2024-06-05T00:29:46.211+0800] {processor.py:830} INFO - Processing file /home/ryanng/.local/lib/python3.10/site-packages/airflow/example_dags/example_external_task_marker_dag.py for tasks to queue
[2024-06-05T00:29:46.212+0800] {logging_mixin.py:188} INFO - [2024-06-05T00:29:46.212+0800] {dagbag.py:545} INFO - Filling up the DagBag from /home/ryanng/.local/lib/python3.10/site-packages/airflow/example_dags/example_external_task_marker_dag.py
[2024-06-05T00:29:46.216+0800] {processor.py:840} INFO - DAG(s) 'example_external_task_marker_parent', 'example_external_task_marker_child' retrieved from /home/ryanng/.local/lib/python3.10/site-packages/airflow/example_dags/example_external_task_marker_dag.py
[2024-06-05T00:29:46.232+0800] {logging_mixin.py:188} INFO - [2024-06-05T00:29:46.232+0800] {dag.py:3096} INFO - Sync 2 DAGs
[2024-06-05T00:29:46.242+0800] {logging_mixin.py:188} INFO - [2024-06-05T00:29:46.242+0800] {dag.py:3954} INFO - Setting next_dagrun for example_external_task_marker_child to None, run_after=None
[2024-06-05T00:29:46.246+0800] {logging_mixin.py:188} INFO - [2024-06-05T00:29:46.246+0800] {dag.py:3954} INFO - Setting next_dagrun for example_external_task_marker_parent to None, run_after=None
[2024-06-05T00:29:46.312+0800] {processor.py:183} INFO - Processing /home/ryanng/.local/lib/python3.10/site-packages/airflow/example_dags/example_external_task_marker_dag.py took 0.105 seconds
[2024-06-05T00:30:39.516+0800] {processor.py:161} INFO - Started process (PID=3100) to work on /home/ryanng/.local/lib/python3.10/site-packages/airflow/example_dags/example_external_task_marker_dag.py
[2024-06-05T00:30:39.517+0800] {processor.py:830} INFO - Processing file /home/ryanng/.local/lib/python3.10/site-packages/airflow/example_dags/example_external_task_marker_dag.py for tasks to queue
[2024-06-05T00:30:39.518+0800] {logging_mixin.py:188} INFO - [2024-06-05T00:30:39.518+0800] {dagbag.py:545} INFO - Filling up the DagBag from /home/ryanng/.local/lib/python3.10/site-packages/airflow/example_dags/example_external_task_marker_dag.py
[2024-06-05T00:30:39.522+0800] {processor.py:840} INFO - DAG(s) 'example_external_task_marker_child', 'example_external_task_marker_parent' retrieved from /home/ryanng/.local/lib/python3.10/site-packages/airflow/example_dags/example_external_task_marker_dag.py
[2024-06-05T00:30:39.539+0800] {logging_mixin.py:188} INFO - [2024-06-05T00:30:39.539+0800] {dag.py:3096} INFO - Sync 2 DAGs
[2024-06-05T00:30:39.546+0800] {logging_mixin.py:188} INFO - [2024-06-05T00:30:39.546+0800] {dag.py:3954} INFO - Setting next_dagrun for example_external_task_marker_child to None, run_after=None
[2024-06-05T00:30:39.549+0800] {logging_mixin.py:188} INFO - [2024-06-05T00:30:39.548+0800] {dag.py:3954} INFO - Setting next_dagrun for example_external_task_marker_parent to None, run_after=None
[2024-06-05T00:30:39.590+0800] {processor.py:183} INFO - Processing /home/ryanng/.local/lib/python3.10/site-packages/airflow/example_dags/example_external_task_marker_dag.py took 0.077 seconds
[2024-06-05T00:32:11.996+0800] {processor.py:161} INFO - Started process (PID=3675) to work on /home/ryanng/.local/lib/python3.10/site-packages/airflow/example_dags/example_external_task_marker_dag.py
[2024-06-05T00:32:11.997+0800] {processor.py:830} INFO - Processing file /home/ryanng/.local/lib/python3.10/site-packages/airflow/example_dags/example_external_task_marker_dag.py for tasks to queue
[2024-06-05T00:32:11.998+0800] {logging_mixin.py:188} INFO - [2024-06-05T00:32:11.997+0800] {dagbag.py:545} INFO - Filling up the DagBag from /home/ryanng/.local/lib/python3.10/site-packages/airflow/example_dags/example_external_task_marker_dag.py
[2024-06-05T00:32:12.001+0800] {processor.py:840} INFO - DAG(s) 'example_external_task_marker_parent', 'example_external_task_marker_child' retrieved from /home/ryanng/.local/lib/python3.10/site-packages/airflow/example_dags/example_external_task_marker_dag.py
[2024-06-05T00:32:12.017+0800] {logging_mixin.py:188} INFO - [2024-06-05T00:32:12.017+0800] {dag.py:3096} INFO - Sync 2 DAGs
[2024-06-05T00:32:12.024+0800] {logging_mixin.py:188} INFO - [2024-06-05T00:32:12.024+0800] {dag.py:3954} INFO - Setting next_dagrun for example_external_task_marker_child to None, run_after=None
[2024-06-05T00:32:12.027+0800] {logging_mixin.py:188} INFO - [2024-06-05T00:32:12.026+0800] {dag.py:3954} INFO - Setting next_dagrun for example_external_task_marker_parent to None, run_after=None
[2024-06-05T00:32:12.057+0800] {processor.py:183} INFO - Processing /home/ryanng/.local/lib/python3.10/site-packages/airflow/example_dags/example_external_task_marker_dag.py took 0.064 seconds
