[2024-06-05T00:20:46.429+0800] {processor.py:161} INFO - Started process (PID=2879) to work on /home/ryanng/.local/lib/python3.10/site-packages/airflow/example_dags/example_branch_python_dop_operator_3.py
[2024-06-05T00:20:46.429+0800] {processor.py:830} INFO - Processing file /home/ryanng/.local/lib/python3.10/site-packages/airflow/example_dags/example_branch_python_dop_operator_3.py for tasks to queue
[2024-06-05T00:20:46.431+0800] {logging_mixin.py:188} INFO - [2024-06-05T00:20:46.430+0800] {dagbag.py:545} INFO - Filling up the DagBag from /home/ryanng/.local/lib/python3.10/site-packages/airflow/example_dags/example_branch_python_dop_operator_3.py
[2024-06-05T00:20:46.438+0800] {processor.py:840} INFO - DAG(s) 'example_branch_dop_operator_v3' retrieved from /home/ryanng/.local/lib/python3.10/site-packages/airflow/example_dags/example_branch_python_dop_operator_3.py
[2024-06-05T00:20:46.500+0800] {logging_mixin.py:188} INFO - [2024-06-05T00:20:46.499+0800] {dag.py:3096} INFO - Sync 1 DAGs
[2024-06-05T00:20:46.513+0800] {logging_mixin.py:188} INFO - [2024-06-05T00:20:46.513+0800] {dag.py:3954} INFO - Setting next_dagrun for example_branch_dop_operator_v3 to 2024-06-04T16:19:00+00:00, run_after=2024-06-04T16:20:00+00:00
[2024-06-05T00:20:46.545+0800] {processor.py:183} INFO - Processing /home/ryanng/.local/lib/python3.10/site-packages/airflow/example_dags/example_branch_python_dop_operator_3.py took 0.119 seconds
[2024-06-05T00:23:31.014+0800] {processor.py:161} INFO - Started process (PID=878) to work on /home/ryanng/.local/lib/python3.10/site-packages/airflow/example_dags/example_branch_python_dop_operator_3.py
[2024-06-05T00:23:31.017+0800] {processor.py:830} INFO - Processing file /home/ryanng/.local/lib/python3.10/site-packages/airflow/example_dags/example_branch_python_dop_operator_3.py for tasks to queue
[2024-06-05T00:23:31.018+0800] {logging_mixin.py:188} INFO - [2024-06-05T00:23:31.018+0800] {dagbag.py:545} INFO - Filling up the DagBag from /home/ryanng/.local/lib/python3.10/site-packages/airflow/example_dags/example_branch_python_dop_operator_3.py
[2024-06-05T00:23:31.024+0800] {processor.py:840} INFO - DAG(s) 'example_branch_dop_operator_v3' retrieved from /home/ryanng/.local/lib/python3.10/site-packages/airflow/example_dags/example_branch_python_dop_operator_3.py
[2024-06-05T00:23:31.042+0800] {logging_mixin.py:188} INFO - [2024-06-05T00:23:31.042+0800] {dag.py:3096} INFO - Sync 1 DAGs
[2024-06-05T00:23:31.056+0800] {logging_mixin.py:188} INFO - [2024-06-05T00:23:31.056+0800] {dag.py:3954} INFO - Setting next_dagrun for example_branch_dop_operator_v3 to 2024-06-04T16:22:00+00:00, run_after=2024-06-04T16:23:00+00:00
[2024-06-05T00:23:31.088+0800] {processor.py:183} INFO - Processing /home/ryanng/.local/lib/python3.10/site-packages/airflow/example_dags/example_branch_python_dop_operator_3.py took 0.077 seconds
[2024-06-05T00:24:27.042+0800] {processor.py:161} INFO - Started process (PID=1177) to work on /home/ryanng/.local/lib/python3.10/site-packages/airflow/example_dags/example_branch_python_dop_operator_3.py
[2024-06-05T00:24:27.043+0800] {processor.py:830} INFO - Processing file /home/ryanng/.local/lib/python3.10/site-packages/airflow/example_dags/example_branch_python_dop_operator_3.py for tasks to queue
[2024-06-05T00:24:27.044+0800] {logging_mixin.py:188} INFO - [2024-06-05T00:24:27.044+0800] {dagbag.py:545} INFO - Filling up the DagBag from /home/ryanng/.local/lib/python3.10/site-packages/airflow/example_dags/example_branch_python_dop_operator_3.py
[2024-06-05T00:24:27.049+0800] {processor.py:840} INFO - DAG(s) 'example_branch_dop_operator_v3' retrieved from /home/ryanng/.local/lib/python3.10/site-packages/airflow/example_dags/example_branch_python_dop_operator_3.py
[2024-06-05T00:24:27.068+0800] {logging_mixin.py:188} INFO - [2024-06-05T00:24:27.068+0800] {dag.py:3096} INFO - Sync 1 DAGs
[2024-06-05T00:24:27.087+0800] {logging_mixin.py:188} INFO - [2024-06-05T00:24:27.086+0800] {dag.py:3954} INFO - Setting next_dagrun for example_branch_dop_operator_v3 to 2024-06-04T16:23:00+00:00, run_after=2024-06-04T16:24:00+00:00
[2024-06-05T00:24:27.138+0800] {processor.py:183} INFO - Processing /home/ryanng/.local/lib/python3.10/site-packages/airflow/example_dags/example_branch_python_dop_operator_3.py took 0.100 seconds
[2024-06-05T00:25:18.012+0800] {processor.py:161} INFO - Started process (PID=1447) to work on /home/ryanng/.local/lib/python3.10/site-packages/airflow/example_dags/example_branch_python_dop_operator_3.py
[2024-06-05T00:25:18.012+0800] {processor.py:830} INFO - Processing file /home/ryanng/.local/lib/python3.10/site-packages/airflow/example_dags/example_branch_python_dop_operator_3.py for tasks to queue
[2024-06-05T00:25:18.014+0800] {logging_mixin.py:188} INFO - [2024-06-05T00:25:18.013+0800] {dagbag.py:545} INFO - Filling up the DagBag from /home/ryanng/.local/lib/python3.10/site-packages/airflow/example_dags/example_branch_python_dop_operator_3.py
[2024-06-05T00:25:18.018+0800] {processor.py:840} INFO - DAG(s) 'example_branch_dop_operator_v3' retrieved from /home/ryanng/.local/lib/python3.10/site-packages/airflow/example_dags/example_branch_python_dop_operator_3.py
[2024-06-05T00:25:18.032+0800] {logging_mixin.py:188} INFO - [2024-06-05T00:25:18.032+0800] {dag.py:3096} INFO - Sync 1 DAGs
[2024-06-05T00:25:18.049+0800] {logging_mixin.py:188} INFO - [2024-06-05T00:25:18.049+0800] {dag.py:3954} INFO - Setting next_dagrun for example_branch_dop_operator_v3 to 2024-06-04T16:24:00+00:00, run_after=2024-06-04T16:25:00+00:00
[2024-06-05T00:25:18.105+0800] {processor.py:183} INFO - Processing /home/ryanng/.local/lib/python3.10/site-packages/airflow/example_dags/example_branch_python_dop_operator_3.py took 0.097 seconds
[2024-06-05T00:26:06.610+0800] {processor.py:161} INFO - Started process (PID=1688) to work on /home/ryanng/.local/lib/python3.10/site-packages/airflow/example_dags/example_branch_python_dop_operator_3.py
[2024-06-05T00:26:06.611+0800] {processor.py:830} INFO - Processing file /home/ryanng/.local/lib/python3.10/site-packages/airflow/example_dags/example_branch_python_dop_operator_3.py for tasks to queue
[2024-06-05T00:26:06.612+0800] {logging_mixin.py:188} INFO - [2024-06-05T00:26:06.612+0800] {dagbag.py:545} INFO - Filling up the DagBag from /home/ryanng/.local/lib/python3.10/site-packages/airflow/example_dags/example_branch_python_dop_operator_3.py
[2024-06-05T00:26:06.617+0800] {processor.py:840} INFO - DAG(s) 'example_branch_dop_operator_v3' retrieved from /home/ryanng/.local/lib/python3.10/site-packages/airflow/example_dags/example_branch_python_dop_operator_3.py
[2024-06-05T00:26:06.632+0800] {logging_mixin.py:188} INFO - [2024-06-05T00:26:06.632+0800] {dag.py:3096} INFO - Sync 1 DAGs
[2024-06-05T00:26:06.646+0800] {logging_mixin.py:188} INFO - [2024-06-05T00:26:06.645+0800] {dag.py:3954} INFO - Setting next_dagrun for example_branch_dop_operator_v3 to 2024-06-04T16:25:00+00:00, run_after=2024-06-04T16:26:00+00:00
[2024-06-05T00:26:06.680+0800] {processor.py:183} INFO - Processing /home/ryanng/.local/lib/python3.10/site-packages/airflow/example_dags/example_branch_python_dop_operator_3.py took 0.073 seconds
[2024-06-05T00:26:52.001+0800] {processor.py:161} INFO - Started process (PID=1929) to work on /home/ryanng/.local/lib/python3.10/site-packages/airflow/example_dags/example_branch_python_dop_operator_3.py
[2024-06-05T00:26:52.002+0800] {processor.py:830} INFO - Processing file /home/ryanng/.local/lib/python3.10/site-packages/airflow/example_dags/example_branch_python_dop_operator_3.py for tasks to queue
[2024-06-05T00:26:52.003+0800] {logging_mixin.py:188} INFO - [2024-06-05T00:26:52.003+0800] {dagbag.py:545} INFO - Filling up the DagBag from /home/ryanng/.local/lib/python3.10/site-packages/airflow/example_dags/example_branch_python_dop_operator_3.py
[2024-06-05T00:26:52.008+0800] {processor.py:840} INFO - DAG(s) 'example_branch_dop_operator_v3' retrieved from /home/ryanng/.local/lib/python3.10/site-packages/airflow/example_dags/example_branch_python_dop_operator_3.py
[2024-06-05T00:26:52.019+0800] {logging_mixin.py:188} INFO - [2024-06-05T00:26:52.019+0800] {dag.py:3096} INFO - Sync 1 DAGs
[2024-06-05T00:26:52.034+0800] {logging_mixin.py:188} INFO - [2024-06-05T00:26:52.034+0800] {dag.py:3954} INFO - Setting next_dagrun for example_branch_dop_operator_v3 to 2024-06-04T16:25:00+00:00, run_after=2024-06-04T16:26:00+00:00
[2024-06-05T00:26:52.070+0800] {processor.py:183} INFO - Processing /home/ryanng/.local/lib/python3.10/site-packages/airflow/example_dags/example_branch_python_dop_operator_3.py took 0.072 seconds
[2024-06-05T00:28:20.949+0800] {processor.py:161} INFO - Started process (PID=2385) to work on /home/ryanng/.local/lib/python3.10/site-packages/airflow/example_dags/example_branch_python_dop_operator_3.py
[2024-06-05T00:28:20.950+0800] {processor.py:830} INFO - Processing file /home/ryanng/.local/lib/python3.10/site-packages/airflow/example_dags/example_branch_python_dop_operator_3.py for tasks to queue
[2024-06-05T00:28:20.951+0800] {logging_mixin.py:188} INFO - [2024-06-05T00:28:20.951+0800] {dagbag.py:545} INFO - Filling up the DagBag from /home/ryanng/.local/lib/python3.10/site-packages/airflow/example_dags/example_branch_python_dop_operator_3.py
[2024-06-05T00:28:20.958+0800] {processor.py:840} INFO - DAG(s) 'example_branch_dop_operator_v3' retrieved from /home/ryanng/.local/lib/python3.10/site-packages/airflow/example_dags/example_branch_python_dop_operator_3.py
[2024-06-05T00:28:20.977+0800] {logging_mixin.py:188} INFO - [2024-06-05T00:28:20.977+0800] {dag.py:3096} INFO - Sync 1 DAGs
[2024-06-05T00:28:20.994+0800] {logging_mixin.py:188} INFO - [2024-06-05T00:28:20.994+0800] {dag.py:3954} INFO - Setting next_dagrun for example_branch_dop_operator_v3 to 2024-06-04T16:27:00+00:00, run_after=2024-06-04T16:28:00+00:00
[2024-06-05T00:28:21.030+0800] {processor.py:183} INFO - Processing /home/ryanng/.local/lib/python3.10/site-packages/airflow/example_dags/example_branch_python_dop_operator_3.py took 0.083 seconds
[2024-06-05T00:29:15.976+0800] {processor.py:161} INFO - Started process (PID=2670) to work on /home/ryanng/.local/lib/python3.10/site-packages/airflow/example_dags/example_branch_python_dop_operator_3.py
[2024-06-05T00:29:15.977+0800] {processor.py:830} INFO - Processing file /home/ryanng/.local/lib/python3.10/site-packages/airflow/example_dags/example_branch_python_dop_operator_3.py for tasks to queue
[2024-06-05T00:29:15.978+0800] {logging_mixin.py:188} INFO - [2024-06-05T00:29:15.978+0800] {dagbag.py:545} INFO - Filling up the DagBag from /home/ryanng/.local/lib/python3.10/site-packages/airflow/example_dags/example_branch_python_dop_operator_3.py
[2024-06-05T00:29:15.983+0800] {processor.py:840} INFO - DAG(s) 'example_branch_dop_operator_v3' retrieved from /home/ryanng/.local/lib/python3.10/site-packages/airflow/example_dags/example_branch_python_dop_operator_3.py
[2024-06-05T00:29:15.996+0800] {logging_mixin.py:188} INFO - [2024-06-05T00:29:15.996+0800] {dag.py:3096} INFO - Sync 1 DAGs
[2024-06-05T00:29:16.011+0800] {logging_mixin.py:188} INFO - [2024-06-05T00:29:16.011+0800] {dag.py:3954} INFO - Setting next_dagrun for example_branch_dop_operator_v3 to 2024-06-04T16:28:00+00:00, run_after=2024-06-04T16:29:00+00:00
[2024-06-05T00:29:16.085+0800] {processor.py:183} INFO - Processing /home/ryanng/.local/lib/python3.10/site-packages/airflow/example_dags/example_branch_python_dop_operator_3.py took 0.113 seconds
[2024-06-05T00:30:04.749+0800] {processor.py:161} INFO - Started process (PID=2928) to work on /home/ryanng/.local/lib/python3.10/site-packages/airflow/example_dags/example_branch_python_dop_operator_3.py
[2024-06-05T00:30:04.750+0800] {processor.py:830} INFO - Processing file /home/ryanng/.local/lib/python3.10/site-packages/airflow/example_dags/example_branch_python_dop_operator_3.py for tasks to queue
[2024-06-05T00:30:04.752+0800] {logging_mixin.py:188} INFO - [2024-06-05T00:30:04.751+0800] {dagbag.py:545} INFO - Filling up the DagBag from /home/ryanng/.local/lib/python3.10/site-packages/airflow/example_dags/example_branch_python_dop_operator_3.py
[2024-06-05T00:30:04.757+0800] {processor.py:840} INFO - DAG(s) 'example_branch_dop_operator_v3' retrieved from /home/ryanng/.local/lib/python3.10/site-packages/airflow/example_dags/example_branch_python_dop_operator_3.py
[2024-06-05T00:30:04.771+0800] {logging_mixin.py:188} INFO - [2024-06-05T00:30:04.771+0800] {dag.py:3096} INFO - Sync 1 DAGs
[2024-06-05T00:30:04.786+0800] {logging_mixin.py:188} INFO - [2024-06-05T00:30:04.786+0800] {dag.py:3954} INFO - Setting next_dagrun for example_branch_dop_operator_v3 to 2024-06-04T16:29:00+00:00, run_after=2024-06-04T16:30:00+00:00
[2024-06-05T00:30:04.819+0800] {processor.py:183} INFO - Processing /home/ryanng/.local/lib/python3.10/site-packages/airflow/example_dags/example_branch_python_dop_operator_3.py took 0.073 seconds
[2024-06-05T00:30:50.170+0800] {processor.py:161} INFO - Started process (PID=3154) to work on /home/ryanng/.local/lib/python3.10/site-packages/airflow/example_dags/example_branch_python_dop_operator_3.py
[2024-06-05T00:30:50.170+0800] {processor.py:830} INFO - Processing file /home/ryanng/.local/lib/python3.10/site-packages/airflow/example_dags/example_branch_python_dop_operator_3.py for tasks to queue
[2024-06-05T00:30:50.171+0800] {logging_mixin.py:188} INFO - [2024-06-05T00:30:50.171+0800] {dagbag.py:545} INFO - Filling up the DagBag from /home/ryanng/.local/lib/python3.10/site-packages/airflow/example_dags/example_branch_python_dop_operator_3.py
[2024-06-05T00:30:50.177+0800] {processor.py:840} INFO - DAG(s) 'example_branch_dop_operator_v3' retrieved from /home/ryanng/.local/lib/python3.10/site-packages/airflow/example_dags/example_branch_python_dop_operator_3.py
[2024-06-05T00:30:50.194+0800] {logging_mixin.py:188} INFO - [2024-06-05T00:30:50.193+0800] {dag.py:3096} INFO - Sync 1 DAGs
[2024-06-05T00:30:50.211+0800] {logging_mixin.py:188} INFO - [2024-06-05T00:30:50.211+0800] {dag.py:3954} INFO - Setting next_dagrun for example_branch_dop_operator_v3 to 2024-06-04T16:29:00+00:00, run_after=2024-06-04T16:30:00+00:00
[2024-06-05T00:30:50.246+0800] {processor.py:183} INFO - Processing /home/ryanng/.local/lib/python3.10/site-packages/airflow/example_dags/example_branch_python_dop_operator_3.py took 0.080 seconds
[2024-06-05T00:31:39.948+0800] {processor.py:161} INFO - Started process (PID=3438) to work on /home/ryanng/.local/lib/python3.10/site-packages/airflow/example_dags/example_branch_python_dop_operator_3.py
[2024-06-05T00:31:39.949+0800] {processor.py:830} INFO - Processing file /home/ryanng/.local/lib/python3.10/site-packages/airflow/example_dags/example_branch_python_dop_operator_3.py for tasks to queue
[2024-06-05T00:31:39.950+0800] {logging_mixin.py:188} INFO - [2024-06-05T00:31:39.950+0800] {dagbag.py:545} INFO - Filling up the DagBag from /home/ryanng/.local/lib/python3.10/site-packages/airflow/example_dags/example_branch_python_dop_operator_3.py
[2024-06-05T00:31:39.957+0800] {processor.py:840} INFO - DAG(s) 'example_branch_dop_operator_v3' retrieved from /home/ryanng/.local/lib/python3.10/site-packages/airflow/example_dags/example_branch_python_dop_operator_3.py
[2024-06-05T00:31:39.998+0800] {logging_mixin.py:188} INFO - [2024-06-05T00:31:39.998+0800] {dag.py:3096} INFO - Sync 1 DAGs
[2024-06-05T00:31:40.021+0800] {logging_mixin.py:188} INFO - [2024-06-05T00:31:40.021+0800] {dag.py:3954} INFO - Setting next_dagrun for example_branch_dop_operator_v3 to 2024-06-04T16:30:00+00:00, run_after=2024-06-04T16:31:00+00:00
[2024-06-05T00:31:40.082+0800] {processor.py:183} INFO - Processing /home/ryanng/.local/lib/python3.10/site-packages/airflow/example_dags/example_branch_python_dop_operator_3.py took 0.138 seconds
[2024-06-05T00:32:34.433+0800] {processor.py:161} INFO - Started process (PID=3816) to work on /home/ryanng/.local/lib/python3.10/site-packages/airflow/example_dags/example_branch_python_dop_operator_3.py
[2024-06-05T00:32:34.434+0800] {processor.py:830} INFO - Processing file /home/ryanng/.local/lib/python3.10/site-packages/airflow/example_dags/example_branch_python_dop_operator_3.py for tasks to queue
[2024-06-05T00:32:34.435+0800] {logging_mixin.py:188} INFO - [2024-06-05T00:32:34.435+0800] {dagbag.py:545} INFO - Filling up the DagBag from /home/ryanng/.local/lib/python3.10/site-packages/airflow/example_dags/example_branch_python_dop_operator_3.py
[2024-06-05T00:32:34.441+0800] {processor.py:840} INFO - DAG(s) 'example_branch_dop_operator_v3' retrieved from /home/ryanng/.local/lib/python3.10/site-packages/airflow/example_dags/example_branch_python_dop_operator_3.py
[2024-06-05T00:32:34.455+0800] {logging_mixin.py:188} INFO - [2024-06-05T00:32:34.455+0800] {dag.py:3096} INFO - Sync 1 DAGs
[2024-06-05T00:32:34.474+0800] {logging_mixin.py:188} INFO - [2024-06-05T00:32:34.474+0800] {dag.py:3954} INFO - Setting next_dagrun for example_branch_dop_operator_v3 to 2024-06-04T16:31:00+00:00, run_after=2024-06-04T16:32:00+00:00
[2024-06-05T00:32:34.526+0800] {processor.py:183} INFO - Processing /home/ryanng/.local/lib/python3.10/site-packages/airflow/example_dags/example_branch_python_dop_operator_3.py took 0.097 seconds
