[2024-06-05T00:20:41.518+0800] {processor.py:161} INFO - Started process (PID=2852) to work on /home/ryanng/.local/lib/python3.10/site-packages/airflow/example_dags/example_dynamic_task_mapping_with_no_taskflow_operators.py
[2024-06-05T00:20:41.519+0800] {processor.py:830} INFO - Processing file /home/ryanng/.local/lib/python3.10/site-packages/airflow/example_dags/example_dynamic_task_mapping_with_no_taskflow_operators.py for tasks to queue
[2024-06-05T00:20:41.520+0800] {logging_mixin.py:188} INFO - [2024-06-05T00:20:41.520+0800] {dagbag.py:545} INFO - Filling up the DagBag from /home/ryanng/.local/lib/python3.10/site-packages/airflow/example_dags/example_dynamic_task_mapping_with_no_taskflow_operators.py
[2024-06-05T00:20:41.525+0800] {processor.py:840} INFO - DAG(s) 'example_dynamic_task_mapping_with_no_taskflow_operators' retrieved from /home/ryanng/.local/lib/python3.10/site-packages/airflow/example_dags/example_dynamic_task_mapping_with_no_taskflow_operators.py
[2024-06-05T00:20:41.584+0800] {logging_mixin.py:188} INFO - [2024-06-05T00:20:41.584+0800] {dag.py:3096} INFO - Sync 1 DAGs
[2024-06-05T00:20:41.596+0800] {logging_mixin.py:188} INFO - [2024-06-05T00:20:41.596+0800] {dag.py:3954} INFO - Setting next_dagrun for example_dynamic_task_mapping_with_no_taskflow_operators to 2024-06-03T00:00:00+00:00, run_after=2024-06-04T00:00:00+00:00
[2024-06-05T00:20:41.626+0800] {processor.py:183} INFO - Processing /home/ryanng/.local/lib/python3.10/site-packages/airflow/example_dags/example_dynamic_task_mapping_with_no_taskflow_operators.py took 0.111 seconds
[2024-06-05T00:23:26.357+0800] {processor.py:161} INFO - Started process (PID=852) to work on /home/ryanng/.local/lib/python3.10/site-packages/airflow/example_dags/example_dynamic_task_mapping_with_no_taskflow_operators.py
[2024-06-05T00:23:26.360+0800] {processor.py:830} INFO - Processing file /home/ryanng/.local/lib/python3.10/site-packages/airflow/example_dags/example_dynamic_task_mapping_with_no_taskflow_operators.py for tasks to queue
[2024-06-05T00:23:26.361+0800] {logging_mixin.py:188} INFO - [2024-06-05T00:23:26.360+0800] {dagbag.py:545} INFO - Filling up the DagBag from /home/ryanng/.local/lib/python3.10/site-packages/airflow/example_dags/example_dynamic_task_mapping_with_no_taskflow_operators.py
[2024-06-05T00:23:26.366+0800] {processor.py:840} INFO - DAG(s) 'example_dynamic_task_mapping_with_no_taskflow_operators' retrieved from /home/ryanng/.local/lib/python3.10/site-packages/airflow/example_dags/example_dynamic_task_mapping_with_no_taskflow_operators.py
[2024-06-05T00:23:26.383+0800] {logging_mixin.py:188} INFO - [2024-06-05T00:23:26.383+0800] {dag.py:3096} INFO - Sync 1 DAGs
[2024-06-05T00:23:26.397+0800] {logging_mixin.py:188} INFO - [2024-06-05T00:23:26.397+0800] {dag.py:3954} INFO - Setting next_dagrun for example_dynamic_task_mapping_with_no_taskflow_operators to 2024-06-03T00:00:00+00:00, run_after=2024-06-04T00:00:00+00:00
[2024-06-05T00:23:26.436+0800] {processor.py:183} INFO - Processing /home/ryanng/.local/lib/python3.10/site-packages/airflow/example_dags/example_dynamic_task_mapping_with_no_taskflow_operators.py took 0.081 seconds
[2024-06-05T00:24:23.693+0800] {processor.py:161} INFO - Started process (PID=1160) to work on /home/ryanng/.local/lib/python3.10/site-packages/airflow/example_dags/example_dynamic_task_mapping_with_no_taskflow_operators.py
[2024-06-05T00:24:23.694+0800] {processor.py:830} INFO - Processing file /home/ryanng/.local/lib/python3.10/site-packages/airflow/example_dags/example_dynamic_task_mapping_with_no_taskflow_operators.py for tasks to queue
[2024-06-05T00:24:23.695+0800] {logging_mixin.py:188} INFO - [2024-06-05T00:24:23.695+0800] {dagbag.py:545} INFO - Filling up the DagBag from /home/ryanng/.local/lib/python3.10/site-packages/airflow/example_dags/example_dynamic_task_mapping_with_no_taskflow_operators.py
[2024-06-05T00:24:23.700+0800] {processor.py:840} INFO - DAG(s) 'example_dynamic_task_mapping_with_no_taskflow_operators' retrieved from /home/ryanng/.local/lib/python3.10/site-packages/airflow/example_dags/example_dynamic_task_mapping_with_no_taskflow_operators.py
[2024-06-05T00:24:23.713+0800] {logging_mixin.py:188} INFO - [2024-06-05T00:24:23.713+0800] {dag.py:3096} INFO - Sync 1 DAGs
[2024-06-05T00:24:23.726+0800] {logging_mixin.py:188} INFO - [2024-06-05T00:24:23.726+0800] {dag.py:3954} INFO - Setting next_dagrun for example_dynamic_task_mapping_with_no_taskflow_operators to 2024-06-03T00:00:00+00:00, run_after=2024-06-04T00:00:00+00:00
[2024-06-05T00:24:23.772+0800] {processor.py:183} INFO - Processing /home/ryanng/.local/lib/python3.10/site-packages/airflow/example_dags/example_dynamic_task_mapping_with_no_taskflow_operators.py took 0.083 seconds
[2024-06-05T00:25:13.214+0800] {processor.py:161} INFO - Started process (PID=1424) to work on /home/ryanng/.local/lib/python3.10/site-packages/airflow/example_dags/example_dynamic_task_mapping_with_no_taskflow_operators.py
[2024-06-05T00:25:13.215+0800] {processor.py:830} INFO - Processing file /home/ryanng/.local/lib/python3.10/site-packages/airflow/example_dags/example_dynamic_task_mapping_with_no_taskflow_operators.py for tasks to queue
[2024-06-05T00:25:13.216+0800] {logging_mixin.py:188} INFO - [2024-06-05T00:25:13.216+0800] {dagbag.py:545} INFO - Filling up the DagBag from /home/ryanng/.local/lib/python3.10/site-packages/airflow/example_dags/example_dynamic_task_mapping_with_no_taskflow_operators.py
[2024-06-05T00:25:13.220+0800] {processor.py:840} INFO - DAG(s) 'example_dynamic_task_mapping_with_no_taskflow_operators' retrieved from /home/ryanng/.local/lib/python3.10/site-packages/airflow/example_dags/example_dynamic_task_mapping_with_no_taskflow_operators.py
[2024-06-05T00:25:13.237+0800] {logging_mixin.py:188} INFO - [2024-06-05T00:25:13.237+0800] {dag.py:3096} INFO - Sync 1 DAGs
[2024-06-05T00:25:13.254+0800] {logging_mixin.py:188} INFO - [2024-06-05T00:25:13.254+0800] {dag.py:3954} INFO - Setting next_dagrun for example_dynamic_task_mapping_with_no_taskflow_operators to 2024-06-03T00:00:00+00:00, run_after=2024-06-04T00:00:00+00:00
[2024-06-05T00:25:13.302+0800] {processor.py:183} INFO - Processing /home/ryanng/.local/lib/python3.10/site-packages/airflow/example_dags/example_dynamic_task_mapping_with_no_taskflow_operators.py took 0.092 seconds
[2024-06-05T00:26:02.585+0800] {processor.py:161} INFO - Started process (PID=1668) to work on /home/ryanng/.local/lib/python3.10/site-packages/airflow/example_dags/example_dynamic_task_mapping_with_no_taskflow_operators.py
[2024-06-05T00:26:02.585+0800] {processor.py:830} INFO - Processing file /home/ryanng/.local/lib/python3.10/site-packages/airflow/example_dags/example_dynamic_task_mapping_with_no_taskflow_operators.py for tasks to queue
[2024-06-05T00:26:02.586+0800] {logging_mixin.py:188} INFO - [2024-06-05T00:26:02.586+0800] {dagbag.py:545} INFO - Filling up the DagBag from /home/ryanng/.local/lib/python3.10/site-packages/airflow/example_dags/example_dynamic_task_mapping_with_no_taskflow_operators.py
[2024-06-05T00:26:02.590+0800] {processor.py:840} INFO - DAG(s) 'example_dynamic_task_mapping_with_no_taskflow_operators' retrieved from /home/ryanng/.local/lib/python3.10/site-packages/airflow/example_dags/example_dynamic_task_mapping_with_no_taskflow_operators.py
[2024-06-05T00:26:02.602+0800] {logging_mixin.py:188} INFO - [2024-06-05T00:26:02.602+0800] {dag.py:3096} INFO - Sync 1 DAGs
[2024-06-05T00:26:02.614+0800] {logging_mixin.py:188} INFO - [2024-06-05T00:26:02.614+0800] {dag.py:3954} INFO - Setting next_dagrun for example_dynamic_task_mapping_with_no_taskflow_operators to 2024-06-03T00:00:00+00:00, run_after=2024-06-04T00:00:00+00:00
[2024-06-05T00:26:02.649+0800] {processor.py:183} INFO - Processing /home/ryanng/.local/lib/python3.10/site-packages/airflow/example_dags/example_dynamic_task_mapping_with_no_taskflow_operators.py took 0.067 seconds
[2024-06-05T00:26:47.313+0800] {processor.py:161} INFO - Started process (PID=1907) to work on /home/ryanng/.local/lib/python3.10/site-packages/airflow/example_dags/example_dynamic_task_mapping_with_no_taskflow_operators.py
[2024-06-05T00:26:47.314+0800] {processor.py:830} INFO - Processing file /home/ryanng/.local/lib/python3.10/site-packages/airflow/example_dags/example_dynamic_task_mapping_with_no_taskflow_operators.py for tasks to queue
[2024-06-05T00:26:47.315+0800] {logging_mixin.py:188} INFO - [2024-06-05T00:26:47.315+0800] {dagbag.py:545} INFO - Filling up the DagBag from /home/ryanng/.local/lib/python3.10/site-packages/airflow/example_dags/example_dynamic_task_mapping_with_no_taskflow_operators.py
[2024-06-05T00:26:47.319+0800] {processor.py:840} INFO - DAG(s) 'example_dynamic_task_mapping_with_no_taskflow_operators' retrieved from /home/ryanng/.local/lib/python3.10/site-packages/airflow/example_dags/example_dynamic_task_mapping_with_no_taskflow_operators.py
[2024-06-05T00:26:47.334+0800] {logging_mixin.py:188} INFO - [2024-06-05T00:26:47.334+0800] {dag.py:3096} INFO - Sync 1 DAGs
[2024-06-05T00:26:47.349+0800] {logging_mixin.py:188} INFO - [2024-06-05T00:26:47.349+0800] {dag.py:3954} INFO - Setting next_dagrun for example_dynamic_task_mapping_with_no_taskflow_operators to 2024-06-03T00:00:00+00:00, run_after=2024-06-04T00:00:00+00:00
[2024-06-05T00:26:47.395+0800] {processor.py:183} INFO - Processing /home/ryanng/.local/lib/python3.10/site-packages/airflow/example_dags/example_dynamic_task_mapping_with_no_taskflow_operators.py took 0.085 seconds
[2024-06-05T00:27:34.216+0800] {processor.py:161} INFO - Started process (PID=2158) to work on /home/ryanng/.local/lib/python3.10/site-packages/airflow/example_dags/example_dynamic_task_mapping_with_no_taskflow_operators.py
[2024-06-05T00:27:34.217+0800] {processor.py:830} INFO - Processing file /home/ryanng/.local/lib/python3.10/site-packages/airflow/example_dags/example_dynamic_task_mapping_with_no_taskflow_operators.py for tasks to queue
[2024-06-05T00:27:34.218+0800] {logging_mixin.py:188} INFO - [2024-06-05T00:27:34.218+0800] {dagbag.py:545} INFO - Filling up the DagBag from /home/ryanng/.local/lib/python3.10/site-packages/airflow/example_dags/example_dynamic_task_mapping_with_no_taskflow_operators.py
[2024-06-05T00:27:34.221+0800] {processor.py:840} INFO - DAG(s) 'example_dynamic_task_mapping_with_no_taskflow_operators' retrieved from /home/ryanng/.local/lib/python3.10/site-packages/airflow/example_dags/example_dynamic_task_mapping_with_no_taskflow_operators.py
[2024-06-05T00:27:34.235+0800] {logging_mixin.py:188} INFO - [2024-06-05T00:27:34.235+0800] {dag.py:3096} INFO - Sync 1 DAGs
[2024-06-05T00:27:34.247+0800] {logging_mixin.py:188} INFO - [2024-06-05T00:27:34.247+0800] {dag.py:3954} INFO - Setting next_dagrun for example_dynamic_task_mapping_with_no_taskflow_operators to 2024-06-03T00:00:00+00:00, run_after=2024-06-04T00:00:00+00:00
[2024-06-05T00:27:34.285+0800] {processor.py:183} INFO - Processing /home/ryanng/.local/lib/python3.10/site-packages/airflow/example_dags/example_dynamic_task_mapping_with_no_taskflow_operators.py took 0.072 seconds
[2024-06-05T00:28:16.150+0800] {processor.py:161} INFO - Started process (PID=2357) to work on /home/ryanng/.local/lib/python3.10/site-packages/airflow/example_dags/example_dynamic_task_mapping_with_no_taskflow_operators.py
[2024-06-05T00:28:16.150+0800] {processor.py:830} INFO - Processing file /home/ryanng/.local/lib/python3.10/site-packages/airflow/example_dags/example_dynamic_task_mapping_with_no_taskflow_operators.py for tasks to queue
[2024-06-05T00:28:16.151+0800] {logging_mixin.py:188} INFO - [2024-06-05T00:28:16.151+0800] {dagbag.py:545} INFO - Filling up the DagBag from /home/ryanng/.local/lib/python3.10/site-packages/airflow/example_dags/example_dynamic_task_mapping_with_no_taskflow_operators.py
[2024-06-05T00:28:16.157+0800] {processor.py:840} INFO - DAG(s) 'example_dynamic_task_mapping_with_no_taskflow_operators' retrieved from /home/ryanng/.local/lib/python3.10/site-packages/airflow/example_dags/example_dynamic_task_mapping_with_no_taskflow_operators.py
[2024-06-05T00:28:16.178+0800] {logging_mixin.py:188} INFO - [2024-06-05T00:28:16.178+0800] {dag.py:3096} INFO - Sync 1 DAGs
[2024-06-05T00:28:16.195+0800] {logging_mixin.py:188} INFO - [2024-06-05T00:28:16.195+0800] {dag.py:3954} INFO - Setting next_dagrun for example_dynamic_task_mapping_with_no_taskflow_operators to 2024-06-03T00:00:00+00:00, run_after=2024-06-04T00:00:00+00:00
[2024-06-05T00:28:16.246+0800] {processor.py:183} INFO - Processing /home/ryanng/.local/lib/python3.10/site-packages/airflow/example_dags/example_dynamic_task_mapping_with_no_taskflow_operators.py took 0.100 seconds
[2024-06-05T00:29:13.126+0800] {processor.py:161} INFO - Started process (PID=2655) to work on /home/ryanng/.local/lib/python3.10/site-packages/airflow/example_dags/example_dynamic_task_mapping_with_no_taskflow_operators.py
[2024-06-05T00:29:13.127+0800] {processor.py:830} INFO - Processing file /home/ryanng/.local/lib/python3.10/site-packages/airflow/example_dags/example_dynamic_task_mapping_with_no_taskflow_operators.py for tasks to queue
[2024-06-05T00:29:13.128+0800] {logging_mixin.py:188} INFO - [2024-06-05T00:29:13.128+0800] {dagbag.py:545} INFO - Filling up the DagBag from /home/ryanng/.local/lib/python3.10/site-packages/airflow/example_dags/example_dynamic_task_mapping_with_no_taskflow_operators.py
[2024-06-05T00:29:13.133+0800] {processor.py:840} INFO - DAG(s) 'example_dynamic_task_mapping_with_no_taskflow_operators' retrieved from /home/ryanng/.local/lib/python3.10/site-packages/airflow/example_dags/example_dynamic_task_mapping_with_no_taskflow_operators.py
[2024-06-05T00:29:13.149+0800] {logging_mixin.py:188} INFO - [2024-06-05T00:29:13.148+0800] {dag.py:3096} INFO - Sync 1 DAGs
[2024-06-05T00:29:13.163+0800] {logging_mixin.py:188} INFO - [2024-06-05T00:29:13.163+0800] {dag.py:3954} INFO - Setting next_dagrun for example_dynamic_task_mapping_with_no_taskflow_operators to 2024-06-03T00:00:00+00:00, run_after=2024-06-04T00:00:00+00:00
[2024-06-05T00:29:13.209+0800] {processor.py:183} INFO - Processing /home/ryanng/.local/lib/python3.10/site-packages/airflow/example_dags/example_dynamic_task_mapping_with_no_taskflow_operators.py took 0.086 seconds
[2024-06-05T00:29:59.923+0800] {processor.py:161} INFO - Started process (PID=2905) to work on /home/ryanng/.local/lib/python3.10/site-packages/airflow/example_dags/example_dynamic_task_mapping_with_no_taskflow_operators.py
[2024-06-05T00:29:59.924+0800] {processor.py:830} INFO - Processing file /home/ryanng/.local/lib/python3.10/site-packages/airflow/example_dags/example_dynamic_task_mapping_with_no_taskflow_operators.py for tasks to queue
[2024-06-05T00:29:59.925+0800] {logging_mixin.py:188} INFO - [2024-06-05T00:29:59.924+0800] {dagbag.py:545} INFO - Filling up the DagBag from /home/ryanng/.local/lib/python3.10/site-packages/airflow/example_dags/example_dynamic_task_mapping_with_no_taskflow_operators.py
[2024-06-05T00:29:59.928+0800] {processor.py:840} INFO - DAG(s) 'example_dynamic_task_mapping_with_no_taskflow_operators' retrieved from /home/ryanng/.local/lib/python3.10/site-packages/airflow/example_dags/example_dynamic_task_mapping_with_no_taskflow_operators.py
[2024-06-05T00:29:59.941+0800] {logging_mixin.py:188} INFO - [2024-06-05T00:29:59.941+0800] {dag.py:3096} INFO - Sync 1 DAGs
[2024-06-05T00:29:59.955+0800] {logging_mixin.py:188} INFO - [2024-06-05T00:29:59.954+0800] {dag.py:3954} INFO - Setting next_dagrun for example_dynamic_task_mapping_with_no_taskflow_operators to 2024-06-03T00:00:00+00:00, run_after=2024-06-04T00:00:00+00:00
[2024-06-05T00:29:59.992+0800] {processor.py:183} INFO - Processing /home/ryanng/.local/lib/python3.10/site-packages/airflow/example_dags/example_dynamic_task_mapping_with_no_taskflow_operators.py took 0.072 seconds
[2024-06-05T00:30:46.221+0800] {processor.py:161} INFO - Started process (PID=3135) to work on /home/ryanng/.local/lib/python3.10/site-packages/airflow/example_dags/example_dynamic_task_mapping_with_no_taskflow_operators.py
[2024-06-05T00:30:46.222+0800] {processor.py:830} INFO - Processing file /home/ryanng/.local/lib/python3.10/site-packages/airflow/example_dags/example_dynamic_task_mapping_with_no_taskflow_operators.py for tasks to queue
[2024-06-05T00:30:46.223+0800] {logging_mixin.py:188} INFO - [2024-06-05T00:30:46.223+0800] {dagbag.py:545} INFO - Filling up the DagBag from /home/ryanng/.local/lib/python3.10/site-packages/airflow/example_dags/example_dynamic_task_mapping_with_no_taskflow_operators.py
[2024-06-05T00:30:46.226+0800] {processor.py:840} INFO - DAG(s) 'example_dynamic_task_mapping_with_no_taskflow_operators' retrieved from /home/ryanng/.local/lib/python3.10/site-packages/airflow/example_dags/example_dynamic_task_mapping_with_no_taskflow_operators.py
[2024-06-05T00:30:46.244+0800] {logging_mixin.py:188} INFO - [2024-06-05T00:30:46.244+0800] {dag.py:3096} INFO - Sync 1 DAGs
[2024-06-05T00:30:46.268+0800] {logging_mixin.py:188} INFO - [2024-06-05T00:30:46.268+0800] {dag.py:3954} INFO - Setting next_dagrun for example_dynamic_task_mapping_with_no_taskflow_operators to 2024-06-03T00:00:00+00:00, run_after=2024-06-04T00:00:00+00:00
[2024-06-05T00:30:46.314+0800] {processor.py:183} INFO - Processing /home/ryanng/.local/lib/python3.10/site-packages/airflow/example_dags/example_dynamic_task_mapping_with_no_taskflow_operators.py took 0.097 seconds
[2024-06-05T00:31:35.187+0800] {processor.py:161} INFO - Started process (PID=3412) to work on /home/ryanng/.local/lib/python3.10/site-packages/airflow/example_dags/example_dynamic_task_mapping_with_no_taskflow_operators.py
[2024-06-05T00:31:35.188+0800] {processor.py:830} INFO - Processing file /home/ryanng/.local/lib/python3.10/site-packages/airflow/example_dags/example_dynamic_task_mapping_with_no_taskflow_operators.py for tasks to queue
[2024-06-05T00:31:35.189+0800] {logging_mixin.py:188} INFO - [2024-06-05T00:31:35.189+0800] {dagbag.py:545} INFO - Filling up the DagBag from /home/ryanng/.local/lib/python3.10/site-packages/airflow/example_dags/example_dynamic_task_mapping_with_no_taskflow_operators.py
[2024-06-05T00:31:35.195+0800] {processor.py:840} INFO - DAG(s) 'example_dynamic_task_mapping_with_no_taskflow_operators' retrieved from /home/ryanng/.local/lib/python3.10/site-packages/airflow/example_dags/example_dynamic_task_mapping_with_no_taskflow_operators.py
[2024-06-05T00:31:35.221+0800] {logging_mixin.py:188} INFO - [2024-06-05T00:31:35.221+0800] {dag.py:3096} INFO - Sync 1 DAGs
[2024-06-05T00:31:35.238+0800] {logging_mixin.py:188} INFO - [2024-06-05T00:31:35.238+0800] {dag.py:3954} INFO - Setting next_dagrun for example_dynamic_task_mapping_with_no_taskflow_operators to 2024-06-03T00:00:00+00:00, run_after=2024-06-04T00:00:00+00:00
[2024-06-05T00:31:35.294+0800] {processor.py:183} INFO - Processing /home/ryanng/.local/lib/python3.10/site-packages/airflow/example_dags/example_dynamic_task_mapping_with_no_taskflow_operators.py took 0.111 seconds
[2024-06-05T00:32:31.151+0800] {processor.py:161} INFO - Started process (PID=3799) to work on /home/ryanng/.local/lib/python3.10/site-packages/airflow/example_dags/example_dynamic_task_mapping_with_no_taskflow_operators.py
[2024-06-05T00:32:31.151+0800] {processor.py:830} INFO - Processing file /home/ryanng/.local/lib/python3.10/site-packages/airflow/example_dags/example_dynamic_task_mapping_with_no_taskflow_operators.py for tasks to queue
[2024-06-05T00:32:31.152+0800] {logging_mixin.py:188} INFO - [2024-06-05T00:32:31.152+0800] {dagbag.py:545} INFO - Filling up the DagBag from /home/ryanng/.local/lib/python3.10/site-packages/airflow/example_dags/example_dynamic_task_mapping_with_no_taskflow_operators.py
[2024-06-05T00:32:31.156+0800] {processor.py:840} INFO - DAG(s) 'example_dynamic_task_mapping_with_no_taskflow_operators' retrieved from /home/ryanng/.local/lib/python3.10/site-packages/airflow/example_dags/example_dynamic_task_mapping_with_no_taskflow_operators.py
[2024-06-05T00:32:31.169+0800] {logging_mixin.py:188} INFO - [2024-06-05T00:32:31.169+0800] {dag.py:3096} INFO - Sync 1 DAGs
[2024-06-05T00:32:31.184+0800] {logging_mixin.py:188} INFO - [2024-06-05T00:32:31.184+0800] {dag.py:3954} INFO - Setting next_dagrun for example_dynamic_task_mapping_with_no_taskflow_operators to 2024-06-03T00:00:00+00:00, run_after=2024-06-04T00:00:00+00:00
[2024-06-05T00:32:31.239+0800] {processor.py:183} INFO - Processing /home/ryanng/.local/lib/python3.10/site-packages/airflow/example_dags/example_dynamic_task_mapping_with_no_taskflow_operators.py took 0.092 seconds
