[2024-06-05T00:24:15.408+0800] {processor.py:161} INFO - Started process (PID=1119) to work on /home/ryanng/.local/lib/python3.10/site-packages/airflow/example_dags/example_branch_datetime_operator.py
[2024-06-05T00:24:15.409+0800] {processor.py:830} INFO - Processing file /home/ryanng/.local/lib/python3.10/site-packages/airflow/example_dags/example_branch_datetime_operator.py for tasks to queue
[2024-06-05T00:24:15.410+0800] {logging_mixin.py:188} INFO - [2024-06-05T00:24:15.410+0800] {dagbag.py:545} INFO - Filling up the DagBag from /home/ryanng/.local/lib/python3.10/site-packages/airflow/example_dags/example_branch_datetime_operator.py
[2024-06-05T00:24:15.416+0800] {processor.py:840} INFO - DAG(s) 'example_branch_datetime_operator_2', 'example_branch_datetime_operator', 'example_branch_datetime_operator_3' retrieved from /home/ryanng/.local/lib/python3.10/site-packages/airflow/example_dags/example_branch_datetime_operator.py
[2024-06-05T00:24:15.566+0800] {logging_mixin.py:188} INFO - [2024-06-05T00:24:15.566+0800] {dag.py:3096} INFO - Sync 3 DAGs
[2024-06-05T00:24:15.583+0800] {logging_mixin.py:188} INFO - [2024-06-05T00:24:15.583+0800] {dag.py:3954} INFO - Setting next_dagrun for example_branch_datetime_operator to 2024-06-03T00:00:00+00:00, run_after=2024-06-04T00:00:00+00:00
[2024-06-05T00:24:15.587+0800] {logging_mixin.py:188} INFO - [2024-06-05T00:24:15.586+0800] {dag.py:3954} INFO - Setting next_dagrun for example_branch_datetime_operator_2 to 2024-06-03T00:00:00+00:00, run_after=2024-06-04T00:00:00+00:00
[2024-06-05T00:24:15.589+0800] {logging_mixin.py:188} INFO - [2024-06-05T00:24:15.589+0800] {dag.py:3954} INFO - Setting next_dagrun for example_branch_datetime_operator_3 to 2024-06-03T00:00:00+00:00, run_after=2024-06-04T00:00:00+00:00
[2024-06-05T00:24:15.647+0800] {processor.py:183} INFO - Processing /home/ryanng/.local/lib/python3.10/site-packages/airflow/example_dags/example_branch_datetime_operator.py took 0.243 seconds
[2024-06-05T00:25:09.919+0800] {processor.py:161} INFO - Started process (PID=1408) to work on /home/ryanng/.local/lib/python3.10/site-packages/airflow/example_dags/example_branch_datetime_operator.py
[2024-06-05T00:25:09.920+0800] {processor.py:830} INFO - Processing file /home/ryanng/.local/lib/python3.10/site-packages/airflow/example_dags/example_branch_datetime_operator.py for tasks to queue
[2024-06-05T00:25:09.922+0800] {logging_mixin.py:188} INFO - [2024-06-05T00:25:09.921+0800] {dagbag.py:545} INFO - Filling up the DagBag from /home/ryanng/.local/lib/python3.10/site-packages/airflow/example_dags/example_branch_datetime_operator.py
[2024-06-05T00:25:09.928+0800] {processor.py:840} INFO - DAG(s) 'example_branch_datetime_operator', 'example_branch_datetime_operator_3', 'example_branch_datetime_operator_2' retrieved from /home/ryanng/.local/lib/python3.10/site-packages/airflow/example_dags/example_branch_datetime_operator.py
[2024-06-05T00:25:09.951+0800] {logging_mixin.py:188} INFO - [2024-06-05T00:25:09.951+0800] {dag.py:3096} INFO - Sync 3 DAGs
[2024-06-05T00:25:09.967+0800] {logging_mixin.py:188} INFO - [2024-06-05T00:25:09.967+0800] {dag.py:3954} INFO - Setting next_dagrun for example_branch_datetime_operator to 2024-06-03T00:00:00+00:00, run_after=2024-06-04T00:00:00+00:00
[2024-06-05T00:25:09.971+0800] {logging_mixin.py:188} INFO - [2024-06-05T00:25:09.970+0800] {dag.py:3954} INFO - Setting next_dagrun for example_branch_datetime_operator_2 to 2024-06-03T00:00:00+00:00, run_after=2024-06-04T00:00:00+00:00
[2024-06-05T00:25:09.973+0800] {logging_mixin.py:188} INFO - [2024-06-05T00:25:09.973+0800] {dag.py:3954} INFO - Setting next_dagrun for example_branch_datetime_operator_3 to 2024-06-03T00:00:00+00:00, run_after=2024-06-04T00:00:00+00:00
[2024-06-05T00:25:10.012+0800] {processor.py:183} INFO - Processing /home/ryanng/.local/lib/python3.10/site-packages/airflow/example_dags/example_branch_datetime_operator.py took 0.097 seconds
[2024-06-05T00:26:22.294+0800] {processor.py:161} INFO - Started process (PID=1780) to work on /home/ryanng/.local/lib/python3.10/site-packages/airflow/example_dags/example_branch_datetime_operator.py
[2024-06-05T00:26:22.295+0800] {processor.py:830} INFO - Processing file /home/ryanng/.local/lib/python3.10/site-packages/airflow/example_dags/example_branch_datetime_operator.py for tasks to queue
[2024-06-05T00:26:22.296+0800] {logging_mixin.py:188} INFO - [2024-06-05T00:26:22.296+0800] {dagbag.py:545} INFO - Filling up the DagBag from /home/ryanng/.local/lib/python3.10/site-packages/airflow/example_dags/example_branch_datetime_operator.py
[2024-06-05T00:26:22.301+0800] {processor.py:840} INFO - DAG(s) 'example_branch_datetime_operator_3', 'example_branch_datetime_operator_2', 'example_branch_datetime_operator' retrieved from /home/ryanng/.local/lib/python3.10/site-packages/airflow/example_dags/example_branch_datetime_operator.py
[2024-06-05T00:26:22.322+0800] {logging_mixin.py:188} INFO - [2024-06-05T00:26:22.322+0800] {dag.py:3096} INFO - Sync 3 DAGs
[2024-06-05T00:26:22.337+0800] {logging_mixin.py:188} INFO - [2024-06-05T00:26:22.337+0800] {dag.py:3954} INFO - Setting next_dagrun for example_branch_datetime_operator to 2024-06-03T00:00:00+00:00, run_after=2024-06-04T00:00:00+00:00
[2024-06-05T00:26:22.340+0800] {logging_mixin.py:188} INFO - [2024-06-05T00:26:22.340+0800] {dag.py:3954} INFO - Setting next_dagrun for example_branch_datetime_operator_2 to 2024-06-03T00:00:00+00:00, run_after=2024-06-04T00:00:00+00:00
[2024-06-05T00:26:22.342+0800] {logging_mixin.py:188} INFO - [2024-06-05T00:26:22.342+0800] {dag.py:3954} INFO - Setting next_dagrun for example_branch_datetime_operator_3 to 2024-06-03T00:00:00+00:00, run_after=2024-06-04T00:00:00+00:00
[2024-06-05T00:26:22.371+0800] {processor.py:183} INFO - Processing /home/ryanng/.local/lib/python3.10/site-packages/airflow/example_dags/example_branch_datetime_operator.py took 0.080 seconds
[2024-06-05T00:27:31.385+0800] {processor.py:161} INFO - Started process (PID=2142) to work on /home/ryanng/.local/lib/python3.10/site-packages/airflow/example_dags/example_branch_datetime_operator.py
[2024-06-05T00:27:31.386+0800] {processor.py:830} INFO - Processing file /home/ryanng/.local/lib/python3.10/site-packages/airflow/example_dags/example_branch_datetime_operator.py for tasks to queue
[2024-06-05T00:27:31.387+0800] {logging_mixin.py:188} INFO - [2024-06-05T00:27:31.387+0800] {dagbag.py:545} INFO - Filling up the DagBag from /home/ryanng/.local/lib/python3.10/site-packages/airflow/example_dags/example_branch_datetime_operator.py
[2024-06-05T00:27:31.392+0800] {processor.py:840} INFO - DAG(s) 'example_branch_datetime_operator_2', 'example_branch_datetime_operator', 'example_branch_datetime_operator_3' retrieved from /home/ryanng/.local/lib/python3.10/site-packages/airflow/example_dags/example_branch_datetime_operator.py
[2024-06-05T00:27:31.421+0800] {logging_mixin.py:188} INFO - [2024-06-05T00:27:31.421+0800] {dag.py:3096} INFO - Sync 3 DAGs
[2024-06-05T00:27:31.436+0800] {logging_mixin.py:188} INFO - [2024-06-05T00:27:31.436+0800] {dag.py:3954} INFO - Setting next_dagrun for example_branch_datetime_operator to 2024-06-03T00:00:00+00:00, run_after=2024-06-04T00:00:00+00:00
[2024-06-05T00:27:31.440+0800] {logging_mixin.py:188} INFO - [2024-06-05T00:27:31.440+0800] {dag.py:3954} INFO - Setting next_dagrun for example_branch_datetime_operator_2 to 2024-06-03T00:00:00+00:00, run_after=2024-06-04T00:00:00+00:00
[2024-06-05T00:27:31.442+0800] {logging_mixin.py:188} INFO - [2024-06-05T00:27:31.442+0800] {dag.py:3954} INFO - Setting next_dagrun for example_branch_datetime_operator_3 to 2024-06-03T00:00:00+00:00, run_after=2024-06-04T00:00:00+00:00
[2024-06-05T00:27:31.484+0800] {processor.py:183} INFO - Processing /home/ryanng/.local/lib/python3.10/site-packages/airflow/example_dags/example_branch_datetime_operator.py took 0.102 seconds
[2024-06-05T00:29:05.483+0800] {processor.py:161} INFO - Started process (PID=2618) to work on /home/ryanng/.local/lib/python3.10/site-packages/airflow/example_dags/example_branch_datetime_operator.py
[2024-06-05T00:29:05.484+0800] {processor.py:830} INFO - Processing file /home/ryanng/.local/lib/python3.10/site-packages/airflow/example_dags/example_branch_datetime_operator.py for tasks to queue
[2024-06-05T00:29:05.486+0800] {logging_mixin.py:188} INFO - [2024-06-05T00:29:05.486+0800] {dagbag.py:545} INFO - Filling up the DagBag from /home/ryanng/.local/lib/python3.10/site-packages/airflow/example_dags/example_branch_datetime_operator.py
[2024-06-05T00:29:05.492+0800] {processor.py:840} INFO - DAG(s) 'example_branch_datetime_operator', 'example_branch_datetime_operator_3', 'example_branch_datetime_operator_2' retrieved from /home/ryanng/.local/lib/python3.10/site-packages/airflow/example_dags/example_branch_datetime_operator.py
[2024-06-05T00:29:05.513+0800] {logging_mixin.py:188} INFO - [2024-06-05T00:29:05.513+0800] {dag.py:3096} INFO - Sync 3 DAGs
[2024-06-05T00:29:05.530+0800] {logging_mixin.py:188} INFO - [2024-06-05T00:29:05.530+0800] {dag.py:3954} INFO - Setting next_dagrun for example_branch_datetime_operator to 2024-06-03T00:00:00+00:00, run_after=2024-06-04T00:00:00+00:00
[2024-06-05T00:29:05.534+0800] {logging_mixin.py:188} INFO - [2024-06-05T00:29:05.534+0800] {dag.py:3954} INFO - Setting next_dagrun for example_branch_datetime_operator_2 to 2024-06-03T00:00:00+00:00, run_after=2024-06-04T00:00:00+00:00
[2024-06-05T00:29:05.537+0800] {logging_mixin.py:188} INFO - [2024-06-05T00:29:05.537+0800] {dag.py:3954} INFO - Setting next_dagrun for example_branch_datetime_operator_3 to 2024-06-03T00:00:00+00:00, run_after=2024-06-04T00:00:00+00:00
[2024-06-05T00:29:05.600+0800] {processor.py:183} INFO - Processing /home/ryanng/.local/lib/python3.10/site-packages/airflow/example_dags/example_branch_datetime_operator.py took 0.120 seconds
[2024-06-05T00:29:57.544+0800] {processor.py:161} INFO - Started process (PID=2893) to work on /home/ryanng/.local/lib/python3.10/site-packages/airflow/example_dags/example_branch_datetime_operator.py
[2024-06-05T00:29:57.545+0800] {processor.py:830} INFO - Processing file /home/ryanng/.local/lib/python3.10/site-packages/airflow/example_dags/example_branch_datetime_operator.py for tasks to queue
[2024-06-05T00:29:57.546+0800] {logging_mixin.py:188} INFO - [2024-06-05T00:29:57.546+0800] {dagbag.py:545} INFO - Filling up the DagBag from /home/ryanng/.local/lib/python3.10/site-packages/airflow/example_dags/example_branch_datetime_operator.py
[2024-06-05T00:29:57.553+0800] {processor.py:840} INFO - DAG(s) 'example_branch_datetime_operator_2', 'example_branch_datetime_operator_3', 'example_branch_datetime_operator' retrieved from /home/ryanng/.local/lib/python3.10/site-packages/airflow/example_dags/example_branch_datetime_operator.py
[2024-06-05T00:29:57.577+0800] {logging_mixin.py:188} INFO - [2024-06-05T00:29:57.577+0800] {dag.py:3096} INFO - Sync 3 DAGs
[2024-06-05T00:29:57.596+0800] {logging_mixin.py:188} INFO - [2024-06-05T00:29:57.595+0800] {dag.py:3954} INFO - Setting next_dagrun for example_branch_datetime_operator to 2024-06-03T00:00:00+00:00, run_after=2024-06-04T00:00:00+00:00
[2024-06-05T00:29:57.600+0800] {logging_mixin.py:188} INFO - [2024-06-05T00:29:57.600+0800] {dag.py:3954} INFO - Setting next_dagrun for example_branch_datetime_operator_2 to 2024-06-03T00:00:00+00:00, run_after=2024-06-04T00:00:00+00:00
[2024-06-05T00:29:57.602+0800] {logging_mixin.py:188} INFO - [2024-06-05T00:29:57.602+0800] {dag.py:3954} INFO - Setting next_dagrun for example_branch_datetime_operator_3 to 2024-06-03T00:00:00+00:00, run_after=2024-06-04T00:00:00+00:00
[2024-06-05T00:29:57.641+0800] {processor.py:183} INFO - Processing /home/ryanng/.local/lib/python3.10/site-packages/airflow/example_dags/example_branch_datetime_operator.py took 0.100 seconds
[2024-06-05T00:32:22.980+0800] {processor.py:161} INFO - Started process (PID=3745) to work on /home/ryanng/.local/lib/python3.10/site-packages/airflow/example_dags/example_branch_datetime_operator.py
[2024-06-05T00:32:22.980+0800] {processor.py:830} INFO - Processing file /home/ryanng/.local/lib/python3.10/site-packages/airflow/example_dags/example_branch_datetime_operator.py for tasks to queue
[2024-06-05T00:32:22.982+0800] {logging_mixin.py:188} INFO - [2024-06-05T00:32:22.981+0800] {dagbag.py:545} INFO - Filling up the DagBag from /home/ryanng/.local/lib/python3.10/site-packages/airflow/example_dags/example_branch_datetime_operator.py
[2024-06-05T00:32:22.987+0800] {processor.py:840} INFO - DAG(s) 'example_branch_datetime_operator', 'example_branch_datetime_operator_2', 'example_branch_datetime_operator_3' retrieved from /home/ryanng/.local/lib/python3.10/site-packages/airflow/example_dags/example_branch_datetime_operator.py
[2024-06-05T00:32:23.006+0800] {logging_mixin.py:188} INFO - [2024-06-05T00:32:23.006+0800] {dag.py:3096} INFO - Sync 3 DAGs
[2024-06-05T00:32:23.019+0800] {logging_mixin.py:188} INFO - [2024-06-05T00:32:23.019+0800] {dag.py:3954} INFO - Setting next_dagrun for example_branch_datetime_operator to 2024-06-03T00:00:00+00:00, run_after=2024-06-04T00:00:00+00:00
[2024-06-05T00:32:23.022+0800] {logging_mixin.py:188} INFO - [2024-06-05T00:32:23.022+0800] {dag.py:3954} INFO - Setting next_dagrun for example_branch_datetime_operator_2 to 2024-06-03T00:00:00+00:00, run_after=2024-06-04T00:00:00+00:00
[2024-06-05T00:32:23.024+0800] {logging_mixin.py:188} INFO - [2024-06-05T00:32:23.024+0800] {dag.py:3954} INFO - Setting next_dagrun for example_branch_datetime_operator_3 to 2024-06-03T00:00:00+00:00, run_after=2024-06-04T00:00:00+00:00
[2024-06-05T00:32:23.068+0800] {processor.py:183} INFO - Processing /home/ryanng/.local/lib/python3.10/site-packages/airflow/example_dags/example_branch_datetime_operator.py took 0.091 seconds
