[2024-06-05T00:23:58.031+0800] {processor.py:161} INFO - Started process (PID=1011) to work on /home/ryanng/.local/lib/python3.10/site-packages/airflow/example_dags/example_python_operator.py
[2024-06-05T00:23:58.032+0800] {processor.py:830} INFO - Processing file /home/ryanng/.local/lib/python3.10/site-packages/airflow/example_dags/example_python_operator.py for tasks to queue
[2024-06-05T00:23:58.033+0800] {logging_mixin.py:188} INFO - [2024-06-05T00:23:58.033+0800] {dagbag.py:545} INFO - Filling up the DagBag from /home/ryanng/.local/lib/python3.10/site-packages/airflow/example_dags/example_python_operator.py
[2024-06-05T00:23:58.054+0800] {logging_mixin.py:188} INFO - [2024-06-05T00:23:58.054+0800] {example_python_operator.py:93} WARNING - The virtalenv_python example task requires virtualenv, please install it.
[2024-06-05T00:23:58.054+0800] {processor.py:840} INFO - DAG(s) 'example_python_operator' retrieved from /home/ryanng/.local/lib/python3.10/site-packages/airflow/example_dags/example_python_operator.py
[2024-06-05T00:23:58.113+0800] {logging_mixin.py:188} INFO - [2024-06-05T00:23:58.113+0800] {dag.py:3096} INFO - Sync 1 DAGs
[2024-06-05T00:23:58.119+0800] {logging_mixin.py:188} INFO - [2024-06-05T00:23:58.119+0800] {dag.py:3954} INFO - Setting next_dagrun for example_python_operator to None, run_after=None
[2024-06-05T00:23:58.160+0800] {processor.py:183} INFO - Processing /home/ryanng/.local/lib/python3.10/site-packages/airflow/example_dags/example_python_operator.py took 0.133 seconds
[2024-06-05T00:24:52.103+0800] {processor.py:161} INFO - Started process (PID=1305) to work on /home/ryanng/.local/lib/python3.10/site-packages/airflow/example_dags/example_python_operator.py
[2024-06-05T00:24:52.104+0800] {processor.py:830} INFO - Processing file /home/ryanng/.local/lib/python3.10/site-packages/airflow/example_dags/example_python_operator.py for tasks to queue
[2024-06-05T00:24:52.105+0800] {logging_mixin.py:188} INFO - [2024-06-05T00:24:52.105+0800] {dagbag.py:545} INFO - Filling up the DagBag from /home/ryanng/.local/lib/python3.10/site-packages/airflow/example_dags/example_python_operator.py
[2024-06-05T00:24:52.131+0800] {logging_mixin.py:188} INFO - [2024-06-05T00:24:52.130+0800] {example_python_operator.py:93} WARNING - The virtalenv_python example task requires virtualenv, please install it.
[2024-06-05T00:24:52.131+0800] {processor.py:840} INFO - DAG(s) 'example_python_operator' retrieved from /home/ryanng/.local/lib/python3.10/site-packages/airflow/example_dags/example_python_operator.py
[2024-06-05T00:24:52.151+0800] {logging_mixin.py:188} INFO - [2024-06-05T00:24:52.151+0800] {dag.py:3096} INFO - Sync 1 DAGs
[2024-06-05T00:24:52.160+0800] {logging_mixin.py:188} INFO - [2024-06-05T00:24:52.159+0800] {dag.py:3954} INFO - Setting next_dagrun for example_python_operator to None, run_after=None
[2024-06-05T00:24:52.215+0800] {processor.py:183} INFO - Processing /home/ryanng/.local/lib/python3.10/site-packages/airflow/example_dags/example_python_operator.py took 0.115 seconds
[2024-06-05T00:25:46.296+0800] {processor.py:161} INFO - Started process (PID=1587) to work on /home/ryanng/.local/lib/python3.10/site-packages/airflow/example_dags/example_python_operator.py
[2024-06-05T00:25:46.297+0800] {processor.py:830} INFO - Processing file /home/ryanng/.local/lib/python3.10/site-packages/airflow/example_dags/example_python_operator.py for tasks to queue
[2024-06-05T00:25:46.298+0800] {logging_mixin.py:188} INFO - [2024-06-05T00:25:46.298+0800] {dagbag.py:545} INFO - Filling up the DagBag from /home/ryanng/.local/lib/python3.10/site-packages/airflow/example_dags/example_python_operator.py
[2024-06-05T00:25:46.312+0800] {logging_mixin.py:188} INFO - [2024-06-05T00:25:46.312+0800] {example_python_operator.py:93} WARNING - The virtalenv_python example task requires virtualenv, please install it.
[2024-06-05T00:25:46.313+0800] {processor.py:840} INFO - DAG(s) 'example_python_operator' retrieved from /home/ryanng/.local/lib/python3.10/site-packages/airflow/example_dags/example_python_operator.py
[2024-06-05T00:25:46.327+0800] {logging_mixin.py:188} INFO - [2024-06-05T00:25:46.327+0800] {dag.py:3096} INFO - Sync 1 DAGs
[2024-06-05T00:25:46.336+0800] {logging_mixin.py:188} INFO - [2024-06-05T00:25:46.336+0800] {dag.py:3954} INFO - Setting next_dagrun for example_python_operator to None, run_after=None
[2024-06-05T00:25:46.376+0800] {processor.py:183} INFO - Processing /home/ryanng/.local/lib/python3.10/site-packages/airflow/example_dags/example_python_operator.py took 0.083 seconds
[2024-06-05T00:26:35.208+0800] {processor.py:161} INFO - Started process (PID=1844) to work on /home/ryanng/.local/lib/python3.10/site-packages/airflow/example_dags/example_python_operator.py
[2024-06-05T00:26:35.211+0800] {processor.py:830} INFO - Processing file /home/ryanng/.local/lib/python3.10/site-packages/airflow/example_dags/example_python_operator.py for tasks to queue
[2024-06-05T00:26:35.213+0800] {logging_mixin.py:188} INFO - [2024-06-05T00:26:35.213+0800] {dagbag.py:545} INFO - Filling up the DagBag from /home/ryanng/.local/lib/python3.10/site-packages/airflow/example_dags/example_python_operator.py
[2024-06-05T00:26:35.252+0800] {logging_mixin.py:188} INFO - [2024-06-05T00:26:35.252+0800] {example_python_operator.py:93} WARNING - The virtalenv_python example task requires virtualenv, please install it.
[2024-06-05T00:26:35.253+0800] {processor.py:840} INFO - DAG(s) 'example_python_operator' retrieved from /home/ryanng/.local/lib/python3.10/site-packages/airflow/example_dags/example_python_operator.py
[2024-06-05T00:26:35.274+0800] {logging_mixin.py:188} INFO - [2024-06-05T00:26:35.274+0800] {dag.py:3096} INFO - Sync 1 DAGs
[2024-06-05T00:26:35.282+0800] {logging_mixin.py:188} INFO - [2024-06-05T00:26:35.282+0800] {dag.py:3954} INFO - Setting next_dagrun for example_python_operator to None, run_after=None
[2024-06-05T00:26:35.324+0800] {processor.py:183} INFO - Processing /home/ryanng/.local/lib/python3.10/site-packages/airflow/example_dags/example_python_operator.py took 0.119 seconds
[2024-06-05T00:27:23.842+0800] {processor.py:161} INFO - Started process (PID=2089) to work on /home/ryanng/.local/lib/python3.10/site-packages/airflow/example_dags/example_python_operator.py
[2024-06-05T00:27:23.843+0800] {processor.py:830} INFO - Processing file /home/ryanng/.local/lib/python3.10/site-packages/airflow/example_dags/example_python_operator.py for tasks to queue
[2024-06-05T00:27:23.844+0800] {logging_mixin.py:188} INFO - [2024-06-05T00:27:23.843+0800] {dagbag.py:545} INFO - Filling up the DagBag from /home/ryanng/.local/lib/python3.10/site-packages/airflow/example_dags/example_python_operator.py
[2024-06-05T00:27:23.857+0800] {logging_mixin.py:188} INFO - [2024-06-05T00:27:23.857+0800] {example_python_operator.py:93} WARNING - The virtalenv_python example task requires virtualenv, please install it.
[2024-06-05T00:27:23.858+0800] {processor.py:840} INFO - DAG(s) 'example_python_operator' retrieved from /home/ryanng/.local/lib/python3.10/site-packages/airflow/example_dags/example_python_operator.py
[2024-06-05T00:27:23.872+0800] {logging_mixin.py:188} INFO - [2024-06-05T00:27:23.872+0800] {dag.py:3096} INFO - Sync 1 DAGs
[2024-06-05T00:27:23.879+0800] {logging_mixin.py:188} INFO - [2024-06-05T00:27:23.879+0800] {dag.py:3954} INFO - Setting next_dagrun for example_python_operator to None, run_after=None
[2024-06-05T00:27:23.915+0800] {processor.py:183} INFO - Processing /home/ryanng/.local/lib/python3.10/site-packages/airflow/example_dags/example_python_operator.py took 0.077 seconds
[2024-06-05T00:28:47.091+0800] {processor.py:161} INFO - Started process (PID=2513) to work on /home/ryanng/.local/lib/python3.10/site-packages/airflow/example_dags/example_python_operator.py
[2024-06-05T00:28:47.092+0800] {processor.py:830} INFO - Processing file /home/ryanng/.local/lib/python3.10/site-packages/airflow/example_dags/example_python_operator.py for tasks to queue
[2024-06-05T00:28:47.093+0800] {logging_mixin.py:188} INFO - [2024-06-05T00:28:47.093+0800] {dagbag.py:545} INFO - Filling up the DagBag from /home/ryanng/.local/lib/python3.10/site-packages/airflow/example_dags/example_python_operator.py
[2024-06-05T00:28:47.108+0800] {logging_mixin.py:188} INFO - [2024-06-05T00:28:47.108+0800] {example_python_operator.py:93} WARNING - The virtalenv_python example task requires virtualenv, please install it.
[2024-06-05T00:28:47.109+0800] {processor.py:840} INFO - DAG(s) 'example_python_operator' retrieved from /home/ryanng/.local/lib/python3.10/site-packages/airflow/example_dags/example_python_operator.py
[2024-06-05T00:28:47.123+0800] {logging_mixin.py:188} INFO - [2024-06-05T00:28:47.122+0800] {dag.py:3096} INFO - Sync 1 DAGs
[2024-06-05T00:28:47.131+0800] {logging_mixin.py:188} INFO - [2024-06-05T00:28:47.130+0800] {dag.py:3954} INFO - Setting next_dagrun for example_python_operator to None, run_after=None
[2024-06-05T00:28:47.181+0800] {processor.py:183} INFO - Processing /home/ryanng/.local/lib/python3.10/site-packages/airflow/example_dags/example_python_operator.py took 0.093 seconds
[2024-06-05T00:29:41.061+0800] {processor.py:161} INFO - Started process (PID=2794) to work on /home/ryanng/.local/lib/python3.10/site-packages/airflow/example_dags/example_python_operator.py
[2024-06-05T00:29:41.062+0800] {processor.py:830} INFO - Processing file /home/ryanng/.local/lib/python3.10/site-packages/airflow/example_dags/example_python_operator.py for tasks to queue
[2024-06-05T00:29:41.064+0800] {logging_mixin.py:188} INFO - [2024-06-05T00:29:41.064+0800] {dagbag.py:545} INFO - Filling up the DagBag from /home/ryanng/.local/lib/python3.10/site-packages/airflow/example_dags/example_python_operator.py
[2024-06-05T00:29:41.079+0800] {logging_mixin.py:188} INFO - [2024-06-05T00:29:41.078+0800] {example_python_operator.py:93} WARNING - The virtalenv_python example task requires virtualenv, please install it.
[2024-06-05T00:29:41.079+0800] {processor.py:840} INFO - DAG(s) 'example_python_operator' retrieved from /home/ryanng/.local/lib/python3.10/site-packages/airflow/example_dags/example_python_operator.py
[2024-06-05T00:29:41.094+0800] {logging_mixin.py:188} INFO - [2024-06-05T00:29:41.094+0800] {dag.py:3096} INFO - Sync 1 DAGs
[2024-06-05T00:29:41.103+0800] {logging_mixin.py:188} INFO - [2024-06-05T00:29:41.103+0800] {dag.py:3954} INFO - Setting next_dagrun for example_python_operator to None, run_after=None
[2024-06-05T00:29:41.138+0800] {processor.py:183} INFO - Processing /home/ryanng/.local/lib/python3.10/site-packages/airflow/example_dags/example_python_operator.py took 0.081 seconds
[2024-06-05T00:30:33.831+0800] {processor.py:161} INFO - Started process (PID=3072) to work on /home/ryanng/.local/lib/python3.10/site-packages/airflow/example_dags/example_python_operator.py
[2024-06-05T00:30:33.832+0800] {processor.py:830} INFO - Processing file /home/ryanng/.local/lib/python3.10/site-packages/airflow/example_dags/example_python_operator.py for tasks to queue
[2024-06-05T00:30:33.833+0800] {logging_mixin.py:188} INFO - [2024-06-05T00:30:33.833+0800] {dagbag.py:545} INFO - Filling up the DagBag from /home/ryanng/.local/lib/python3.10/site-packages/airflow/example_dags/example_python_operator.py
[2024-06-05T00:30:33.846+0800] {logging_mixin.py:188} INFO - [2024-06-05T00:30:33.846+0800] {example_python_operator.py:93} WARNING - The virtalenv_python example task requires virtualenv, please install it.
[2024-06-05T00:30:33.847+0800] {processor.py:840} INFO - DAG(s) 'example_python_operator' retrieved from /home/ryanng/.local/lib/python3.10/site-packages/airflow/example_dags/example_python_operator.py
[2024-06-05T00:30:33.860+0800] {logging_mixin.py:188} INFO - [2024-06-05T00:30:33.860+0800] {dag.py:3096} INFO - Sync 1 DAGs
[2024-06-05T00:30:33.868+0800] {logging_mixin.py:188} INFO - [2024-06-05T00:30:33.868+0800] {dag.py:3954} INFO - Setting next_dagrun for example_python_operator to None, run_after=None
[2024-06-05T00:30:33.908+0800] {processor.py:183} INFO - Processing /home/ryanng/.local/lib/python3.10/site-packages/airflow/example_dags/example_python_operator.py took 0.081 seconds
[2024-06-05T00:32:05.810+0800] {processor.py:161} INFO - Started process (PID=3645) to work on /home/ryanng/.local/lib/python3.10/site-packages/airflow/example_dags/example_python_operator.py
[2024-06-05T00:32:05.811+0800] {processor.py:830} INFO - Processing file /home/ryanng/.local/lib/python3.10/site-packages/airflow/example_dags/example_python_operator.py for tasks to queue
[2024-06-05T00:32:05.812+0800] {logging_mixin.py:188} INFO - [2024-06-05T00:32:05.812+0800] {dagbag.py:545} INFO - Filling up the DagBag from /home/ryanng/.local/lib/python3.10/site-packages/airflow/example_dags/example_python_operator.py
[2024-06-05T00:32:05.825+0800] {logging_mixin.py:188} INFO - [2024-06-05T00:32:05.825+0800] {example_python_operator.py:93} WARNING - The virtalenv_python example task requires virtualenv, please install it.
[2024-06-05T00:32:05.825+0800] {processor.py:840} INFO - DAG(s) 'example_python_operator' retrieved from /home/ryanng/.local/lib/python3.10/site-packages/airflow/example_dags/example_python_operator.py
[2024-06-05T00:32:05.840+0800] {logging_mixin.py:188} INFO - [2024-06-05T00:32:05.840+0800] {dag.py:3096} INFO - Sync 1 DAGs
[2024-06-05T00:32:05.848+0800] {logging_mixin.py:188} INFO - [2024-06-05T00:32:05.848+0800] {dag.py:3954} INFO - Setting next_dagrun for example_python_operator to None, run_after=None
[2024-06-05T00:32:05.895+0800] {processor.py:183} INFO - Processing /home/ryanng/.local/lib/python3.10/site-packages/airflow/example_dags/example_python_operator.py took 0.088 seconds
