[2024-06-05T00:20:39.031+0800] {processor.py:161} INFO - Started process (PID=2840) to work on /home/ryanng/.local/lib/python3.10/site-packages/airflow/example_dags/example_kubernetes_executor.py
[2024-06-05T00:20:39.032+0800] {processor.py:830} INFO - Processing file /home/ryanng/.local/lib/python3.10/site-packages/airflow/example_dags/example_kubernetes_executor.py for tasks to queue
[2024-06-05T00:20:39.033+0800] {logging_mixin.py:188} INFO - [2024-06-05T00:20:39.033+0800] {dagbag.py:545} INFO - Filling up the DagBag from /home/ryanng/.local/lib/python3.10/site-packages/airflow/example_dags/example_kubernetes_executor.py
[2024-06-05T00:20:39.037+0800] {logging_mixin.py:188} INFO - [2024-06-05T00:20:39.037+0800] {example_kubernetes_executor.py:39} WARNING - The example_kubernetes_executor example DAG requires the kubernetes provider. Please install it with: pip install apache-airflow[cncf.kubernetes]
[2024-06-05T00:20:39.037+0800] {processor.py:842} WARNING - No viable dags retrieved from /home/ryanng/.local/lib/python3.10/site-packages/airflow/example_dags/example_kubernetes_executor.py
[2024-06-05T00:20:39.048+0800] {processor.py:183} INFO - Processing /home/ryanng/.local/lib/python3.10/site-packages/airflow/example_dags/example_kubernetes_executor.py took 0.020 seconds
[2024-06-05T00:23:23.942+0800] {processor.py:161} INFO - Started process (PID=840) to work on /home/ryanng/.local/lib/python3.10/site-packages/airflow/example_dags/example_kubernetes_executor.py
[2024-06-05T00:23:23.943+0800] {processor.py:830} INFO - Processing file /home/ryanng/.local/lib/python3.10/site-packages/airflow/example_dags/example_kubernetes_executor.py for tasks to queue
[2024-06-05T00:23:23.944+0800] {logging_mixin.py:188} INFO - [2024-06-05T00:23:23.944+0800] {dagbag.py:545} INFO - Filling up the DagBag from /home/ryanng/.local/lib/python3.10/site-packages/airflow/example_dags/example_kubernetes_executor.py
[2024-06-05T00:23:23.947+0800] {logging_mixin.py:188} INFO - [2024-06-05T00:23:23.947+0800] {example_kubernetes_executor.py:39} WARNING - The example_kubernetes_executor example DAG requires the kubernetes provider. Please install it with: pip install apache-airflow[cncf.kubernetes]
[2024-06-05T00:23:23.947+0800] {processor.py:842} WARNING - No viable dags retrieved from /home/ryanng/.local/lib/python3.10/site-packages/airflow/example_dags/example_kubernetes_executor.py
[2024-06-05T00:23:23.962+0800] {processor.py:183} INFO - Processing /home/ryanng/.local/lib/python3.10/site-packages/airflow/example_dags/example_kubernetes_executor.py took 0.023 seconds
[2024-06-05T00:24:21.865+0800] {processor.py:161} INFO - Started process (PID=1151) to work on /home/ryanng/.local/lib/python3.10/site-packages/airflow/example_dags/example_kubernetes_executor.py
[2024-06-05T00:24:21.866+0800] {processor.py:830} INFO - Processing file /home/ryanng/.local/lib/python3.10/site-packages/airflow/example_dags/example_kubernetes_executor.py for tasks to queue
[2024-06-05T00:24:21.867+0800] {logging_mixin.py:188} INFO - [2024-06-05T00:24:21.867+0800] {dagbag.py:545} INFO - Filling up the DagBag from /home/ryanng/.local/lib/python3.10/site-packages/airflow/example_dags/example_kubernetes_executor.py
[2024-06-05T00:24:21.869+0800] {logging_mixin.py:188} INFO - [2024-06-05T00:24:21.869+0800] {example_kubernetes_executor.py:39} WARNING - The example_kubernetes_executor example DAG requires the kubernetes provider. Please install it with: pip install apache-airflow[cncf.kubernetes]
[2024-06-05T00:24:21.869+0800] {processor.py:842} WARNING - No viable dags retrieved from /home/ryanng/.local/lib/python3.10/site-packages/airflow/example_dags/example_kubernetes_executor.py
[2024-06-05T00:24:21.880+0800] {processor.py:183} INFO - Processing /home/ryanng/.local/lib/python3.10/site-packages/airflow/example_dags/example_kubernetes_executor.py took 0.019 seconds
[2024-06-05T00:25:11.202+0800] {processor.py:161} INFO - Started process (PID=1414) to work on /home/ryanng/.local/lib/python3.10/site-packages/airflow/example_dags/example_kubernetes_executor.py
[2024-06-05T00:25:11.202+0800] {processor.py:830} INFO - Processing file /home/ryanng/.local/lib/python3.10/site-packages/airflow/example_dags/example_kubernetes_executor.py for tasks to queue
[2024-06-05T00:25:11.204+0800] {logging_mixin.py:188} INFO - [2024-06-05T00:25:11.203+0800] {dagbag.py:545} INFO - Filling up the DagBag from /home/ryanng/.local/lib/python3.10/site-packages/airflow/example_dags/example_kubernetes_executor.py
[2024-06-05T00:25:11.206+0800] {logging_mixin.py:188} INFO - [2024-06-05T00:25:11.206+0800] {example_kubernetes_executor.py:39} WARNING - The example_kubernetes_executor example DAG requires the kubernetes provider. Please install it with: pip install apache-airflow[cncf.kubernetes]
[2024-06-05T00:25:11.206+0800] {processor.py:842} WARNING - No viable dags retrieved from /home/ryanng/.local/lib/python3.10/site-packages/airflow/example_dags/example_kubernetes_executor.py
[2024-06-05T00:25:11.219+0800] {processor.py:183} INFO - Processing /home/ryanng/.local/lib/python3.10/site-packages/airflow/example_dags/example_kubernetes_executor.py took 0.021 seconds
[2024-06-05T00:26:00.232+0800] {processor.py:161} INFO - Started process (PID=1656) to work on /home/ryanng/.local/lib/python3.10/site-packages/airflow/example_dags/example_kubernetes_executor.py
[2024-06-05T00:26:00.233+0800] {processor.py:830} INFO - Processing file /home/ryanng/.local/lib/python3.10/site-packages/airflow/example_dags/example_kubernetes_executor.py for tasks to queue
[2024-06-05T00:26:00.234+0800] {logging_mixin.py:188} INFO - [2024-06-05T00:26:00.234+0800] {dagbag.py:545} INFO - Filling up the DagBag from /home/ryanng/.local/lib/python3.10/site-packages/airflow/example_dags/example_kubernetes_executor.py
[2024-06-05T00:26:00.237+0800] {logging_mixin.py:188} INFO - [2024-06-05T00:26:00.236+0800] {example_kubernetes_executor.py:39} WARNING - The example_kubernetes_executor example DAG requires the kubernetes provider. Please install it with: pip install apache-airflow[cncf.kubernetes]
[2024-06-05T00:26:00.237+0800] {processor.py:842} WARNING - No viable dags retrieved from /home/ryanng/.local/lib/python3.10/site-packages/airflow/example_dags/example_kubernetes_executor.py
[2024-06-05T00:26:00.248+0800] {processor.py:183} INFO - Processing /home/ryanng/.local/lib/python3.10/site-packages/airflow/example_dags/example_kubernetes_executor.py took 0.020 seconds
[2024-06-05T00:26:46.938+0800] {processor.py:161} INFO - Started process (PID=1903) to work on /home/ryanng/.local/lib/python3.10/site-packages/airflow/example_dags/example_kubernetes_executor.py
[2024-06-05T00:26:46.939+0800] {processor.py:830} INFO - Processing file /home/ryanng/.local/lib/python3.10/site-packages/airflow/example_dags/example_kubernetes_executor.py for tasks to queue
[2024-06-05T00:26:46.940+0800] {logging_mixin.py:188} INFO - [2024-06-05T00:26:46.940+0800] {dagbag.py:545} INFO - Filling up the DagBag from /home/ryanng/.local/lib/python3.10/site-packages/airflow/example_dags/example_kubernetes_executor.py
[2024-06-05T00:26:46.945+0800] {logging_mixin.py:188} INFO - [2024-06-05T00:26:46.944+0800] {example_kubernetes_executor.py:39} WARNING - The example_kubernetes_executor example DAG requires the kubernetes provider. Please install it with: pip install apache-airflow[cncf.kubernetes]
[2024-06-05T00:26:46.945+0800] {processor.py:842} WARNING - No viable dags retrieved from /home/ryanng/.local/lib/python3.10/site-packages/airflow/example_dags/example_kubernetes_executor.py
[2024-06-05T00:26:46.958+0800] {processor.py:183} INFO - Processing /home/ryanng/.local/lib/python3.10/site-packages/airflow/example_dags/example_kubernetes_executor.py took 0.023 seconds
[2024-06-05T00:27:32.670+0800] {processor.py:161} INFO - Started process (PID=2150) to work on /home/ryanng/.local/lib/python3.10/site-packages/airflow/example_dags/example_kubernetes_executor.py
[2024-06-05T00:27:32.672+0800] {processor.py:830} INFO - Processing file /home/ryanng/.local/lib/python3.10/site-packages/airflow/example_dags/example_kubernetes_executor.py for tasks to queue
[2024-06-05T00:27:32.673+0800] {logging_mixin.py:188} INFO - [2024-06-05T00:27:32.672+0800] {dagbag.py:545} INFO - Filling up the DagBag from /home/ryanng/.local/lib/python3.10/site-packages/airflow/example_dags/example_kubernetes_executor.py
[2024-06-05T00:27:32.678+0800] {logging_mixin.py:188} INFO - [2024-06-05T00:27:32.678+0800] {example_kubernetes_executor.py:39} WARNING - The example_kubernetes_executor example DAG requires the kubernetes provider. Please install it with: pip install apache-airflow[cncf.kubernetes]
[2024-06-05T00:27:32.679+0800] {processor.py:842} WARNING - No viable dags retrieved from /home/ryanng/.local/lib/python3.10/site-packages/airflow/example_dags/example_kubernetes_executor.py
[2024-06-05T00:27:32.694+0800] {processor.py:183} INFO - Processing /home/ryanng/.local/lib/python3.10/site-packages/airflow/example_dags/example_kubernetes_executor.py took 0.027 seconds
[2024-06-05T00:28:13.755+0800] {processor.py:161} INFO - Started process (PID=2346) to work on /home/ryanng/.local/lib/python3.10/site-packages/airflow/example_dags/example_kubernetes_executor.py
[2024-06-05T00:28:13.756+0800] {processor.py:830} INFO - Processing file /home/ryanng/.local/lib/python3.10/site-packages/airflow/example_dags/example_kubernetes_executor.py for tasks to queue
[2024-06-05T00:28:13.757+0800] {logging_mixin.py:188} INFO - [2024-06-05T00:28:13.757+0800] {dagbag.py:545} INFO - Filling up the DagBag from /home/ryanng/.local/lib/python3.10/site-packages/airflow/example_dags/example_kubernetes_executor.py
[2024-06-05T00:28:13.759+0800] {logging_mixin.py:188} INFO - [2024-06-05T00:28:13.759+0800] {example_kubernetes_executor.py:39} WARNING - The example_kubernetes_executor example DAG requires the kubernetes provider. Please install it with: pip install apache-airflow[cncf.kubernetes]
[2024-06-05T00:28:13.759+0800] {processor.py:842} WARNING - No viable dags retrieved from /home/ryanng/.local/lib/python3.10/site-packages/airflow/example_dags/example_kubernetes_executor.py
[2024-06-05T00:28:13.770+0800] {processor.py:183} INFO - Processing /home/ryanng/.local/lib/python3.10/site-packages/airflow/example_dags/example_kubernetes_executor.py took 0.018 seconds
[2024-06-05T00:29:10.791+0800] {processor.py:161} INFO - Started process (PID=2644) to work on /home/ryanng/.local/lib/python3.10/site-packages/airflow/example_dags/example_kubernetes_executor.py
[2024-06-05T00:29:10.792+0800] {processor.py:830} INFO - Processing file /home/ryanng/.local/lib/python3.10/site-packages/airflow/example_dags/example_kubernetes_executor.py for tasks to queue
[2024-06-05T00:29:10.793+0800] {logging_mixin.py:188} INFO - [2024-06-05T00:29:10.793+0800] {dagbag.py:545} INFO - Filling up the DagBag from /home/ryanng/.local/lib/python3.10/site-packages/airflow/example_dags/example_kubernetes_executor.py
[2024-06-05T00:29:10.796+0800] {logging_mixin.py:188} INFO - [2024-06-05T00:29:10.796+0800] {example_kubernetes_executor.py:39} WARNING - The example_kubernetes_executor example DAG requires the kubernetes provider. Please install it with: pip install apache-airflow[cncf.kubernetes]
[2024-06-05T00:29:10.797+0800] {processor.py:842} WARNING - No viable dags retrieved from /home/ryanng/.local/lib/python3.10/site-packages/airflow/example_dags/example_kubernetes_executor.py
[2024-06-05T00:29:10.808+0800] {processor.py:183} INFO - Processing /home/ryanng/.local/lib/python3.10/site-packages/airflow/example_dags/example_kubernetes_executor.py took 0.021 seconds
[2024-06-05T00:29:58.378+0800] {processor.py:161} INFO - Started process (PID=2897) to work on /home/ryanng/.local/lib/python3.10/site-packages/airflow/example_dags/example_kubernetes_executor.py
[2024-06-05T00:29:58.379+0800] {processor.py:830} INFO - Processing file /home/ryanng/.local/lib/python3.10/site-packages/airflow/example_dags/example_kubernetes_executor.py for tasks to queue
[2024-06-05T00:29:58.380+0800] {logging_mixin.py:188} INFO - [2024-06-05T00:29:58.380+0800] {dagbag.py:545} INFO - Filling up the DagBag from /home/ryanng/.local/lib/python3.10/site-packages/airflow/example_dags/example_kubernetes_executor.py
[2024-06-05T00:29:58.384+0800] {logging_mixin.py:188} INFO - [2024-06-05T00:29:58.384+0800] {example_kubernetes_executor.py:39} WARNING - The example_kubernetes_executor example DAG requires the kubernetes provider. Please install it with: pip install apache-airflow[cncf.kubernetes]
[2024-06-05T00:29:58.385+0800] {processor.py:842} WARNING - No viable dags retrieved from /home/ryanng/.local/lib/python3.10/site-packages/airflow/example_dags/example_kubernetes_executor.py
[2024-06-05T00:29:58.409+0800] {processor.py:183} INFO - Processing /home/ryanng/.local/lib/python3.10/site-packages/airflow/example_dags/example_kubernetes_executor.py took 0.036 seconds
[2024-06-05T00:30:44.981+0800] {processor.py:161} INFO - Started process (PID=3128) to work on /home/ryanng/.local/lib/python3.10/site-packages/airflow/example_dags/example_kubernetes_executor.py
[2024-06-05T00:30:44.981+0800] {processor.py:830} INFO - Processing file /home/ryanng/.local/lib/python3.10/site-packages/airflow/example_dags/example_kubernetes_executor.py for tasks to queue
[2024-06-05T00:30:44.983+0800] {logging_mixin.py:188} INFO - [2024-06-05T00:30:44.982+0800] {dagbag.py:545} INFO - Filling up the DagBag from /home/ryanng/.local/lib/python3.10/site-packages/airflow/example_dags/example_kubernetes_executor.py
[2024-06-05T00:30:44.986+0800] {logging_mixin.py:188} INFO - [2024-06-05T00:30:44.985+0800] {example_kubernetes_executor.py:39} WARNING - The example_kubernetes_executor example DAG requires the kubernetes provider. Please install it with: pip install apache-airflow[cncf.kubernetes]
[2024-06-05T00:30:44.990+0800] {processor.py:842} WARNING - No viable dags retrieved from /home/ryanng/.local/lib/python3.10/site-packages/airflow/example_dags/example_kubernetes_executor.py
[2024-06-05T00:30:45.006+0800] {processor.py:183} INFO - Processing /home/ryanng/.local/lib/python3.10/site-packages/airflow/example_dags/example_kubernetes_executor.py took 0.029 seconds
[2024-06-05T00:31:32.846+0800] {processor.py:161} INFO - Started process (PID=3401) to work on /home/ryanng/.local/lib/python3.10/site-packages/airflow/example_dags/example_kubernetes_executor.py
[2024-06-05T00:31:32.847+0800] {processor.py:830} INFO - Processing file /home/ryanng/.local/lib/python3.10/site-packages/airflow/example_dags/example_kubernetes_executor.py for tasks to queue
[2024-06-05T00:31:32.848+0800] {logging_mixin.py:188} INFO - [2024-06-05T00:31:32.847+0800] {dagbag.py:545} INFO - Filling up the DagBag from /home/ryanng/.local/lib/python3.10/site-packages/airflow/example_dags/example_kubernetes_executor.py
[2024-06-05T00:31:32.850+0800] {logging_mixin.py:188} INFO - [2024-06-05T00:31:32.850+0800] {example_kubernetes_executor.py:39} WARNING - The example_kubernetes_executor example DAG requires the kubernetes provider. Please install it with: pip install apache-airflow[cncf.kubernetes]
[2024-06-05T00:31:32.850+0800] {processor.py:842} WARNING - No viable dags retrieved from /home/ryanng/.local/lib/python3.10/site-packages/airflow/example_dags/example_kubernetes_executor.py
[2024-06-05T00:31:32.860+0800] {processor.py:183} INFO - Processing /home/ryanng/.local/lib/python3.10/site-packages/airflow/example_dags/example_kubernetes_executor.py took 0.017 seconds
[2024-06-05T00:32:29.238+0800] {processor.py:161} INFO - Started process (PID=3789) to work on /home/ryanng/.local/lib/python3.10/site-packages/airflow/example_dags/example_kubernetes_executor.py
[2024-06-05T00:32:29.239+0800] {processor.py:830} INFO - Processing file /home/ryanng/.local/lib/python3.10/site-packages/airflow/example_dags/example_kubernetes_executor.py for tasks to queue
[2024-06-05T00:32:29.240+0800] {logging_mixin.py:188} INFO - [2024-06-05T00:32:29.240+0800] {dagbag.py:545} INFO - Filling up the DagBag from /home/ryanng/.local/lib/python3.10/site-packages/airflow/example_dags/example_kubernetes_executor.py
[2024-06-05T00:32:29.242+0800] {logging_mixin.py:188} INFO - [2024-06-05T00:32:29.242+0800] {example_kubernetes_executor.py:39} WARNING - The example_kubernetes_executor example DAG requires the kubernetes provider. Please install it with: pip install apache-airflow[cncf.kubernetes]
[2024-06-05T00:32:29.242+0800] {processor.py:842} WARNING - No viable dags retrieved from /home/ryanng/.local/lib/python3.10/site-packages/airflow/example_dags/example_kubernetes_executor.py
[2024-06-05T00:32:29.253+0800] {processor.py:183} INFO - Processing /home/ryanng/.local/lib/python3.10/site-packages/airflow/example_dags/example_kubernetes_executor.py took 0.018 seconds
