[2024-06-05T00:23:56.870+0800] {processor.py:161} INFO - Started process (PID=1006) to work on /home/ryanng/.local/lib/python3.10/site-packages/airflow/example_dags/example_branch_operator_decorator.py
[2024-06-05T00:23:56.873+0800] {processor.py:830} INFO - Processing file /home/ryanng/.local/lib/python3.10/site-packages/airflow/example_dags/example_branch_operator_decorator.py for tasks to queue
[2024-06-05T00:23:56.874+0800] {logging_mixin.py:188} INFO - [2024-06-05T00:23:56.874+0800] {dagbag.py:545} INFO - Filling up the DagBag from /home/ryanng/.local/lib/python3.10/site-packages/airflow/example_dags/example_branch_operator_decorator.py
[2024-06-05T00:23:56.901+0800] {processor.py:842} WARNING - No viable dags retrieved from /home/ryanng/.local/lib/python3.10/site-packages/airflow/example_dags/example_branch_operator_decorator.py
[2024-06-05T00:23:56.918+0800] {processor.py:183} INFO - Processing /home/ryanng/.local/lib/python3.10/site-packages/airflow/example_dags/example_branch_operator_decorator.py took 0.051 seconds
[2024-06-05T00:24:51.797+0800] {processor.py:161} INFO - Started process (PID=1303) to work on /home/ryanng/.local/lib/python3.10/site-packages/airflow/example_dags/example_branch_operator_decorator.py
[2024-06-05T00:24:51.798+0800] {processor.py:830} INFO - Processing file /home/ryanng/.local/lib/python3.10/site-packages/airflow/example_dags/example_branch_operator_decorator.py for tasks to queue
[2024-06-05T00:24:51.800+0800] {logging_mixin.py:188} INFO - [2024-06-05T00:24:51.800+0800] {dagbag.py:545} INFO - Filling up the DagBag from /home/ryanng/.local/lib/python3.10/site-packages/airflow/example_dags/example_branch_operator_decorator.py
[2024-06-05T00:24:51.823+0800] {processor.py:842} WARNING - No viable dags retrieved from /home/ryanng/.local/lib/python3.10/site-packages/airflow/example_dags/example_branch_operator_decorator.py
[2024-06-05T00:24:51.839+0800] {processor.py:183} INFO - Processing /home/ryanng/.local/lib/python3.10/site-packages/airflow/example_dags/example_branch_operator_decorator.py took 0.045 seconds
[2024-06-05T00:25:45.859+0800] {processor.py:161} INFO - Started process (PID=1584) to work on /home/ryanng/.local/lib/python3.10/site-packages/airflow/example_dags/example_branch_operator_decorator.py
[2024-06-05T00:25:45.860+0800] {processor.py:830} INFO - Processing file /home/ryanng/.local/lib/python3.10/site-packages/airflow/example_dags/example_branch_operator_decorator.py for tasks to queue
[2024-06-05T00:25:45.861+0800] {logging_mixin.py:188} INFO - [2024-06-05T00:25:45.861+0800] {dagbag.py:545} INFO - Filling up the DagBag from /home/ryanng/.local/lib/python3.10/site-packages/airflow/example_dags/example_branch_operator_decorator.py
[2024-06-05T00:25:45.875+0800] {processor.py:842} WARNING - No viable dags retrieved from /home/ryanng/.local/lib/python3.10/site-packages/airflow/example_dags/example_branch_operator_decorator.py
[2024-06-05T00:25:45.888+0800] {processor.py:183} INFO - Processing /home/ryanng/.local/lib/python3.10/site-packages/airflow/example_dags/example_branch_operator_decorator.py took 0.032 seconds
[2024-06-05T00:26:34.036+0800] {processor.py:161} INFO - Started process (PID=1838) to work on /home/ryanng/.local/lib/python3.10/site-packages/airflow/example_dags/example_branch_operator_decorator.py
[2024-06-05T00:26:34.037+0800] {processor.py:830} INFO - Processing file /home/ryanng/.local/lib/python3.10/site-packages/airflow/example_dags/example_branch_operator_decorator.py for tasks to queue
[2024-06-05T00:26:34.038+0800] {logging_mixin.py:188} INFO - [2024-06-05T00:26:34.038+0800] {dagbag.py:545} INFO - Filling up the DagBag from /home/ryanng/.local/lib/python3.10/site-packages/airflow/example_dags/example_branch_operator_decorator.py
[2024-06-05T00:26:34.054+0800] {processor.py:842} WARNING - No viable dags retrieved from /home/ryanng/.local/lib/python3.10/site-packages/airflow/example_dags/example_branch_operator_decorator.py
[2024-06-05T00:26:34.076+0800] {processor.py:183} INFO - Processing /home/ryanng/.local/lib/python3.10/site-packages/airflow/example_dags/example_branch_operator_decorator.py took 0.043 seconds
[2024-06-05T00:27:23.308+0800] {processor.py:161} INFO - Started process (PID=2086) to work on /home/ryanng/.local/lib/python3.10/site-packages/airflow/example_dags/example_branch_operator_decorator.py
[2024-06-05T00:27:23.308+0800] {processor.py:830} INFO - Processing file /home/ryanng/.local/lib/python3.10/site-packages/airflow/example_dags/example_branch_operator_decorator.py for tasks to queue
[2024-06-05T00:27:23.309+0800] {logging_mixin.py:188} INFO - [2024-06-05T00:27:23.309+0800] {dagbag.py:545} INFO - Filling up the DagBag from /home/ryanng/.local/lib/python3.10/site-packages/airflow/example_dags/example_branch_operator_decorator.py
[2024-06-05T00:27:23.321+0800] {processor.py:842} WARNING - No viable dags retrieved from /home/ryanng/.local/lib/python3.10/site-packages/airflow/example_dags/example_branch_operator_decorator.py
[2024-06-05T00:27:23.331+0800] {processor.py:183} INFO - Processing /home/ryanng/.local/lib/python3.10/site-packages/airflow/example_dags/example_branch_operator_decorator.py took 0.027 seconds
[2024-06-05T00:28:45.940+0800] {processor.py:161} INFO - Started process (PID=2507) to work on /home/ryanng/.local/lib/python3.10/site-packages/airflow/example_dags/example_branch_operator_decorator.py
[2024-06-05T00:28:45.940+0800] {processor.py:830} INFO - Processing file /home/ryanng/.local/lib/python3.10/site-packages/airflow/example_dags/example_branch_operator_decorator.py for tasks to queue
[2024-06-05T00:28:45.942+0800] {logging_mixin.py:188} INFO - [2024-06-05T00:28:45.941+0800] {dagbag.py:545} INFO - Filling up the DagBag from /home/ryanng/.local/lib/python3.10/site-packages/airflow/example_dags/example_branch_operator_decorator.py
[2024-06-05T00:28:45.956+0800] {processor.py:842} WARNING - No viable dags retrieved from /home/ryanng/.local/lib/python3.10/site-packages/airflow/example_dags/example_branch_operator_decorator.py
[2024-06-05T00:28:45.967+0800] {processor.py:183} INFO - Processing /home/ryanng/.local/lib/python3.10/site-packages/airflow/example_dags/example_branch_operator_decorator.py took 0.031 seconds
[2024-06-05T00:29:39.903+0800] {processor.py:161} INFO - Started process (PID=2788) to work on /home/ryanng/.local/lib/python3.10/site-packages/airflow/example_dags/example_branch_operator_decorator.py
[2024-06-05T00:29:39.904+0800] {processor.py:830} INFO - Processing file /home/ryanng/.local/lib/python3.10/site-packages/airflow/example_dags/example_branch_operator_decorator.py for tasks to queue
[2024-06-05T00:29:39.905+0800] {logging_mixin.py:188} INFO - [2024-06-05T00:29:39.905+0800] {dagbag.py:545} INFO - Filling up the DagBag from /home/ryanng/.local/lib/python3.10/site-packages/airflow/example_dags/example_branch_operator_decorator.py
[2024-06-05T00:29:39.918+0800] {processor.py:842} WARNING - No viable dags retrieved from /home/ryanng/.local/lib/python3.10/site-packages/airflow/example_dags/example_branch_operator_decorator.py
[2024-06-05T00:29:39.931+0800] {processor.py:183} INFO - Processing /home/ryanng/.local/lib/python3.10/site-packages/airflow/example_dags/example_branch_operator_decorator.py took 0.032 seconds
[2024-06-05T00:30:32.680+0800] {processor.py:161} INFO - Started process (PID=3066) to work on /home/ryanng/.local/lib/python3.10/site-packages/airflow/example_dags/example_branch_operator_decorator.py
[2024-06-05T00:30:32.681+0800] {processor.py:830} INFO - Processing file /home/ryanng/.local/lib/python3.10/site-packages/airflow/example_dags/example_branch_operator_decorator.py for tasks to queue
[2024-06-05T00:30:32.682+0800] {logging_mixin.py:188} INFO - [2024-06-05T00:30:32.681+0800] {dagbag.py:545} INFO - Filling up the DagBag from /home/ryanng/.local/lib/python3.10/site-packages/airflow/example_dags/example_branch_operator_decorator.py
[2024-06-05T00:30:32.698+0800] {processor.py:842} WARNING - No viable dags retrieved from /home/ryanng/.local/lib/python3.10/site-packages/airflow/example_dags/example_branch_operator_decorator.py
[2024-06-05T00:30:32.711+0800] {processor.py:183} INFO - Processing /home/ryanng/.local/lib/python3.10/site-packages/airflow/example_dags/example_branch_operator_decorator.py took 0.034 seconds
[2024-06-05T00:32:04.587+0800] {processor.py:161} INFO - Started process (PID=3639) to work on /home/ryanng/.local/lib/python3.10/site-packages/airflow/example_dags/example_branch_operator_decorator.py
[2024-06-05T00:32:04.587+0800] {processor.py:830} INFO - Processing file /home/ryanng/.local/lib/python3.10/site-packages/airflow/example_dags/example_branch_operator_decorator.py for tasks to queue
[2024-06-05T00:32:04.589+0800] {logging_mixin.py:188} INFO - [2024-06-05T00:32:04.588+0800] {dagbag.py:545} INFO - Filling up the DagBag from /home/ryanng/.local/lib/python3.10/site-packages/airflow/example_dags/example_branch_operator_decorator.py
[2024-06-05T00:32:04.602+0800] {processor.py:842} WARNING - No viable dags retrieved from /home/ryanng/.local/lib/python3.10/site-packages/airflow/example_dags/example_branch_operator_decorator.py
[2024-06-05T00:32:04.615+0800] {processor.py:183} INFO - Processing /home/ryanng/.local/lib/python3.10/site-packages/airflow/example_dags/example_branch_operator_decorator.py took 0.031 seconds
