[2024-06-05T00:20:47.689+0800] {processor.py:161} INFO - Started process (PID=2885) to work on /home/ryanng/.local/lib/python3.10/site-packages/airflow/example_dags/example_python_decorator.py
[2024-06-05T00:20:47.690+0800] {processor.py:830} INFO - Processing file /home/ryanng/.local/lib/python3.10/site-packages/airflow/example_dags/example_python_decorator.py for tasks to queue
[2024-06-05T00:20:47.691+0800] {logging_mixin.py:188} INFO - [2024-06-05T00:20:47.690+0800] {dagbag.py:545} INFO - Filling up the DagBag from /home/ryanng/.local/lib/python3.10/site-packages/airflow/example_dags/example_python_decorator.py
[2024-06-05T00:20:47.709+0800] {logging_mixin.py:188} INFO - [2024-06-05T00:20:47.709+0800] {example_python_decorator.py:80} WARNING - The virtalenv_python example task requires virtualenv, please install it.
[2024-06-05T00:20:47.711+0800] {processor.py:840} INFO - DAG(s) 'example_python_decorator' retrieved from /home/ryanng/.local/lib/python3.10/site-packages/airflow/example_dags/example_python_decorator.py
[2024-06-05T00:20:47.772+0800] {logging_mixin.py:188} INFO - [2024-06-05T00:20:47.772+0800] {dag.py:3096} INFO - Sync 1 DAGs
[2024-06-05T00:20:47.778+0800] {logging_mixin.py:188} INFO - [2024-06-05T00:20:47.778+0800] {dag.py:3954} INFO - Setting next_dagrun for example_python_decorator to None, run_after=None
[2024-06-05T00:20:47.812+0800] {processor.py:183} INFO - Processing /home/ryanng/.local/lib/python3.10/site-packages/airflow/example_dags/example_python_decorator.py took 0.126 seconds
[2024-06-05T00:23:32.161+0800] {processor.py:161} INFO - Started process (PID=884) to work on /home/ryanng/.local/lib/python3.10/site-packages/airflow/example_dags/example_python_decorator.py
[2024-06-05T00:23:32.164+0800] {processor.py:830} INFO - Processing file /home/ryanng/.local/lib/python3.10/site-packages/airflow/example_dags/example_python_decorator.py for tasks to queue
[2024-06-05T00:23:32.165+0800] {logging_mixin.py:188} INFO - [2024-06-05T00:23:32.165+0800] {dagbag.py:545} INFO - Filling up the DagBag from /home/ryanng/.local/lib/python3.10/site-packages/airflow/example_dags/example_python_decorator.py
[2024-06-05T00:23:32.183+0800] {logging_mixin.py:188} INFO - [2024-06-05T00:23:32.183+0800] {example_python_decorator.py:80} WARNING - The virtalenv_python example task requires virtualenv, please install it.
[2024-06-05T00:23:32.185+0800] {processor.py:840} INFO - DAG(s) 'example_python_decorator' retrieved from /home/ryanng/.local/lib/python3.10/site-packages/airflow/example_dags/example_python_decorator.py
[2024-06-05T00:23:32.205+0800] {logging_mixin.py:188} INFO - [2024-06-05T00:23:32.204+0800] {dag.py:3096} INFO - Sync 1 DAGs
[2024-06-05T00:23:32.212+0800] {logging_mixin.py:188} INFO - [2024-06-05T00:23:32.212+0800] {dag.py:3954} INFO - Setting next_dagrun for example_python_decorator to None, run_after=None
[2024-06-05T00:23:32.249+0800] {processor.py:183} INFO - Processing /home/ryanng/.local/lib/python3.10/site-packages/airflow/example_dags/example_python_decorator.py took 0.091 seconds
[2024-06-05T00:24:28.312+0800] {processor.py:161} INFO - Started process (PID=1183) to work on /home/ryanng/.local/lib/python3.10/site-packages/airflow/example_dags/example_python_decorator.py
[2024-06-05T00:24:28.313+0800] {processor.py:830} INFO - Processing file /home/ryanng/.local/lib/python3.10/site-packages/airflow/example_dags/example_python_decorator.py for tasks to queue
[2024-06-05T00:24:28.314+0800] {logging_mixin.py:188} INFO - [2024-06-05T00:24:28.314+0800] {dagbag.py:545} INFO - Filling up the DagBag from /home/ryanng/.local/lib/python3.10/site-packages/airflow/example_dags/example_python_decorator.py
[2024-06-05T00:24:28.330+0800] {logging_mixin.py:188} INFO - [2024-06-05T00:24:28.330+0800] {example_python_decorator.py:80} WARNING - The virtalenv_python example task requires virtualenv, please install it.
[2024-06-05T00:24:28.330+0800] {processor.py:840} INFO - DAG(s) 'example_python_decorator' retrieved from /home/ryanng/.local/lib/python3.10/site-packages/airflow/example_dags/example_python_decorator.py
[2024-06-05T00:24:28.345+0800] {logging_mixin.py:188} INFO - [2024-06-05T00:24:28.345+0800] {dag.py:3096} INFO - Sync 1 DAGs
[2024-06-05T00:24:28.355+0800] {logging_mixin.py:188} INFO - [2024-06-05T00:24:28.355+0800] {dag.py:3954} INFO - Setting next_dagrun for example_python_decorator to None, run_after=None
[2024-06-05T00:24:28.414+0800] {processor.py:183} INFO - Processing /home/ryanng/.local/lib/python3.10/site-packages/airflow/example_dags/example_python_decorator.py took 0.106 seconds
[2024-06-05T00:25:18.518+0800] {processor.py:161} INFO - Started process (PID=1450) to work on /home/ryanng/.local/lib/python3.10/site-packages/airflow/example_dags/example_python_decorator.py
[2024-06-05T00:25:18.519+0800] {processor.py:830} INFO - Processing file /home/ryanng/.local/lib/python3.10/site-packages/airflow/example_dags/example_python_decorator.py for tasks to queue
[2024-06-05T00:25:18.520+0800] {logging_mixin.py:188} INFO - [2024-06-05T00:25:18.520+0800] {dagbag.py:545} INFO - Filling up the DagBag from /home/ryanng/.local/lib/python3.10/site-packages/airflow/example_dags/example_python_decorator.py
[2024-06-05T00:25:18.537+0800] {logging_mixin.py:188} INFO - [2024-06-05T00:25:18.537+0800] {example_python_decorator.py:80} WARNING - The virtalenv_python example task requires virtualenv, please install it.
[2024-06-05T00:25:18.537+0800] {processor.py:840} INFO - DAG(s) 'example_python_decorator' retrieved from /home/ryanng/.local/lib/python3.10/site-packages/airflow/example_dags/example_python_decorator.py
[2024-06-05T00:25:18.552+0800] {logging_mixin.py:188} INFO - [2024-06-05T00:25:18.552+0800] {dag.py:3096} INFO - Sync 1 DAGs
[2024-06-05T00:25:18.559+0800] {logging_mixin.py:188} INFO - [2024-06-05T00:25:18.559+0800] {dag.py:3954} INFO - Setting next_dagrun for example_python_decorator to None, run_after=None
[2024-06-05T00:25:18.592+0800] {processor.py:183} INFO - Processing /home/ryanng/.local/lib/python3.10/site-packages/airflow/example_dags/example_python_decorator.py took 0.078 seconds
[2024-06-05T00:26:07.777+0800] {processor.py:161} INFO - Started process (PID=1693) to work on /home/ryanng/.local/lib/python3.10/site-packages/airflow/example_dags/example_python_decorator.py
[2024-06-05T00:26:07.778+0800] {processor.py:830} INFO - Processing file /home/ryanng/.local/lib/python3.10/site-packages/airflow/example_dags/example_python_decorator.py for tasks to queue
[2024-06-05T00:26:07.779+0800] {logging_mixin.py:188} INFO - [2024-06-05T00:26:07.779+0800] {dagbag.py:545} INFO - Filling up the DagBag from /home/ryanng/.local/lib/python3.10/site-packages/airflow/example_dags/example_python_decorator.py
[2024-06-05T00:26:07.804+0800] {logging_mixin.py:188} INFO - [2024-06-05T00:26:07.804+0800] {example_python_decorator.py:80} WARNING - The virtalenv_python example task requires virtualenv, please install it.
[2024-06-05T00:26:07.805+0800] {processor.py:840} INFO - DAG(s) 'example_python_decorator' retrieved from /home/ryanng/.local/lib/python3.10/site-packages/airflow/example_dags/example_python_decorator.py
[2024-06-05T00:26:07.818+0800] {logging_mixin.py:188} INFO - [2024-06-05T00:26:07.818+0800] {dag.py:3096} INFO - Sync 1 DAGs
[2024-06-05T00:26:07.825+0800] {logging_mixin.py:188} INFO - [2024-06-05T00:26:07.825+0800] {dag.py:3954} INFO - Setting next_dagrun for example_python_decorator to None, run_after=None
[2024-06-05T00:26:07.856+0800] {processor.py:183} INFO - Processing /home/ryanng/.local/lib/python3.10/site-packages/airflow/example_dags/example_python_decorator.py took 0.082 seconds
[2024-06-05T00:26:52.509+0800] {processor.py:161} INFO - Started process (PID=1932) to work on /home/ryanng/.local/lib/python3.10/site-packages/airflow/example_dags/example_python_decorator.py
[2024-06-05T00:26:52.510+0800] {processor.py:830} INFO - Processing file /home/ryanng/.local/lib/python3.10/site-packages/airflow/example_dags/example_python_decorator.py for tasks to queue
[2024-06-05T00:26:52.511+0800] {logging_mixin.py:188} INFO - [2024-06-05T00:26:52.511+0800] {dagbag.py:545} INFO - Filling up the DagBag from /home/ryanng/.local/lib/python3.10/site-packages/airflow/example_dags/example_python_decorator.py
[2024-06-05T00:26:52.526+0800] {logging_mixin.py:188} INFO - [2024-06-05T00:26:52.526+0800] {example_python_decorator.py:80} WARNING - The virtalenv_python example task requires virtualenv, please install it.
[2024-06-05T00:26:52.526+0800] {processor.py:840} INFO - DAG(s) 'example_python_decorator' retrieved from /home/ryanng/.local/lib/python3.10/site-packages/airflow/example_dags/example_python_decorator.py
[2024-06-05T00:26:52.539+0800] {logging_mixin.py:188} INFO - [2024-06-05T00:26:52.539+0800] {dag.py:3096} INFO - Sync 1 DAGs
[2024-06-05T00:26:52.546+0800] {logging_mixin.py:188} INFO - [2024-06-05T00:26:52.546+0800] {dag.py:3954} INFO - Setting next_dagrun for example_python_decorator to None, run_after=None
[2024-06-05T00:26:52.576+0800] {processor.py:183} INFO - Processing /home/ryanng/.local/lib/python3.10/site-packages/airflow/example_dags/example_python_decorator.py took 0.071 seconds
[2024-06-05T00:28:22.106+0800] {processor.py:161} INFO - Started process (PID=2391) to work on /home/ryanng/.local/lib/python3.10/site-packages/airflow/example_dags/example_python_decorator.py
[2024-06-05T00:28:22.106+0800] {processor.py:830} INFO - Processing file /home/ryanng/.local/lib/python3.10/site-packages/airflow/example_dags/example_python_decorator.py for tasks to queue
[2024-06-05T00:28:22.107+0800] {logging_mixin.py:188} INFO - [2024-06-05T00:28:22.107+0800] {dagbag.py:545} INFO - Filling up the DagBag from /home/ryanng/.local/lib/python3.10/site-packages/airflow/example_dags/example_python_decorator.py
[2024-06-05T00:28:22.124+0800] {logging_mixin.py:188} INFO - [2024-06-05T00:28:22.123+0800] {example_python_decorator.py:80} WARNING - The virtalenv_python example task requires virtualenv, please install it.
[2024-06-05T00:28:22.125+0800] {processor.py:840} INFO - DAG(s) 'example_python_decorator' retrieved from /home/ryanng/.local/lib/python3.10/site-packages/airflow/example_dags/example_python_decorator.py
[2024-06-05T00:28:22.147+0800] {logging_mixin.py:188} INFO - [2024-06-05T00:28:22.147+0800] {dag.py:3096} INFO - Sync 1 DAGs
[2024-06-05T00:28:22.155+0800] {logging_mixin.py:188} INFO - [2024-06-05T00:28:22.155+0800] {dag.py:3954} INFO - Setting next_dagrun for example_python_decorator to None, run_after=None
[2024-06-05T00:28:22.238+0800] {processor.py:183} INFO - Processing /home/ryanng/.local/lib/python3.10/site-packages/airflow/example_dags/example_python_decorator.py took 0.135 seconds
[2024-06-05T00:29:17.287+0800] {processor.py:161} INFO - Started process (PID=2676) to work on /home/ryanng/.local/lib/python3.10/site-packages/airflow/example_dags/example_python_decorator.py
[2024-06-05T00:29:17.288+0800] {processor.py:830} INFO - Processing file /home/ryanng/.local/lib/python3.10/site-packages/airflow/example_dags/example_python_decorator.py for tasks to queue
[2024-06-05T00:29:17.289+0800] {logging_mixin.py:188} INFO - [2024-06-05T00:29:17.289+0800] {dagbag.py:545} INFO - Filling up the DagBag from /home/ryanng/.local/lib/python3.10/site-packages/airflow/example_dags/example_python_decorator.py
[2024-06-05T00:29:17.304+0800] {logging_mixin.py:188} INFO - [2024-06-05T00:29:17.304+0800] {example_python_decorator.py:80} WARNING - The virtalenv_python example task requires virtualenv, please install it.
[2024-06-05T00:29:17.305+0800] {processor.py:840} INFO - DAG(s) 'example_python_decorator' retrieved from /home/ryanng/.local/lib/python3.10/site-packages/airflow/example_dags/example_python_decorator.py
[2024-06-05T00:29:17.317+0800] {logging_mixin.py:188} INFO - [2024-06-05T00:29:17.317+0800] {dag.py:3096} INFO - Sync 1 DAGs
[2024-06-05T00:29:17.325+0800] {logging_mixin.py:188} INFO - [2024-06-05T00:29:17.325+0800] {dag.py:3954} INFO - Setting next_dagrun for example_python_decorator to None, run_after=None
[2024-06-05T00:29:17.387+0800] {processor.py:183} INFO - Processing /home/ryanng/.local/lib/python3.10/site-packages/airflow/example_dags/example_python_decorator.py took 0.102 seconds
[2024-06-05T00:30:05.388+0800] {processor.py:161} INFO - Started process (PID=2932) to work on /home/ryanng/.local/lib/python3.10/site-packages/airflow/example_dags/example_python_decorator.py
[2024-06-05T00:30:05.388+0800] {processor.py:830} INFO - Processing file /home/ryanng/.local/lib/python3.10/site-packages/airflow/example_dags/example_python_decorator.py for tasks to queue
[2024-06-05T00:30:05.390+0800] {logging_mixin.py:188} INFO - [2024-06-05T00:30:05.390+0800] {dagbag.py:545} INFO - Filling up the DagBag from /home/ryanng/.local/lib/python3.10/site-packages/airflow/example_dags/example_python_decorator.py
[2024-06-05T00:30:05.412+0800] {logging_mixin.py:188} INFO - [2024-06-05T00:30:05.412+0800] {example_python_decorator.py:80} WARNING - The virtalenv_python example task requires virtualenv, please install it.
[2024-06-05T00:30:05.413+0800] {processor.py:840} INFO - DAG(s) 'example_python_decorator' retrieved from /home/ryanng/.local/lib/python3.10/site-packages/airflow/example_dags/example_python_decorator.py
[2024-06-05T00:30:05.427+0800] {logging_mixin.py:188} INFO - [2024-06-05T00:30:05.427+0800] {dag.py:3096} INFO - Sync 1 DAGs
[2024-06-05T00:30:05.436+0800] {logging_mixin.py:188} INFO - [2024-06-05T00:30:05.436+0800] {dag.py:3954} INFO - Setting next_dagrun for example_python_decorator to None, run_after=None
[2024-06-05T00:30:05.468+0800] {processor.py:183} INFO - Processing /home/ryanng/.local/lib/python3.10/site-packages/airflow/example_dags/example_python_decorator.py took 0.083 seconds
[2024-06-05T00:30:51.356+0800] {processor.py:161} INFO - Started process (PID=3160) to work on /home/ryanng/.local/lib/python3.10/site-packages/airflow/example_dags/example_python_decorator.py
[2024-06-05T00:30:51.357+0800] {processor.py:830} INFO - Processing file /home/ryanng/.local/lib/python3.10/site-packages/airflow/example_dags/example_python_decorator.py for tasks to queue
[2024-06-05T00:30:51.358+0800] {logging_mixin.py:188} INFO - [2024-06-05T00:30:51.358+0800] {dagbag.py:545} INFO - Filling up the DagBag from /home/ryanng/.local/lib/python3.10/site-packages/airflow/example_dags/example_python_decorator.py
[2024-06-05T00:30:51.376+0800] {logging_mixin.py:188} INFO - [2024-06-05T00:30:51.376+0800] {example_python_decorator.py:80} WARNING - The virtalenv_python example task requires virtualenv, please install it.
[2024-06-05T00:30:51.376+0800] {processor.py:840} INFO - DAG(s) 'example_python_decorator' retrieved from /home/ryanng/.local/lib/python3.10/site-packages/airflow/example_dags/example_python_decorator.py
[2024-06-05T00:30:51.392+0800] {logging_mixin.py:188} INFO - [2024-06-05T00:30:51.391+0800] {dag.py:3096} INFO - Sync 1 DAGs
[2024-06-05T00:30:51.401+0800] {logging_mixin.py:188} INFO - [2024-06-05T00:30:51.401+0800] {dag.py:3954} INFO - Setting next_dagrun for example_python_decorator to None, run_after=None
[2024-06-05T00:30:51.437+0800] {processor.py:183} INFO - Processing /home/ryanng/.local/lib/python3.10/site-packages/airflow/example_dags/example_python_decorator.py took 0.084 seconds
[2024-06-05T00:31:41.167+0800] {processor.py:161} INFO - Started process (PID=3444) to work on /home/ryanng/.local/lib/python3.10/site-packages/airflow/example_dags/example_python_decorator.py
[2024-06-05T00:31:41.168+0800] {processor.py:830} INFO - Processing file /home/ryanng/.local/lib/python3.10/site-packages/airflow/example_dags/example_python_decorator.py for tasks to queue
[2024-06-05T00:31:41.169+0800] {logging_mixin.py:188} INFO - [2024-06-05T00:31:41.169+0800] {dagbag.py:545} INFO - Filling up the DagBag from /home/ryanng/.local/lib/python3.10/site-packages/airflow/example_dags/example_python_decorator.py
[2024-06-05T00:31:41.192+0800] {logging_mixin.py:188} INFO - [2024-06-05T00:31:41.192+0800] {example_python_decorator.py:80} WARNING - The virtalenv_python example task requires virtualenv, please install it.
[2024-06-05T00:31:41.193+0800] {processor.py:840} INFO - DAG(s) 'example_python_decorator' retrieved from /home/ryanng/.local/lib/python3.10/site-packages/airflow/example_dags/example_python_decorator.py
[2024-06-05T00:31:41.218+0800] {logging_mixin.py:188} INFO - [2024-06-05T00:31:41.218+0800] {dag.py:3096} INFO - Sync 1 DAGs
[2024-06-05T00:31:41.227+0800] {logging_mixin.py:188} INFO - [2024-06-05T00:31:41.227+0800] {dag.py:3954} INFO - Setting next_dagrun for example_python_decorator to None, run_after=None
[2024-06-05T00:31:41.285+0800] {processor.py:183} INFO - Processing /home/ryanng/.local/lib/python3.10/site-packages/airflow/example_dags/example_python_decorator.py took 0.121 seconds
[2024-06-05T00:32:35.702+0800] {processor.py:161} INFO - Started process (PID=3822) to work on /home/ryanng/.local/lib/python3.10/site-packages/airflow/example_dags/example_python_decorator.py
[2024-06-05T00:32:35.703+0800] {processor.py:830} INFO - Processing file /home/ryanng/.local/lib/python3.10/site-packages/airflow/example_dags/example_python_decorator.py for tasks to queue
[2024-06-05T00:32:35.704+0800] {logging_mixin.py:188} INFO - [2024-06-05T00:32:35.704+0800] {dagbag.py:545} INFO - Filling up the DagBag from /home/ryanng/.local/lib/python3.10/site-packages/airflow/example_dags/example_python_decorator.py
[2024-06-05T00:32:35.722+0800] {logging_mixin.py:188} INFO - [2024-06-05T00:32:35.722+0800] {example_python_decorator.py:80} WARNING - The virtalenv_python example task requires virtualenv, please install it.
[2024-06-05T00:32:35.722+0800] {processor.py:840} INFO - DAG(s) 'example_python_decorator' retrieved from /home/ryanng/.local/lib/python3.10/site-packages/airflow/example_dags/example_python_decorator.py
[2024-06-05T00:32:35.738+0800] {logging_mixin.py:188} INFO - [2024-06-05T00:32:35.738+0800] {dag.py:3096} INFO - Sync 1 DAGs
[2024-06-05T00:32:35.749+0800] {logging_mixin.py:188} INFO - [2024-06-05T00:32:35.749+0800] {dag.py:3954} INFO - Setting next_dagrun for example_python_decorator to None, run_after=None
[2024-06-05T00:32:35.829+0800] {processor.py:183} INFO - Processing /home/ryanng/.local/lib/python3.10/site-packages/airflow/example_dags/example_python_decorator.py took 0.131 seconds
