[2024-06-05T00:23:46.487+0800] {processor.py:161} INFO - Started process (PID=954) to work on /home/ryanng/.local/lib/python3.10/site-packages/airflow/example_dags/example_dag_decorator.py
[2024-06-05T00:23:46.488+0800] {processor.py:830} INFO - Processing file /home/ryanng/.local/lib/python3.10/site-packages/airflow/example_dags/example_dag_decorator.py for tasks to queue
[2024-06-05T00:23:46.489+0800] {logging_mixin.py:188} INFO - [2024-06-05T00:23:46.489+0800] {dagbag.py:545} INFO - Filling up the DagBag from /home/ryanng/.local/lib/python3.10/site-packages/airflow/example_dags/example_dag_decorator.py
[2024-06-05T00:23:46.497+0800] {processor.py:840} INFO - DAG(s) 'example_dag_decorator' retrieved from /home/ryanng/.local/lib/python3.10/site-packages/airflow/example_dags/example_dag_decorator.py
[2024-06-05T00:23:46.566+0800] {logging_mixin.py:188} INFO - [2024-06-05T00:23:46.565+0800] {dag.py:3096} INFO - Sync 1 DAGs
[2024-06-05T00:23:46.573+0800] {logging_mixin.py:188} INFO - [2024-06-05T00:23:46.573+0800] {dag.py:3954} INFO - Setting next_dagrun for example_dag_decorator to None, run_after=None
[2024-06-05T00:23:46.608+0800] {processor.py:183} INFO - Processing /home/ryanng/.local/lib/python3.10/site-packages/airflow/example_dags/example_dag_decorator.py took 0.124 seconds
[2024-06-05T00:24:41.594+0800] {processor.py:161} INFO - Started process (PID=1251) to work on /home/ryanng/.local/lib/python3.10/site-packages/airflow/example_dags/example_dag_decorator.py
[2024-06-05T00:24:41.595+0800] {processor.py:830} INFO - Processing file /home/ryanng/.local/lib/python3.10/site-packages/airflow/example_dags/example_dag_decorator.py for tasks to queue
[2024-06-05T00:24:41.597+0800] {logging_mixin.py:188} INFO - [2024-06-05T00:24:41.596+0800] {dagbag.py:545} INFO - Filling up the DagBag from /home/ryanng/.local/lib/python3.10/site-packages/airflow/example_dags/example_dag_decorator.py
[2024-06-05T00:24:41.604+0800] {processor.py:840} INFO - DAG(s) 'example_dag_decorator' retrieved from /home/ryanng/.local/lib/python3.10/site-packages/airflow/example_dags/example_dag_decorator.py
[2024-06-05T00:24:41.669+0800] {logging_mixin.py:188} INFO - [2024-06-05T00:24:41.669+0800] {dag.py:3096} INFO - Sync 1 DAGs
[2024-06-05T00:24:41.676+0800] {logging_mixin.py:188} INFO - [2024-06-05T00:24:41.675+0800] {dag.py:3954} INFO - Setting next_dagrun for example_dag_decorator to None, run_after=None
[2024-06-05T00:24:41.713+0800] {processor.py:183} INFO - Processing /home/ryanng/.local/lib/python3.10/site-packages/airflow/example_dags/example_dag_decorator.py took 0.121 seconds
[2024-06-05T00:25:36.013+0800] {processor.py:161} INFO - Started process (PID=1536) to work on /home/ryanng/.local/lib/python3.10/site-packages/airflow/example_dags/example_dag_decorator.py
[2024-06-05T00:25:36.013+0800] {processor.py:830} INFO - Processing file /home/ryanng/.local/lib/python3.10/site-packages/airflow/example_dags/example_dag_decorator.py for tasks to queue
[2024-06-05T00:25:36.014+0800] {logging_mixin.py:188} INFO - [2024-06-05T00:25:36.014+0800] {dagbag.py:545} INFO - Filling up the DagBag from /home/ryanng/.local/lib/python3.10/site-packages/airflow/example_dags/example_dag_decorator.py
[2024-06-05T00:25:36.020+0800] {processor.py:840} INFO - DAG(s) 'example_dag_decorator' retrieved from /home/ryanng/.local/lib/python3.10/site-packages/airflow/example_dags/example_dag_decorator.py
[2024-06-05T00:25:36.085+0800] {logging_mixin.py:188} INFO - [2024-06-05T00:25:36.085+0800] {dag.py:3096} INFO - Sync 1 DAGs
[2024-06-05T00:25:36.094+0800] {logging_mixin.py:188} INFO - [2024-06-05T00:25:36.093+0800] {dag.py:3954} INFO - Setting next_dagrun for example_dag_decorator to None, run_after=None
[2024-06-05T00:25:36.160+0800] {processor.py:183} INFO - Processing /home/ryanng/.local/lib/python3.10/site-packages/airflow/example_dags/example_dag_decorator.py took 0.151 seconds
[2024-06-05T00:26:25.272+0800] {processor.py:161} INFO - Started process (PID=1794) to work on /home/ryanng/.local/lib/python3.10/site-packages/airflow/example_dags/example_dag_decorator.py
[2024-06-05T00:26:25.273+0800] {processor.py:830} INFO - Processing file /home/ryanng/.local/lib/python3.10/site-packages/airflow/example_dags/example_dag_decorator.py for tasks to queue
[2024-06-05T00:26:25.274+0800] {logging_mixin.py:188} INFO - [2024-06-05T00:26:25.274+0800] {dagbag.py:545} INFO - Filling up the DagBag from /home/ryanng/.local/lib/python3.10/site-packages/airflow/example_dags/example_dag_decorator.py
[2024-06-05T00:26:25.280+0800] {processor.py:840} INFO - DAG(s) 'example_dag_decorator' retrieved from /home/ryanng/.local/lib/python3.10/site-packages/airflow/example_dags/example_dag_decorator.py
[2024-06-05T00:26:25.335+0800] {logging_mixin.py:188} INFO - [2024-06-05T00:26:25.335+0800] {dag.py:3096} INFO - Sync 1 DAGs
[2024-06-05T00:26:25.341+0800] {logging_mixin.py:188} INFO - [2024-06-05T00:26:25.341+0800] {dag.py:3954} INFO - Setting next_dagrun for example_dag_decorator to None, run_after=None
[2024-06-05T00:26:25.376+0800] {processor.py:183} INFO - Processing /home/ryanng/.local/lib/python3.10/site-packages/airflow/example_dags/example_dag_decorator.py took 0.107 seconds
[2024-06-05T00:27:13.282+0800] {processor.py:161} INFO - Started process (PID=2037) to work on /home/ryanng/.local/lib/python3.10/site-packages/airflow/example_dags/example_dag_decorator.py
[2024-06-05T00:27:13.283+0800] {processor.py:830} INFO - Processing file /home/ryanng/.local/lib/python3.10/site-packages/airflow/example_dags/example_dag_decorator.py for tasks to queue
[2024-06-05T00:27:13.284+0800] {logging_mixin.py:188} INFO - [2024-06-05T00:27:13.284+0800] {dagbag.py:545} INFO - Filling up the DagBag from /home/ryanng/.local/lib/python3.10/site-packages/airflow/example_dags/example_dag_decorator.py
[2024-06-05T00:27:13.289+0800] {processor.py:840} INFO - DAG(s) 'example_dag_decorator' retrieved from /home/ryanng/.local/lib/python3.10/site-packages/airflow/example_dags/example_dag_decorator.py
[2024-06-05T00:27:13.345+0800] {logging_mixin.py:188} INFO - [2024-06-05T00:27:13.345+0800] {dag.py:3096} INFO - Sync 1 DAGs
[2024-06-05T00:27:13.351+0800] {logging_mixin.py:188} INFO - [2024-06-05T00:27:13.351+0800] {dag.py:3954} INFO - Setting next_dagrun for example_dag_decorator to None, run_after=None
[2024-06-05T00:27:13.391+0800] {processor.py:183} INFO - Processing /home/ryanng/.local/lib/python3.10/site-packages/airflow/example_dags/example_dag_decorator.py took 0.111 seconds
[2024-06-05T00:28:35.516+0800] {processor.py:161} INFO - Started process (PID=2457) to work on /home/ryanng/.local/lib/python3.10/site-packages/airflow/example_dags/example_dag_decorator.py
[2024-06-05T00:28:35.517+0800] {processor.py:830} INFO - Processing file /home/ryanng/.local/lib/python3.10/site-packages/airflow/example_dags/example_dag_decorator.py for tasks to queue
[2024-06-05T00:28:35.519+0800] {logging_mixin.py:188} INFO - [2024-06-05T00:28:35.518+0800] {dagbag.py:545} INFO - Filling up the DagBag from /home/ryanng/.local/lib/python3.10/site-packages/airflow/example_dags/example_dag_decorator.py
[2024-06-05T00:28:35.526+0800] {processor.py:840} INFO - DAG(s) 'example_dag_decorator' retrieved from /home/ryanng/.local/lib/python3.10/site-packages/airflow/example_dags/example_dag_decorator.py
[2024-06-05T00:28:35.596+0800] {logging_mixin.py:188} INFO - [2024-06-05T00:28:35.595+0800] {dag.py:3096} INFO - Sync 1 DAGs
[2024-06-05T00:28:35.603+0800] {logging_mixin.py:188} INFO - [2024-06-05T00:28:35.603+0800] {dag.py:3954} INFO - Setting next_dagrun for example_dag_decorator to None, run_after=None
[2024-06-05T00:28:35.637+0800] {processor.py:183} INFO - Processing /home/ryanng/.local/lib/python3.10/site-packages/airflow/example_dags/example_dag_decorator.py took 0.124 seconds
[2024-06-05T00:29:30.763+0800] {processor.py:161} INFO - Started process (PID=2743) to work on /home/ryanng/.local/lib/python3.10/site-packages/airflow/example_dags/example_dag_decorator.py
[2024-06-05T00:29:30.764+0800] {processor.py:830} INFO - Processing file /home/ryanng/.local/lib/python3.10/site-packages/airflow/example_dags/example_dag_decorator.py for tasks to queue
[2024-06-05T00:29:30.765+0800] {logging_mixin.py:188} INFO - [2024-06-05T00:29:30.765+0800] {dagbag.py:545} INFO - Filling up the DagBag from /home/ryanng/.local/lib/python3.10/site-packages/airflow/example_dags/example_dag_decorator.py
[2024-06-05T00:29:30.773+0800] {processor.py:840} INFO - DAG(s) 'example_dag_decorator' retrieved from /home/ryanng/.local/lib/python3.10/site-packages/airflow/example_dags/example_dag_decorator.py
[2024-06-05T00:29:30.860+0800] {logging_mixin.py:188} INFO - [2024-06-05T00:29:30.860+0800] {dag.py:3096} INFO - Sync 1 DAGs
[2024-06-05T00:29:30.872+0800] {logging_mixin.py:188} INFO - [2024-06-05T00:29:30.872+0800] {dag.py:3954} INFO - Setting next_dagrun for example_dag_decorator to None, run_after=None
[2024-06-05T00:29:31.014+0800] {processor.py:183} INFO - Processing /home/ryanng/.local/lib/python3.10/site-packages/airflow/example_dags/example_dag_decorator.py took 0.255 seconds
[2024-06-05T00:30:23.821+0800] {processor.py:161} INFO - Started process (PID=3022) to work on /home/ryanng/.local/lib/python3.10/site-packages/airflow/example_dags/example_dag_decorator.py
[2024-06-05T00:30:23.822+0800] {processor.py:830} INFO - Processing file /home/ryanng/.local/lib/python3.10/site-packages/airflow/example_dags/example_dag_decorator.py for tasks to queue
[2024-06-05T00:30:23.823+0800] {logging_mixin.py:188} INFO - [2024-06-05T00:30:23.823+0800] {dagbag.py:545} INFO - Filling up the DagBag from /home/ryanng/.local/lib/python3.10/site-packages/airflow/example_dags/example_dag_decorator.py
[2024-06-05T00:30:23.828+0800] {processor.py:840} INFO - DAG(s) 'example_dag_decorator' retrieved from /home/ryanng/.local/lib/python3.10/site-packages/airflow/example_dags/example_dag_decorator.py
[2024-06-05T00:30:23.887+0800] {logging_mixin.py:188} INFO - [2024-06-05T00:30:23.887+0800] {dag.py:3096} INFO - Sync 1 DAGs
[2024-06-05T00:30:23.893+0800] {logging_mixin.py:188} INFO - [2024-06-05T00:30:23.893+0800] {dag.py:3954} INFO - Setting next_dagrun for example_dag_decorator to None, run_after=None
[2024-06-05T00:30:23.937+0800] {processor.py:183} INFO - Processing /home/ryanng/.local/lib/python3.10/site-packages/airflow/example_dags/example_dag_decorator.py took 0.119 seconds
[2024-06-05T00:31:56.411+0800] {processor.py:161} INFO - Started process (PID=3519) to work on /home/ryanng/.local/lib/python3.10/site-packages/airflow/example_dags/example_dag_decorator.py
[2024-06-05T00:31:56.411+0800] {processor.py:830} INFO - Processing file /home/ryanng/.local/lib/python3.10/site-packages/airflow/example_dags/example_dag_decorator.py for tasks to queue
[2024-06-05T00:31:56.412+0800] {logging_mixin.py:188} INFO - [2024-06-05T00:31:56.412+0800] {dagbag.py:545} INFO - Filling up the DagBag from /home/ryanng/.local/lib/python3.10/site-packages/airflow/example_dags/example_dag_decorator.py
[2024-06-05T00:31:56.419+0800] {processor.py:840} INFO - DAG(s) 'example_dag_decorator' retrieved from /home/ryanng/.local/lib/python3.10/site-packages/airflow/example_dags/example_dag_decorator.py
[2024-06-05T00:31:56.485+0800] {logging_mixin.py:188} INFO - [2024-06-05T00:31:56.485+0800] {dag.py:3096} INFO - Sync 1 DAGs
[2024-06-05T00:31:56.491+0800] {logging_mixin.py:188} INFO - [2024-06-05T00:31:56.491+0800] {dag.py:3954} INFO - Setting next_dagrun for example_dag_decorator to None, run_after=None
[2024-06-05T00:31:56.526+0800] {processor.py:183} INFO - Processing /home/ryanng/.local/lib/python3.10/site-packages/airflow/example_dags/example_dag_decorator.py took 0.119 seconds
