[2024-06-05T00:20:50.465+0800] {processor.py:161} INFO - Started process (PID=2899) to work on /home/ryanng/.local/lib/python3.10/site-packages/airflow/example_dags/example_short_circuit_decorator.py
[2024-06-05T00:20:50.466+0800] {processor.py:830} INFO - Processing file /home/ryanng/.local/lib/python3.10/site-packages/airflow/example_dags/example_short_circuit_decorator.py for tasks to queue
[2024-06-05T00:20:50.467+0800] {logging_mixin.py:188} INFO - [2024-06-05T00:20:50.467+0800] {dagbag.py:545} INFO - Filling up the DagBag from /home/ryanng/.local/lib/python3.10/site-packages/airflow/example_dags/example_short_circuit_decorator.py
[2024-06-05T00:20:50.475+0800] {processor.py:840} INFO - DAG(s) 'example_short_circuit_decorator' retrieved from /home/ryanng/.local/lib/python3.10/site-packages/airflow/example_dags/example_short_circuit_decorator.py
[2024-06-05T00:20:50.535+0800] {logging_mixin.py:188} INFO - [2024-06-05T00:20:50.535+0800] {dag.py:3096} INFO - Sync 1 DAGs
[2024-06-05T00:20:50.546+0800] {logging_mixin.py:188} INFO - [2024-06-05T00:20:50.546+0800] {dag.py:3954} INFO - Setting next_dagrun for example_short_circuit_decorator to 2024-06-03T00:00:00+00:00, run_after=2024-06-04T00:00:00+00:00
[2024-06-05T00:20:50.579+0800] {processor.py:183} INFO - Processing /home/ryanng/.local/lib/python3.10/site-packages/airflow/example_dags/example_short_circuit_decorator.py took 0.117 seconds
[2024-06-05T00:23:34.895+0800] {processor.py:161} INFO - Started process (PID=898) to work on /home/ryanng/.local/lib/python3.10/site-packages/airflow/example_dags/example_short_circuit_decorator.py
[2024-06-05T00:23:34.897+0800] {processor.py:830} INFO - Processing file /home/ryanng/.local/lib/python3.10/site-packages/airflow/example_dags/example_short_circuit_decorator.py for tasks to queue
[2024-06-05T00:23:34.898+0800] {logging_mixin.py:188} INFO - [2024-06-05T00:23:34.898+0800] {dagbag.py:545} INFO - Filling up the DagBag from /home/ryanng/.local/lib/python3.10/site-packages/airflow/example_dags/example_short_circuit_decorator.py
[2024-06-05T00:23:34.904+0800] {processor.py:840} INFO - DAG(s) 'example_short_circuit_decorator' retrieved from /home/ryanng/.local/lib/python3.10/site-packages/airflow/example_dags/example_short_circuit_decorator.py
[2024-06-05T00:23:34.923+0800] {logging_mixin.py:188} INFO - [2024-06-05T00:23:34.923+0800] {dag.py:3096} INFO - Sync 1 DAGs
[2024-06-05T00:23:34.939+0800] {logging_mixin.py:188} INFO - [2024-06-05T00:23:34.938+0800] {dag.py:3954} INFO - Setting next_dagrun for example_short_circuit_decorator to 2024-06-03T00:00:00+00:00, run_after=2024-06-04T00:00:00+00:00
[2024-06-05T00:23:34.996+0800] {processor.py:183} INFO - Processing /home/ryanng/.local/lib/python3.10/site-packages/airflow/example_dags/example_short_circuit_decorator.py took 0.105 seconds
[2024-06-05T00:24:31.044+0800] {processor.py:161} INFO - Started process (PID=1199) to work on /home/ryanng/.local/lib/python3.10/site-packages/airflow/example_dags/example_short_circuit_decorator.py
[2024-06-05T00:24:31.045+0800] {processor.py:830} INFO - Processing file /home/ryanng/.local/lib/python3.10/site-packages/airflow/example_dags/example_short_circuit_decorator.py for tasks to queue
[2024-06-05T00:24:31.046+0800] {logging_mixin.py:188} INFO - [2024-06-05T00:24:31.046+0800] {dagbag.py:545} INFO - Filling up the DagBag from /home/ryanng/.local/lib/python3.10/site-packages/airflow/example_dags/example_short_circuit_decorator.py
[2024-06-05T00:24:31.051+0800] {processor.py:840} INFO - DAG(s) 'example_short_circuit_decorator' retrieved from /home/ryanng/.local/lib/python3.10/site-packages/airflow/example_dags/example_short_circuit_decorator.py
[2024-06-05T00:24:31.074+0800] {logging_mixin.py:188} INFO - [2024-06-05T00:24:31.074+0800] {dag.py:3096} INFO - Sync 1 DAGs
[2024-06-05T00:24:31.094+0800] {logging_mixin.py:188} INFO - [2024-06-05T00:24:31.094+0800] {dag.py:3954} INFO - Setting next_dagrun for example_short_circuit_decorator to 2024-06-03T00:00:00+00:00, run_after=2024-06-04T00:00:00+00:00
[2024-06-05T00:24:31.143+0800] {processor.py:183} INFO - Processing /home/ryanng/.local/lib/python3.10/site-packages/airflow/example_dags/example_short_circuit_decorator.py took 0.102 seconds
[2024-06-05T00:25:22.045+0800] {processor.py:161} INFO - Started process (PID=1467) to work on /home/ryanng/.local/lib/python3.10/site-packages/airflow/example_dags/example_short_circuit_decorator.py
[2024-06-05T00:25:22.045+0800] {processor.py:830} INFO - Processing file /home/ryanng/.local/lib/python3.10/site-packages/airflow/example_dags/example_short_circuit_decorator.py for tasks to queue
[2024-06-05T00:25:22.046+0800] {logging_mixin.py:188} INFO - [2024-06-05T00:25:22.046+0800] {dagbag.py:545} INFO - Filling up the DagBag from /home/ryanng/.local/lib/python3.10/site-packages/airflow/example_dags/example_short_circuit_decorator.py
[2024-06-05T00:25:22.051+0800] {processor.py:840} INFO - DAG(s) 'example_short_circuit_decorator' retrieved from /home/ryanng/.local/lib/python3.10/site-packages/airflow/example_dags/example_short_circuit_decorator.py
[2024-06-05T00:25:22.071+0800] {logging_mixin.py:188} INFO - [2024-06-05T00:25:22.071+0800] {dag.py:3096} INFO - Sync 1 DAGs
[2024-06-05T00:25:22.086+0800] {logging_mixin.py:188} INFO - [2024-06-05T00:25:22.086+0800] {dag.py:3954} INFO - Setting next_dagrun for example_short_circuit_decorator to 2024-06-03T00:00:00+00:00, run_after=2024-06-04T00:00:00+00:00
[2024-06-05T00:25:22.117+0800] {processor.py:183} INFO - Processing /home/ryanng/.local/lib/python3.10/site-packages/airflow/example_dags/example_short_circuit_decorator.py took 0.076 seconds
[2024-06-05T00:26:10.613+0800] {processor.py:161} INFO - Started process (PID=1707) to work on /home/ryanng/.local/lib/python3.10/site-packages/airflow/example_dags/example_short_circuit_decorator.py
[2024-06-05T00:26:10.614+0800] {processor.py:830} INFO - Processing file /home/ryanng/.local/lib/python3.10/site-packages/airflow/example_dags/example_short_circuit_decorator.py for tasks to queue
[2024-06-05T00:26:10.615+0800] {logging_mixin.py:188} INFO - [2024-06-05T00:26:10.615+0800] {dagbag.py:545} INFO - Filling up the DagBag from /home/ryanng/.local/lib/python3.10/site-packages/airflow/example_dags/example_short_circuit_decorator.py
[2024-06-05T00:26:10.621+0800] {processor.py:840} INFO - DAG(s) 'example_short_circuit_decorator' retrieved from /home/ryanng/.local/lib/python3.10/site-packages/airflow/example_dags/example_short_circuit_decorator.py
[2024-06-05T00:26:10.637+0800] {logging_mixin.py:188} INFO - [2024-06-05T00:26:10.636+0800] {dag.py:3096} INFO - Sync 1 DAGs
[2024-06-05T00:26:10.651+0800] {logging_mixin.py:188} INFO - [2024-06-05T00:26:10.651+0800] {dag.py:3954} INFO - Setting next_dagrun for example_short_circuit_decorator to 2024-06-03T00:00:00+00:00, run_after=2024-06-04T00:00:00+00:00
[2024-06-05T00:26:10.704+0800] {processor.py:183} INFO - Processing /home/ryanng/.local/lib/python3.10/site-packages/airflow/example_dags/example_short_circuit_decorator.py took 0.095 seconds
[2024-06-05T00:26:56.141+0800] {processor.py:161} INFO - Started process (PID=1950) to work on /home/ryanng/.local/lib/python3.10/site-packages/airflow/example_dags/example_short_circuit_decorator.py
[2024-06-05T00:26:56.142+0800] {processor.py:830} INFO - Processing file /home/ryanng/.local/lib/python3.10/site-packages/airflow/example_dags/example_short_circuit_decorator.py for tasks to queue
[2024-06-05T00:26:56.143+0800] {logging_mixin.py:188} INFO - [2024-06-05T00:26:56.143+0800] {dagbag.py:545} INFO - Filling up the DagBag from /home/ryanng/.local/lib/python3.10/site-packages/airflow/example_dags/example_short_circuit_decorator.py
[2024-06-05T00:26:56.149+0800] {processor.py:840} INFO - DAG(s) 'example_short_circuit_decorator' retrieved from /home/ryanng/.local/lib/python3.10/site-packages/airflow/example_dags/example_short_circuit_decorator.py
[2024-06-05T00:26:56.166+0800] {logging_mixin.py:188} INFO - [2024-06-05T00:26:56.166+0800] {dag.py:3096} INFO - Sync 1 DAGs
[2024-06-05T00:26:56.183+0800] {logging_mixin.py:188} INFO - [2024-06-05T00:26:56.183+0800] {dag.py:3954} INFO - Setting next_dagrun for example_short_circuit_decorator to 2024-06-03T00:00:00+00:00, run_after=2024-06-04T00:00:00+00:00
[2024-06-05T00:26:56.251+0800] {processor.py:183} INFO - Processing /home/ryanng/.local/lib/python3.10/site-packages/airflow/example_dags/example_short_circuit_decorator.py took 0.113 seconds
[2024-06-05T00:28:25.117+0800] {processor.py:161} INFO - Started process (PID=2406) to work on /home/ryanng/.local/lib/python3.10/site-packages/airflow/example_dags/example_short_circuit_decorator.py
[2024-06-05T00:28:25.118+0800] {processor.py:830} INFO - Processing file /home/ryanng/.local/lib/python3.10/site-packages/airflow/example_dags/example_short_circuit_decorator.py for tasks to queue
[2024-06-05T00:28:25.119+0800] {logging_mixin.py:188} INFO - [2024-06-05T00:28:25.119+0800] {dagbag.py:545} INFO - Filling up the DagBag from /home/ryanng/.local/lib/python3.10/site-packages/airflow/example_dags/example_short_circuit_decorator.py
[2024-06-05T00:28:25.125+0800] {processor.py:840} INFO - DAG(s) 'example_short_circuit_decorator' retrieved from /home/ryanng/.local/lib/python3.10/site-packages/airflow/example_dags/example_short_circuit_decorator.py
[2024-06-05T00:28:25.143+0800] {logging_mixin.py:188} INFO - [2024-06-05T00:28:25.143+0800] {dag.py:3096} INFO - Sync 1 DAGs
[2024-06-05T00:28:25.155+0800] {logging_mixin.py:188} INFO - [2024-06-05T00:28:25.155+0800] {dag.py:3954} INFO - Setting next_dagrun for example_short_circuit_decorator to 2024-06-03T00:00:00+00:00, run_after=2024-06-04T00:00:00+00:00
[2024-06-05T00:28:25.212+0800] {processor.py:183} INFO - Processing /home/ryanng/.local/lib/python3.10/site-packages/airflow/example_dags/example_short_circuit_decorator.py took 0.097 seconds
[2024-06-05T00:29:20.967+0800] {processor.py:161} INFO - Started process (PID=2694) to work on /home/ryanng/.local/lib/python3.10/site-packages/airflow/example_dags/example_short_circuit_decorator.py
[2024-06-05T00:29:20.968+0800] {processor.py:830} INFO - Processing file /home/ryanng/.local/lib/python3.10/site-packages/airflow/example_dags/example_short_circuit_decorator.py for tasks to queue
[2024-06-05T00:29:20.969+0800] {logging_mixin.py:188} INFO - [2024-06-05T00:29:20.968+0800] {dagbag.py:545} INFO - Filling up the DagBag from /home/ryanng/.local/lib/python3.10/site-packages/airflow/example_dags/example_short_circuit_decorator.py
[2024-06-05T00:29:20.974+0800] {processor.py:840} INFO - DAG(s) 'example_short_circuit_decorator' retrieved from /home/ryanng/.local/lib/python3.10/site-packages/airflow/example_dags/example_short_circuit_decorator.py
[2024-06-05T00:29:20.988+0800] {logging_mixin.py:188} INFO - [2024-06-05T00:29:20.988+0800] {dag.py:3096} INFO - Sync 1 DAGs
[2024-06-05T00:29:21.002+0800] {logging_mixin.py:188} INFO - [2024-06-05T00:29:21.001+0800] {dag.py:3954} INFO - Setting next_dagrun for example_short_circuit_decorator to 2024-06-03T00:00:00+00:00, run_after=2024-06-04T00:00:00+00:00
[2024-06-05T00:29:21.076+0800] {processor.py:183} INFO - Processing /home/ryanng/.local/lib/python3.10/site-packages/airflow/example_dags/example_short_circuit_decorator.py took 0.112 seconds
[2024-06-05T00:30:08.740+0800] {processor.py:161} INFO - Started process (PID=2948) to work on /home/ryanng/.local/lib/python3.10/site-packages/airflow/example_dags/example_short_circuit_decorator.py
[2024-06-05T00:30:08.741+0800] {processor.py:830} INFO - Processing file /home/ryanng/.local/lib/python3.10/site-packages/airflow/example_dags/example_short_circuit_decorator.py for tasks to queue
[2024-06-05T00:30:08.742+0800] {logging_mixin.py:188} INFO - [2024-06-05T00:30:08.742+0800] {dagbag.py:545} INFO - Filling up the DagBag from /home/ryanng/.local/lib/python3.10/site-packages/airflow/example_dags/example_short_circuit_decorator.py
[2024-06-05T00:30:08.747+0800] {processor.py:840} INFO - DAG(s) 'example_short_circuit_decorator' retrieved from /home/ryanng/.local/lib/python3.10/site-packages/airflow/example_dags/example_short_circuit_decorator.py
[2024-06-05T00:30:08.760+0800] {logging_mixin.py:188} INFO - [2024-06-05T00:30:08.760+0800] {dag.py:3096} INFO - Sync 1 DAGs
[2024-06-05T00:30:08.775+0800] {logging_mixin.py:188} INFO - [2024-06-05T00:30:08.775+0800] {dag.py:3954} INFO - Setting next_dagrun for example_short_circuit_decorator to 2024-06-03T00:00:00+00:00, run_after=2024-06-04T00:00:00+00:00
[2024-06-05T00:30:08.814+0800] {processor.py:183} INFO - Processing /home/ryanng/.local/lib/python3.10/site-packages/airflow/example_dags/example_short_circuit_decorator.py took 0.077 seconds
[2024-06-05T00:30:54.951+0800] {processor.py:161} INFO - Started process (PID=3177) to work on /home/ryanng/.local/lib/python3.10/site-packages/airflow/example_dags/example_short_circuit_decorator.py
[2024-06-05T00:30:54.952+0800] {processor.py:830} INFO - Processing file /home/ryanng/.local/lib/python3.10/site-packages/airflow/example_dags/example_short_circuit_decorator.py for tasks to queue
[2024-06-05T00:30:54.953+0800] {logging_mixin.py:188} INFO - [2024-06-05T00:30:54.953+0800] {dagbag.py:545} INFO - Filling up the DagBag from /home/ryanng/.local/lib/python3.10/site-packages/airflow/example_dags/example_short_circuit_decorator.py
[2024-06-05T00:30:54.958+0800] {processor.py:840} INFO - DAG(s) 'example_short_circuit_decorator' retrieved from /home/ryanng/.local/lib/python3.10/site-packages/airflow/example_dags/example_short_circuit_decorator.py
[2024-06-05T00:30:54.974+0800] {logging_mixin.py:188} INFO - [2024-06-05T00:30:54.974+0800] {dag.py:3096} INFO - Sync 1 DAGs
[2024-06-05T00:30:54.987+0800] {logging_mixin.py:188} INFO - [2024-06-05T00:30:54.987+0800] {dag.py:3954} INFO - Setting next_dagrun for example_short_circuit_decorator to 2024-06-03T00:00:00+00:00, run_after=2024-06-04T00:00:00+00:00
[2024-06-05T00:30:55.020+0800] {processor.py:183} INFO - Processing /home/ryanng/.local/lib/python3.10/site-packages/airflow/example_dags/example_short_circuit_decorator.py took 0.072 seconds
[2024-06-05T00:31:44.993+0800] {processor.py:161} INFO - Started process (PID=3462) to work on /home/ryanng/.local/lib/python3.10/site-packages/airflow/example_dags/example_short_circuit_decorator.py
[2024-06-05T00:31:44.994+0800] {processor.py:830} INFO - Processing file /home/ryanng/.local/lib/python3.10/site-packages/airflow/example_dags/example_short_circuit_decorator.py for tasks to queue
[2024-06-05T00:31:44.995+0800] {logging_mixin.py:188} INFO - [2024-06-05T00:31:44.994+0800] {dagbag.py:545} INFO - Filling up the DagBag from /home/ryanng/.local/lib/python3.10/site-packages/airflow/example_dags/example_short_circuit_decorator.py
[2024-06-05T00:31:45.002+0800] {processor.py:840} INFO - DAG(s) 'example_short_circuit_decorator' retrieved from /home/ryanng/.local/lib/python3.10/site-packages/airflow/example_dags/example_short_circuit_decorator.py
[2024-06-05T00:31:45.020+0800] {logging_mixin.py:188} INFO - [2024-06-05T00:31:45.020+0800] {dag.py:3096} INFO - Sync 1 DAGs
[2024-06-05T00:31:45.034+0800] {logging_mixin.py:188} INFO - [2024-06-05T00:31:45.034+0800] {dag.py:3954} INFO - Setting next_dagrun for example_short_circuit_decorator to 2024-06-03T00:00:00+00:00, run_after=2024-06-04T00:00:00+00:00
[2024-06-05T00:31:45.071+0800] {processor.py:183} INFO - Processing /home/ryanng/.local/lib/python3.10/site-packages/airflow/example_dags/example_short_circuit_decorator.py took 0.081 seconds
[2024-06-05T00:32:39.594+0800] {processor.py:161} INFO - Started process (PID=3844) to work on /home/ryanng/.local/lib/python3.10/site-packages/airflow/example_dags/example_short_circuit_decorator.py
[2024-06-05T00:32:39.595+0800] {processor.py:830} INFO - Processing file /home/ryanng/.local/lib/python3.10/site-packages/airflow/example_dags/example_short_circuit_decorator.py for tasks to queue
[2024-06-05T00:32:39.596+0800] {logging_mixin.py:188} INFO - [2024-06-05T00:32:39.596+0800] {dagbag.py:545} INFO - Filling up the DagBag from /home/ryanng/.local/lib/python3.10/site-packages/airflow/example_dags/example_short_circuit_decorator.py
[2024-06-05T00:32:39.602+0800] {processor.py:840} INFO - DAG(s) 'example_short_circuit_decorator' retrieved from /home/ryanng/.local/lib/python3.10/site-packages/airflow/example_dags/example_short_circuit_decorator.py
[2024-06-05T00:32:39.621+0800] {logging_mixin.py:188} INFO - [2024-06-05T00:32:39.621+0800] {dag.py:3096} INFO - Sync 1 DAGs
[2024-06-05T00:32:39.637+0800] {logging_mixin.py:188} INFO - [2024-06-05T00:32:39.637+0800] {dag.py:3954} INFO - Setting next_dagrun for example_short_circuit_decorator to 2024-06-03T00:00:00+00:00, run_after=2024-06-04T00:00:00+00:00
[2024-06-05T00:32:39.691+0800] {processor.py:183} INFO - Processing /home/ryanng/.local/lib/python3.10/site-packages/airflow/example_dags/example_short_circuit_decorator.py took 0.100 seconds
