[2024-06-05T00:23:47.748+0800] {processor.py:161} INFO - Started process (PID=960) to work on /home/ryanng/.local/lib/python3.10/site-packages/airflow/example_dags/example_latest_only.py
[2024-06-05T00:23:47.749+0800] {processor.py:830} INFO - Processing file /home/ryanng/.local/lib/python3.10/site-packages/airflow/example_dags/example_latest_only.py for tasks to queue
[2024-06-05T00:23:47.750+0800] {logging_mixin.py:188} INFO - [2024-06-05T00:23:47.750+0800] {dagbag.py:545} INFO - Filling up the DagBag from /home/ryanng/.local/lib/python3.10/site-packages/airflow/example_dags/example_latest_only.py
[2024-06-05T00:23:47.756+0800] {processor.py:840} INFO - DAG(s) 'latest_only' retrieved from /home/ryanng/.local/lib/python3.10/site-packages/airflow/example_dags/example_latest_only.py
[2024-06-05T00:23:47.823+0800] {logging_mixin.py:188} INFO - [2024-06-05T00:23:47.823+0800] {dag.py:3096} INFO - Sync 1 DAGs
[2024-06-05T00:23:47.836+0800] {logging_mixin.py:188} INFO - [2024-06-05T00:23:47.836+0800] {dag.py:3954} INFO - Setting next_dagrun for latest_only to 2024-06-04T12:00:00+00:00, run_after=2024-06-04T16:00:00+00:00
[2024-06-05T00:23:47.872+0800] {processor.py:183} INFO - Processing /home/ryanng/.local/lib/python3.10/site-packages/airflow/example_dags/example_latest_only.py took 0.126 seconds
[2024-06-05T00:24:42.891+0800] {processor.py:161} INFO - Started process (PID=1257) to work on /home/ryanng/.local/lib/python3.10/site-packages/airflow/example_dags/example_latest_only.py
[2024-06-05T00:24:42.892+0800] {processor.py:830} INFO - Processing file /home/ryanng/.local/lib/python3.10/site-packages/airflow/example_dags/example_latest_only.py for tasks to queue
[2024-06-05T00:24:42.893+0800] {logging_mixin.py:188} INFO - [2024-06-05T00:24:42.893+0800] {dagbag.py:545} INFO - Filling up the DagBag from /home/ryanng/.local/lib/python3.10/site-packages/airflow/example_dags/example_latest_only.py
[2024-06-05T00:24:42.896+0800] {processor.py:840} INFO - DAG(s) 'latest_only' retrieved from /home/ryanng/.local/lib/python3.10/site-packages/airflow/example_dags/example_latest_only.py
[2024-06-05T00:24:42.910+0800] {logging_mixin.py:188} INFO - [2024-06-05T00:24:42.909+0800] {dag.py:3096} INFO - Sync 1 DAGs
[2024-06-05T00:24:42.924+0800] {logging_mixin.py:188} INFO - [2024-06-05T00:24:42.924+0800] {dag.py:3954} INFO - Setting next_dagrun for latest_only to 2024-06-04T12:00:00+00:00, run_after=2024-06-04T16:00:00+00:00
[2024-06-05T00:24:42.969+0800] {processor.py:183} INFO - Processing /home/ryanng/.local/lib/python3.10/site-packages/airflow/example_dags/example_latest_only.py took 0.081 seconds
[2024-06-05T00:25:37.296+0800] {processor.py:161} INFO - Started process (PID=1542) to work on /home/ryanng/.local/lib/python3.10/site-packages/airflow/example_dags/example_latest_only.py
[2024-06-05T00:25:37.298+0800] {processor.py:830} INFO - Processing file /home/ryanng/.local/lib/python3.10/site-packages/airflow/example_dags/example_latest_only.py for tasks to queue
[2024-06-05T00:25:37.299+0800] {logging_mixin.py:188} INFO - [2024-06-05T00:25:37.299+0800] {dagbag.py:545} INFO - Filling up the DagBag from /home/ryanng/.local/lib/python3.10/site-packages/airflow/example_dags/example_latest_only.py
[2024-06-05T00:25:37.304+0800] {processor.py:840} INFO - DAG(s) 'latest_only' retrieved from /home/ryanng/.local/lib/python3.10/site-packages/airflow/example_dags/example_latest_only.py
[2024-06-05T00:25:37.316+0800] {logging_mixin.py:188} INFO - [2024-06-05T00:25:37.316+0800] {dag.py:3096} INFO - Sync 1 DAGs
[2024-06-05T00:25:37.328+0800] {logging_mixin.py:188} INFO - [2024-06-05T00:25:37.327+0800] {dag.py:3954} INFO - Setting next_dagrun for latest_only to 2024-06-04T12:00:00+00:00, run_after=2024-06-04T16:00:00+00:00
[2024-06-05T00:25:37.372+0800] {processor.py:183} INFO - Processing /home/ryanng/.local/lib/python3.10/site-packages/airflow/example_dags/example_latest_only.py took 0.079 seconds
[2024-06-05T00:26:25.907+0800] {processor.py:161} INFO - Started process (PID=1798) to work on /home/ryanng/.local/lib/python3.10/site-packages/airflow/example_dags/example_latest_only.py
[2024-06-05T00:26:25.908+0800] {processor.py:830} INFO - Processing file /home/ryanng/.local/lib/python3.10/site-packages/airflow/example_dags/example_latest_only.py for tasks to queue
[2024-06-05T00:26:25.909+0800] {logging_mixin.py:188} INFO - [2024-06-05T00:26:25.909+0800] {dagbag.py:545} INFO - Filling up the DagBag from /home/ryanng/.local/lib/python3.10/site-packages/airflow/example_dags/example_latest_only.py
[2024-06-05T00:26:25.912+0800] {processor.py:840} INFO - DAG(s) 'latest_only' retrieved from /home/ryanng/.local/lib/python3.10/site-packages/airflow/example_dags/example_latest_only.py
[2024-06-05T00:26:25.924+0800] {logging_mixin.py:188} INFO - [2024-06-05T00:26:25.924+0800] {dag.py:3096} INFO - Sync 1 DAGs
[2024-06-05T00:26:25.937+0800] {logging_mixin.py:188} INFO - [2024-06-05T00:26:25.936+0800] {dag.py:3954} INFO - Setting next_dagrun for latest_only to 2024-06-04T12:00:00+00:00, run_after=2024-06-04T16:00:00+00:00
[2024-06-05T00:26:25.978+0800] {processor.py:183} INFO - Processing /home/ryanng/.local/lib/python3.10/site-packages/airflow/example_dags/example_latest_only.py took 0.074 seconds
[2024-06-05T00:27:14.569+0800] {processor.py:161} INFO - Started process (PID=2044) to work on /home/ryanng/.local/lib/python3.10/site-packages/airflow/example_dags/example_latest_only.py
[2024-06-05T00:27:14.570+0800] {processor.py:830} INFO - Processing file /home/ryanng/.local/lib/python3.10/site-packages/airflow/example_dags/example_latest_only.py for tasks to queue
[2024-06-05T00:27:14.571+0800] {logging_mixin.py:188} INFO - [2024-06-05T00:27:14.571+0800] {dagbag.py:545} INFO - Filling up the DagBag from /home/ryanng/.local/lib/python3.10/site-packages/airflow/example_dags/example_latest_only.py
[2024-06-05T00:27:14.574+0800] {processor.py:840} INFO - DAG(s) 'latest_only' retrieved from /home/ryanng/.local/lib/python3.10/site-packages/airflow/example_dags/example_latest_only.py
[2024-06-05T00:27:14.590+0800] {logging_mixin.py:188} INFO - [2024-06-05T00:27:14.589+0800] {dag.py:3096} INFO - Sync 1 DAGs
[2024-06-05T00:27:14.604+0800] {logging_mixin.py:188} INFO - [2024-06-05T00:27:14.604+0800] {dag.py:3954} INFO - Setting next_dagrun for latest_only to 2024-06-04T12:00:00+00:00, run_after=2024-06-04T16:00:00+00:00
[2024-06-05T00:27:14.663+0800] {processor.py:183} INFO - Processing /home/ryanng/.local/lib/python3.10/site-packages/airflow/example_dags/example_latest_only.py took 0.097 seconds
[2024-06-05T00:28:36.783+0800] {processor.py:161} INFO - Started process (PID=2463) to work on /home/ryanng/.local/lib/python3.10/site-packages/airflow/example_dags/example_latest_only.py
[2024-06-05T00:28:36.784+0800] {processor.py:830} INFO - Processing file /home/ryanng/.local/lib/python3.10/site-packages/airflow/example_dags/example_latest_only.py for tasks to queue
[2024-06-05T00:28:36.785+0800] {logging_mixin.py:188} INFO - [2024-06-05T00:28:36.785+0800] {dagbag.py:545} INFO - Filling up the DagBag from /home/ryanng/.local/lib/python3.10/site-packages/airflow/example_dags/example_latest_only.py
[2024-06-05T00:28:36.789+0800] {processor.py:840} INFO - DAG(s) 'latest_only' retrieved from /home/ryanng/.local/lib/python3.10/site-packages/airflow/example_dags/example_latest_only.py
[2024-06-05T00:28:36.806+0800] {logging_mixin.py:188} INFO - [2024-06-05T00:28:36.805+0800] {dag.py:3096} INFO - Sync 1 DAGs
[2024-06-05T00:28:36.819+0800] {logging_mixin.py:188} INFO - [2024-06-05T00:28:36.819+0800] {dag.py:3954} INFO - Setting next_dagrun for latest_only to 2024-06-04T12:00:00+00:00, run_after=2024-06-04T16:00:00+00:00
[2024-06-05T00:28:36.891+0800] {processor.py:183} INFO - Processing /home/ryanng/.local/lib/python3.10/site-packages/airflow/example_dags/example_latest_only.py took 0.111 seconds
[2024-06-05T00:29:32.037+0800] {processor.py:161} INFO - Started process (PID=2749) to work on /home/ryanng/.local/lib/python3.10/site-packages/airflow/example_dags/example_latest_only.py
[2024-06-05T00:29:32.038+0800] {processor.py:830} INFO - Processing file /home/ryanng/.local/lib/python3.10/site-packages/airflow/example_dags/example_latest_only.py for tasks to queue
[2024-06-05T00:29:32.039+0800] {logging_mixin.py:188} INFO - [2024-06-05T00:29:32.039+0800] {dagbag.py:545} INFO - Filling up the DagBag from /home/ryanng/.local/lib/python3.10/site-packages/airflow/example_dags/example_latest_only.py
[2024-06-05T00:29:32.043+0800] {processor.py:840} INFO - DAG(s) 'latest_only' retrieved from /home/ryanng/.local/lib/python3.10/site-packages/airflow/example_dags/example_latest_only.py
[2024-06-05T00:29:32.067+0800] {logging_mixin.py:188} INFO - [2024-06-05T00:29:32.067+0800] {dag.py:3096} INFO - Sync 1 DAGs
[2024-06-05T00:29:32.084+0800] {logging_mixin.py:188} INFO - [2024-06-05T00:29:32.083+0800] {dag.py:3954} INFO - Setting next_dagrun for latest_only to 2024-06-04T12:00:00+00:00, run_after=2024-06-04T16:00:00+00:00
[2024-06-05T00:29:32.126+0800] {processor.py:183} INFO - Processing /home/ryanng/.local/lib/python3.10/site-packages/airflow/example_dags/example_latest_only.py took 0.093 seconds
[2024-06-05T00:30:24.317+0800] {processor.py:161} INFO - Started process (PID=3025) to work on /home/ryanng/.local/lib/python3.10/site-packages/airflow/example_dags/example_latest_only.py
[2024-06-05T00:30:24.318+0800] {processor.py:830} INFO - Processing file /home/ryanng/.local/lib/python3.10/site-packages/airflow/example_dags/example_latest_only.py for tasks to queue
[2024-06-05T00:30:24.319+0800] {logging_mixin.py:188} INFO - [2024-06-05T00:30:24.319+0800] {dagbag.py:545} INFO - Filling up the DagBag from /home/ryanng/.local/lib/python3.10/site-packages/airflow/example_dags/example_latest_only.py
[2024-06-05T00:30:24.322+0800] {processor.py:840} INFO - DAG(s) 'latest_only' retrieved from /home/ryanng/.local/lib/python3.10/site-packages/airflow/example_dags/example_latest_only.py
[2024-06-05T00:30:24.335+0800] {logging_mixin.py:188} INFO - [2024-06-05T00:30:24.335+0800] {dag.py:3096} INFO - Sync 1 DAGs
[2024-06-05T00:30:24.348+0800] {logging_mixin.py:188} INFO - [2024-06-05T00:30:24.348+0800] {dag.py:3954} INFO - Setting next_dagrun for latest_only to 2024-06-04T12:00:00+00:00, run_after=2024-06-04T16:00:00+00:00
[2024-06-05T00:30:24.380+0800] {processor.py:183} INFO - Processing /home/ryanng/.local/lib/python3.10/site-packages/airflow/example_dags/example_latest_only.py took 0.066 seconds
[2024-06-05T00:31:56.816+0800] {processor.py:161} INFO - Started process (PID=3522) to work on /home/ryanng/.local/lib/python3.10/site-packages/airflow/example_dags/example_latest_only.py
[2024-06-05T00:31:56.817+0800] {processor.py:830} INFO - Processing file /home/ryanng/.local/lib/python3.10/site-packages/airflow/example_dags/example_latest_only.py for tasks to queue
[2024-06-05T00:31:56.819+0800] {logging_mixin.py:188} INFO - [2024-06-05T00:31:56.819+0800] {dagbag.py:545} INFO - Filling up the DagBag from /home/ryanng/.local/lib/python3.10/site-packages/airflow/example_dags/example_latest_only.py
[2024-06-05T00:31:56.825+0800] {processor.py:840} INFO - DAG(s) 'latest_only' retrieved from /home/ryanng/.local/lib/python3.10/site-packages/airflow/example_dags/example_latest_only.py
[2024-06-05T00:31:56.842+0800] {logging_mixin.py:188} INFO - [2024-06-05T00:31:56.842+0800] {dag.py:3096} INFO - Sync 1 DAGs
[2024-06-05T00:31:56.856+0800] {logging_mixin.py:188} INFO - [2024-06-05T00:31:56.856+0800] {dag.py:3954} INFO - Setting next_dagrun for latest_only to 2024-06-04T12:00:00+00:00, run_after=2024-06-04T16:00:00+00:00
[2024-06-05T00:31:56.908+0800] {processor.py:183} INFO - Processing /home/ryanng/.local/lib/python3.10/site-packages/airflow/example_dags/example_latest_only.py took 0.095 seconds
