[2024-06-05T00:20:42.772+0800] {processor.py:161} INFO - Started process (PID=2858) to work on /home/ryanng/.local/lib/python3.10/site-packages/airflow/example_dags/example_trigger_target_dag.py
[2024-06-05T00:20:42.772+0800] {processor.py:830} INFO - Processing file /home/ryanng/.local/lib/python3.10/site-packages/airflow/example_dags/example_trigger_target_dag.py for tasks to queue
[2024-06-05T00:20:42.773+0800] {logging_mixin.py:188} INFO - [2024-06-05T00:20:42.773+0800] {dagbag.py:545} INFO - Filling up the DagBag from /home/ryanng/.local/lib/python3.10/site-packages/airflow/example_dags/example_trigger_target_dag.py
[2024-06-05T00:20:42.780+0800] {processor.py:840} INFO - DAG(s) 'example_trigger_target_dag' retrieved from /home/ryanng/.local/lib/python3.10/site-packages/airflow/example_dags/example_trigger_target_dag.py
[2024-06-05T00:20:42.841+0800] {logging_mixin.py:188} INFO - [2024-06-05T00:20:42.841+0800] {dag.py:3096} INFO - Sync 1 DAGs
[2024-06-05T00:20:42.847+0800] {logging_mixin.py:188} INFO - [2024-06-05T00:20:42.847+0800] {dag.py:3954} INFO - Setting next_dagrun for example_trigger_target_dag to None, run_after=None
[2024-06-05T00:20:42.878+0800] {processor.py:183} INFO - Processing /home/ryanng/.local/lib/python3.10/site-packages/airflow/example_dags/example_trigger_target_dag.py took 0.110 seconds
[2024-06-05T00:23:27.528+0800] {processor.py:161} INFO - Started process (PID=858) to work on /home/ryanng/.local/lib/python3.10/site-packages/airflow/example_dags/example_trigger_target_dag.py
[2024-06-05T00:23:27.529+0800] {processor.py:830} INFO - Processing file /home/ryanng/.local/lib/python3.10/site-packages/airflow/example_dags/example_trigger_target_dag.py for tasks to queue
[2024-06-05T00:23:27.530+0800] {logging_mixin.py:188} INFO - [2024-06-05T00:23:27.530+0800] {dagbag.py:545} INFO - Filling up the DagBag from /home/ryanng/.local/lib/python3.10/site-packages/airflow/example_dags/example_trigger_target_dag.py
[2024-06-05T00:23:27.535+0800] {processor.py:840} INFO - DAG(s) 'example_trigger_target_dag' retrieved from /home/ryanng/.local/lib/python3.10/site-packages/airflow/example_dags/example_trigger_target_dag.py
[2024-06-05T00:23:27.552+0800] {logging_mixin.py:188} INFO - [2024-06-05T00:23:27.552+0800] {dag.py:3096} INFO - Sync 1 DAGs
[2024-06-05T00:23:27.559+0800] {logging_mixin.py:188} INFO - [2024-06-05T00:23:27.559+0800] {dag.py:3954} INFO - Setting next_dagrun for example_trigger_target_dag to None, run_after=None
[2024-06-05T00:23:27.598+0800] {processor.py:183} INFO - Processing /home/ryanng/.local/lib/python3.10/site-packages/airflow/example_dags/example_trigger_target_dag.py took 0.072 seconds
[2024-06-05T00:24:24.457+0800] {processor.py:161} INFO - Started process (PID=1164) to work on /home/ryanng/.local/lib/python3.10/site-packages/airflow/example_dags/example_trigger_target_dag.py
[2024-06-05T00:24:24.458+0800] {processor.py:830} INFO - Processing file /home/ryanng/.local/lib/python3.10/site-packages/airflow/example_dags/example_trigger_target_dag.py for tasks to queue
[2024-06-05T00:24:24.459+0800] {logging_mixin.py:188} INFO - [2024-06-05T00:24:24.459+0800] {dagbag.py:545} INFO - Filling up the DagBag from /home/ryanng/.local/lib/python3.10/site-packages/airflow/example_dags/example_trigger_target_dag.py
[2024-06-05T00:24:24.463+0800] {processor.py:840} INFO - DAG(s) 'example_trigger_target_dag' retrieved from /home/ryanng/.local/lib/python3.10/site-packages/airflow/example_dags/example_trigger_target_dag.py
[2024-06-05T00:24:24.479+0800] {logging_mixin.py:188} INFO - [2024-06-05T00:24:24.478+0800] {dag.py:3096} INFO - Sync 1 DAGs
[2024-06-05T00:24:24.487+0800] {logging_mixin.py:188} INFO - [2024-06-05T00:24:24.487+0800] {dag.py:3954} INFO - Setting next_dagrun for example_trigger_target_dag to None, run_after=None
[2024-06-05T00:24:24.520+0800] {processor.py:183} INFO - Processing /home/ryanng/.local/lib/python3.10/site-packages/airflow/example_dags/example_trigger_target_dag.py took 0.066 seconds
[2024-06-05T00:25:14.523+0800] {processor.py:161} INFO - Started process (PID=1430) to work on /home/ryanng/.local/lib/python3.10/site-packages/airflow/example_dags/example_trigger_target_dag.py
[2024-06-05T00:25:14.524+0800] {processor.py:830} INFO - Processing file /home/ryanng/.local/lib/python3.10/site-packages/airflow/example_dags/example_trigger_target_dag.py for tasks to queue
[2024-06-05T00:25:14.525+0800] {logging_mixin.py:188} INFO - [2024-06-05T00:25:14.524+0800] {dagbag.py:545} INFO - Filling up the DagBag from /home/ryanng/.local/lib/python3.10/site-packages/airflow/example_dags/example_trigger_target_dag.py
[2024-06-05T00:25:14.528+0800] {processor.py:840} INFO - DAG(s) 'example_trigger_target_dag' retrieved from /home/ryanng/.local/lib/python3.10/site-packages/airflow/example_dags/example_trigger_target_dag.py
[2024-06-05T00:25:14.541+0800] {logging_mixin.py:188} INFO - [2024-06-05T00:25:14.541+0800] {dag.py:3096} INFO - Sync 1 DAGs
[2024-06-05T00:25:14.548+0800] {logging_mixin.py:188} INFO - [2024-06-05T00:25:14.547+0800] {dag.py:3954} INFO - Setting next_dagrun for example_trigger_target_dag to None, run_after=None
[2024-06-05T00:25:14.581+0800] {processor.py:183} INFO - Processing /home/ryanng/.local/lib/python3.10/site-packages/airflow/example_dags/example_trigger_target_dag.py took 0.062 seconds
[2024-06-05T00:26:03.741+0800] {processor.py:161} INFO - Started process (PID=1673) to work on /home/ryanng/.local/lib/python3.10/site-packages/airflow/example_dags/example_trigger_target_dag.py
[2024-06-05T00:26:03.742+0800] {processor.py:830} INFO - Processing file /home/ryanng/.local/lib/python3.10/site-packages/airflow/example_dags/example_trigger_target_dag.py for tasks to queue
[2024-06-05T00:26:03.743+0800] {logging_mixin.py:188} INFO - [2024-06-05T00:26:03.742+0800] {dagbag.py:545} INFO - Filling up the DagBag from /home/ryanng/.local/lib/python3.10/site-packages/airflow/example_dags/example_trigger_target_dag.py
[2024-06-05T00:26:03.746+0800] {processor.py:840} INFO - DAG(s) 'example_trigger_target_dag' retrieved from /home/ryanng/.local/lib/python3.10/site-packages/airflow/example_dags/example_trigger_target_dag.py
[2024-06-05T00:26:03.760+0800] {logging_mixin.py:188} INFO - [2024-06-05T00:26:03.760+0800] {dag.py:3096} INFO - Sync 1 DAGs
[2024-06-05T00:26:03.768+0800] {logging_mixin.py:188} INFO - [2024-06-05T00:26:03.768+0800] {dag.py:3954} INFO - Setting next_dagrun for example_trigger_target_dag to None, run_after=None
[2024-06-05T00:26:03.813+0800] {processor.py:183} INFO - Processing /home/ryanng/.local/lib/python3.10/site-packages/airflow/example_dags/example_trigger_target_dag.py took 0.076 seconds
[2024-06-05T00:26:48.517+0800] {processor.py:161} INFO - Started process (PID=1912) to work on /home/ryanng/.local/lib/python3.10/site-packages/airflow/example_dags/example_trigger_target_dag.py
[2024-06-05T00:26:48.518+0800] {processor.py:830} INFO - Processing file /home/ryanng/.local/lib/python3.10/site-packages/airflow/example_dags/example_trigger_target_dag.py for tasks to queue
[2024-06-05T00:26:48.519+0800] {logging_mixin.py:188} INFO - [2024-06-05T00:26:48.519+0800] {dagbag.py:545} INFO - Filling up the DagBag from /home/ryanng/.local/lib/python3.10/site-packages/airflow/example_dags/example_trigger_target_dag.py
[2024-06-05T00:26:48.522+0800] {processor.py:840} INFO - DAG(s) 'example_trigger_target_dag' retrieved from /home/ryanng/.local/lib/python3.10/site-packages/airflow/example_dags/example_trigger_target_dag.py
[2024-06-05T00:26:48.536+0800] {logging_mixin.py:188} INFO - [2024-06-05T00:26:48.536+0800] {dag.py:3096} INFO - Sync 1 DAGs
[2024-06-05T00:26:48.544+0800] {logging_mixin.py:188} INFO - [2024-06-05T00:26:48.544+0800] {dag.py:3954} INFO - Setting next_dagrun for example_trigger_target_dag to None, run_after=None
[2024-06-05T00:26:48.594+0800] {processor.py:183} INFO - Processing /home/ryanng/.local/lib/python3.10/site-packages/airflow/example_dags/example_trigger_target_dag.py took 0.080 seconds
[2024-06-05T00:28:17.408+0800] {processor.py:161} INFO - Started process (PID=2363) to work on /home/ryanng/.local/lib/python3.10/site-packages/airflow/example_dags/example_trigger_target_dag.py
[2024-06-05T00:28:17.409+0800] {processor.py:830} INFO - Processing file /home/ryanng/.local/lib/python3.10/site-packages/airflow/example_dags/example_trigger_target_dag.py for tasks to queue
[2024-06-05T00:28:17.410+0800] {logging_mixin.py:188} INFO - [2024-06-05T00:28:17.410+0800] {dagbag.py:545} INFO - Filling up the DagBag from /home/ryanng/.local/lib/python3.10/site-packages/airflow/example_dags/example_trigger_target_dag.py
[2024-06-05T00:28:17.415+0800] {processor.py:840} INFO - DAG(s) 'example_trigger_target_dag' retrieved from /home/ryanng/.local/lib/python3.10/site-packages/airflow/example_dags/example_trigger_target_dag.py
[2024-06-05T00:28:17.433+0800] {logging_mixin.py:188} INFO - [2024-06-05T00:28:17.433+0800] {dag.py:3096} INFO - Sync 1 DAGs
[2024-06-05T00:28:17.443+0800] {logging_mixin.py:188} INFO - [2024-06-05T00:28:17.443+0800] {dag.py:3954} INFO - Setting next_dagrun for example_trigger_target_dag to None, run_after=None
[2024-06-05T00:28:17.492+0800] {processor.py:183} INFO - Processing /home/ryanng/.local/lib/python3.10/site-packages/airflow/example_dags/example_trigger_target_dag.py took 0.087 seconds
[2024-06-05T00:29:13.572+0800] {processor.py:161} INFO - Started process (PID=2658) to work on /home/ryanng/.local/lib/python3.10/site-packages/airflow/example_dags/example_trigger_target_dag.py
[2024-06-05T00:29:13.573+0800] {processor.py:830} INFO - Processing file /home/ryanng/.local/lib/python3.10/site-packages/airflow/example_dags/example_trigger_target_dag.py for tasks to queue
[2024-06-05T00:29:13.574+0800] {logging_mixin.py:188} INFO - [2024-06-05T00:29:13.573+0800] {dagbag.py:545} INFO - Filling up the DagBag from /home/ryanng/.local/lib/python3.10/site-packages/airflow/example_dags/example_trigger_target_dag.py
[2024-06-05T00:29:13.578+0800] {processor.py:840} INFO - DAG(s) 'example_trigger_target_dag' retrieved from /home/ryanng/.local/lib/python3.10/site-packages/airflow/example_dags/example_trigger_target_dag.py
[2024-06-05T00:29:13.591+0800] {logging_mixin.py:188} INFO - [2024-06-05T00:29:13.591+0800] {dag.py:3096} INFO - Sync 1 DAGs
[2024-06-05T00:29:13.599+0800] {logging_mixin.py:188} INFO - [2024-06-05T00:29:13.598+0800] {dag.py:3954} INFO - Setting next_dagrun for example_trigger_target_dag to None, run_after=None
[2024-06-05T00:29:13.677+0800] {processor.py:183} INFO - Processing /home/ryanng/.local/lib/python3.10/site-packages/airflow/example_dags/example_trigger_target_dag.py took 0.109 seconds
[2024-06-05T00:30:01.118+0800] {processor.py:161} INFO - Started process (PID=2911) to work on /home/ryanng/.local/lib/python3.10/site-packages/airflow/example_dags/example_trigger_target_dag.py
[2024-06-05T00:30:01.119+0800] {processor.py:830} INFO - Processing file /home/ryanng/.local/lib/python3.10/site-packages/airflow/example_dags/example_trigger_target_dag.py for tasks to queue
[2024-06-05T00:30:01.120+0800] {logging_mixin.py:188} INFO - [2024-06-05T00:30:01.120+0800] {dagbag.py:545} INFO - Filling up the DagBag from /home/ryanng/.local/lib/python3.10/site-packages/airflow/example_dags/example_trigger_target_dag.py
[2024-06-05T00:30:01.124+0800] {processor.py:840} INFO - DAG(s) 'example_trigger_target_dag' retrieved from /home/ryanng/.local/lib/python3.10/site-packages/airflow/example_dags/example_trigger_target_dag.py
[2024-06-05T00:30:01.139+0800] {logging_mixin.py:188} INFO - [2024-06-05T00:30:01.139+0800] {dag.py:3096} INFO - Sync 1 DAGs
[2024-06-05T00:30:01.148+0800] {logging_mixin.py:188} INFO - [2024-06-05T00:30:01.148+0800] {dag.py:3954} INFO - Setting next_dagrun for example_trigger_target_dag to None, run_after=None
[2024-06-05T00:30:01.180+0800] {processor.py:183} INFO - Processing /home/ryanng/.local/lib/python3.10/site-packages/airflow/example_dags/example_trigger_target_dag.py took 0.065 seconds
[2024-06-05T00:30:47.506+0800] {processor.py:161} INFO - Started process (PID=3141) to work on /home/ryanng/.local/lib/python3.10/site-packages/airflow/example_dags/example_trigger_target_dag.py
[2024-06-05T00:30:47.507+0800] {processor.py:830} INFO - Processing file /home/ryanng/.local/lib/python3.10/site-packages/airflow/example_dags/example_trigger_target_dag.py for tasks to queue
[2024-06-05T00:30:47.508+0800] {logging_mixin.py:188} INFO - [2024-06-05T00:30:47.508+0800] {dagbag.py:545} INFO - Filling up the DagBag from /home/ryanng/.local/lib/python3.10/site-packages/airflow/example_dags/example_trigger_target_dag.py
[2024-06-05T00:30:47.512+0800] {processor.py:840} INFO - DAG(s) 'example_trigger_target_dag' retrieved from /home/ryanng/.local/lib/python3.10/site-packages/airflow/example_dags/example_trigger_target_dag.py
[2024-06-05T00:30:47.525+0800] {logging_mixin.py:188} INFO - [2024-06-05T00:30:47.525+0800] {dag.py:3096} INFO - Sync 1 DAGs
[2024-06-05T00:30:47.535+0800] {logging_mixin.py:188} INFO - [2024-06-05T00:30:47.535+0800] {dag.py:3954} INFO - Setting next_dagrun for example_trigger_target_dag to None, run_after=None
[2024-06-05T00:30:47.567+0800] {processor.py:183} INFO - Processing /home/ryanng/.local/lib/python3.10/site-packages/airflow/example_dags/example_trigger_target_dag.py took 0.065 seconds
[2024-06-05T00:31:36.152+0800] {processor.py:161} INFO - Started process (PID=3417) to work on /home/ryanng/.local/lib/python3.10/site-packages/airflow/example_dags/example_trigger_target_dag.py
[2024-06-05T00:31:36.153+0800] {processor.py:830} INFO - Processing file /home/ryanng/.local/lib/python3.10/site-packages/airflow/example_dags/example_trigger_target_dag.py for tasks to queue
[2024-06-05T00:31:36.154+0800] {logging_mixin.py:188} INFO - [2024-06-05T00:31:36.154+0800] {dagbag.py:545} INFO - Filling up the DagBag from /home/ryanng/.local/lib/python3.10/site-packages/airflow/example_dags/example_trigger_target_dag.py
[2024-06-05T00:31:36.158+0800] {processor.py:840} INFO - DAG(s) 'example_trigger_target_dag' retrieved from /home/ryanng/.local/lib/python3.10/site-packages/airflow/example_dags/example_trigger_target_dag.py
[2024-06-05T00:31:36.175+0800] {logging_mixin.py:188} INFO - [2024-06-05T00:31:36.175+0800] {dag.py:3096} INFO - Sync 1 DAGs
[2024-06-05T00:31:36.184+0800] {logging_mixin.py:188} INFO - [2024-06-05T00:31:36.184+0800] {dag.py:3954} INFO - Setting next_dagrun for example_trigger_target_dag to None, run_after=None
[2024-06-05T00:31:36.233+0800] {processor.py:183} INFO - Processing /home/ryanng/.local/lib/python3.10/site-packages/airflow/example_dags/example_trigger_target_dag.py took 0.084 seconds
[2024-06-05T00:32:32.002+0800] {processor.py:161} INFO - Started process (PID=3803) to work on /home/ryanng/.local/lib/python3.10/site-packages/airflow/example_dags/example_trigger_target_dag.py
[2024-06-05T00:32:32.002+0800] {processor.py:830} INFO - Processing file /home/ryanng/.local/lib/python3.10/site-packages/airflow/example_dags/example_trigger_target_dag.py for tasks to queue
[2024-06-05T00:32:32.004+0800] {logging_mixin.py:188} INFO - [2024-06-05T00:32:32.003+0800] {dagbag.py:545} INFO - Filling up the DagBag from /home/ryanng/.local/lib/python3.10/site-packages/airflow/example_dags/example_trigger_target_dag.py
[2024-06-05T00:32:32.007+0800] {processor.py:840} INFO - DAG(s) 'example_trigger_target_dag' retrieved from /home/ryanng/.local/lib/python3.10/site-packages/airflow/example_dags/example_trigger_target_dag.py
[2024-06-05T00:32:32.025+0800] {logging_mixin.py:188} INFO - [2024-06-05T00:32:32.025+0800] {dag.py:3096} INFO - Sync 1 DAGs
[2024-06-05T00:32:32.034+0800] {logging_mixin.py:188} INFO - [2024-06-05T00:32:32.034+0800] {dag.py:3954} INFO - Setting next_dagrun for example_trigger_target_dag to None, run_after=None
[2024-06-05T00:32:32.083+0800] {processor.py:183} INFO - Processing /home/ryanng/.local/lib/python3.10/site-packages/airflow/example_dags/example_trigger_target_dag.py took 0.085 seconds
