[2024-06-05T00:23:53.855+0800] {processor.py:161} INFO - Started process (PID=991) to work on /home/ryanng/.local/lib/python3.10/site-packages/airflow/example_dags/example_setup_teardown_taskflow.py
[2024-06-05T00:23:53.856+0800] {processor.py:830} INFO - Processing file /home/ryanng/.local/lib/python3.10/site-packages/airflow/example_dags/example_setup_teardown_taskflow.py for tasks to queue
[2024-06-05T00:23:53.857+0800] {logging_mixin.py:188} INFO - [2024-06-05T00:23:53.857+0800] {dagbag.py:545} INFO - Filling up the DagBag from /home/ryanng/.local/lib/python3.10/site-packages/airflow/example_dags/example_setup_teardown_taskflow.py
[2024-06-05T00:23:53.863+0800] {processor.py:840} INFO - DAG(s) 'example_setup_teardown_taskflow' retrieved from /home/ryanng/.local/lib/python3.10/site-packages/airflow/example_dags/example_setup_teardown_taskflow.py
[2024-06-05T00:23:53.921+0800] {logging_mixin.py:188} INFO - [2024-06-05T00:23:53.921+0800] {dag.py:3096} INFO - Sync 1 DAGs
[2024-06-05T00:23:53.933+0800] {logging_mixin.py:188} INFO - [2024-06-05T00:23:53.933+0800] {dag.py:3954} INFO - Setting next_dagrun for example_setup_teardown_taskflow to 2024-06-03T00:00:00+00:00, run_after=2024-06-04T00:00:00+00:00
[2024-06-05T00:23:53.998+0800] {processor.py:183} INFO - Processing /home/ryanng/.local/lib/python3.10/site-packages/airflow/example_dags/example_setup_teardown_taskflow.py took 0.145 seconds
[2024-06-05T00:24:48.090+0800] {processor.py:161} INFO - Started process (PID=1283) to work on /home/ryanng/.local/lib/python3.10/site-packages/airflow/example_dags/example_setup_teardown_taskflow.py
[2024-06-05T00:24:48.090+0800] {processor.py:830} INFO - Processing file /home/ryanng/.local/lib/python3.10/site-packages/airflow/example_dags/example_setup_teardown_taskflow.py for tasks to queue
[2024-06-05T00:24:48.092+0800] {logging_mixin.py:188} INFO - [2024-06-05T00:24:48.091+0800] {dagbag.py:545} INFO - Filling up the DagBag from /home/ryanng/.local/lib/python3.10/site-packages/airflow/example_dags/example_setup_teardown_taskflow.py
[2024-06-05T00:24:48.097+0800] {processor.py:840} INFO - DAG(s) 'example_setup_teardown_taskflow' retrieved from /home/ryanng/.local/lib/python3.10/site-packages/airflow/example_dags/example_setup_teardown_taskflow.py
[2024-06-05T00:24:48.113+0800] {logging_mixin.py:188} INFO - [2024-06-05T00:24:48.112+0800] {dag.py:3096} INFO - Sync 1 DAGs
[2024-06-05T00:24:48.127+0800] {logging_mixin.py:188} INFO - [2024-06-05T00:24:48.127+0800] {dag.py:3954} INFO - Setting next_dagrun for example_setup_teardown_taskflow to 2024-06-03T00:00:00+00:00, run_after=2024-06-04T00:00:00+00:00
[2024-06-05T00:24:48.182+0800] {processor.py:183} INFO - Processing /home/ryanng/.local/lib/python3.10/site-packages/airflow/example_dags/example_setup_teardown_taskflow.py took 0.096 seconds
[2024-06-05T00:25:42.634+0800] {processor.py:161} INFO - Started process (PID=1569) to work on /home/ryanng/.local/lib/python3.10/site-packages/airflow/example_dags/example_setup_teardown_taskflow.py
[2024-06-05T00:25:42.635+0800] {processor.py:830} INFO - Processing file /home/ryanng/.local/lib/python3.10/site-packages/airflow/example_dags/example_setup_teardown_taskflow.py for tasks to queue
[2024-06-05T00:25:42.636+0800] {logging_mixin.py:188} INFO - [2024-06-05T00:25:42.636+0800] {dagbag.py:545} INFO - Filling up the DagBag from /home/ryanng/.local/lib/python3.10/site-packages/airflow/example_dags/example_setup_teardown_taskflow.py
[2024-06-05T00:25:42.641+0800] {processor.py:840} INFO - DAG(s) 'example_setup_teardown_taskflow' retrieved from /home/ryanng/.local/lib/python3.10/site-packages/airflow/example_dags/example_setup_teardown_taskflow.py
[2024-06-05T00:25:42.654+0800] {logging_mixin.py:188} INFO - [2024-06-05T00:25:42.654+0800] {dag.py:3096} INFO - Sync 1 DAGs
[2024-06-05T00:25:42.668+0800] {logging_mixin.py:188} INFO - [2024-06-05T00:25:42.668+0800] {dag.py:3954} INFO - Setting next_dagrun for example_setup_teardown_taskflow to 2024-06-03T00:00:00+00:00, run_after=2024-06-04T00:00:00+00:00
[2024-06-05T00:25:42.700+0800] {processor.py:183} INFO - Processing /home/ryanng/.local/lib/python3.10/site-packages/airflow/example_dags/example_setup_teardown_taskflow.py took 0.069 seconds
[2024-06-05T00:26:30.527+0800] {processor.py:161} INFO - Started process (PID=1821) to work on /home/ryanng/.local/lib/python3.10/site-packages/airflow/example_dags/example_setup_teardown_taskflow.py
[2024-06-05T00:26:30.528+0800] {processor.py:830} INFO - Processing file /home/ryanng/.local/lib/python3.10/site-packages/airflow/example_dags/example_setup_teardown_taskflow.py for tasks to queue
[2024-06-05T00:26:30.530+0800] {logging_mixin.py:188} INFO - [2024-06-05T00:26:30.529+0800] {dagbag.py:545} INFO - Filling up the DagBag from /home/ryanng/.local/lib/python3.10/site-packages/airflow/example_dags/example_setup_teardown_taskflow.py
[2024-06-05T00:26:30.537+0800] {processor.py:840} INFO - DAG(s) 'example_setup_teardown_taskflow' retrieved from /home/ryanng/.local/lib/python3.10/site-packages/airflow/example_dags/example_setup_teardown_taskflow.py
[2024-06-05T00:26:30.559+0800] {logging_mixin.py:188} INFO - [2024-06-05T00:26:30.559+0800] {dag.py:3096} INFO - Sync 1 DAGs
[2024-06-05T00:26:30.576+0800] {logging_mixin.py:188} INFO - [2024-06-05T00:26:30.576+0800] {dag.py:3954} INFO - Setting next_dagrun for example_setup_teardown_taskflow to 2024-06-03T00:00:00+00:00, run_after=2024-06-04T00:00:00+00:00
[2024-06-05T00:26:30.623+0800] {processor.py:183} INFO - Processing /home/ryanng/.local/lib/python3.10/site-packages/airflow/example_dags/example_setup_teardown_taskflow.py took 0.099 seconds
[2024-06-05T00:27:19.842+0800] {processor.py:161} INFO - Started process (PID=2069) to work on /home/ryanng/.local/lib/python3.10/site-packages/airflow/example_dags/example_setup_teardown_taskflow.py
[2024-06-05T00:27:19.843+0800] {processor.py:830} INFO - Processing file /home/ryanng/.local/lib/python3.10/site-packages/airflow/example_dags/example_setup_teardown_taskflow.py for tasks to queue
[2024-06-05T00:27:19.844+0800] {logging_mixin.py:188} INFO - [2024-06-05T00:27:19.844+0800] {dagbag.py:545} INFO - Filling up the DagBag from /home/ryanng/.local/lib/python3.10/site-packages/airflow/example_dags/example_setup_teardown_taskflow.py
[2024-06-05T00:27:19.849+0800] {processor.py:840} INFO - DAG(s) 'example_setup_teardown_taskflow' retrieved from /home/ryanng/.local/lib/python3.10/site-packages/airflow/example_dags/example_setup_teardown_taskflow.py
[2024-06-05T00:27:19.862+0800] {logging_mixin.py:188} INFO - [2024-06-05T00:27:19.862+0800] {dag.py:3096} INFO - Sync 1 DAGs
[2024-06-05T00:27:19.876+0800] {logging_mixin.py:188} INFO - [2024-06-05T00:27:19.876+0800] {dag.py:3954} INFO - Setting next_dagrun for example_setup_teardown_taskflow to 2024-06-03T00:00:00+00:00, run_after=2024-06-04T00:00:00+00:00
[2024-06-05T00:27:19.906+0800] {processor.py:183} INFO - Processing /home/ryanng/.local/lib/python3.10/site-packages/airflow/example_dags/example_setup_teardown_taskflow.py took 0.067 seconds
[2024-06-05T00:28:43.103+0800] {processor.py:161} INFO - Started process (PID=2493) to work on /home/ryanng/.local/lib/python3.10/site-packages/airflow/example_dags/example_setup_teardown_taskflow.py
[2024-06-05T00:28:43.104+0800] {processor.py:830} INFO - Processing file /home/ryanng/.local/lib/python3.10/site-packages/airflow/example_dags/example_setup_teardown_taskflow.py for tasks to queue
[2024-06-05T00:28:43.105+0800] {logging_mixin.py:188} INFO - [2024-06-05T00:28:43.105+0800] {dagbag.py:545} INFO - Filling up the DagBag from /home/ryanng/.local/lib/python3.10/site-packages/airflow/example_dags/example_setup_teardown_taskflow.py
[2024-06-05T00:28:43.112+0800] {processor.py:840} INFO - DAG(s) 'example_setup_teardown_taskflow' retrieved from /home/ryanng/.local/lib/python3.10/site-packages/airflow/example_dags/example_setup_teardown_taskflow.py
[2024-06-05T00:28:43.137+0800] {logging_mixin.py:188} INFO - [2024-06-05T00:28:43.137+0800] {dag.py:3096} INFO - Sync 1 DAGs
[2024-06-05T00:28:43.156+0800] {logging_mixin.py:188} INFO - [2024-06-05T00:28:43.156+0800] {dag.py:3954} INFO - Setting next_dagrun for example_setup_teardown_taskflow to 2024-06-03T00:00:00+00:00, run_after=2024-06-04T00:00:00+00:00
[2024-06-05T00:28:43.255+0800] {processor.py:183} INFO - Processing /home/ryanng/.local/lib/python3.10/site-packages/airflow/example_dags/example_setup_teardown_taskflow.py took 0.156 seconds
[2024-06-05T00:29:37.110+0800] {processor.py:161} INFO - Started process (PID=2774) to work on /home/ryanng/.local/lib/python3.10/site-packages/airflow/example_dags/example_setup_teardown_taskflow.py
[2024-06-05T00:29:37.111+0800] {processor.py:830} INFO - Processing file /home/ryanng/.local/lib/python3.10/site-packages/airflow/example_dags/example_setup_teardown_taskflow.py for tasks to queue
[2024-06-05T00:29:37.112+0800] {logging_mixin.py:188} INFO - [2024-06-05T00:29:37.112+0800] {dagbag.py:545} INFO - Filling up the DagBag from /home/ryanng/.local/lib/python3.10/site-packages/airflow/example_dags/example_setup_teardown_taskflow.py
[2024-06-05T00:29:37.117+0800] {processor.py:840} INFO - DAG(s) 'example_setup_teardown_taskflow' retrieved from /home/ryanng/.local/lib/python3.10/site-packages/airflow/example_dags/example_setup_teardown_taskflow.py
[2024-06-05T00:29:37.134+0800] {logging_mixin.py:188} INFO - [2024-06-05T00:29:37.134+0800] {dag.py:3096} INFO - Sync 1 DAGs
[2024-06-05T00:29:37.153+0800] {logging_mixin.py:188} INFO - [2024-06-05T00:29:37.153+0800] {dag.py:3954} INFO - Setting next_dagrun for example_setup_teardown_taskflow to 2024-06-03T00:00:00+00:00, run_after=2024-06-04T00:00:00+00:00
[2024-06-05T00:29:37.191+0800] {processor.py:183} INFO - Processing /home/ryanng/.local/lib/python3.10/site-packages/airflow/example_dags/example_setup_teardown_taskflow.py took 0.085 seconds
[2024-06-05T00:30:29.410+0800] {processor.py:161} INFO - Started process (PID=3050) to work on /home/ryanng/.local/lib/python3.10/site-packages/airflow/example_dags/example_setup_teardown_taskflow.py
[2024-06-05T00:30:29.411+0800] {processor.py:830} INFO - Processing file /home/ryanng/.local/lib/python3.10/site-packages/airflow/example_dags/example_setup_teardown_taskflow.py for tasks to queue
[2024-06-05T00:30:29.412+0800] {logging_mixin.py:188} INFO - [2024-06-05T00:30:29.412+0800] {dagbag.py:545} INFO - Filling up the DagBag from /home/ryanng/.local/lib/python3.10/site-packages/airflow/example_dags/example_setup_teardown_taskflow.py
[2024-06-05T00:30:29.417+0800] {processor.py:840} INFO - DAG(s) 'example_setup_teardown_taskflow' retrieved from /home/ryanng/.local/lib/python3.10/site-packages/airflow/example_dags/example_setup_teardown_taskflow.py
[2024-06-05T00:30:29.430+0800] {logging_mixin.py:188} INFO - [2024-06-05T00:30:29.430+0800] {dag.py:3096} INFO - Sync 1 DAGs
[2024-06-05T00:30:29.443+0800] {logging_mixin.py:188} INFO - [2024-06-05T00:30:29.443+0800] {dag.py:3954} INFO - Setting next_dagrun for example_setup_teardown_taskflow to 2024-06-03T00:00:00+00:00, run_after=2024-06-04T00:00:00+00:00
[2024-06-05T00:30:29.475+0800] {processor.py:183} INFO - Processing /home/ryanng/.local/lib/python3.10/site-packages/airflow/example_dags/example_setup_teardown_taskflow.py took 0.068 seconds
[2024-06-05T00:32:01.811+0800] {processor.py:161} INFO - Started process (PID=3548) to work on /home/ryanng/.local/lib/python3.10/site-packages/airflow/example_dags/example_setup_teardown_taskflow.py
[2024-06-05T00:32:01.812+0800] {processor.py:830} INFO - Processing file /home/ryanng/.local/lib/python3.10/site-packages/airflow/example_dags/example_setup_teardown_taskflow.py for tasks to queue
[2024-06-05T00:32:01.813+0800] {logging_mixin.py:188} INFO - [2024-06-05T00:32:01.813+0800] {dagbag.py:545} INFO - Filling up the DagBag from /home/ryanng/.local/lib/python3.10/site-packages/airflow/example_dags/example_setup_teardown_taskflow.py
[2024-06-05T00:32:01.819+0800] {processor.py:840} INFO - DAG(s) 'example_setup_teardown_taskflow' retrieved from /home/ryanng/.local/lib/python3.10/site-packages/airflow/example_dags/example_setup_teardown_taskflow.py
[2024-06-05T00:32:01.833+0800] {logging_mixin.py:188} INFO - [2024-06-05T00:32:01.833+0800] {dag.py:3096} INFO - Sync 1 DAGs
[2024-06-05T00:32:01.846+0800] {logging_mixin.py:188} INFO - [2024-06-05T00:32:01.846+0800] {dag.py:3954} INFO - Setting next_dagrun for example_setup_teardown_taskflow to 2024-06-03T00:00:00+00:00, run_after=2024-06-04T00:00:00+00:00
[2024-06-05T00:32:01.889+0800] {processor.py:183} INFO - Processing /home/ryanng/.local/lib/python3.10/site-packages/airflow/example_dags/example_setup_teardown_taskflow.py took 0.081 seconds
