[2024-06-05T00:20:40.265+0800] {processor.py:161} INFO - Started process (PID=2846) to work on /home/ryanng/.local/lib/python3.10/site-packages/airflow/example_dags/example_time_delta_sensor_async.py
[2024-06-05T00:20:40.266+0800] {processor.py:830} INFO - Processing file /home/ryanng/.local/lib/python3.10/site-packages/airflow/example_dags/example_time_delta_sensor_async.py for tasks to queue
[2024-06-05T00:20:40.267+0800] {logging_mixin.py:188} INFO - [2024-06-05T00:20:40.267+0800] {dagbag.py:545} INFO - Filling up the DagBag from /home/ryanng/.local/lib/python3.10/site-packages/airflow/example_dags/example_time_delta_sensor_async.py
[2024-06-05T00:20:40.273+0800] {processor.py:840} INFO - DAG(s) 'example_time_delta_sensor_async' retrieved from /home/ryanng/.local/lib/python3.10/site-packages/airflow/example_dags/example_time_delta_sensor_async.py
[2024-06-05T00:20:40.347+0800] {logging_mixin.py:188} INFO - [2024-06-05T00:20:40.347+0800] {dag.py:3096} INFO - Sync 1 DAGs
[2024-06-05T00:20:40.354+0800] {logging_mixin.py:188} INFO - [2024-06-05T00:20:40.354+0800] {dag.py:3954} INFO - Setting next_dagrun for example_time_delta_sensor_async to None, run_after=None
[2024-06-05T00:20:40.395+0800] {processor.py:183} INFO - Processing /home/ryanng/.local/lib/python3.10/site-packages/airflow/example_dags/example_time_delta_sensor_async.py took 0.133 seconds
[2024-06-05T00:23:25.188+0800] {processor.py:161} INFO - Started process (PID=846) to work on /home/ryanng/.local/lib/python3.10/site-packages/airflow/example_dags/example_time_delta_sensor_async.py
[2024-06-05T00:23:25.189+0800] {processor.py:830} INFO - Processing file /home/ryanng/.local/lib/python3.10/site-packages/airflow/example_dags/example_time_delta_sensor_async.py for tasks to queue
[2024-06-05T00:23:25.190+0800] {logging_mixin.py:188} INFO - [2024-06-05T00:23:25.190+0800] {dagbag.py:545} INFO - Filling up the DagBag from /home/ryanng/.local/lib/python3.10/site-packages/airflow/example_dags/example_time_delta_sensor_async.py
[2024-06-05T00:23:25.194+0800] {processor.py:840} INFO - DAG(s) 'example_time_delta_sensor_async' retrieved from /home/ryanng/.local/lib/python3.10/site-packages/airflow/example_dags/example_time_delta_sensor_async.py
[2024-06-05T00:23:25.214+0800] {logging_mixin.py:188} INFO - [2024-06-05T00:23:25.214+0800] {dag.py:3096} INFO - Sync 1 DAGs
[2024-06-05T00:23:25.223+0800] {logging_mixin.py:188} INFO - [2024-06-05T00:23:25.223+0800] {dag.py:3954} INFO - Setting next_dagrun for example_time_delta_sensor_async to None, run_after=None
[2024-06-05T00:23:25.264+0800] {processor.py:183} INFO - Processing /home/ryanng/.local/lib/python3.10/site-packages/airflow/example_dags/example_time_delta_sensor_async.py took 0.080 seconds
[2024-06-05T00:24:23.048+0800] {processor.py:161} INFO - Started process (PID=1156) to work on /home/ryanng/.local/lib/python3.10/site-packages/airflow/example_dags/example_time_delta_sensor_async.py
[2024-06-05T00:24:23.049+0800] {processor.py:830} INFO - Processing file /home/ryanng/.local/lib/python3.10/site-packages/airflow/example_dags/example_time_delta_sensor_async.py for tasks to queue
[2024-06-05T00:24:23.050+0800] {logging_mixin.py:188} INFO - [2024-06-05T00:24:23.050+0800] {dagbag.py:545} INFO - Filling up the DagBag from /home/ryanng/.local/lib/python3.10/site-packages/airflow/example_dags/example_time_delta_sensor_async.py
[2024-06-05T00:24:23.054+0800] {processor.py:840} INFO - DAG(s) 'example_time_delta_sensor_async' retrieved from /home/ryanng/.local/lib/python3.10/site-packages/airflow/example_dags/example_time_delta_sensor_async.py
[2024-06-05T00:24:23.070+0800] {logging_mixin.py:188} INFO - [2024-06-05T00:24:23.069+0800] {dag.py:3096} INFO - Sync 1 DAGs
[2024-06-05T00:24:23.078+0800] {logging_mixin.py:188} INFO - [2024-06-05T00:24:23.078+0800] {dag.py:3954} INFO - Setting next_dagrun for example_time_delta_sensor_async to None, run_after=None
[2024-06-05T00:24:23.117+0800] {processor.py:183} INFO - Processing /home/ryanng/.local/lib/python3.10/site-packages/airflow/example_dags/example_time_delta_sensor_async.py took 0.072 seconds
[2024-06-05T00:25:12.374+0800] {processor.py:161} INFO - Started process (PID=1420) to work on /home/ryanng/.local/lib/python3.10/site-packages/airflow/example_dags/example_time_delta_sensor_async.py
[2024-06-05T00:25:12.375+0800] {processor.py:830} INFO - Processing file /home/ryanng/.local/lib/python3.10/site-packages/airflow/example_dags/example_time_delta_sensor_async.py for tasks to queue
[2024-06-05T00:25:12.376+0800] {logging_mixin.py:188} INFO - [2024-06-05T00:25:12.376+0800] {dagbag.py:545} INFO - Filling up the DagBag from /home/ryanng/.local/lib/python3.10/site-packages/airflow/example_dags/example_time_delta_sensor_async.py
[2024-06-05T00:25:12.380+0800] {processor.py:840} INFO - DAG(s) 'example_time_delta_sensor_async' retrieved from /home/ryanng/.local/lib/python3.10/site-packages/airflow/example_dags/example_time_delta_sensor_async.py
[2024-06-05T00:25:12.397+0800] {logging_mixin.py:188} INFO - [2024-06-05T00:25:12.396+0800] {dag.py:3096} INFO - Sync 1 DAGs
[2024-06-05T00:25:12.405+0800] {logging_mixin.py:188} INFO - [2024-06-05T00:25:12.405+0800] {dag.py:3954} INFO - Setting next_dagrun for example_time_delta_sensor_async to None, run_after=None
[2024-06-05T00:25:12.452+0800] {processor.py:183} INFO - Processing /home/ryanng/.local/lib/python3.10/site-packages/airflow/example_dags/example_time_delta_sensor_async.py took 0.082 seconds
[2024-06-05T00:26:01.404+0800] {processor.py:161} INFO - Started process (PID=1662) to work on /home/ryanng/.local/lib/python3.10/site-packages/airflow/example_dags/example_time_delta_sensor_async.py
[2024-06-05T00:26:01.405+0800] {processor.py:830} INFO - Processing file /home/ryanng/.local/lib/python3.10/site-packages/airflow/example_dags/example_time_delta_sensor_async.py for tasks to queue
[2024-06-05T00:26:01.406+0800] {logging_mixin.py:188} INFO - [2024-06-05T00:26:01.406+0800] {dagbag.py:545} INFO - Filling up the DagBag from /home/ryanng/.local/lib/python3.10/site-packages/airflow/example_dags/example_time_delta_sensor_async.py
[2024-06-05T00:26:01.409+0800] {processor.py:840} INFO - DAG(s) 'example_time_delta_sensor_async' retrieved from /home/ryanng/.local/lib/python3.10/site-packages/airflow/example_dags/example_time_delta_sensor_async.py
[2024-06-05T00:26:01.421+0800] {logging_mixin.py:188} INFO - [2024-06-05T00:26:01.421+0800] {dag.py:3096} INFO - Sync 1 DAGs
[2024-06-05T00:26:01.430+0800] {logging_mixin.py:188} INFO - [2024-06-05T00:26:01.429+0800] {dag.py:3954} INFO - Setting next_dagrun for example_time_delta_sensor_async to None, run_after=None
[2024-06-05T00:26:01.491+0800] {processor.py:183} INFO - Processing /home/ryanng/.local/lib/python3.10/site-packages/airflow/example_dags/example_time_delta_sensor_async.py took 0.090 seconds
[2024-06-05T00:26:47.127+0800] {processor.py:161} INFO - Started process (PID=1905) to work on /home/ryanng/.local/lib/python3.10/site-packages/airflow/example_dags/example_time_delta_sensor_async.py
[2024-06-05T00:26:47.127+0800] {processor.py:830} INFO - Processing file /home/ryanng/.local/lib/python3.10/site-packages/airflow/example_dags/example_time_delta_sensor_async.py for tasks to queue
[2024-06-05T00:26:47.128+0800] {logging_mixin.py:188} INFO - [2024-06-05T00:26:47.128+0800] {dagbag.py:545} INFO - Filling up the DagBag from /home/ryanng/.local/lib/python3.10/site-packages/airflow/example_dags/example_time_delta_sensor_async.py
[2024-06-05T00:26:47.132+0800] {processor.py:840} INFO - DAG(s) 'example_time_delta_sensor_async' retrieved from /home/ryanng/.local/lib/python3.10/site-packages/airflow/example_dags/example_time_delta_sensor_async.py
[2024-06-05T00:26:47.144+0800] {logging_mixin.py:188} INFO - [2024-06-05T00:26:47.143+0800] {dag.py:3096} INFO - Sync 1 DAGs
[2024-06-05T00:26:47.150+0800] {logging_mixin.py:188} INFO - [2024-06-05T00:26:47.150+0800] {dag.py:3954} INFO - Setting next_dagrun for example_time_delta_sensor_async to None, run_after=None
[2024-06-05T00:26:47.185+0800] {processor.py:183} INFO - Processing /home/ryanng/.local/lib/python3.10/site-packages/airflow/example_dags/example_time_delta_sensor_async.py took 0.061 seconds
[2024-06-05T00:27:33.825+0800] {processor.py:161} INFO - Started process (PID=2156) to work on /home/ryanng/.local/lib/python3.10/site-packages/airflow/example_dags/example_time_delta_sensor_async.py
[2024-06-05T00:27:33.826+0800] {processor.py:830} INFO - Processing file /home/ryanng/.local/lib/python3.10/site-packages/airflow/example_dags/example_time_delta_sensor_async.py for tasks to queue
[2024-06-05T00:27:33.827+0800] {logging_mixin.py:188} INFO - [2024-06-05T00:27:33.827+0800] {dagbag.py:545} INFO - Filling up the DagBag from /home/ryanng/.local/lib/python3.10/site-packages/airflow/example_dags/example_time_delta_sensor_async.py
[2024-06-05T00:27:33.830+0800] {processor.py:840} INFO - DAG(s) 'example_time_delta_sensor_async' retrieved from /home/ryanng/.local/lib/python3.10/site-packages/airflow/example_dags/example_time_delta_sensor_async.py
[2024-06-05T00:27:33.844+0800] {logging_mixin.py:188} INFO - [2024-06-05T00:27:33.844+0800] {dag.py:3096} INFO - Sync 1 DAGs
[2024-06-05T00:27:33.852+0800] {logging_mixin.py:188} INFO - [2024-06-05T00:27:33.852+0800] {dag.py:3954} INFO - Setting next_dagrun for example_time_delta_sensor_async to None, run_after=None
[2024-06-05T00:27:33.903+0800] {processor.py:183} INFO - Processing /home/ryanng/.local/lib/python3.10/site-packages/airflow/example_dags/example_time_delta_sensor_async.py took 0.081 seconds
[2024-06-05T00:28:14.978+0800] {processor.py:161} INFO - Started process (PID=2352) to work on /home/ryanng/.local/lib/python3.10/site-packages/airflow/example_dags/example_time_delta_sensor_async.py
[2024-06-05T00:28:14.979+0800] {processor.py:830} INFO - Processing file /home/ryanng/.local/lib/python3.10/site-packages/airflow/example_dags/example_time_delta_sensor_async.py for tasks to queue
[2024-06-05T00:28:14.980+0800] {logging_mixin.py:188} INFO - [2024-06-05T00:28:14.980+0800] {dagbag.py:545} INFO - Filling up the DagBag from /home/ryanng/.local/lib/python3.10/site-packages/airflow/example_dags/example_time_delta_sensor_async.py
[2024-06-05T00:28:14.985+0800] {processor.py:840} INFO - DAG(s) 'example_time_delta_sensor_async' retrieved from /home/ryanng/.local/lib/python3.10/site-packages/airflow/example_dags/example_time_delta_sensor_async.py
[2024-06-05T00:28:15.002+0800] {logging_mixin.py:188} INFO - [2024-06-05T00:28:15.002+0800] {dag.py:3096} INFO - Sync 1 DAGs
[2024-06-05T00:28:15.012+0800] {logging_mixin.py:188} INFO - [2024-06-05T00:28:15.011+0800] {dag.py:3954} INFO - Setting next_dagrun for example_time_delta_sensor_async to None, run_after=None
[2024-06-05T00:28:15.043+0800] {processor.py:183} INFO - Processing /home/ryanng/.local/lib/python3.10/site-packages/airflow/example_dags/example_time_delta_sensor_async.py took 0.068 seconds
[2024-06-05T00:29:11.978+0800] {processor.py:161} INFO - Started process (PID=2649) to work on /home/ryanng/.local/lib/python3.10/site-packages/airflow/example_dags/example_time_delta_sensor_async.py
[2024-06-05T00:29:11.979+0800] {processor.py:830} INFO - Processing file /home/ryanng/.local/lib/python3.10/site-packages/airflow/example_dags/example_time_delta_sensor_async.py for tasks to queue
[2024-06-05T00:29:11.980+0800] {logging_mixin.py:188} INFO - [2024-06-05T00:29:11.980+0800] {dagbag.py:545} INFO - Filling up the DagBag from /home/ryanng/.local/lib/python3.10/site-packages/airflow/example_dags/example_time_delta_sensor_async.py
[2024-06-05T00:29:11.983+0800] {processor.py:840} INFO - DAG(s) 'example_time_delta_sensor_async' retrieved from /home/ryanng/.local/lib/python3.10/site-packages/airflow/example_dags/example_time_delta_sensor_async.py
[2024-06-05T00:29:11.999+0800] {logging_mixin.py:188} INFO - [2024-06-05T00:29:11.999+0800] {dag.py:3096} INFO - Sync 1 DAGs
[2024-06-05T00:29:12.008+0800] {logging_mixin.py:188} INFO - [2024-06-05T00:29:12.007+0800] {dag.py:3954} INFO - Setting next_dagrun for example_time_delta_sensor_async to None, run_after=None
[2024-06-05T00:29:12.049+0800] {processor.py:183} INFO - Processing /home/ryanng/.local/lib/python3.10/site-packages/airflow/example_dags/example_time_delta_sensor_async.py took 0.074 seconds
[2024-06-05T00:29:59.568+0800] {processor.py:161} INFO - Started process (PID=2903) to work on /home/ryanng/.local/lib/python3.10/site-packages/airflow/example_dags/example_time_delta_sensor_async.py
[2024-06-05T00:29:59.569+0800] {processor.py:830} INFO - Processing file /home/ryanng/.local/lib/python3.10/site-packages/airflow/example_dags/example_time_delta_sensor_async.py for tasks to queue
[2024-06-05T00:29:59.570+0800] {logging_mixin.py:188} INFO - [2024-06-05T00:29:59.570+0800] {dagbag.py:545} INFO - Filling up the DagBag from /home/ryanng/.local/lib/python3.10/site-packages/airflow/example_dags/example_time_delta_sensor_async.py
[2024-06-05T00:29:59.573+0800] {processor.py:840} INFO - DAG(s) 'example_time_delta_sensor_async' retrieved from /home/ryanng/.local/lib/python3.10/site-packages/airflow/example_dags/example_time_delta_sensor_async.py
[2024-06-05T00:29:59.592+0800] {logging_mixin.py:188} INFO - [2024-06-05T00:29:59.592+0800] {dag.py:3096} INFO - Sync 1 DAGs
[2024-06-05T00:29:59.602+0800] {logging_mixin.py:188} INFO - [2024-06-05T00:29:59.602+0800] {dag.py:3954} INFO - Setting next_dagrun for example_time_delta_sensor_async to None, run_after=None
[2024-06-05T00:29:59.652+0800] {processor.py:183} INFO - Processing /home/ryanng/.local/lib/python3.10/site-packages/airflow/example_dags/example_time_delta_sensor_async.py took 0.088 seconds
[2024-06-05T00:30:45.528+0800] {processor.py:161} INFO - Started process (PID=3131) to work on /home/ryanng/.local/lib/python3.10/site-packages/airflow/example_dags/example_time_delta_sensor_async.py
[2024-06-05T00:30:45.529+0800] {processor.py:830} INFO - Processing file /home/ryanng/.local/lib/python3.10/site-packages/airflow/example_dags/example_time_delta_sensor_async.py for tasks to queue
[2024-06-05T00:30:45.531+0800] {logging_mixin.py:188} INFO - [2024-06-05T00:30:45.530+0800] {dagbag.py:545} INFO - Filling up the DagBag from /home/ryanng/.local/lib/python3.10/site-packages/airflow/example_dags/example_time_delta_sensor_async.py
[2024-06-05T00:30:45.534+0800] {processor.py:840} INFO - DAG(s) 'example_time_delta_sensor_async' retrieved from /home/ryanng/.local/lib/python3.10/site-packages/airflow/example_dags/example_time_delta_sensor_async.py
[2024-06-05T00:30:45.549+0800] {logging_mixin.py:188} INFO - [2024-06-05T00:30:45.549+0800] {dag.py:3096} INFO - Sync 1 DAGs
[2024-06-05T00:30:45.558+0800] {logging_mixin.py:188} INFO - [2024-06-05T00:30:45.557+0800] {dag.py:3954} INFO - Setting next_dagrun for example_time_delta_sensor_async to None, run_after=None
[2024-06-05T00:30:45.601+0800] {processor.py:183} INFO - Processing /home/ryanng/.local/lib/python3.10/site-packages/airflow/example_dags/example_time_delta_sensor_async.py took 0.076 seconds
[2024-06-05T00:31:34.003+0800] {processor.py:161} INFO - Started process (PID=3407) to work on /home/ryanng/.local/lib/python3.10/site-packages/airflow/example_dags/example_time_delta_sensor_async.py
[2024-06-05T00:31:34.004+0800] {processor.py:830} INFO - Processing file /home/ryanng/.local/lib/python3.10/site-packages/airflow/example_dags/example_time_delta_sensor_async.py for tasks to queue
[2024-06-05T00:31:34.006+0800] {logging_mixin.py:188} INFO - [2024-06-05T00:31:34.005+0800] {dagbag.py:545} INFO - Filling up the DagBag from /home/ryanng/.local/lib/python3.10/site-packages/airflow/example_dags/example_time_delta_sensor_async.py
[2024-06-05T00:31:34.009+0800] {processor.py:840} INFO - DAG(s) 'example_time_delta_sensor_async' retrieved from /home/ryanng/.local/lib/python3.10/site-packages/airflow/example_dags/example_time_delta_sensor_async.py
[2024-06-05T00:31:34.025+0800] {logging_mixin.py:188} INFO - [2024-06-05T00:31:34.025+0800] {dag.py:3096} INFO - Sync 1 DAGs
[2024-06-05T00:31:34.040+0800] {logging_mixin.py:188} INFO - [2024-06-05T00:31:34.040+0800] {dag.py:3954} INFO - Setting next_dagrun for example_time_delta_sensor_async to None, run_after=None
[2024-06-05T00:31:34.089+0800] {processor.py:183} INFO - Processing /home/ryanng/.local/lib/python3.10/site-packages/airflow/example_dags/example_time_delta_sensor_async.py took 0.089 seconds
[2024-06-05T00:32:30.394+0800] {processor.py:161} INFO - Started process (PID=3795) to work on /home/ryanng/.local/lib/python3.10/site-packages/airflow/example_dags/example_time_delta_sensor_async.py
[2024-06-05T00:32:30.394+0800] {processor.py:830} INFO - Processing file /home/ryanng/.local/lib/python3.10/site-packages/airflow/example_dags/example_time_delta_sensor_async.py for tasks to queue
[2024-06-05T00:32:30.396+0800] {logging_mixin.py:188} INFO - [2024-06-05T00:32:30.395+0800] {dagbag.py:545} INFO - Filling up the DagBag from /home/ryanng/.local/lib/python3.10/site-packages/airflow/example_dags/example_time_delta_sensor_async.py
[2024-06-05T00:32:30.399+0800] {processor.py:840} INFO - DAG(s) 'example_time_delta_sensor_async' retrieved from /home/ryanng/.local/lib/python3.10/site-packages/airflow/example_dags/example_time_delta_sensor_async.py
[2024-06-05T00:32:30.411+0800] {logging_mixin.py:188} INFO - [2024-06-05T00:32:30.411+0800] {dag.py:3096} INFO - Sync 1 DAGs
[2024-06-05T00:32:30.419+0800] {logging_mixin.py:188} INFO - [2024-06-05T00:32:30.419+0800] {dag.py:3954} INFO - Setting next_dagrun for example_time_delta_sensor_async to None, run_after=None
[2024-06-05T00:32:30.453+0800] {processor.py:183} INFO - Processing /home/ryanng/.local/lib/python3.10/site-packages/airflow/example_dags/example_time_delta_sensor_async.py took 0.063 seconds
