[2024-06-05T00:24:18.114+0800] {processor.py:161} INFO - Started process (PID=1133) to work on /home/ryanng/.local/lib/python3.10/site-packages/airflow/example_dags/example_branch_day_of_week_operator.py
[2024-06-05T00:24:18.115+0800] {processor.py:830} INFO - Processing file /home/ryanng/.local/lib/python3.10/site-packages/airflow/example_dags/example_branch_day_of_week_operator.py for tasks to queue
[2024-06-05T00:24:18.116+0800] {logging_mixin.py:188} INFO - [2024-06-05T00:24:18.116+0800] {dagbag.py:545} INFO - Filling up the DagBag from /home/ryanng/.local/lib/python3.10/site-packages/airflow/example_dags/example_branch_day_of_week_operator.py
[2024-06-05T00:24:18.121+0800] {processor.py:840} INFO - DAG(s) 'example_weekday_branch_operator' retrieved from /home/ryanng/.local/lib/python3.10/site-packages/airflow/example_dags/example_branch_day_of_week_operator.py
[2024-06-05T00:24:18.187+0800] {logging_mixin.py:188} INFO - [2024-06-05T00:24:18.187+0800] {dag.py:3096} INFO - Sync 1 DAGs
[2024-06-05T00:24:18.208+0800] {logging_mixin.py:188} INFO - [2024-06-05T00:24:18.208+0800] {dag.py:3954} INFO - Setting next_dagrun for example_weekday_branch_operator to 2024-06-03T00:00:00+00:00, run_after=2024-06-04T00:00:00+00:00
[2024-06-05T00:24:18.244+0800] {processor.py:183} INFO - Processing /home/ryanng/.local/lib/python3.10/site-packages/airflow/example_dags/example_branch_day_of_week_operator.py took 0.133 seconds
[2024-06-05T00:25:33.758+0800] {processor.py:161} INFO - Started process (PID=1524) to work on /home/ryanng/.local/lib/python3.10/site-packages/airflow/example_dags/example_branch_day_of_week_operator.py
[2024-06-05T00:25:33.759+0800] {processor.py:830} INFO - Processing file /home/ryanng/.local/lib/python3.10/site-packages/airflow/example_dags/example_branch_day_of_week_operator.py for tasks to queue
[2024-06-05T00:25:33.760+0800] {logging_mixin.py:188} INFO - [2024-06-05T00:25:33.760+0800] {dagbag.py:545} INFO - Filling up the DagBag from /home/ryanng/.local/lib/python3.10/site-packages/airflow/example_dags/example_branch_day_of_week_operator.py
[2024-06-05T00:25:33.765+0800] {processor.py:840} INFO - DAG(s) 'example_weekday_branch_operator' retrieved from /home/ryanng/.local/lib/python3.10/site-packages/airflow/example_dags/example_branch_day_of_week_operator.py
[2024-06-05T00:25:33.781+0800] {logging_mixin.py:188} INFO - [2024-06-05T00:25:33.780+0800] {dag.py:3096} INFO - Sync 1 DAGs
[2024-06-05T00:25:33.797+0800] {logging_mixin.py:188} INFO - [2024-06-05T00:25:33.797+0800] {dag.py:3954} INFO - Setting next_dagrun for example_weekday_branch_operator to 2024-06-03T00:00:00+00:00, run_after=2024-06-04T00:00:00+00:00
[2024-06-05T00:25:33.852+0800] {processor.py:183} INFO - Processing /home/ryanng/.local/lib/python3.10/site-packages/airflow/example_dags/example_branch_day_of_week_operator.py took 0.096 seconds
[2024-06-05T00:26:43.320+0800] {processor.py:161} INFO - Started process (PID=1884) to work on /home/ryanng/.local/lib/python3.10/site-packages/airflow/example_dags/example_branch_day_of_week_operator.py
[2024-06-05T00:26:43.321+0800] {processor.py:830} INFO - Processing file /home/ryanng/.local/lib/python3.10/site-packages/airflow/example_dags/example_branch_day_of_week_operator.py for tasks to queue
[2024-06-05T00:26:43.323+0800] {logging_mixin.py:188} INFO - [2024-06-05T00:26:43.323+0800] {dagbag.py:545} INFO - Filling up the DagBag from /home/ryanng/.local/lib/python3.10/site-packages/airflow/example_dags/example_branch_day_of_week_operator.py
[2024-06-05T00:26:43.327+0800] {processor.py:840} INFO - DAG(s) 'example_weekday_branch_operator' retrieved from /home/ryanng/.local/lib/python3.10/site-packages/airflow/example_dags/example_branch_day_of_week_operator.py
[2024-06-05T00:26:43.346+0800] {logging_mixin.py:188} INFO - [2024-06-05T00:26:43.346+0800] {dag.py:3096} INFO - Sync 1 DAGs
[2024-06-05T00:26:43.361+0800] {logging_mixin.py:188} INFO - [2024-06-05T00:26:43.361+0800] {dag.py:3954} INFO - Setting next_dagrun for example_weekday_branch_operator to 2024-06-03T00:00:00+00:00, run_after=2024-06-04T00:00:00+00:00
[2024-06-05T00:26:43.408+0800] {processor.py:183} INFO - Processing /home/ryanng/.local/lib/python3.10/site-packages/airflow/example_dags/example_branch_day_of_week_operator.py took 0.091 seconds
[2024-06-05T00:29:08.079+0800] {processor.py:161} INFO - Started process (PID=2630) to work on /home/ryanng/.local/lib/python3.10/site-packages/airflow/example_dags/example_branch_day_of_week_operator.py
[2024-06-05T00:29:08.079+0800] {processor.py:830} INFO - Processing file /home/ryanng/.local/lib/python3.10/site-packages/airflow/example_dags/example_branch_day_of_week_operator.py for tasks to queue
[2024-06-05T00:29:08.080+0800] {logging_mixin.py:188} INFO - [2024-06-05T00:29:08.080+0800] {dagbag.py:545} INFO - Filling up the DagBag from /home/ryanng/.local/lib/python3.10/site-packages/airflow/example_dags/example_branch_day_of_week_operator.py
[2024-06-05T00:29:08.085+0800] {processor.py:840} INFO - DAG(s) 'example_weekday_branch_operator' retrieved from /home/ryanng/.local/lib/python3.10/site-packages/airflow/example_dags/example_branch_day_of_week_operator.py
[2024-06-05T00:29:08.098+0800] {logging_mixin.py:188} INFO - [2024-06-05T00:29:08.097+0800] {dag.py:3096} INFO - Sync 1 DAGs
[2024-06-05T00:29:08.112+0800] {logging_mixin.py:188} INFO - [2024-06-05T00:29:08.112+0800] {dag.py:3954} INFO - Setting next_dagrun for example_weekday_branch_operator to 2024-06-03T00:00:00+00:00, run_after=2024-06-04T00:00:00+00:00
[2024-06-05T00:29:08.164+0800] {processor.py:183} INFO - Processing /home/ryanng/.local/lib/python3.10/site-packages/airflow/example_dags/example_branch_day_of_week_operator.py took 0.088 seconds
[2024-06-05T00:30:18.055+0800] {processor.py:161} INFO - Started process (PID=2994) to work on /home/ryanng/.local/lib/python3.10/site-packages/airflow/example_dags/example_branch_day_of_week_operator.py
[2024-06-05T00:30:18.055+0800] {processor.py:830} INFO - Processing file /home/ryanng/.local/lib/python3.10/site-packages/airflow/example_dags/example_branch_day_of_week_operator.py for tasks to queue
[2024-06-05T00:30:18.056+0800] {logging_mixin.py:188} INFO - [2024-06-05T00:30:18.056+0800] {dagbag.py:545} INFO - Filling up the DagBag from /home/ryanng/.local/lib/python3.10/site-packages/airflow/example_dags/example_branch_day_of_week_operator.py
[2024-06-05T00:30:18.060+0800] {processor.py:840} INFO - DAG(s) 'example_weekday_branch_operator' retrieved from /home/ryanng/.local/lib/python3.10/site-packages/airflow/example_dags/example_branch_day_of_week_operator.py
[2024-06-05T00:30:18.083+0800] {logging_mixin.py:188} INFO - [2024-06-05T00:30:18.083+0800] {dag.py:3096} INFO - Sync 1 DAGs
[2024-06-05T00:30:18.103+0800] {logging_mixin.py:188} INFO - [2024-06-05T00:30:18.103+0800] {dag.py:3954} INFO - Setting next_dagrun for example_weekday_branch_operator to 2024-06-03T00:00:00+00:00, run_after=2024-06-04T00:00:00+00:00
[2024-06-05T00:30:18.140+0800] {processor.py:183} INFO - Processing /home/ryanng/.local/lib/python3.10/site-packages/airflow/example_dags/example_branch_day_of_week_operator.py took 0.088 seconds
[2024-06-05T00:32:25.321+0800] {processor.py:161} INFO - Started process (PID=3756) to work on /home/ryanng/.local/lib/python3.10/site-packages/airflow/example_dags/example_branch_day_of_week_operator.py
[2024-06-05T00:32:25.321+0800] {processor.py:830} INFO - Processing file /home/ryanng/.local/lib/python3.10/site-packages/airflow/example_dags/example_branch_day_of_week_operator.py for tasks to queue
[2024-06-05T00:32:25.322+0800] {logging_mixin.py:188} INFO - [2024-06-05T00:32:25.322+0800] {dagbag.py:545} INFO - Filling up the DagBag from /home/ryanng/.local/lib/python3.10/site-packages/airflow/example_dags/example_branch_day_of_week_operator.py
[2024-06-05T00:32:25.327+0800] {processor.py:840} INFO - DAG(s) 'example_weekday_branch_operator' retrieved from /home/ryanng/.local/lib/python3.10/site-packages/airflow/example_dags/example_branch_day_of_week_operator.py
[2024-06-05T00:32:25.342+0800] {logging_mixin.py:188} INFO - [2024-06-05T00:32:25.342+0800] {dag.py:3096} INFO - Sync 1 DAGs
[2024-06-05T00:32:25.356+0800] {logging_mixin.py:188} INFO - [2024-06-05T00:32:25.356+0800] {dag.py:3954} INFO - Setting next_dagrun for example_weekday_branch_operator to 2024-06-03T00:00:00+00:00, run_after=2024-06-04T00:00:00+00:00
[2024-06-05T00:32:25.397+0800] {processor.py:183} INFO - Processing /home/ryanng/.local/lib/python3.10/site-packages/airflow/example_dags/example_branch_day_of_week_operator.py took 0.079 seconds
