[2024-06-05T00:23:49.050+0800] {processor.py:161} INFO - Started process (PID=966) to work on /home/ryanng/.local/lib/python3.10/site-packages/airflow/example_dags/tutorial_objectstorage.py
[2024-06-05T00:23:49.050+0800] {processor.py:830} INFO - Processing file /home/ryanng/.local/lib/python3.10/site-packages/airflow/example_dags/tutorial_objectstorage.py for tasks to queue
[2024-06-05T00:23:49.051+0800] {logging_mixin.py:188} INFO - [2024-06-05T00:23:49.051+0800] {dagbag.py:545} INFO - Filling up the DagBag from /home/ryanng/.local/lib/python3.10/site-packages/airflow/example_dags/tutorial_objectstorage.py
[2024-06-05T00:23:49.057+0800] {processor.py:840} INFO - DAG(s) 'tutorial_objectstorage' retrieved from /home/ryanng/.local/lib/python3.10/site-packages/airflow/example_dags/tutorial_objectstorage.py
[2024-06-05T00:23:49.119+0800] {logging_mixin.py:188} INFO - [2024-06-05T00:23:49.119+0800] {dag.py:3096} INFO - Sync 1 DAGs
[2024-06-05T00:23:49.126+0800] {logging_mixin.py:188} INFO - [2024-06-05T00:23:49.126+0800] {dag.py:3954} INFO - Setting next_dagrun for tutorial_objectstorage to None, run_after=None
[2024-06-05T00:23:49.162+0800] {processor.py:183} INFO - Processing /home/ryanng/.local/lib/python3.10/site-packages/airflow/example_dags/tutorial_objectstorage.py took 0.116 seconds
[2024-06-05T00:24:44.054+0800] {processor.py:161} INFO - Started process (PID=1263) to work on /home/ryanng/.local/lib/python3.10/site-packages/airflow/example_dags/tutorial_objectstorage.py
[2024-06-05T00:24:44.054+0800] {processor.py:830} INFO - Processing file /home/ryanng/.local/lib/python3.10/site-packages/airflow/example_dags/tutorial_objectstorage.py for tasks to queue
[2024-06-05T00:24:44.056+0800] {logging_mixin.py:188} INFO - [2024-06-05T00:24:44.055+0800] {dagbag.py:545} INFO - Filling up the DagBag from /home/ryanng/.local/lib/python3.10/site-packages/airflow/example_dags/tutorial_objectstorage.py
[2024-06-05T00:24:44.060+0800] {processor.py:840} INFO - DAG(s) 'tutorial_objectstorage' retrieved from /home/ryanng/.local/lib/python3.10/site-packages/airflow/example_dags/tutorial_objectstorage.py
[2024-06-05T00:24:44.075+0800] {logging_mixin.py:188} INFO - [2024-06-05T00:24:44.075+0800] {dag.py:3096} INFO - Sync 1 DAGs
[2024-06-05T00:24:44.084+0800] {logging_mixin.py:188} INFO - [2024-06-05T00:24:44.084+0800] {dag.py:3954} INFO - Setting next_dagrun for tutorial_objectstorage to None, run_after=None
[2024-06-05T00:24:44.134+0800] {processor.py:183} INFO - Processing /home/ryanng/.local/lib/python3.10/site-packages/airflow/example_dags/tutorial_objectstorage.py took 0.084 seconds
[2024-06-05T00:25:38.471+0800] {processor.py:161} INFO - Started process (PID=1548) to work on /home/ryanng/.local/lib/python3.10/site-packages/airflow/example_dags/tutorial_objectstorage.py
[2024-06-05T00:25:38.471+0800] {processor.py:830} INFO - Processing file /home/ryanng/.local/lib/python3.10/site-packages/airflow/example_dags/tutorial_objectstorage.py for tasks to queue
[2024-06-05T00:25:38.472+0800] {logging_mixin.py:188} INFO - [2024-06-05T00:25:38.472+0800] {dagbag.py:545} INFO - Filling up the DagBag from /home/ryanng/.local/lib/python3.10/site-packages/airflow/example_dags/tutorial_objectstorage.py
[2024-06-05T00:25:38.477+0800] {processor.py:840} INFO - DAG(s) 'tutorial_objectstorage' retrieved from /home/ryanng/.local/lib/python3.10/site-packages/airflow/example_dags/tutorial_objectstorage.py
[2024-06-05T00:25:38.488+0800] {logging_mixin.py:188} INFO - [2024-06-05T00:25:38.488+0800] {dag.py:3096} INFO - Sync 1 DAGs
[2024-06-05T00:25:38.495+0800] {logging_mixin.py:188} INFO - [2024-06-05T00:25:38.495+0800] {dag.py:3954} INFO - Setting next_dagrun for tutorial_objectstorage to None, run_after=None
[2024-06-05T00:25:38.531+0800] {processor.py:183} INFO - Processing /home/ryanng/.local/lib/python3.10/site-packages/airflow/example_dags/tutorial_objectstorage.py took 0.064 seconds
[2024-06-05T00:26:26.292+0800] {processor.py:161} INFO - Started process (PID=1800) to work on /home/ryanng/.local/lib/python3.10/site-packages/airflow/example_dags/tutorial_objectstorage.py
[2024-06-05T00:26:26.293+0800] {processor.py:830} INFO - Processing file /home/ryanng/.local/lib/python3.10/site-packages/airflow/example_dags/tutorial_objectstorage.py for tasks to queue
[2024-06-05T00:26:26.294+0800] {logging_mixin.py:188} INFO - [2024-06-05T00:26:26.294+0800] {dagbag.py:545} INFO - Filling up the DagBag from /home/ryanng/.local/lib/python3.10/site-packages/airflow/example_dags/tutorial_objectstorage.py
[2024-06-05T00:26:26.298+0800] {processor.py:840} INFO - DAG(s) 'tutorial_objectstorage' retrieved from /home/ryanng/.local/lib/python3.10/site-packages/airflow/example_dags/tutorial_objectstorage.py
[2024-06-05T00:26:26.313+0800] {logging_mixin.py:188} INFO - [2024-06-05T00:26:26.313+0800] {dag.py:3096} INFO - Sync 1 DAGs
[2024-06-05T00:26:26.322+0800] {logging_mixin.py:188} INFO - [2024-06-05T00:26:26.322+0800] {dag.py:3954} INFO - Setting next_dagrun for tutorial_objectstorage to None, run_after=None
[2024-06-05T00:26:26.356+0800] {processor.py:183} INFO - Processing /home/ryanng/.local/lib/python3.10/site-packages/airflow/example_dags/tutorial_objectstorage.py took 0.067 seconds
[2024-06-05T00:27:15.822+0800] {processor.py:161} INFO - Started process (PID=2050) to work on /home/ryanng/.local/lib/python3.10/site-packages/airflow/example_dags/tutorial_objectstorage.py
[2024-06-05T00:27:15.823+0800] {processor.py:830} INFO - Processing file /home/ryanng/.local/lib/python3.10/site-packages/airflow/example_dags/tutorial_objectstorage.py for tasks to queue
[2024-06-05T00:27:15.824+0800] {logging_mixin.py:188} INFO - [2024-06-05T00:27:15.824+0800] {dagbag.py:545} INFO - Filling up the DagBag from /home/ryanng/.local/lib/python3.10/site-packages/airflow/example_dags/tutorial_objectstorage.py
[2024-06-05T00:27:15.829+0800] {processor.py:840} INFO - DAG(s) 'tutorial_objectstorage' retrieved from /home/ryanng/.local/lib/python3.10/site-packages/airflow/example_dags/tutorial_objectstorage.py
[2024-06-05T00:27:15.842+0800] {logging_mixin.py:188} INFO - [2024-06-05T00:27:15.841+0800] {dag.py:3096} INFO - Sync 1 DAGs
[2024-06-05T00:27:15.848+0800] {logging_mixin.py:188} INFO - [2024-06-05T00:27:15.848+0800] {dag.py:3954} INFO - Setting next_dagrun for tutorial_objectstorage to None, run_after=None
[2024-06-05T00:27:15.882+0800] {processor.py:183} INFO - Processing /home/ryanng/.local/lib/python3.10/site-packages/airflow/example_dags/tutorial_objectstorage.py took 0.063 seconds
[2024-06-05T00:28:38.074+0800] {processor.py:161} INFO - Started process (PID=2469) to work on /home/ryanng/.local/lib/python3.10/site-packages/airflow/example_dags/tutorial_objectstorage.py
[2024-06-05T00:28:38.075+0800] {processor.py:830} INFO - Processing file /home/ryanng/.local/lib/python3.10/site-packages/airflow/example_dags/tutorial_objectstorage.py for tasks to queue
[2024-06-05T00:28:38.076+0800] {logging_mixin.py:188} INFO - [2024-06-05T00:28:38.075+0800] {dagbag.py:545} INFO - Filling up the DagBag from /home/ryanng/.local/lib/python3.10/site-packages/airflow/example_dags/tutorial_objectstorage.py
[2024-06-05T00:28:38.081+0800] {processor.py:840} INFO - DAG(s) 'tutorial_objectstorage' retrieved from /home/ryanng/.local/lib/python3.10/site-packages/airflow/example_dags/tutorial_objectstorage.py
[2024-06-05T00:28:38.094+0800] {logging_mixin.py:188} INFO - [2024-06-05T00:28:38.094+0800] {dag.py:3096} INFO - Sync 1 DAGs
[2024-06-05T00:28:38.102+0800] {logging_mixin.py:188} INFO - [2024-06-05T00:28:38.102+0800] {dag.py:3954} INFO - Setting next_dagrun for tutorial_objectstorage to None, run_after=None
[2024-06-05T00:28:38.188+0800] {processor.py:183} INFO - Processing /home/ryanng/.local/lib/python3.10/site-packages/airflow/example_dags/tutorial_objectstorage.py took 0.117 seconds
[2024-06-05T00:29:33.327+0800] {processor.py:161} INFO - Started process (PID=2755) to work on /home/ryanng/.local/lib/python3.10/site-packages/airflow/example_dags/tutorial_objectstorage.py
[2024-06-05T00:29:33.327+0800] {processor.py:830} INFO - Processing file /home/ryanng/.local/lib/python3.10/site-packages/airflow/example_dags/tutorial_objectstorage.py for tasks to queue
[2024-06-05T00:29:33.328+0800] {logging_mixin.py:188} INFO - [2024-06-05T00:29:33.328+0800] {dagbag.py:545} INFO - Filling up the DagBag from /home/ryanng/.local/lib/python3.10/site-packages/airflow/example_dags/tutorial_objectstorage.py
[2024-06-05T00:29:33.334+0800] {processor.py:840} INFO - DAG(s) 'tutorial_objectstorage' retrieved from /home/ryanng/.local/lib/python3.10/site-packages/airflow/example_dags/tutorial_objectstorage.py
[2024-06-05T00:29:33.346+0800] {logging_mixin.py:188} INFO - [2024-06-05T00:29:33.346+0800] {dag.py:3096} INFO - Sync 1 DAGs
[2024-06-05T00:29:33.356+0800] {logging_mixin.py:188} INFO - [2024-06-05T00:29:33.355+0800] {dag.py:3954} INFO - Setting next_dagrun for tutorial_objectstorage to None, run_after=None
[2024-06-05T00:29:33.403+0800] {processor.py:183} INFO - Processing /home/ryanng/.local/lib/python3.10/site-packages/airflow/example_dags/tutorial_objectstorage.py took 0.080 seconds
[2024-06-05T00:30:25.518+0800] {processor.py:161} INFO - Started process (PID=3031) to work on /home/ryanng/.local/lib/python3.10/site-packages/airflow/example_dags/tutorial_objectstorage.py
[2024-06-05T00:30:25.519+0800] {processor.py:830} INFO - Processing file /home/ryanng/.local/lib/python3.10/site-packages/airflow/example_dags/tutorial_objectstorage.py for tasks to queue
[2024-06-05T00:30:25.520+0800] {logging_mixin.py:188} INFO - [2024-06-05T00:30:25.520+0800] {dagbag.py:545} INFO - Filling up the DagBag from /home/ryanng/.local/lib/python3.10/site-packages/airflow/example_dags/tutorial_objectstorage.py
[2024-06-05T00:30:25.525+0800] {processor.py:840} INFO - DAG(s) 'tutorial_objectstorage' retrieved from /home/ryanng/.local/lib/python3.10/site-packages/airflow/example_dags/tutorial_objectstorage.py
[2024-06-05T00:30:25.540+0800] {logging_mixin.py:188} INFO - [2024-06-05T00:30:25.539+0800] {dag.py:3096} INFO - Sync 1 DAGs
[2024-06-05T00:30:25.547+0800] {logging_mixin.py:188} INFO - [2024-06-05T00:30:25.547+0800] {dag.py:3954} INFO - Setting next_dagrun for tutorial_objectstorage to None, run_after=None
[2024-06-05T00:30:25.582+0800] {processor.py:183} INFO - Processing /home/ryanng/.local/lib/python3.10/site-packages/airflow/example_dags/tutorial_objectstorage.py took 0.067 seconds
[2024-06-05T00:31:58.157+0800] {processor.py:161} INFO - Started process (PID=3528) to work on /home/ryanng/.local/lib/python3.10/site-packages/airflow/example_dags/tutorial_objectstorage.py
[2024-06-05T00:31:58.158+0800] {processor.py:830} INFO - Processing file /home/ryanng/.local/lib/python3.10/site-packages/airflow/example_dags/tutorial_objectstorage.py for tasks to queue
[2024-06-05T00:31:58.159+0800] {logging_mixin.py:188} INFO - [2024-06-05T00:31:58.159+0800] {dagbag.py:545} INFO - Filling up the DagBag from /home/ryanng/.local/lib/python3.10/site-packages/airflow/example_dags/tutorial_objectstorage.py
[2024-06-05T00:31:58.164+0800] {processor.py:840} INFO - DAG(s) 'tutorial_objectstorage' retrieved from /home/ryanng/.local/lib/python3.10/site-packages/airflow/example_dags/tutorial_objectstorage.py
[2024-06-05T00:31:58.185+0800] {logging_mixin.py:188} INFO - [2024-06-05T00:31:58.184+0800] {dag.py:3096} INFO - Sync 1 DAGs
[2024-06-05T00:31:58.194+0800] {logging_mixin.py:188} INFO - [2024-06-05T00:31:58.194+0800] {dag.py:3954} INFO - Setting next_dagrun for tutorial_objectstorage to None, run_after=None
[2024-06-05T00:31:58.249+0800] {processor.py:183} INFO - Processing /home/ryanng/.local/lib/python3.10/site-packages/airflow/example_dags/tutorial_objectstorage.py took 0.095 seconds
