[2024-06-05T00:24:14.131+0800] {processor.py:161} INFO - Started process (PID=1112) to work on /home/ryanng/.local/lib/python3.10/site-packages/airflow/example_dags/plugins/listener_plugin.py
[2024-06-05T00:24:14.132+0800] {processor.py:830} INFO - Processing file /home/ryanng/.local/lib/python3.10/site-packages/airflow/example_dags/plugins/listener_plugin.py for tasks to queue
[2024-06-05T00:24:14.133+0800] {logging_mixin.py:188} INFO - [2024-06-05T00:24:14.133+0800] {dagbag.py:545} INFO - Filling up the DagBag from /home/ryanng/.local/lib/python3.10/site-packages/airflow/example_dags/plugins/listener_plugin.py
[2024-06-05T00:24:14.137+0800] {processor.py:842} WARNING - No viable dags retrieved from /home/ryanng/.local/lib/python3.10/site-packages/airflow/example_dags/plugins/listener_plugin.py
[2024-06-05T00:24:14.149+0800] {processor.py:183} INFO - Processing /home/ryanng/.local/lib/python3.10/site-packages/airflow/example_dags/plugins/listener_plugin.py took 0.020 seconds
[2024-06-05T00:25:08.024+0800] {processor.py:161} INFO - Started process (PID=1399) to work on /home/ryanng/.local/lib/python3.10/site-packages/airflow/example_dags/plugins/listener_plugin.py
[2024-06-05T00:25:08.025+0800] {processor.py:830} INFO - Processing file /home/ryanng/.local/lib/python3.10/site-packages/airflow/example_dags/plugins/listener_plugin.py for tasks to queue
[2024-06-05T00:25:08.026+0800] {logging_mixin.py:188} INFO - [2024-06-05T00:25:08.026+0800] {dagbag.py:545} INFO - Filling up the DagBag from /home/ryanng/.local/lib/python3.10/site-packages/airflow/example_dags/plugins/listener_plugin.py
[2024-06-05T00:25:08.028+0800] {processor.py:842} WARNING - No viable dags retrieved from /home/ryanng/.local/lib/python3.10/site-packages/airflow/example_dags/plugins/listener_plugin.py
[2024-06-05T00:25:08.041+0800] {processor.py:183} INFO - Processing /home/ryanng/.local/lib/python3.10/site-packages/airflow/example_dags/plugins/listener_plugin.py took 0.020 seconds
[2024-06-05T00:26:20.447+0800] {processor.py:161} INFO - Started process (PID=1770) to work on /home/ryanng/.local/lib/python3.10/site-packages/airflow/example_dags/plugins/listener_plugin.py
[2024-06-05T00:26:20.447+0800] {processor.py:830} INFO - Processing file /home/ryanng/.local/lib/python3.10/site-packages/airflow/example_dags/plugins/listener_plugin.py for tasks to queue
[2024-06-05T00:26:20.449+0800] {logging_mixin.py:188} INFO - [2024-06-05T00:26:20.448+0800] {dagbag.py:545} INFO - Filling up the DagBag from /home/ryanng/.local/lib/python3.10/site-packages/airflow/example_dags/plugins/listener_plugin.py
[2024-06-05T00:26:20.450+0800] {processor.py:842} WARNING - No viable dags retrieved from /home/ryanng/.local/lib/python3.10/site-packages/airflow/example_dags/plugins/listener_plugin.py
[2024-06-05T00:26:20.460+0800] {processor.py:183} INFO - Processing /home/ryanng/.local/lib/python3.10/site-packages/airflow/example_dags/plugins/listener_plugin.py took 0.017 seconds
[2024-06-05T00:27:29.019+0800] {processor.py:161} INFO - Started process (PID=2131) to work on /home/ryanng/.local/lib/python3.10/site-packages/airflow/example_dags/plugins/listener_plugin.py
[2024-06-05T00:27:29.020+0800] {processor.py:830} INFO - Processing file /home/ryanng/.local/lib/python3.10/site-packages/airflow/example_dags/plugins/listener_plugin.py for tasks to queue
[2024-06-05T00:27:29.021+0800] {logging_mixin.py:188} INFO - [2024-06-05T00:27:29.021+0800] {dagbag.py:545} INFO - Filling up the DagBag from /home/ryanng/.local/lib/python3.10/site-packages/airflow/example_dags/plugins/listener_plugin.py
[2024-06-05T00:27:29.022+0800] {processor.py:842} WARNING - No viable dags retrieved from /home/ryanng/.local/lib/python3.10/site-packages/airflow/example_dags/plugins/listener_plugin.py
[2024-06-05T00:27:29.033+0800] {processor.py:183} INFO - Processing /home/ryanng/.local/lib/python3.10/site-packages/airflow/example_dags/plugins/listener_plugin.py took 0.017 seconds
[2024-06-05T00:29:03.161+0800] {processor.py:161} INFO - Started process (PID=2607) to work on /home/ryanng/.local/lib/python3.10/site-packages/airflow/example_dags/plugins/listener_plugin.py
[2024-06-05T00:29:03.162+0800] {processor.py:830} INFO - Processing file /home/ryanng/.local/lib/python3.10/site-packages/airflow/example_dags/plugins/listener_plugin.py for tasks to queue
[2024-06-05T00:29:03.163+0800] {logging_mixin.py:188} INFO - [2024-06-05T00:29:03.163+0800] {dagbag.py:545} INFO - Filling up the DagBag from /home/ryanng/.local/lib/python3.10/site-packages/airflow/example_dags/plugins/listener_plugin.py
[2024-06-05T00:29:03.165+0800] {processor.py:842} WARNING - No viable dags retrieved from /home/ryanng/.local/lib/python3.10/site-packages/airflow/example_dags/plugins/listener_plugin.py
[2024-06-05T00:29:03.179+0800] {processor.py:183} INFO - Processing /home/ryanng/.local/lib/python3.10/site-packages/airflow/example_dags/plugins/listener_plugin.py took 0.021 seconds
[2024-06-05T00:29:55.208+0800] {processor.py:161} INFO - Started process (PID=2882) to work on /home/ryanng/.local/lib/python3.10/site-packages/airflow/example_dags/plugins/listener_plugin.py
[2024-06-05T00:29:55.209+0800] {processor.py:830} INFO - Processing file /home/ryanng/.local/lib/python3.10/site-packages/airflow/example_dags/plugins/listener_plugin.py for tasks to queue
[2024-06-05T00:29:55.210+0800] {logging_mixin.py:188} INFO - [2024-06-05T00:29:55.210+0800] {dagbag.py:545} INFO - Filling up the DagBag from /home/ryanng/.local/lib/python3.10/site-packages/airflow/example_dags/plugins/listener_plugin.py
[2024-06-05T00:29:55.212+0800] {processor.py:842} WARNING - No viable dags retrieved from /home/ryanng/.local/lib/python3.10/site-packages/airflow/example_dags/plugins/listener_plugin.py
[2024-06-05T00:29:55.224+0800] {processor.py:183} INFO - Processing /home/ryanng/.local/lib/python3.10/site-packages/airflow/example_dags/plugins/listener_plugin.py took 0.019 seconds
[2024-06-05T00:31:05.644+0800] {processor.py:161} INFO - Started process (PID=3244) to work on /home/ryanng/.local/lib/python3.10/site-packages/airflow/example_dags/plugins/listener_plugin.py
[2024-06-05T00:31:05.645+0800] {processor.py:830} INFO - Processing file /home/ryanng/.local/lib/python3.10/site-packages/airflow/example_dags/plugins/listener_plugin.py for tasks to queue
[2024-06-05T00:31:05.646+0800] {logging_mixin.py:188} INFO - [2024-06-05T00:31:05.646+0800] {dagbag.py:545} INFO - Filling up the DagBag from /home/ryanng/.local/lib/python3.10/site-packages/airflow/example_dags/plugins/listener_plugin.py
[2024-06-05T00:31:05.648+0800] {processor.py:842} WARNING - No viable dags retrieved from /home/ryanng/.local/lib/python3.10/site-packages/airflow/example_dags/plugins/listener_plugin.py
[2024-06-05T00:31:05.661+0800] {processor.py:183} INFO - Processing /home/ryanng/.local/lib/python3.10/site-packages/airflow/example_dags/plugins/listener_plugin.py took 0.021 seconds
[2024-06-05T00:32:21.517+0800] {processor.py:161} INFO - Started process (PID=3737) to work on /home/ryanng/.local/lib/python3.10/site-packages/airflow/example_dags/plugins/listener_plugin.py
[2024-06-05T00:32:21.518+0800] {processor.py:830} INFO - Processing file /home/ryanng/.local/lib/python3.10/site-packages/airflow/example_dags/plugins/listener_plugin.py for tasks to queue
[2024-06-05T00:32:21.519+0800] {logging_mixin.py:188} INFO - [2024-06-05T00:32:21.519+0800] {dagbag.py:545} INFO - Filling up the DagBag from /home/ryanng/.local/lib/python3.10/site-packages/airflow/example_dags/plugins/listener_plugin.py
[2024-06-05T00:32:21.521+0800] {processor.py:842} WARNING - No viable dags retrieved from /home/ryanng/.local/lib/python3.10/site-packages/airflow/example_dags/plugins/listener_plugin.py
[2024-06-05T00:32:21.536+0800] {processor.py:183} INFO - Processing /home/ryanng/.local/lib/python3.10/site-packages/airflow/example_dags/plugins/listener_plugin.py took 0.021 seconds
